# stats: dump at 1574443654
stats: users 1 6
stats: {load,"tsung_controller@ip-172-31-22-251"} 1 0.01171875 0 0.01171875 0.01171875 0 0
stats: {cpu,"tsung_controller@ip-172-31-22-251"} 1 1.3824906860256865 0 1.3824906860256865 1.3824906860256865 0 0
stats: {freemem,"tsung_controller@ip-172-31-22-251"} 1 3516.06640625 0 3516.06640625 3516.06640625 0 0
stats: session 13 1732.8214615384613 1907.7368505587012 6973.433 160.734 0 0
stats: users_count 14 14
stats: finish_users_count 13 13
stats: request 26 8.707615384615385 2.2904558847014096 18.512 6.882 0 0
stats: connect 14 2.1465714285714292 2.9363905616610753 12.715 1.077 0 0
stats: page 26 8.707615384615385 2.2904558847014096 18.512 6.882 0 0
stats: 200 26 26
stats: size_rcv 150194 150194
stats: size_sent 9194 9194
stats: connected 2 2
# stats: dump at 1574443664
stats: users 1 6
stats: {load,"tsung_controller@ip-172-31-22-251"} 1 0.0 0.0 0.01171875 0.0 0.01171875 1
stats: {recvpackets,"tsung_controller@ip-172-31-22-251"} 1 242 0 242 242 0 0
stats: {sentpackets,"tsung_controller@ip-172-31-22-251"} 1 240 0 240 240 0 0
stats: {cpu,"tsung_controller@ip-172-31-22-251"} 1 0.8955223880597015 0.0 1.3824906860256865 0.8955223880597015 1.3824906860256865 1
stats: {freemem,"tsung_controller@ip-172-31-22-251"} 1 3516.95703125 0.0 3516.95703125 3516.06640625 3516.06640625 1
stats: session 16 1598.3281249999998 1710.7922916176103 7388.36 102.666 1732.8214615384613 13
stats: users_count 16 30
stats: finish_users_count 16 29
stats: request 33 7.802969696969695 1.0353092784825364 18.512 5.067 8.707615384615385 26
stats: connect 16 1.2844375 0.2823070068095194 12.715 0.764 2.1465714285714292 14
stats: page 33 7.802969696969695 1.0353092784825364 18.512 5.067 8.707615384615385 26
stats: 200 33 59
stats: size_rcv 187601 337795
stats: size_sent 12436 21630
stats: connected -1 1
# stats: dump at 1574443674
stats: users 0 6
stats: {load,"tsung_controller@ip-172-31-22-251"} 1 0.0 0.0 0.01171875 0.0 0.005859375 2
stats: {recvpackets,"tsung_controller@ip-172-31-22-251"} 1 282.0 0.0 282 242 242.0 1
stats: {sentpackets,"tsung_controller@ip-172-31-22-251"} 1 373.0 0.0 373 240 240.0 1
stats: {cpu,"tsung_controller@ip-172-31-22-251"} 1 2.4975024975024978 0.0 2.4975024975024978 0.8955223880597015 1.139006537042694 2
stats: {freemem,"tsung_controller@ip-172-31-22-251"} 1 3516.96484375 0.0 3516.96484375 3516.06640625 3516.51171875 2
stats: session 1 2481.294 0.0 7388.36 102.666 1658.61824137931 29
stats: users_count 0 30
stats: finish_users_count 1 30
stats: request 1 9.298 0.0 18.512 5.067 8.201627118644067 59
stats: connect 0 0 0 12.715 0.764 1.686766666666667 30
stats: page 1 9.298 0.0 18.512 5.067 8.201627118644067 59
stats: 200 1 60
stats: size_rcv 6157 343952
stats: size_sent 566 22196
stats: connected -1 0
# stats: dump at 1574443684
stats: users 5 8
stats: {load,"tsung_controller@ip-172-31-22-251"} 1 0.0 0.0 0.01171875 0.0 0.00390625 3
stats: {recvpackets,"tsung_controller@ip-172-31-22-251"} 1 89.0 0.0 282 89 262.0 2
stats: {sentpackets,"tsung_controller@ip-172-31-22-251"} 1 180.0 0.0 373 180 306.5 2
stats: {cpu,"tsung_controller@ip-172-31-22-251"} 1 1.6983016983016983 0.0 2.4975024975024978 0.8955223880597015 1.5918385238626287 3
stats: {freemem,"tsung_controller@ip-172-31-22-251"} 1 3516.75 0.0 3516.96484375 3516.06640625 3516.6627604166665 3
stats: session 11 1700.7482727272727 1268.9148713462432 7388.36 102.666 1686.0407666666663 30
stats: users_count 16 46
stats: finish_users_count 11 41
stats: request 27 9.462259259259262 3.0935574223500732 20.811 5.067 8.219899999999999 60
stats: connect 16 2.1831875 2.0293241553147072 12.715 0.764 1.686766666666667 30
stats: page 27 9.462259259259262 3.0935574223500732 20.811 5.067 8.219899999999999 60
stats: 200 27 87
stats: size_rcv 152525 496477
stats: newphase 1 1
stats: size_sent 9038 31234
stats: connected 5 5
# stats: dump at 1574443694
stats: users 4 8
stats: {load,"tsung_controller@ip-172-31-22-251"} 1 0.0 0.0 0.01171875 0.0 0.0029296875 4
stats: {recvpackets,"tsung_controller@ip-172-31-22-251"} 1 358.0 0.0 358 89 204.33333333333334 3
stats: {sentpackets,"tsung_controller@ip-172-31-22-251"} 1 408.0 0.0 408 180 264.3333333333333 3
stats: {cpu,"tsung_controller@ip-172-31-22-251"} 1 2.1934197407776668 0.0 2.4975024975024978 0.8955223880597015 1.618454317472396 4
stats: {freemem,"tsung_controller@ip-172-31-22-251"} 1 3515.95703125 0.0 3516.96484375 3515.95703125 3516.6845703125 4
stats: session 21 2016.333476190476 2398.829362786389 11286.032 48.061 1689.9866829268292 41
stats: users_count 20 66
stats: finish_users_count 21 62
stats: request 41 8.174146341463416 1.0211539995413514 20.811 5.067 8.605459770114944 87
stats: connect 20 1.42445 0.18583042673362185 12.715 0.764 1.8594347826086959 46
stats: page 41 8.174146341463416 1.0211539995413514 20.811 5.067 8.605459770114944 87
stats: 200 41 128
stats: size_rcv 233953 730430
stats: newphase 0 1
stats: size_sent 15382 46616
stats: connected -1 4
# stats: dump at 1574443704
stats: users 4 8
stats: {load,"tsung_controller@ip-172-31-22-251"} 1 0.0 0.0 0.01171875 0.0 0.00234375 5
stats: {recvpackets,"tsung_controller@ip-172-31-22-251"} 1 318.0 0.0 358 89 242.75 4
stats: {sentpackets,"tsung_controller@ip-172-31-22-251"} 1 313.0 0.0 408 180 300.25 4
stats: {cpu,"tsung_controller@ip-172-31-22-251"} 1 0.9960159362549801 0.0 2.4975024975024978 0.8955223880597015 1.73344740213345 5
stats: {freemem,"tsung_controller@ip-172-31-22-251"} 1 3515.84765625 0.0 3516.96484375 3515.84765625 3516.5390625 5
stats: session 19 2293.5046842105266 2693.3863714781273 12479.558 48.061 1800.5235 62
stats: users_count 19 85
stats: finish_users_count 19 81
stats: request 35 8.148485714285718 1.152168920438531 20.811 5.067 8.467304687500002 128
stats: connect 17 1.3631764705882352 0.3139108594516299 12.715 0.764 1.7276212121212122 66
stats: page 35 8.148485714285718 1.152168920438531 20.811 5.067 8.467304687500002 128
stats: 200 35 163
stats: size_rcv 203619 934049
stats: newphase 0 1
stats: size_sent 13157 59773
stats: connected -1 3
# stats: dump at 1574443714
stats: users 9 10
stats: {load,"tsung_controller@ip-172-31-22-251"} 1 0.0 0.0 0.01171875 0.0 0.001953125 6
stats: {recvpackets,"tsung_controller@ip-172-31-22-251"} 1 256.0 0.0 358 89 257.8 5
stats: {sentpackets,"tsung_controller@ip-172-31-22-251"} 1 261.0 0.0 408 180 302.8 5
stats: {cpu,"tsung_controller@ip-172-31-22-251"} 1 0.5994005994005994 0.0 2.4975024975024978 0.5994005994005994 1.6105421578203718 6
stats: {freemem,"tsung_controller@ip-172-31-22-251"} 1 3515.85546875 0.0 3516.96484375 3515.84765625 3516.423828125 6
stats: session 33 1878.9590303030302 1676.8954499967092 12479.558 22.993 1916.161061728395 81
stats: users_count 38 123
stats: finish_users_count 33 114
stats: request 73 8.178849315068492 2.923137213521608 30.591 5.067 8.398846625766874 163
stats: connect 40 1.7714999999999996 3.366955360559447 22.754 0.764 1.6529759036144578 83
stats: page 73 8.178849315068492 2.923137213521608 30.591 5.067 8.398846625766874 163
stats: 200 73 236
stats: size_rcv 427380 1361429
stats: newphase 1 2
stats: size_sent 25630 85403
stats: connected 7 10
# stats: dump at 1574443724
stats: users 7 12
stats: {load,"tsung_controller@ip-172-31-22-251"} 1 0.0 0.0 0.01171875 0.0 0.0016741071428571428 7
stats: {recvpackets,"tsung_controller@ip-172-31-22-251"} 1 517.0 0.0 517 89 257.5 6
stats: {sentpackets,"tsung_controller@ip-172-31-22-251"} 1 524.0 0.0 524 180 295.8333333333333 6
stats: {cpu,"tsung_controller@ip-172-31-22-251"} 1 1.2909632571996028 0.0 2.4975024975024978 0.5994005994005994 1.4660933637604043 7
stats: {freemem,"tsung_controller@ip-172-31-22-251"} 1 3515.37890625 0.0 3516.96484375 3515.37890625 3516.3426339285716 7
stats: session 40 2286.6287249999996 2119.623142980693 12479.558 22.993 1905.3920526315787 114
stats: users_count 38 161
stats: finish_users_count 40 154
stats: request 74 8.058986486486486 1.2302013622611854 30.591 5.067 8.330796610169493 236
stats: connect 36 1.2484444444444447 0.3257848168862082 22.754 0.764 1.691520325203252 123
stats: page 74 8.058986486486486 1.2302013622611854 30.591 5.067 8.330796610169493 236
stats: 200 74 310
stats: size_rcv 421511 1782940
stats: newphase 0 2
stats: size_sent 27786 113189
stats: connected -2 8
# stats: dump at 1574443734
stats: users 6 17
stats: {load,"tsung_controller@ip-172-31-22-251"} 1 0.0 0.0 0.01171875 0.0 0.00146484375 8
stats: {recvpackets,"tsung_controller@ip-172-31-22-251"} 1 589.0 0.0 589 89 294.57142857142856 7
stats: {sentpackets,"tsung_controller@ip-172-31-22-251"} 1 605.0 0.0 605 180 328.42857142857144 7
stats: {cpu,"tsung_controller@ip-172-31-22-251"} 1 1.1952191235059761 0.0 2.4975024975024978 0.5994005994005994 1.4442021004403043 8
stats: {freemem,"tsung_controller@ip-172-31-22-251"} 1 3515.26953125 0.0 3516.96484375 3515.26953125 3516.22216796875 8
stats: session 50 1704.9234399999998 1630.756971213751 12479.558 22.993 2004.4145649350648 154
stats: users_count 49 210
stats: finish_users_count 50 204
stats: request 104 8.102259615384616 1.4480088317515962 30.591 5.067 8.265912903225807 310
stats: connect 51 1.2062745098039223 0.2372054688414437 22.754 0.764 1.5912012578616352 159
stats: page 104 8.102259615384616 1.4480088317515962 30.591 5.067 8.265912903225807 310
stats: 200 104 414
stats: size_rcv 594287 2377227
stats: newphase 0 2
stats: size_sent 38741 151930
stats: connected -2 6
# stats: dump at 1574443744
stats: users 12 27
stats: {load,"tsung_controller@ip-172-31-22-251"} 1 0.0 0.0 0.01171875 0.0 0.0013020833333333333 9
stats: {recvpackets,"tsung_controller@ip-172-31-22-251"} 1 649.0 0.0 649 89 331.375 8
stats: {sentpackets,"tsung_controller@ip-172-31-22-251"} 1 684.0 0.0 684 180 363.0 8
stats: {cpu,"tsung_controller@ip-172-31-22-251"} 1 1.4925373134328357 0.0 2.4975024975024978 0.5994005994005994 1.416537325225379 9
stats: {freemem,"tsung_controller@ip-172-31-22-251"} 1 3515.03515625 0.0 3516.96484375 3515.03515625 3516.1163194444443 9
stats: session 59 2033.6343559322036 1848.8496171488864 12479.558 22.993 1931.0098774509804 204
stats: users_count 65 275
stats: finish_users_count 59 263
stats: request 123 8.775211382113824 2.6588970824676537 30.591 5.067 8.224801932367152 414
stats: connect 65 1.507276923076923 1.2509914161630407 22.754 0.764 1.497719047619048 210
stats: page 123 8.775211382113824 2.6588970824676537 30.591 5.067 8.224801932367152 414
stats: 200 123 537
stats: size_rcv 694914 3072141
stats: newphase 1 3
stats: size_sent 44625 196555
stats: connected 7 13
# stats: dump at 1574443754
stats: users 14 27
stats: {load,"tsung_controller@ip-172-31-22-251"} 1 0.0 0.0 0.01171875 0.0 0.001171875 10
stats: {recvpackets,"tsung_controller@ip-172-31-22-251"} 1 973.0 0.0 973 89 366.6666666666667 9
stats: {sentpackets,"tsung_controller@ip-172-31-22-251"} 1 980.0 0.0 980 180 398.6666666666667 9
stats: {cpu,"tsung_controller@ip-172-31-22-251"} 1 1.7839444995044598 0.0 2.4975024975024978 0.5994005994005994 1.4241373240461246 10
stats: {freemem,"tsung_controller@ip-172-31-22-251"} 1 3513.80078125 0.0 3516.96484375 3513.80078125 3516.008203125 10
stats: session 70 2215.9887571428576 2414.9728985291295 12479.558 22.993 1954.0320988593157 263
stats: users_count 72 347
stats: finish_users_count 70 333
stats: request 142 8.2912323943662 1.8984524893827515 30.591 5.067 8.350873370577283 537
stats: connect 71 1.292774647887324 0.24063701828384176 22.754 0.764 1.499978181818182 275
stats: page 142 8.2912323943662 1.8984524893827515 30.591 5.067 8.350873370577283 537
stats: 200 142 679
stats: size_rcv 806076 3878217
stats: newphase 0 3
stats: size_sent 51895 248450
stats: connected 0 13
# stats: dump at 1574443764
stats: users 19 27
stats: {load,"tsung_controller@ip-172-31-22-251"} 1 0.0 0.0 0.01171875 0.0 0.001065340909090909 11
stats: {recvpackets,"tsung_controller@ip-172-31-22-251"} 1 1199.0 0.0 1199 89 427.3 10
stats: {sentpackets,"tsung_controller@ip-172-31-22-251"} 1 1275.0 0.0 1275 180 456.8 10
stats: {cpu,"tsung_controller@ip-172-31-22-251"} 1 4.0594059405940595 0.0 4.0594059405940595 0.5994005994005994 1.4568470672696099 11
stats: {freemem,"tsung_controller@ip-172-31-22-251"} 1 3512.5546875 0.0 3516.96484375 3512.5546875 3515.807528409091 11
stats: session 77 1717.1498571428579 1732.8325021203034 12479.558 22.993 2009.0980630630631 333
stats: users_count 82 429
stats: finish_users_count 77 410
stats: request 158 8.093588607594935 1.9672166198694208 30.591 5.067 8.338400589101623 679
stats: connect 83 1.2077831325301205 0.3318775375894734 22.754 0.75 1.4574595375722545 346
stats: page 158 8.093588607594935 1.9672166198694208 30.591 5.067 8.338400589101623 679
stats: 200 158 837
stats: size_rcv 898536 4776753
stats: newphase 0 3
stats: size_sent 56887 305337
stats: connected 8 21
# stats: dump at 1574443774
stats: users 0 27
stats: {load,"tsung_controller@ip-172-31-22-251"} 1 0.0 0.0 0.01171875 0.0 9.765625e-4 12
stats: {recvpackets,"tsung_controller@ip-172-31-22-251"} 1 1166.0 0.0 1199 89 497.45454545454544 11
stats: {sentpackets,"tsung_controller@ip-172-31-22-251"} 1 1189.0 0.0 1275 180 531.1818181818181 11
stats: {cpu,"tsung_controller@ip-172-31-22-251"} 1 1.8905472636815919 0.0 4.0594059405940595 0.5994005994005994 1.6737269733799807 12
stats: {freemem,"tsung_controller@ip-172-31-22-251"} 1 3514.4453125 0.0 3516.96484375 3512.5546875 3515.5364583333335 12
stats: session 38 2746.1245263157884 2472.0482447579857 12479.558 22.993 1954.2687658536588 410
stats: users_count 19 448
stats: finish_users_count 38 448
stats: request 59 8.212220338983053 1.8586732653650924 30.591 5.067 8.292187574671447 837
stats: connect 19 1.4784736842105264 1.4159057123091157 22.754 0.75 1.4091538461538462 429
stats: page 59 8.212220338983053 1.8586732653650924 30.591 5.067 8.292187574671447 837
stats: 200 59 896
stats: size_rcv 335344 5112097
stats: newphase 0 3
stats: size_sent 25833 331170
stats: connected -21 0
# stats: dump at 1574443775
stats: users 0 27
stats: {load,"tsung_controller@ip-172-31-22-251"} 1 0.0 0.0 0.01171875 0.0 9.014423076923077e-4 13
stats: {recvpackets,"tsung_controller@ip-172-31-22-251"} 1 216.0 0.0 1199 89 553.1666666666666 12
stats: {sentpackets,"tsung_controller@ip-172-31-22-251"} 1 228.0 0.0 1275 180 585.9999999999999 12
stats: {cpu,"tsung_controller@ip-172-31-22-251"} 1 0.3003003003003003 0.0 4.0594059405940595 0.3003003003003003 1.6904054572493352 13
stats: {freemem,"tsung_controller@ip-172-31-22-251"} 1 3514.5 0.0 3516.96484375 3512.5546875 3515.4525240384614 13
stats: session 0 0 0 12479.558 22.993 2021.4351026785716 448
stats: users_count 0 448
stats: finish_users_count 0 448
stats: request 0 0 0 30.591 5.067 8.286921875 896
stats: connect 0 0 0 22.754 0.75 1.4120937500000001 448
stats: page 0 0 0 30.591 5.067 8.286921875 896
stats: 200 0 896
stats: size_rcv 0 5112097
stats: newphase 0 3
stats: size_sent 0 331170
stats: connected 0 0
EndMonitor:{1574,443775,909440}
