# stats: dump at 1575572676
stats: users 12 12
stats: {freemem,"tsung_controller@ip-172-31-30-247"} 1 3518.3671875 0 3518.3671875 3518.3671875 0 0
stats: {load,"tsung_controller@ip-172-31-30-247"} 1 0.0 0 0.0 0.0 0 0
stats: {cpu,"tsung_controller@ip-172-31-30-247"} 1 1.1948582551215094 0 1.1948582551215094 1.1948582551215094 0 0
stats: users_count 12 12
stats: finish_users_count 0 0
stats: request 29 112.94148275862067 135.31493873861788 648.518 5.41 0 0
stats: connect 11 3.558363636363637 6.822859135059106 25.072 0.919 0 0
stats: page 29 112.94148275862067 135.31493873861788 648.518 5.41 0 0
stats: 302 3 3
stats: 200 24 24
stats: size_rcv 152000 152000
stats: size_sent 18792 18792
stats: connected 11 11
stats: 404 2 2
# stats: dump at 1575572686
stats: users 21 21
stats: {freemem,"tsung_controller@ip-172-31-30-247"} 1 3517.53515625 0.0 3518.3671875 3517.53515625 3518.3671875 1
stats: {load,"tsung_controller@ip-172-31-30-247"} 1 0.0 0.0 0.0 0.0 0.0 1
stats: {recvpackets,"tsung_controller@ip-172-31-30-247"} 1 302 0 302 302 0 0
stats: {sentpackets,"tsung_controller@ip-172-31-30-247"} 1 376 0 376 376 0 0
stats: {cpu,"tsung_controller@ip-172-31-30-247"} 1 2.4925224327018944 0.0 2.4925224327018944 1.1948582551215094 1.1948582551215094 1
stats: users_count 9 21
stats: finish_users_count 0 0
stats: request 59 92.55833898305085 113.21023821994766 648.518 3.271 112.94148275862067 29
stats: connect 10 1.4169 0.18543648508316804 25.072 0.919 3.558363636363637 11
stats: page 59 92.55833898305085 113.21023821994766 648.518 3.271 112.94148275862067 29
stats: 302 14 17
stats: 200 33 57
stats: size_rcv 239120 391120
stats: size_sent 52737 71529
stats: connected 10 21
stats: 404 12 14
# stats: dump at 1575572696
stats: users 26 26
stats: {freemem,"tsung_controller@ip-172-31-30-247"} 1 3514.5 0.0 3518.3671875 3514.5 3517.951171875 2
stats: {load,"tsung_controller@ip-172-31-30-247"} 1 0.0 0.0 0.0 0.0 0.0 2
stats: {recvpackets,"tsung_controller@ip-172-31-30-247"} 1 269.0 0.0 302 269 302.0 1
stats: {sentpackets,"tsung_controller@ip-172-31-30-247"} 1 227.0 0.0 376 227 376.0 1
stats: {cpu,"tsung_controller@ip-172-31-30-247"} 1 0.30060120240480964 0.0 2.4925224327018944 0.30060120240480964 1.8436903439117018 2
stats: users_count 5 26
stats: finish_users_count 0 0
stats: request 29 85.25055172413794 105.62292124690589 648.518 3.271 99.27551136363635 88
stats: connect 5 1.2126000000000001 0.10188738881726236 25.072 0.919 2.538619047619048 21
stats: page 29 85.25055172413794 105.62292124690589 648.518 3.271 99.27551136363635 88
stats: 302 6 23
stats: 200 16 73
stats: size_rcv 115334 506454
stats: size_sent 30785 102314
stats: connected 5 26
stats: 404 7 21
# stats: dump at 1575572706
stats: users 39 39
stats: {freemem,"tsung_controller@ip-172-31-30-247"} 1 3511.69140625 0.0 3518.3671875 3511.69140625 3516.80078125 3
stats: {load,"tsung_controller@ip-172-31-30-247"} 1 0.0 0.0 0.0 0.0 0.0 3
stats: {recvpackets,"tsung_controller@ip-172-31-30-247"} 1 248.0 0.0 302 248 285.5 2
stats: {sentpackets,"tsung_controller@ip-172-31-30-247"} 1 408.0 0.0 408 227 301.5 2
stats: {cpu,"tsung_controller@ip-172-31-30-247"} 1 2.0 0.0 2.4925224327018944 0.30060120240480964 1.3293272967427379 3
stats: users_count 13 39
stats: finish_users_count 0 0
stats: request 55 70.68578181818184 100.57374357205688 648.518 3.148 95.79923931623931 117
stats: connect 12 1.2571666666666668 0.1769504795761295 25.072 0.919 2.283615384615385 26
stats: page 55 70.68578181818184 100.57374357205688 648.518 3.148 95.79923931623931 117
stats: 302 11 34
stats: 200 34 107
stats: size_rcv 237775 744229
stats: newphase 1 1
stats: size_sent 49393 151707
stats: connected 12 38
stats: 404 10 31
# stats: dump at 1575572716
stats: users 59 59
stats: {freemem,"tsung_controller@ip-172-31-30-247"} 1 3509.41015625 0.0 3518.3671875 3509.41015625 3515.5234375 4
stats: {load,"tsung_controller@ip-172-31-30-247"} 1 0.0 0.0 0.0 0.0 0.0 4
stats: {recvpackets,"tsung_controller@ip-172-31-30-247"} 1 316.0 0.0 316 248 273.0 3
stats: {sentpackets,"tsung_controller@ip-172-31-30-247"} 1 305.0 0.0 408 227 337.0 3
stats: {cpu,"tsung_controller@ip-172-31-30-247"} 1 0.5005005005005005 0.0 2.4925224327018944 0.30060120240480964 1.4969954725570533 4
stats: users_count 20 59
stats: finish_users_count 0 0
stats: request 76 1861.900460526315 7622.171380828292 34893.307 3.148 87.76877325581395 172
stats: connect 19 1.0217368421052633 0.13590818963947804 25.072 0.809 1.9594736842105265 38
stats: page 76 1861.900460526315 7622.171380828292 34893.307 3.148 87.76877325581395 172
stats: 302 13 47
stats: 200 50 157
stats: size_rcv 335368 1079597
stats: newphase 0 1
stats: size_sent 63430 215137
stats: connected 19 57
stats: 404 13 44
# stats: dump at 1575572726
stats: users 78 78
stats: {freemem,"tsung_controller@ip-172-31-30-247"} 1 3507.98828125 0.0 3518.3671875 3507.98828125 3514.30078125 5
stats: {load,"tsung_controller@ip-172-31-30-247"} 1 0.0 0.0 0.0 0.0 0.0 5
stats: {recvpackets,"tsung_controller@ip-172-31-30-247"} 1 469.0 0.0 469 248 283.75 4
stats: {sentpackets,"tsung_controller@ip-172-31-30-247"} 1 444.0 0.0 444 227 329.0 4
stats: {cpu,"tsung_controller@ip-172-31-30-247"} 1 0.4995004995004995 0.0 2.4925224327018944 0.30060120240480964 1.2976964781457427 5
stats: users_count 19 78
stats: finish_users_count 0 0
stats: request 112 3065.1709107142838 10175.176076215164 38335.331 2.98 631.4542903225804 248
stats: connect 19 1.1278947368421053 0.18142415980726728 25.072 0.809 1.6468947368421056 57
stats: page 112 3065.1709107142838 10175.176076215164 38335.331 2.98 631.4542903225804 248
stats: 302 20 67
stats: 200 75 232
stats: size_rcv 490449 1570046
stats: newphase 0 1
stats: size_sent 97300 312437
stats: connected 19 76
stats: 404 17 61
# stats: dump at 1575572736
stats: users 118 118
stats: {freemem,"tsung_controller@ip-172-31-30-247"} 1 3502.9375 0.0 3518.3671875 3502.9375 3513.2486979166665 6
stats: {load,"tsung_controller@ip-172-31-30-247"} 1 0.0 0.0 0.0 0.0 0.0 6
stats: {recvpackets,"tsung_controller@ip-172-31-30-247"} 1 515.0 0.0 515 248 320.8 5
stats: {sentpackets,"tsung_controller@ip-172-31-30-247"} 1 489.0 0.0 489 227 352.0 5
stats: {cpu,"tsung_controller@ip-172-31-30-247"} 1 0.5015045135406219 0.0 2.4925224327018944 0.30060120240480964 1.1646638150382023 6
stats: users_count 40 118
stats: finish_users_count 0 0
stats: request 163 1593.361196319018 7419.338016004679 40097.485 0.562 1388.6105722222214 360
stats: connect 42 1.2087619047619047 0.898346889451312 25.072 0.756 1.5171447368421056 76
stats: page 163 1593.361196319018 7419.338016004679 40097.485 0.562 1388.6105722222214 360
stats: 302 28 95
stats: 200 106 338
stats: size_rcv 724340 2294386
stats: newphase 1 2
stats: size_sent 131726 444163
stats: connected 41 117
stats: 400 1 1
stats: 404 24 85
stats: 500 4 4
# stats: dump at 1575572746
stats: users 162 162
stats: {freemem,"tsung_controller@ip-172-31-30-247"} 1 3496.515625 0.0 3518.3671875 3496.515625 3511.7756696428573 7
stats: {load,"tsung_controller@ip-172-31-30-247"} 1 0.0 0.0 0.0 0.0 0.0 7
stats: {recvpackets,"tsung_controller@ip-172-31-30-247"} 1 928.0 0.0 928 248 353.1666666666667 6
stats: {sentpackets,"tsung_controller@ip-172-31-30-247"} 1 891.0 0.0 891 227 374.8333333333333 6
stats: {cpu,"tsung_controller@ip-172-31-30-247"} 1 0.8016032064128256 0.0 2.4925224327018944 0.30060120240480964 1.0699267719671195 7
stats: users_count 44 162
stats: finish_users_count 0 0
stats: request 224 1214.9273303571426 6581.398303137685 44552.111 0.453 1452.4238642447413 523
stats: connect 46 0.9835434782608694 0.14437160784973996 25.072 0.756 1.4073813559322037 118
stats: page 224 1214.9273303571426 6581.398303137685 44552.111 0.453 1452.4238642447413 523
stats: 302 32 127
stats: 200 136 474
stats: size_rcv 954341 3248727
stats: newphase 0 2
stats: size_sent 206676 650839
stats: connected 42 159
stats: 400 4 5
stats: 404 39 124
stats: 500 13 17
# stats: dump at 1575572756
stats: users 202 202
stats: {freemem,"tsung_controller@ip-172-31-30-247"} 1 3486.95703125 0.0 3518.3671875 3486.95703125 3509.8681640625 8
stats: {load,"tsung_controller@ip-172-31-30-247"} 1 0.0 0.0 0.0 0.0 0.0 8
stats: {recvpackets,"tsung_controller@ip-172-31-30-247"} 1 1128.0 0.0 1128 248 435.2857142857143 7
stats: {sentpackets,"tsung_controller@ip-172-31-30-247"} 1 1082.0 0.0 1082 227 448.57142857142856 7
stats: {cpu,"tsung_controller@ip-172-31-30-247"} 1 0.7056451612903225 0.0 2.4925224327018944 0.30060120240480964 1.0363863262728328 8
stats: users_count 40 202
stats: finish_users_count 0 0
stats: request 249 1517.4657831325287 7217.338744463595 48239.067 0.453 1381.206697456492 747
stats: connect 50 1.0634800000000002 0.7937301869023251 25.072 0.756 1.2885000000000002 164
stats: page 249 1517.4657831325287 7217.338744463595 48239.067 0.453 1381.206697456492 747
stats: 302 37 164
stats: 200 138 612
stats: size_rcv 993125 4241852
stats: newphase 0 2
stats: size_sent 208207 859046
stats: connected 42 201
stats: 400 8 13
stats: 404 30 154
stats: 500 36 53
# stats: dump at 1575572766
stats: users 251 251
stats: {freemem,"tsung_controller@ip-172-31-30-247"} 1 3477.796875 0.0 3518.3671875 3477.796875 3507.3224826388887 9
stats: {load,"tsung_controller@ip-172-31-30-247"} 1 0.0 0.0 0.0 0.0 0.0 9
stats: {recvpackets,"tsung_controller@ip-172-31-30-247"} 1 1121.0 0.0 1128 248 521.875 8
stats: {sentpackets,"tsung_controller@ip-172-31-30-247"} 1 1072.0 0.0 1082 227 527.75 8
stats: {cpu,"tsung_controller@ip-172-31-30-247"} 1 1.3026052104208417 0.0 2.4925224327018944 0.30060120240480964 0.9996373079414427 9
stats: session 1 19420.818 0 19420.818 19420.818 0 0
stats: users_count 50 252
stats: finish_users_count 1 1
stats: request 278 2481.3812086330927 9944.083144924107 52537.375 0.453 1415.2714688755011 996
stats: connect 58 1.1108793103448278 0.3209995207637526 25.072 0.756 1.23592523364486 214
stats: page 266 2593.326221804513 10151.62260240424 52537.375 0.453 1415.2714688755011 996
stats: 302 21 185
stats: 200 146 758
stats: size_rcv 1058229 5300081
stats: newphase 1 3
stats: 422 1 1
stats: size_sent 220935 1079981
stats: connected 47 248
stats: 400 22 35
stats: 404 25 179
stats: 500 63 116
# stats: dump at 1575572776
stats: users 322 322
stats: {freemem,"tsung_controller@ip-172-31-30-247"} 1 3471.98828125 0.0 3518.3671875 3471.98828125 3504.369921875 10
stats: {load,"tsung_controller@ip-172-31-30-247"} 1 0.0 0.0 0.0 0.0 0.0 10
stats: {recvpackets,"tsung_controller@ip-172-31-30-247"} 1 1403.0 0.0 1403 248 588.4444444444445 9
stats: {sentpackets,"tsung_controller@ip-172-31-30-247"} 1 1393.0 0.0 1393 227 588.2222222222222 9
stats: {cpu,"tsung_controller@ip-172-31-30-247"} 1 1.6032064128256511 0.0 2.4925224327018944 0.30060120240480964 1.0299340981893825 10
stats: session 5 32400.6022 4171.808955266595 38546.218 19420.818 19420.818 1
stats: users_count 76 328
stats: finish_users_count 5 6
stats: request 418 1237.901679425836 6123.237871448618 57337.242 0.453 1647.907660125588 1274
stats: connect 90 1.0437333333333336 0.25945009368106053 25.072 0.756 1.2092610294117652 272
stats: page 404 1280.7892475247509 6224.019944535976 57337.242 0.453 1663.5777797147384 1262
stats: 302 36 221
stats: 200 208 966
stats: size_rcv 1571067 6871148
stats: newphase 0 3
stats: 422 5 6
stats: size_sent 334937 1414918
stats: connected 67 315
stats: 400 32 67
stats: 404 40 219
stats: 500 97 213
# stats: dump at 1575572786
stats: users 395 395
stats: {freemem,"tsung_controller@ip-172-31-30-247"} 1 3457.4765625 0.0 3518.3671875 3457.4765625 3501.4261363636365 11
stats: {load,"tsung_controller@ip-172-31-30-247"} 1 0.0 0.0 0.0 0.0 0.0 11
stats: {recvpackets,"tsung_controller@ip-172-31-30-247"} 1 2054.0 0.0 2054 248 669.9 10
stats: {sentpackets,"tsung_controller@ip-172-31-30-247"} 1 2013.0 0.0 2013 227 668.7 10
stats: {cpu,"tsung_controller@ip-172-31-30-247"} 1 1.7085427135678393 0.0 2.4925224327018944 0.30060120240480964 1.0820497631563162 11
stats: session 4 62112.6455 21539.569427685226 96099.809 19420.818 30237.30483333333 6
stats: users_count 77 405
stats: finish_users_count 4 10
stats: request 526 2983.664817490492 11616.031037326193 59923.724 0.453 1546.6177665484624 1692
stats: connect 111 1.0434054054054054 0.7021659589047698 25.072 0.756 1.1681077348066302 362
stats: page 510 3077.281117647054 11784.62225437422 59923.724 0.453 1570.7527094837928 1666
stats: 302 39 260
stats: 504 19 19
stats: 200 239 1205
stats: size_rcv 1832230 8703378
stats: newphase 0 3
stats: 422 4 10
stats: size_sent 407666 1822584
stats: connected 72 387
stats: 400 51 118
stats: 404 40 259
stats: 500 134 347
# stats: dump at 1575572796
stats: users 411 418
stats: {freemem,"tsung_controller@ip-172-31-30-247"} 1 3453.6875 0.0 3518.3671875 3453.6875 3497.763671875 12
stats: {load,"tsung_controller@ip-172-31-30-247"} 1 0.0 0.0 0.0 0.0 0.0 12
stats: {recvpackets,"tsung_controller@ip-172-31-30-247"} 1 2299.0 0.0 2299 248 795.7272727272727 11
stats: {sentpackets,"tsung_controller@ip-172-31-30-247"} 1 2269.0 0.0 2269 227 790.9090909090909 11
stats: {cpu,"tsung_controller@ip-172-31-30-247"} 1 2.0181634712411705 0.0 2.4925224327018944 0.30060120240480964 1.134257509023943 12
stats: session 9 41540.68111111111 7593.436658211563 96099.809 19420.818 42987.4411 10
stats: users_count 25 430
stats: finish_users_count 9 19
stats: request 522 4262.348235632182 13311.041117840252 59933.341 0.433 1887.414316952208 2218
stats: connect 67 1.1848208955223885 1.1664663556941375 25.072 0.744 1.1388435517970403 473
stats: page 493 4513.071040567947 13655.58307772193 59933.341 0.433 1923.8453051470574 2176
stats: 302 15 275
stats: 504 28 47
stats: 200 129 1334
stats: size_rcv 1329140 10032518
stats: newphase 0 3
stats: 422 9 19
stats: size_sent 404063 2226647
stats: connected 12 399
stats: 400 75 193
stats: 404 16 275
stats: 500 250 597
# stats: dump at 1575572806
stats: users 398 418
stats: {freemem,"tsung_controller@ip-172-31-30-247"} 1 3452.203125 0.0 3518.3671875 3452.203125 3494.3731971153848 13
stats: {load,"tsung_controller@ip-172-31-30-247"} 1 0.0 0.0 0.0 0.0 0.0 13
stats: {recvpackets,"tsung_controller@ip-172-31-30-247"} 1 1709.0 0.0 2299 248 921.0 12
stats: {sentpackets,"tsung_controller@ip-172-31-30-247"} 1 1705.0 0.0 2269 227 914.0833333333334 12
stats: {cpu,"tsung_controller@ip-172-31-30-247"} 1 2.21105527638191 0.0 2.4925224327018944 0.30060120240480964 1.2022502753483453 13
stats: session 13 38195.673 11848.060928582305 96099.809 19420.818 42302.1337368421 19
stats: users_count 0 430
stats: finish_users_count 13 32
stats: request 426 6427.801061032874 16972.650643113437 59996.995 0.433 2339.86523138686 2740
stats: connect 39 1.0409230769230764 0.13341709893401402 25.072 0.744 1.1445481481481485 540
stats: page 362 7564.197309392265 18177.052962991984 59996.995 0.433 2402.1099314349926 2669
stats: 302 1 276
stats: 504 39 86
stats: 200 4 1338
stats: size_rcv 589806 10622324
stats: newphase 0 3
stats: 422 13 32
stats: size_sent 329502 2556149
stats: connected -4 395
stats: 400 94 287
stats: 404 3 278
stats: 500 272 869
# stats: dump at 1575572816
stats: users 366 418
stats: {freemem,"tsung_controller@ip-172-31-30-247"} 1 3451.6171875 0.0 3518.3671875 3451.6171875 3491.3610491071427 14
stats: {load,"tsung_controller@ip-172-31-30-247"} 1 0.0 0.0 0.0 0.0 0.0 14
stats: {recvpackets,"tsung_controller@ip-172-31-30-247"} 1 970.0 0.0 2299 248 981.6153846153846 13
stats: {sentpackets,"tsung_controller@ip-172-31-30-247"} 1 1042.0 0.0 2269 227 974.9230769230769 13
stats: {cpu,"tsung_controller@ip-172-31-30-247"} 1 1.402805611222445 0.0 2.4925224327018944 0.30060120240480964 1.2743077754221712 14
stats: session 32 43460.118437500016 11721.087090197952 96099.809 19420.818 40633.8840625 32
stats: users_count 0 430
stats: finish_users_count 32 64
stats: request 450 5049.995628888889 14945.530063507376 59996.995 0.433 2889.9159778900826 3166
stats: connect 5 1.2566 0.1644294377537064 25.072 0.744 1.137568221070812 579
stats: page 345 6586.9266115942055 16769.85343013843 59996.995 0.433 3018.6310897393582 3031
stats: 302 0 276
stats: 504 31 117
stats: 200 0 1338
stats: size_rcv 620178 11242502
stats: newphase 0 3
stats: 422 31 63
stats: size_sent 347978 2904127
stats: connected -28 367
stats: 400 107 394
stats: 404 1 279
stats: 500 280 1149
# stats: dump at 1575572826
stats: users 333 418
stats: {freemem,"tsung_controller@ip-172-31-30-247"} 1 3450.4375 0.0 3518.3671875 3450.4375 3488.711458333333 15
stats: {load,"tsung_controller@ip-172-31-30-247"} 1 0.0 0.0 0.0 0.0 0.0 15
stats: {recvpackets,"tsung_controller@ip-172-31-30-247"} 1 997.0 0.0 2299 248 980.7857142857143 14
stats: {sentpackets,"tsung_controller@ip-172-31-30-247"} 1 1256.0 0.0 2269 227 979.7142857142857 14
stats: {cpu,"tsung_controller@ip-172-31-30-247"} 1 2.3162134944612287 0.0 2.4925224327018944 0.30060120240480964 1.282874297808856 15
stats: session 33 57676.87393939396 32699.170482304682 151877.29 19420.818 42047.00125000001 64
stats: users_count 0 430
stats: finish_users_count 33 97
stats: request 422 5408.158978672984 15370.62582017756 59996.995 0.433 3158.7311999446906 3616
stats: connect 0 0 0 25.072 0.744 1.1385873287671235 584
stats: page 302 7556.941218543042 17717.16819556846 59996.995 0.433 3383.2821427725103 3376
stats: 302 0 276
stats: 504 31 148
stats: 200 0 1338
stats: size_rcv 546298 11788800
stats: newphase 0 3
stats: 422 33 96
stats: size_sent 335767 3239894
stats: connected -33 334
stats: 400 120 514
stats: 404 1 280
stats: 500 237 1386
# stats: dump at 1575572836
stats: users 295 418
stats: {freemem,"tsung_controller@ip-172-31-30-247"} 1 3449.6015625 0.0 3518.3671875 3449.6015625 3486.3193359375 16
stats: {load,"tsung_controller@ip-172-31-30-247"} 1 0.0 0.0 0.0 0.0 0.0 16
stats: {recvpackets,"tsung_controller@ip-172-31-30-247"} 1 885.0 0.0 2299 248 981.8666666666667 15
stats: {sentpackets,"tsung_controller@ip-172-31-30-247"} 1 955.0 0.0 2269 227 998.1333333333333 15
stats: {cpu,"tsung_controller@ip-172-31-30-247"} 1 1.5 0.0 2.4925224327018944 0.30060120240480964 1.3474579975996295 16
stats: session 38 63192.177078947374 28383.652940699823 157099.322 19420.818 47364.38061855672 97
stats: users_count 0 430
stats: finish_users_count 38 135
stats: request 453 4820.226326710819 13935.836785060364 60000.346 0.433 3393.8125577018327 4038
stats: connect 0 0 0 25.072 0.744 1.1385873287671235 584
stats: page 304 7182.707595394736 16505.502980921443 60000.346 0.433 3725.980631321369 3678
stats: 302 0 276
stats: 504 27 175
stats: 200 0 1338
stats: size_rcv 565255 12354055
stats: newphase 0 3
stats: 422 39 135
stats: size_sent 365923 3605817
stats: connected -40 294
stats: 400 149 663
stats: 404 7 287
stats: 500 231 1617
# stats: dump at 1575572846
stats: users 262 418
stats: {freemem,"tsung_controller@ip-172-31-30-247"} 1 3448.51953125 0.0 3518.3671875 3448.51953125 3484.159466911765 17
stats: {load,"tsung_controller@ip-172-31-30-247"} 1 0.0 0.0 0.0 0.0 0.0 17
stats: {recvpackets,"tsung_controller@ip-172-31-30-247"} 1 929.0 0.0 2299 248 975.8125 16
stats: {sentpackets,"tsung_controller@ip-172-31-30-247"} 1 913.0 0.0 2269 227 995.4375 16
stats: {cpu,"tsung_controller@ip-172-31-30-247"} 1 0.9036144578313252 0.0 2.4925224327018944 0.30060120240480964 1.3564310565643571 17
stats: session 33 78992.52651515153 34559.35667091117 175216.15 19420.818 51819.61221481483 135
stats: users_count 0 430
stats: finish_users_count 33 168
stats: request 364 7977.753901098911 17482.560395578927 60000.346 0.433 3537.6926372745493 4491
stats: connect 1 1.081 0.0 25.072 0.744 1.1385873287671235 584
stats: page 258 11255.293945736434 19857.83937861726 60000.346 0.433 3989.879425163233 3982
stats: 302 0 276
stats: 504 37 212
stats: 200 0 1338
stats: size_rcv 448871 12802926
stats: newphase 0 3
stats: 422 33 168
stats: size_sent 307789 3913606
stats: connected -32 262
stats: 400 106 769
stats: 404 2 289
stats: 500 186 1803
# stats: dump at 1575572856
stats: users 235 418
stats: {freemem,"tsung_controller@ip-172-31-30-247"} 1 3447.80078125 0.0 3518.3671875 3447.80078125 3482.1794704861113 18
stats: {load,"tsung_controller@ip-172-31-30-247"} 1 0.0 0.0 0.0 0.0 0.0 18
stats: {recvpackets,"tsung_controller@ip-172-31-30-247"} 1 870.0 0.0 2299 248 973.0588235294117 17
stats: {sentpackets,"tsung_controller@ip-172-31-30-247"} 1 795.0 0.0 2269 227 990.5882352941177 17
stats: {cpu,"tsung_controller@ip-172-31-30-247"} 1 0.6024096385542169 0.0 2.4925224327018944 0.30060120240480964 1.3312745788569664 18
stats: session 27 110148.68796296297 36650.55922018508 176826.126 19420.818 57157.148952380965 168
stats: users_count 0 430
stats: finish_users_count 27 195
stats: request 319 7081.765714733545 15827.493191964337 60000.346 0.433 3870.5829153450063 4855
stats: connect 0 0 0 25.072 0.744 1.138488888888889 585
stats: page 217 10410.435442396305 18265.324870384517 60000.346 0.433 4431.97304457547 4240
stats: 302 0 276
stats: 504 26 238
stats: 200 0 1338
stats: size_rcv 390536 13193462
stats: newphase 0 3
stats: 422 26 194
stats: size_sent 267159 4180765
stats: connected -26 236
stats: 400 102 871
stats: 404 11 300
stats: 500 154 1957
# stats: dump at 1575572866
stats: users 198 418
stats: {freemem,"tsung_controller@ip-172-31-30-247"} 1 3447.3359375 0.0 3518.3671875 3447.3359375 3480.3700657894738 19
stats: {load,"tsung_controller@ip-172-31-30-247"} 1 0.0 0.0 0.0 0.0 0.0 19
stats: {recvpackets,"tsung_controller@ip-172-31-30-247"} 1 832.0 0.0 2299 248 967.3333333333334 18
stats: {sentpackets,"tsung_controller@ip-172-31-30-247"} 1 698.0 0.0 2269 227 979.7222222222222 18
stats: {cpu,"tsung_controller@ip-172-31-30-247"} 1 0.9027081243731194 0.0 2.4925224327018944 0.30060120240480964 1.2929132662094533 19
stats: session 37 121124.06502702704 31873.664837959397 195578.939 19420.818 64494.43896923079 195
stats: users_count 0 430
stats: finish_users_count 37 232
stats: request 348 4600.161034482768 11893.565307902463 60000.346 0.433 4068.5665475454202 5174
stats: connect 0 0 0 25.072 0.744 1.138488888888889 585
stats: page 231 6930.251389610387 14034.5855776162 60000.346 0.433 4723.049181063494 4457
stats: 302 0 276
stats: 504 15 253
stats: 200 0 1338
stats: size_rcv 442809 13636271
stats: newphase 0 3
stats: 422 38 232
stats: size_sent 291913 4472678
stats: connected -38 198
stats: 400 117 988
stats: 404 29 329
stats: 500 149 2106
# stats: dump at 1575572876
stats: users 154 418
stats: {freemem,"tsung_controller@ip-172-31-30-247"} 1 3446.8671875 0.0 3518.3671875 3446.8671875 3478.718359375 20
stats: {load,"tsung_controller@ip-172-31-30-247"} 1 0.0 0.0 0.0 0.0 0.0 20
stats: {recvpackets,"tsung_controller@ip-172-31-30-247"} 1 850.0 0.0 2299 248 960.2105263157895 19
stats: {sentpackets,"tsung_controller@ip-172-31-30-247"} 1 713.0 0.0 2269 227 964.8947368421053 19
stats: {cpu,"tsung_controller@ip-172-31-30-247"} 1 0.5025125628140703 0.0 2.4925224327018944 0.30060120240480964 1.2734030091176367 20
stats: session 44 132078.49943181817 28297.154961744556 203644.463 19420.818 73525.88795258621 232
stats: users_count 0 430
stats: finish_users_count 44 276
stats: request 278 4287.171032374101 10963.480715730693 60000.346 0.433 4102.067974827963 5522
stats: connect 0 0 0 25.072 0.744 1.138488888888889 585
stats: page 195 6112.248666666668 12657.75661138033 60000.346 0.433 4831.808504906141 4688
stats: 302 0 276
stats: 504 10 263
stats: 200 0 1338
stats: size_rcv 375515 14011786
stats: newphase 0 3
stats: 422 44 276
stats: size_sent 233798 4706476
stats: connected -46 152
stats: 400 83 1071
stats: 404 23 352
stats: 500 118 2224
# stats: dump at 1575572886
stats: users 132 418
stats: {freemem,"tsung_controller@ip-172-31-30-247"} 1 3446.68359375 0.0 3518.3671875 3446.68359375 3477.201636904762 21
stats: {load,"tsung_controller@ip-172-31-30-247"} 1 0.0 0.0 0.0 0.0 0.0 21
stats: {recvpackets,"tsung_controller@ip-172-31-30-247"} 1 732.0 0.0 2299 248 954.7 20
stats: {sentpackets,"tsung_controller@ip-172-31-30-247"} 1 613.0 0.0 2269 227 952.3 20
stats: {cpu,"tsung_controller@ip-172-31-30-247"} 1 0.5025125628140703 0.0 2.4925224327018944 0.30060120240480964 1.2366939402460384 21
stats: session 22 141043.9965 30302.904200357196 209076.619 19420.818 82860.36224637683 276
stats: users_count 0 430
stats: finish_users_count 22 298
stats: request 184 4360.99738043478 11954.63563487535 60000.346 0.433 4110.94015586207 5800
stats: connect 0 0 0 25.072 0.744 1.138488888888889 585
stats: page 120 6686.829658333331 14268.698339310064 60000.346 0.433 4882.942199672331 4883
stats: 302 0 276
stats: 504 8 271
stats: 200 0 1338
stats: size_rcv 209863 14221649
stats: newphase 0 3
stats: 422 19 295
stats: 502 17 17
stats: size_sent 163589 4870065
stats: connected -22 130
stats: 400 60 1131
stats: 404 11 363
stats: 500 69 2293
# stats: dump at 1575572896
stats: users 77 418
stats: {freemem,"tsung_controller@ip-172-31-30-247"} 1 3446.2109375 0.0 3518.3671875 3446.2109375 3475.814453125 22
stats: {load,"tsung_controller@ip-172-31-30-247"} 1 0.0 0.0 0.0 0.0 0.0 22
stats: {recvpackets,"tsung_controller@ip-172-31-30-247"} 1 459.0 0.0 2299 248 944.0952380952381 21
stats: {sentpackets,"tsung_controller@ip-172-31-30-247"} 1 403.0 0.0 2269 227 936.1428571428571 21
stats: {cpu,"tsung_controller@ip-172-31-30-247"} 1 0.7992007992007992 0.0 2.4925224327018944 0.30060120240480964 1.203322059453676 22
stats: session 55 143020.48256363635 27044.73251228375 209076.619 19420.818 87155.79833221478 298
stats: users_count 0 430
stats: finish_users_count 55 353
stats: request 349 2037.7671461318037 9467.928808076565 60000.346 0.433 4118.629081216579 5984
stats: connect 1 6.493 0.0 25.072 0.744 1.138488888888889 585
stats: page 236 3013.958720338985 11385.28342967868 60000.346 0.433 4926.209538277032 5003
stats: 302 0 276
stats: 504 9 280
stats: 200 0 1338
stats: size_rcv 162630 14384279
stats: newphase 0 3
stats: 422 0 295
stats: 502 305 322
stats: size_sent 280222 5150287
stats: connected -54 76
stats: 400 0 1131
stats: 404 0 363
stats: 500 35 2328
# stats: dump at 1575572906
stats: users 54 418
stats: {freemem,"tsung_controller@ip-172-31-30-247"} 1 3446.12890625 0.0 3518.3671875 3446.12890625 3474.52734375 23
stats: {load,"tsung_controller@ip-172-31-30-247"} 1 0.0 0.0 0.0 0.0 0.0 23
stats: {recvpackets,"tsung_controller@ip-172-31-30-247"} 1 464.0 0.0 2299 248 922.0454545454545 22
stats: {sentpackets,"tsung_controller@ip-172-31-30-247"} 1 702.0 0.0 2269 227 911.9090909090909 22
stats: {cpu,"tsung_controller@ip-172-31-30-247"} 1 0.6018054162487462 0.0 2.4925224327018944 0.30060120240480964 1.1857515698774639 23
stats: session 23 150103.18973913047 20701.030282710526 209076.619 19420.818 95859.92760339945 353
stats: users_count 0 430
stats: finish_users_count 23 376
stats: request 162 2577.764037037038 12120.681520380589 60000.346 0.433 4003.9566012948067 6333
stats: connect 2 1.1745 0.04050000000000015 25.072 0.744 1.1476262798634815 586
stats: page 105 3977.1537238095257 14869.32736930721 60000.346 0.433 4840.0688257301 5239
stats: 302 0 276
stats: 504 7 287
stats: 200 0 1338
stats: size_rcv 49195 14433474
stats: newphase 0 3
stats: 422 0 295
stats: 502 155 477
stats: size_sent 141849 5292136
stats: connected -22 54
stats: 400 0 1131
stats: 404 0 363
stats: 500 0 2328
# stats: dump at 1575572916
stats: users 37 418
stats: {freemem,"tsung_controller@ip-172-31-30-247"} 1 3446.13671875 0.0 3518.3671875 3446.12890625 3473.3440755208335 24
stats: {load,"tsung_controller@ip-172-31-30-247"} 1 0.0 0.0 0.0 0.0 0.0 24
stats: {recvpackets,"tsung_controller@ip-172-31-30-247"} 1 214.0 0.0 2299 214 902.1304347826087 23
stats: {sentpackets,"tsung_controller@ip-172-31-30-247"} 1 373.0 0.0 2269 227 902.7826086956521 23
stats: {cpu,"tsung_controller@ip-172-31-30-247"} 1 0.6986027944111777 0.0 2.4925224327018944 0.30060120240480964 1.161420480142934 24
stats: session 17 157532.65005882352 18536.060252755124 209076.619 19420.818 99177.99948936171 376
stats: users_count 0 430
stats: finish_users_count 17 393
stats: request 105 3969.9572952380995 14847.346119604517 60000.346 0.433 3968.3841308699016 6495
stats: connect 0 0 0 25.072 0.744 1.1477176870748302 588
stats: page 69 6041.271463768117 17970.65077872792 60000.346 0.433 4823.11409412425 5344
stats: 302 0 276
stats: 504 7 294
stats: 200 0 1338
stats: size_rcv 31297 14464771
stats: newphase 0 3
stats: 422 0 295
stats: 502 98 575
stats: size_sent 88913 5381049
stats: connected -17 37
stats: 400 0 1131
stats: 404 0 363
stats: 500 0 2328
# stats: dump at 1575572926
stats: users 30 418
stats: {freemem,"tsung_controller@ip-172-31-30-247"} 1 3446.16796875 0.0 3518.3671875 3446.12890625 3472.25578125 25
stats: {load,"tsung_controller@ip-172-31-30-247"} 1 0.0 0.0 0.0 0.0 0.0 25
stats: {recvpackets,"tsung_controller@ip-172-31-30-247"} 1 121.0 0.0 2299 121 873.4583333333334 24
stats: {sentpackets,"tsung_controller@ip-172-31-30-247"} 1 215.0 0.0 2269 215 880.7083333333334 24
stats: {cpu,"tsung_controller@ip-172-31-30-247"} 1 0.3996003996003996 0.0 2.4925224327018944 0.30060120240480964 1.1429077727136636 25
stats: session 7 164866.017 17638.01954206706 209076.619 19420.818 101702.2464605598 393
stats: users_count 0 430
stats: finish_users_count 7 400
stats: request 77 3848.2664805194795 14596.188372685605 60000.346 0.433 3968.4091584848497 6600
stats: connect 0 0 0 25.072 0.744 1.1477176870748302 588
stats: page 46 6441.706847826087 18436.88363525739 60000.346 0.433 4838.642056161092 5413
stats: 302 0 276
stats: 504 5 299
stats: 200 0 1338
stats: size_rcv 22983 14487754
stats: newphase 0 3
stats: 422 0 295
stats: 502 72 647
stats: size_sent 66313 5447362
stats: connected -7 30
stats: 400 0 1131
stats: 404 0 363
stats: 500 0 2328
# stats: dump at 1575572936
stats: users 21 418
stats: {freemem,"tsung_controller@ip-172-31-30-247"} 1 3446.18359375 0.0 3518.3671875 3446.12890625 3471.252403846154 26
stats: {load,"tsung_controller@ip-172-31-30-247"} 1 0.0 0.0 0.0 0.0 0.0 26
stats: {recvpackets,"tsung_controller@ip-172-31-30-247"} 1 89.0 0.0 2299 89 843.36 25
stats: {sentpackets,"tsung_controller@ip-172-31-30-247"} 1 156.0 0.0 2269 156 854.08 25
stats: {cpu,"tsung_controller@ip-172-31-30-247"} 1 0.1002004008016032 0.0 2.4925224327018944 0.1002004008016032 1.1143190275939228 26
stats: session 9 182927.81033333333 31163.1487558859 225445.651 19420.818 102807.61244500002 400
stats: users_count 0 430
stats: finish_users_count 9 409
stats: request 85 8388.47763529411 20685.05932436368 60000.346 0.433 3967.023658079978 6677
stats: connect 1 1.328 0.0 25.072 0.744 1.1477176870748302 588
stats: page 56 12732.544714285717 24374.9210290761 60000.346 0.433 4852.150204249861 5459
stats: 302 0 276
stats: 504 12 311
stats: 200 0 1338
stats: size_rcv 23822 14511576
stats: newphase 0 3
stats: 422 0 295
stats: 502 73 720
stats: size_sent 67432 5514794
stats: connected -9 21
stats: 400 0 1131
stats: 404 0 363
stats: 500 0 2328
# stats: dump at 1575572946
stats: users 8 418
stats: {freemem,"tsung_controller@ip-172-31-30-247"} 1 3453.3359375 0.0 3518.3671875 3446.12890625 3470.3239293981483 27
stats: {load,"tsung_controller@ip-172-31-30-247"} 1 0.0 0.0 0.0 0.0 0.0 27
stats: {recvpackets,"tsung_controller@ip-172-31-30-247"} 1 119.0 0.0 2299 89 814.3461538461538 26
stats: {sentpackets,"tsung_controller@ip-172-31-30-247"} 1 196.0 0.0 2269 156 827.2307692307693 26
stats: {cpu,"tsung_controller@ip-172-31-30-247"} 1 0.39920159680638717 0.0 2.4925224327018944 0.1002004008016032 1.0767590784534664 27
stats: session 13 187456.82476923076 32162.77053641386 260149.449 19420.818 104570.6485843521 409
stats: users_count 0 430
stats: finish_users_count 13 422
stats: request 64 3725.428843749999 14420.90758419478 60000.346 0.433 4022.602419994086 6762
stats: connect 0 0 0 25.072 0.744 1.14802376910017 589
stats: page 41 5815.292048780486 17676.86031159327 60000.346 0.433 4932.168716047143 5515
stats: 302 0 276
stats: 504 4 315
stats: 200 0 1338
stats: size_rcv 20715 14532291
stats: newphase 0 3
stats: 422 1 296
stats: 502 58 778
stats: size_sent 56582 5571376
stats: connected -13 8
stats: 400 1 1132
stats: 404 0 363
stats: 500 0 2328
# stats: dump at 1575572956
stats: users 5 418
stats: {freemem,"tsung_controller@ip-172-31-30-247"} 1 3453.4453125 0.0 3518.3671875 3446.12890625 3469.717215401786 28
stats: {load,"tsung_controller@ip-172-31-30-247"} 1 0.0 0.0 0.0 0.0 0.0 28
stats: {recvpackets,"tsung_controller@ip-172-31-30-247"} 1 75.0 0.0 2299 75 788.5925925925926 27
stats: {sentpackets,"tsung_controller@ip-172-31-30-247"} 1 130.0 0.0 2269 130 803.8518518518518 27
stats: {cpu,"tsung_controller@ip-172-31-30-247"} 1 0.2997002997002997 0.0 2.4925224327018944 0.1002004008016032 1.0525605969660707 28
stats: session 3 213932.258 34644.5312401111 260149.449 19420.818 107124.01420142181 422
stats: users_count 0 430
stats: finish_users_count 3 425
stats: request 17 296.45547058823536 1177.2326684174664 60000.346 0.433 4019.816145619691 6826
stats: connect 0 0 0 25.072 0.744 1.14802376910017 589
stats: page 11 458.38163636363646 1438.5161219841202 60000.346 0.433 4938.685644888407 5556
stats: 302 0 276
stats: 504 0 315
stats: 200 0 1338
stats: size_rcv 6915 14539206
stats: newphase 0 3
stats: 422 0 296
stats: 502 16 794
stats: size_sent 16619 5587995
stats: connected -3 5
stats: 400 0 1132
stats: 404 0 363
stats: 500 1 2329
# stats: dump at 1575572966
stats: users 4 418
stats: {freemem,"tsung_controller@ip-172-31-30-247"} 1 3453.83984375 0.0 3518.3671875 3446.12890625 3469.156115301724 29
stats: {load,"tsung_controller@ip-172-31-30-247"} 1 0.0 0.0 0.0 0.0 0.0 29
stats: {recvpackets,"tsung_controller@ip-172-31-30-247"} 1 99.0 0.0 2299 75 763.1071428571429 28
stats: {sentpackets,"tsung_controller@ip-172-31-30-247"} 1 233.0 0.0 2269 130 779.7857142857143 28
stats: {cpu,"tsung_controller@ip-172-31-30-247"} 1 1.9 0.0 2.4925224327018944 0.1002004008016032 1.0265998970603545 29
stats: session 1 231945.071 0.0 260149.449 19420.818 107877.95474588237 425
stats: users_count 0 430
stats: finish_users_count 1 426
stats: request 5 1.7548000000000001 0.3153432415638553 60000.346 0.433 4010.5662360076003 6843
stats: connect 0 0 0 25.072 0.744 1.14802376910017 589
stats: page 3 2.9683333333333337 0.759808894101376 60000.346 0.433 4929.832879647924 5567
stats: 302 0 276
stats: 504 0 315
stats: 200 0 1338
stats: size_rcv 1570 14540776
stats: newphase 0 3
stats: 422 0 296
stats: 502 5 799
stats: size_sent 4637 5592632
stats: connected -2 3
stats: 400 0 1132
stats: 404 0 363
stats: 500 0 2329
# stats: dump at 1575572976
stats: users 3 418
stats: {freemem,"tsung_controller@ip-172-31-30-247"} 1 3454.0078125 0.0 3518.3671875 3446.12890625 3468.645572916667 30
stats: {load,"tsung_controller@ip-172-31-30-247"} 1 0.0 0.0 0.0 0.0 0.0 30
stats: {recvpackets,"tsung_controller@ip-172-31-30-247"} 1 4.0 0.0 2299 4 740.2068965517242 29
stats: {sentpackets,"tsung_controller@ip-172-31-30-247"} 1 5.0 0.0 2269 5 760.9310344827586 29
stats: {cpu,"tsung_controller@ip-172-31-30-247"} 1 0.0 0.0 2.4925224327018944 0.0 1.0557132338250093 30
stats: session 1 203004.585 0.0 260149.449 19420.818 108169.19210798123 426
stats: users_count 0 430
stats: finish_users_count 1 427
stats: request 11 4.555727272727272 6.505363215223533 60000.346 0.433 4007.6392416764033 6848
stats: connect 1 22.107 0.0 25.072 0.744 1.14802376910017 589
stats: page 7 7.199285714285714 7.152226081323726 60000.346 0.433 4927.1792721723505 5570
stats: 302 0 276
stats: 504 0 315
stats: 200 0 1338
stats: size_rcv 3454 14544230
stats: newphase 0 3
stats: 422 0 296
stats: 502 11 810
stats: size_sent 10001 5602633
stats: connected 0 3
stats: 400 0 1132
stats: 404 0 363
stats: 500 0 2329
# stats: dump at 1575572986
stats: users 3 418
stats: {freemem,"tsung_controller@ip-172-31-30-247"} 1 3454.03515625 0.0 3518.3671875 3446.12890625 3468.173387096774 31
stats: {load,"tsung_controller@ip-172-31-30-247"} 1 0.0 0.0 0.0 0.0 0.0 31
stats: {recvpackets,"tsung_controller@ip-172-31-30-247"} 1 18.0 0.0 2299 4 715.6666666666666 30
stats: {sentpackets,"tsung_controller@ip-172-31-30-247"} 1 31.0 0.0 2269 5 735.7333333333333 30
stats: {cpu,"tsung_controller@ip-172-31-30-247"} 1 0.2 0.0 2.4925224327018944 0.0 1.021657968217751 31
stats: session 0 0 0 260149.449 19420.818 108391.28904683843 427
stats: users_count 0 430
stats: finish_users_count 0 427
stats: request 4 2.1155 0.2361276138023675 60000.346 0.433 4001.2193672547037 6859
stats: connect 0 0 0 25.072 0.744 1.1835474576271188 590
stats: page 2 4.298 0.11500000000000021 60000.346 0.433 4921.00393419401 5577
stats: 302 0 276
stats: 504 0 315
stats: 200 0 1338
stats: size_rcv 1256 14545486
stats: newphase 0 3
stats: 422 0 296
stats: 502 4 814
stats: size_sent 3665 5606298
stats: connected 0 3
stats: 400 0 1132
stats: 404 0 363
stats: 500 0 2329
# stats: dump at 1575572996
stats: users 2 418
stats: {freemem,"tsung_controller@ip-172-31-30-247"} 1 3454.05859375 0.0 3518.3671875 3446.12890625 3467.7315673828125 32
stats: {load,"tsung_controller@ip-172-31-30-247"} 1 0.0 0.0 0.0 0.0 0.0 32
stats: {recvpackets,"tsung_controller@ip-172-31-30-247"} 1 4.0 0.0 2299 4 693.1612903225806 31
stats: {sentpackets,"tsung_controller@ip-172-31-30-247"} 1 8.0 0.0 2269 5 713.0 31
stats: {cpu,"tsung_controller@ip-172-31-30-247"} 1 0.1998001998001998 0.0 2.4925224327018944 0.0 0.9959811567109461 32
stats: session 1 225394.495 0.0 260149.449 19420.818 108391.28904683843 427
stats: users_count 0 430
stats: finish_users_count 1 428
stats: request 1 2.407 0.0 60000.346 0.433 3998.888547573949 6863
stats: connect 0 0 0 25.072 0.744 1.1835474576271188 590
stats: page 1 2.407 0.0 60000.346 0.433 4919.241358128696 5579
stats: 302 0 276
stats: 504 0 315
stats: 200 0 1338
stats: size_rcv 314 14545800
stats: newphase 0 3
stats: 422 0 296
stats: 502 1 815
stats: size_sent 922 5607220
stats: connected -1 2
stats: 400 0 1132
stats: 404 0 363
stats: 500 0 2329
# stats: dump at 1575573006
stats: users 2 418
stats: {freemem,"tsung_controller@ip-172-31-30-247"} 1 3453.828125 0.0 3518.3671875 3446.12890625 3467.317234848485 33
stats: {load,"tsung_controller@ip-172-31-30-247"} 1 0.0 0.0 0.0 0.0 0.0 33
stats: {recvpackets,"tsung_controller@ip-172-31-30-247"} 1 69.0 0.0 2299 4 671.625 32
stats: {sentpackets,"tsung_controller@ip-172-31-30-247"} 1 182.0 0.0 2269 5 690.96875 32
stats: {cpu,"tsung_controller@ip-172-31-30-247"} 1 1.9019019019019021 0.0 2.4925224327018944 0.0 0.971854461046984 33
stats: session 0 0 0 260149.449 19420.818 108664.6610233645 428
stats: users_count 0 430
stats: finish_users_count 0 428
stats: request 0 0 0 60000.346 0.433 3998.3063095862494 6864
stats: connect 0 0 0 25.072 0.744 1.1835474576271188 590
stats: page 0 0 0 60000.346 0.433 4918.360205017921 5580
stats: 302 0 276
stats: 504 0 315
stats: 200 0 1338
stats: size_rcv 0 14545800
stats: newphase 0 3
stats: 422 0 296
stats: 502 0 815
stats: size_sent 0 5607220
stats: connected 0 2
stats: 400 0 1132
stats: 404 0 363
stats: 500 0 2329
# stats: dump at 1575573016
stats: users 1 418
stats: {freemem,"tsung_controller@ip-172-31-30-247"} 1 3453.8359375 0.0 3518.3671875 3446.12890625 3466.9204963235293 34
stats: {load,"tsung_controller@ip-172-31-30-247"} 1 0.0 0.0 0.0 0.0 0.0 34
stats: {recvpackets,"tsung_controller@ip-172-31-30-247"} 1 7.0 0.0 2299 4 653.3636363636364 33
stats: {sentpackets,"tsung_controller@ip-172-31-30-247"} 1 4.0 0.0 2269 4 675.5454545454545 33
stats: {cpu,"tsung_controller@ip-172-31-30-247"} 1 0.1 0.0 2.4925224327018944 0.0 0.9992087975427169 34
stats: session 1 255860.47 0.0 260149.449 19420.818 108664.6610233645 428
stats: users_count 0 430
stats: finish_users_count 1 429
stats: request 13 9136.853076923073 21413.013167055266 60000.346 0.433 3998.3063095862494 6864
stats: connect 0 0 0 25.072 0.744 1.1835474576271188 590
stats: page 8 14847.427749999997 25696.354794117644 60000.346 0.433 4918.360205017921 5580
stats: 302 0 276
stats: 504 2 317
stats: 200 0 1338
stats: size_rcv 11864 14557664
stats: newphase 0 3
stats: 422 0 296
stats: 502 6 821
stats: size_sent 10118 5617338
stats: connected -1 1
stats: 400 0 1132
stats: 404 5 368
stats: 500 0 2329
# stats: dump at 1575573024
stats: users 0 418
stats: {freemem,"tsung_controller@ip-172-31-30-247"} 1 3453.8359375 0.0 3518.3671875 3446.12890625 3466.5466517857144 35
stats: {load,"tsung_controller@ip-172-31-30-247"} 1 0.0 0.0 0.0 0.0 0.0 35
stats: {recvpackets,"tsung_controller@ip-172-31-30-247"} 1 22.0 0.0 2299 4 634.3529411764706 34
stats: {sentpackets,"tsung_controller@ip-172-31-30-247"} 1 21.0 0.0 2269 4 655.7941176470588 34
stats: {cpu,"tsung_controller@ip-172-31-30-247"} 1 0.1 0.0 2.4925224327018944 0.0 0.973517117612925 35
stats: session 1 284350.116 0.0 284350.116 19420.818 109007.7747972028 429
stats: users_count 0 430
stats: finish_users_count 1 430
stats: request 3 5.133666666666667 4.372922160549193 60000.346 0.433 4008.0200085793244 6877
stats: connect 0 0 0 25.072 0.744 1.1835474576271188 590
stats: page 2 7.7345 5.7844999999999995 60000.346 0.433 4932.575047602004 5588
stats: 302 0 276
stats: 504 0 317
stats: 200 0 1338
stats: size_rcv 2594 14560258
stats: newphase 0 3
stats: 422 0 296
stats: 502 2 823
stats: size_sent 2764 5620102
stats: connected -1 0
stats: 400 0 1132
stats: 404 1 369
stats: 500 0 2329
EndMonitor:{1575,573024,584269}
