# stats: dump at 1574442979
stats: users 0 1
stats: {load,"tsung_controller@ip-172-31-22-251"} 1 0.05078125 0 0.05078125 0.05078125 0 0
stats: {cpu,"tsung_controller@ip-172-31-22-251"} 1 1.859340535037611 0 1.859340535037611 1.859340535037611 0 0
stats: {freemem,"tsung_controller@ip-172-31-22-251"} 1 3516.66796875 0 3516.66796875 3516.66796875 0 0
stats: session 10 13.3428 6.491196219496065 29.678 9.02 0 0
stats: users_count 10 10
stats: finish_users_count 10 10
stats: request 10 11.14 5.795950034291185 24.936 7.104 0 0
stats: connect 10 3.0361999999999996 4.969591287017474 17.933 1.002 0 0
stats: page 10 11.14 5.795950034291185 24.936 7.104 0 0
stats: 200 10 10
stats: size_rcv 56541 56541
stats: size_sent 1750 1750
stats: connected 0 0
# stats: dump at 1574442989
stats: users 0 1
stats: {load,"tsung_controller@ip-172-31-22-251"} 1 0.0390625 0.0 0.05078125 0.0390625 0.05078125 1
stats: {recvpackets,"tsung_controller@ip-172-31-22-251"} 1 92 0 92 92 0 0
stats: {sentpackets,"tsung_controller@ip-172-31-22-251"} 1 90 0 90 90 0 0
stats: {cpu,"tsung_controller@ip-172-31-22-251"} 1 0.30060120240480964 0.0 1.859340535037611 0.30060120240480964 1.859340535037611 1
stats: {freemem,"tsung_controller@ip-172-31-22-251"} 1 3518.51953125 0.0 3518.51953125 3516.66796875 3516.66796875 1
stats: session 8 10.056625000000002 0.9585495471674897 29.678 8.876 13.3428 10
stats: users_count 8 18
stats: finish_users_count 8 18
stats: request 8 8.1355 0.9442834585017362 24.936 6.98 11.14 10
stats: connect 8 1.3457499999999998 0.19239981159034433 17.933 1.002 3.0361999999999996 10
stats: page 8 8.1355 0.9442834585017362 24.936 6.98 11.14 10
stats: 200 8 18
stats: size_rcv 45228 101769
stats: size_sent 1400 3150
stats: connected 0 0
# stats: dump at 1574442999
stats: users 0 1
stats: {load,"tsung_controller@ip-172-31-22-251"} 1 0.0390625 0.0 0.05078125 0.0390625 0.044921875 2
stats: {recvpackets,"tsung_controller@ip-172-31-22-251"} 1 129.0 0.0 129 92 92.0 1
stats: {sentpackets,"tsung_controller@ip-172-31-22-251"} 1 236.0 0.0 236 90 90.0 1
stats: {cpu,"tsung_controller@ip-172-31-22-251"} 1 1.7999999999999998 0.0 1.859340535037611 0.30060120240480964 1.0799708687212104 2
stats: {freemem,"tsung_controller@ip-172-31-22-251"} 1 3518.72265625 0.0 3518.72265625 3516.66796875 3517.59375 2
stats: session 12 10.56816666666667 2.1954771627649006 29.678 8.876 11.88227777777778 18
stats: users_count 12 30
stats: finish_users_count 12 30
stats: request 12 8.304250000000001 1.3081237279019133 24.936 6.98 9.804666666666668 18
stats: connect 12 1.6745000000000003 0.9630587988279842 17.933 0.999 2.2848888888888883 18
stats: page 12 8.304250000000001 1.3081237279019133 24.936 6.98 9.804666666666668 18
stats: 200 12 30
stats: size_rcv 69692 171461
stats: size_sent 2100 5250
stats: connected 0 0
# stats: dump at 1574443009
stats: users 0 1
stats: {load,"tsung_controller@ip-172-31-22-251"} 1 0.03125 0.0 0.05078125 0.03125 0.04296875 3
stats: {recvpackets,"tsung_controller@ip-172-31-22-251"} 1 141.0 0.0 141 92 110.5 2
stats: {sentpackets,"tsung_controller@ip-172-31-22-251"} 1 133.0 0.0 236 90 163.0 2
stats: {cpu,"tsung_controller@ip-172-31-22-251"} 1 0.2004008016032064 0.0 1.859340535037611 0.2004008016032064 1.3199805791474735 3
stats: {freemem,"tsung_controller@ip-172-31-22-251"} 1 3518.48046875 0.0 3518.72265625 3516.66796875 3517.9700520833335 3
stats: session 21 10.606238095238096 2.2590110753488464 29.678 7.783 11.356633333333336 30
stats: users_count 21 51
stats: finish_users_count 21 51
stats: request 21 8.692571428571428 2.263770234248473 24.936 5.821 9.2045 30
stats: connect 21 1.4491904761904766 0.3385489510990241 17.933 0.853 2.0407333333333333 30
stats: page 21 8.692571428571428 2.263770234248473 24.936 5.821 9.2045 30
stats: 200 21 51
stats: size_rcv 121971 293432
stats: newphase 1 1
stats: size_sent 3675 8925
stats: connected 0 0
# stats: dump at 1574443019
stats: users 0 2
stats: {load,"tsung_controller@ip-172-31-22-251"} 1 0.01953125 0.0 0.05078125 0.01953125 0.0400390625 4
stats: {recvpackets,"tsung_controller@ip-172-31-22-251"} 1 296.0 0.0 296 92 120.66666666666667 3
stats: {sentpackets,"tsung_controller@ip-172-31-22-251"} 1 400.0 0.0 400 90 153.0 3
stats: {cpu,"tsung_controller@ip-172-31-22-251"} 1 1.7034068136272544 0.0 1.859340535037611 0.2004008016032064 1.0400856347614067 4
stats: {freemem,"tsung_controller@ip-172-31-22-251"} 1 3517.828125 0.0 3518.72265625 3516.66796875 3518.09765625 4
stats: session 20 9.9845 1.1367699195527652 29.678 7.783 11.04764705882353 51
stats: users_count 20 71
stats: finish_users_count 20 71
stats: request 20 8.0716 1.1543902459740378 24.936 5.821 8.993705882352941 51
stats: connect 20 1.3935 0.35052653251929444 17.933 0.853 1.797156862745098 51
stats: page 20 8.0716 1.1543902459740378 24.936 5.821 8.993705882352941 51
stats: 200 20 71
stats: size_rcv 117805 411237
stats: newphase 0 1
stats: size_sent 3500 12425
stats: connected 0 0
# stats: dump at 1574443029
stats: users 0 2
stats: {load,"tsung_controller@ip-172-31-22-251"} 1 0.01953125 0.0 0.05078125 0.01953125 0.0359375 5
stats: {recvpackets,"tsung_controller@ip-172-31-22-251"} 1 157.0 0.0 296 92 164.5 4
stats: {sentpackets,"tsung_controller@ip-172-31-22-251"} 1 162.0 0.0 400 90 214.75 4
stats: {cpu,"tsung_controller@ip-172-31-22-251"} 1 0.10030090270812438 0.0 1.859340535037611 0.10030090270812438 1.1727498705345762 5
stats: {freemem,"tsung_controller@ip-172-31-22-251"} 1 3517.78125 0.0 3518.72265625 3516.66796875 3518.04375 5
stats: session 19 10.46421052631579 1.5708831769672345 29.678 7.783 10.748169014084509 71
stats: users_count 19 90
stats: finish_users_count 19 90
stats: request 19 8.364263157894735 1.1989032199255791 24.936 5.821 8.733957746478874 71
stats: connect 19 1.4668947368421055 0.29124883460111867 17.933 0.853 1.6834507042253521 71
stats: page 19 8.364263157894735 1.1989032199255791 24.936 5.821 8.733957746478874 71
stats: 200 19 90
stats: size_rcv 106910 518147
stats: newphase 0 1
stats: size_sent 3325 15750
stats: connected 0 0
# stats: dump at 1574443039
stats: users 0 2
stats: {load,"tsung_controller@ip-172-31-22-251"} 1 0.01953125 0.0 0.05078125 0.01953125 0.033203125 6
stats: {recvpackets,"tsung_controller@ip-172-31-22-251"} 1 215.0 0.0 296 92 163.0 5
stats: {sentpackets,"tsung_controller@ip-172-31-22-251"} 1 287.0 0.0 400 90 204.2 5
stats: {cpu,"tsung_controller@ip-172-31-22-251"} 1 0.3 0.0 1.859340535037611 0.10030090270812438 0.9940083758968342 6
stats: {freemem,"tsung_controller@ip-172-31-22-251"} 1 3517.78515625 0.0 3518.72265625 3516.66796875 3518.0 6
stats: session 42 10.115095238095238 3.5259271040835003 31.957 7.429 10.688222222222224 90
stats: users_count 42 132
stats: finish_users_count 42 132
stats: request 40 8.1849 3.6192166818249496 30.074 5.427 8.655911111111111 90
stats: connect 40 1.8203000000000007 3.575242251932028 24.101 0.787 1.6377333333333335 90
stats: page 40 8.1849 3.6192166818249496 30.074 5.427 8.655911111111111 90
stats: 200 40 130
stats: size_rcv 227961 746108
stats: newphase 1 2
stats: size_sent 7000 22750
stats: connected 0 0
# stats: dump at 1574443049
stats: users 0 2
stats: {load,"tsung_controller@ip-172-31-22-251"} 1 0.01171875 0.0 0.05078125 0.01171875 0.03125 7
stats: {recvpackets,"tsung_controller@ip-172-31-22-251"} 1 549.0 0.0 549 92 171.66666666666666 6
stats: {sentpackets,"tsung_controller@ip-172-31-22-251"} 1 647.0 0.0 647 90 218.0 6
stats: {cpu,"tsung_controller@ip-172-31-22-251"} 1 1.809045226130653 0.0 1.859340535037611 0.10030090270812438 0.8948643221972865 7
stats: {freemem,"tsung_controller@ip-172-31-22-251"} 1 3517.26953125 0.0 3518.72265625 3516.66796875 3517.969308035714 7
stats: session 37 9.628864864864866 0.9893236062859873 31.957 7.429 10.505863636363637 132
stats: users_count 37 169
stats: finish_users_count 37 169
stats: request 37 7.674162162162163 0.9986098855074301 30.074 5.427 8.510984615384617 130
stats: connect 37 1.24118918918919 0.21009892622773038 24.101 0.787 1.6939076923076926 130
stats: page 37 7.674162162162163 0.9986098855074301 30.074 5.427 8.510984615384617 130
stats: 200 37 167
stats: size_rcv 213371 959479
stats: newphase 0 2
stats: size_sent 6475 29225
stats: connected 0 0
# stats: dump at 1574443059
stats: users 0 2
stats: {load,"tsung_controller@ip-172-31-22-251"} 1 0.01171875 0.0 0.05078125 0.01171875 0.02880859375 8
stats: {recvpackets,"tsung_controller@ip-172-31-22-251"} 1 334.0 0.0 549 92 225.57142857142858 7
stats: {sentpackets,"tsung_controller@ip-172-31-22-251"} 1 351.0 0.0 647 90 279.2857142857143 7
stats: {cpu,"tsung_controller@ip-172-31-22-251"} 1 0.10050251256281408 0.0 1.859340535037611 0.10030090270812438 1.0091369351889572 8
stats: {freemem,"tsung_controller@ip-172-31-22-251"} 1 3517.15625 0.0 3518.72265625 3516.66796875 3517.8818359375 8
stats: session 40 9.714650000000002 1.145452477189691 31.957 7.429 10.313857988165681 169
stats: users_count 40 209
stats: finish_users_count 40 209
stats: request 42 7.780857142857144 1.1346289003443366 30.074 5.427 8.325580838323354 167
stats: connect 42 1.2527857142857142 0.2234645530337754 24.101 0.787 1.5936047904191621 167
stats: page 42 7.780857142857144 1.1346289003443366 30.074 5.427 8.325580838323354 167
stats: 200 42 209
stats: size_rcv 241081 1200560
stats: newphase 0 2
stats: size_sent 7350 36575
stats: connected 0 0
# stats: dump at 1574443069
stats: users 0 2
stats: {load,"tsung_controller@ip-172-31-22-251"} 1 0.01171875 0.0 0.05078125 0.01171875 0.026909722222222224 9
stats: {recvpackets,"tsung_controller@ip-172-31-22-251"} 1 328.0 0.0 549 92 239.125 8
stats: {sentpackets,"tsung_controller@ip-172-31-22-251"} 1 352.0 0.0 647 90 288.25 8
stats: {cpu,"tsung_controller@ip-172-31-22-251"} 1 0.3009027081243731 0.0 1.859340535037611 0.10030090270812438 0.9081775548971636 9
stats: {freemem,"tsung_controller@ip-172-31-22-251"} 1 3516.89453125 0.0 3518.72265625 3516.66796875 3517.801215277778 9
stats: session 77 9.672571428571429 1.3694033436592858 31.957 7.32 10.199177033492823 209
stats: users_count 77 286
stats: finish_users_count 77 286
stats: request 75 7.724266666666669 1.4023554407575216 30.074 5.316 8.216114832535887 209
stats: connect 75 1.2111600000000005 0.252932035139877 24.101 0.77 1.5251148325358856 209
stats: page 75 7.724266666666669 1.4023554407575216 30.074 5.316 8.216114832535887 209
stats: 200 75 284
stats: size_rcv 437565 1638125
stats: newphase 1 3
stats: size_sent 13125 49700
stats: connected 0 0
# stats: dump at 1574443079
stats: users 0 2
stats: {load,"tsung_controller@ip-172-31-22-251"} 1 0.01171875 0.0 0.05078125 0.01171875 0.025390625 10
stats: {recvpackets,"tsung_controller@ip-172-31-22-251"} 1 758.0 0.0 758 92 249.0 9
stats: {sentpackets,"tsung_controller@ip-172-31-22-251"} 1 788.0 0.0 788 90 295.3333333333333 9
stats: {cpu,"tsung_controller@ip-172-31-22-251"} 1 0.5025125628140703 0.0 1.859340535037611 0.10030090270812438 0.8474500702198844 10
stats: {freemem,"tsung_controller@ip-172-31-22-251"} 1 3516.7265625 0.0 3518.72265625 3516.66796875 3517.710546875 10
stats: session 71 9.66619718309859 1.621584103083262 31.957 7.319 10.057398601398601 286
stats: users_count 71 357
stats: finish_users_count 71 357
stats: request 72 7.581430555555555 1.350422226424726 30.074 5.294 8.086225352112677 284
stats: connect 72 1.2911111111111104 0.8312439566289183 24.101 0.742 1.442204225352113 284
stats: page 72 7.581430555555555 1.350422226424726 30.074 5.294 8.086225352112677 284
stats: 200 72 356
stats: size_rcv 414483 2052608
stats: newphase 0 3
stats: size_sent 12600 62300
stats: connected 0 0
# stats: dump at 1574443089
stats: users 0 2
stats: {load,"tsung_controller@ip-172-31-22-251"} 1 0.01171875 0.0 0.05078125 0.01171875 0.024147727272727272 11
stats: {recvpackets,"tsung_controller@ip-172-31-22-251"} 1 714.0 0.0 758 92 299.9 10
stats: {sentpackets,"tsung_controller@ip-172-31-22-251"} 1 838.0 0.0 838 90 344.6 10
stats: {cpu,"tsung_controller@ip-172-31-22-251"} 1 2.106318956870612 0.0 2.106318956870612 0.10030090270812438 0.8160921150011741 11
stats: {freemem,"tsung_controller@ip-172-31-22-251"} 1 3516.33203125 0.0 3518.72265625 3516.33203125 3517.62109375 11
stats: session 86 10.407639534883723 2.690774972282194 31.957 7.319 9.979596638655464 357
stats: users_count 86 443
stats: finish_users_count 86 443
stats: request 85 8.454752941176466 2.6173253564115564 30.074 5.294 7.98413202247191 356
stats: connect 85 1.5739411764705893 1.568303642215643 24.101 0.742 1.4116460674157305 356
stats: page 85 8.454752941176466 2.6173253564115564 30.074 5.294 7.98413202247191 356
stats: 200 85 441
stats: size_rcv 492140 2544748
stats: newphase 0 3
stats: size_sent 14875 77175
stats: connected 0 0
# stats: dump at 1574443095
stats: users 0 2
stats: {load,"tsung_controller@ip-172-31-22-251"} 1 0.0 0.0 0.05078125 0.0 0.023111979166666668 12
stats: {recvpackets,"tsung_controller@ip-172-31-22-251"} 1 802.0 0.0 802 92 337.54545454545456 11
stats: {sentpackets,"tsung_controller@ip-172-31-22-251"} 1 831.0 0.0 838 90 389.45454545454544 11
stats: {cpu,"tsung_controller@ip-172-31-22-251"} 1 0.6018054162487462 0.0 2.106318956870612 0.10030090270812438 0.9236110184902939 12
stats: {freemem,"tsung_controller@ip-172-31-22-251"} 1 3516.2890625 0.0 3518.72265625 3516.2890625 3517.513671875 12
stats: session 7 9.420000000000002 1.1686305783143918 31.957 7.319 10.062693002257337 443
stats: users_count 7 450
stats: finish_users_count 7 450
stats: request 9 7.4750000000000005 1.2954007530919192 30.074 5.294 8.074841269841269 441
stats: connect 9 1.1846666666666665 0.29849325322730863 24.101 0.742 1.4429274376417236 441
stats: page 9 7.4750000000000005 1.2954007530919192 30.074 5.294 8.074841269841269 441
stats: 200 9 450
stats: size_rcv 54186 2598934
stats: newphase 0 3
stats: size_sent 1575 78750
stats: connected 0 0
EndMonitor:{1574,443095,490746}
