# stats: dump at 1575528120
stats: users 8 8
stats: {load,"tsung_controller@ip-172-31-17-70"} 1 0.16015625 0 0.16015625 0.16015625 0 0
stats: {freemem,"tsung_controller@ip-172-31-17-70"} 1 3521.38671875 0 3521.38671875 3521.38671875 0 0
stats: {cpu,"tsung_controller@ip-172-31-17-70"} 1 1.6921548193209082 0 1.6921548193209082 1.6921548193209082 0 0
stats: users_count 8 8
stats: finish_users_count 0 0
stats: request 26 70.75199999999998 121.97750456539106 357.138 4.248 0 0
stats: connect 8 3.8398749999999993 5.778528801466251 19.095 1.104 0 0
stats: page 26 70.75199999999998 121.97750456539106 357.138 4.248 0 0
stats: 302 4 4
stats: 200 19 19
stats: size_rcv 119904 119904
stats: size_sent 18016 18016
stats: connected 8 8
stats: 404 3 3
# stats: dump at 1575528130
stats: users 14 14
stats: {load,"tsung_controller@ip-172-31-17-70"} 1 0.12890625 0.0 0.16015625 0.12890625 0.16015625 1
stats: {freemem,"tsung_controller@ip-172-31-17-70"} 1 3521.484375 0.0 3521.484375 3521.38671875 3521.38671875 1
stats: {recvpackets,"tsung_controller@ip-172-31-17-70"} 1 170 0 170 170 0 0
stats: {sentpackets,"tsung_controller@ip-172-31-17-70"} 1 164 0 164 164 0 0
stats: {cpu,"tsung_controller@ip-172-31-17-70"} 1 0.5015045135406219 0.0 1.6921548193209082 0.5015045135406219 1.6921548193209082 1
stats: users_count 6 14
stats: finish_users_count 0 0
stats: request 33 122.24254545454545 199.5688873119119 670.545 3.565 70.75199999999998 26
stats: connect 6 1.5928333333333333 0.21755797439354463 19.095 1.104 3.8398749999999993 8
stats: page 33 122.24254545454545 199.5688873119119 670.545 3.565 70.75199999999998 26
stats: 302 7 11
stats: 200 20 39
stats: size_rcv 135379 255283
stats: size_sent 32217 50233
stats: connected 6 14
stats: 404 6 9
# stats: dump at 1575528140
stats: users 22 22
stats: {load,"tsung_controller@ip-172-31-17-70"} 1 0.109375 0.0 0.16015625 0.109375 0.14453125 2
stats: {freemem,"tsung_controller@ip-172-31-17-70"} 1 3520.16015625 0.0 3521.484375 3520.16015625 3521.435546875 2
stats: {recvpackets,"tsung_controller@ip-172-31-17-70"} 1 160.0 0.0 170 160 170.0 1
stats: {sentpackets,"tsung_controller@ip-172-31-17-70"} 1 149.0 0.0 164 149 164.0 1
stats: {cpu,"tsung_controller@ip-172-31-17-70"} 1 0.30060120240480964 0.0 1.6921548193209082 0.30060120240480964 1.096829666430765 2
stats: users_count 8 22
stats: finish_users_count 0 0
stats: request 31 106.13435483870968 180.5227689770245 670.545 3.565 99.55179661016949 59
stats: connect 6 1.6064999999999998 0.26059595161859295 19.095 1.104 2.876857142857143 14
stats: page 31 106.13435483870968 180.5227689770245 670.545 3.565 99.55179661016949 59
stats: 302 7 18
stats: 200 18 57
stats: size_rcv 117651 372934
stats: size_sent 27505 77738
stats: connected 6 20
stats: 404 6 15
# stats: dump at 1575528150
stats: users 35 35
stats: {load,"tsung_controller@ip-172-31-17-70"} 1 0.1015625 0.0 0.16015625 0.1015625 0.1328125 3
stats: {freemem,"tsung_controller@ip-172-31-17-70"} 1 3517.140625 0.0 3521.484375 3517.140625 3521.0104166666665 3
stats: {recvpackets,"tsung_controller@ip-172-31-17-70"} 1 180.0 0.0 180 160 165.0 2
stats: {sentpackets,"tsung_controller@ip-172-31-17-70"} 1 168.0 0.0 168 149 156.5 2
stats: {cpu,"tsung_controller@ip-172-31-17-70"} 1 0.30060120240480964 0.0 1.6921548193209082 0.30060120240480964 0.8314201784221132 3
stats: users_count 13 35
stats: finish_users_count 0 0
stats: request 49 1589.850836734694 6164.579826190849 31511.148 3.565 101.81912222222222 90
stats: connect 15 1.6897999999999997 0.9081066163544161 19.095 0.9 2.4957499999999997 20
stats: page 49 1589.850836734694 6164.579826190849 31511.148 3.565 101.81912222222222 90
stats: 302 7 25
stats: 200 34 91
stats: size_rcv 216847 589781
stats: newphase 1 1
stats: size_sent 45456 123194
stats: connected 15 35
stats: 404 8 23
# stats: dump at 1575528160
stats: users 62 62
stats: {load,"tsung_controller@ip-172-31-17-70"} 1 0.078125 0.0 0.16015625 0.078125 0.125 4
stats: {freemem,"tsung_controller@ip-172-31-17-70"} 1 3513.390625 0.0 3521.484375 3513.390625 3520.04296875 4
stats: {recvpackets,"tsung_controller@ip-172-31-17-70"} 1 333.0 0.0 333 160 170.0 3
stats: {sentpackets,"tsung_controller@ip-172-31-17-70"} 1 416.0 0.0 416 149 160.33333333333334 3
stats: {cpu,"tsung_controller@ip-172-31-17-70"} 1 2.3069207622868606 0.0 2.3069207622868606 0.30060120240480964 0.6987154344177874 4
stats: users_count 27 62
stats: finish_users_count 0 0
stats: request 32 9232.867843750002 10524.792664724684 34661.009 3.565 626.3770647482015 139
stats: connect 26 1.5871153846153847 0.5570359280584414 19.095 0.9 2.150342857142857 35
stats: page 32 9232.867843750002 10524.792664724684 34661.009 3.565 626.3770647482015 139
stats: 302 2 27
stats: 200 28 119
stats: size_rcv 156745 746526
stats: newphase 0 1
stats: size_sent 24872 148066
stats: connected 26 61
stats: 404 2 25
# stats: dump at 1575528170
stats: users 84 84
stats: {load,"tsung_controller@ip-172-31-17-70"} 1 0.0703125 0.0 0.16015625 0.0703125 0.115625 5
stats: {freemem,"tsung_controller@ip-172-31-17-70"} 1 3510.24609375 0.0 3521.484375 3510.24609375 3518.7125 5
stats: {recvpackets,"tsung_controller@ip-172-31-17-70"} 1 370.0 0.0 370 160 210.75 4
stats: {sentpackets,"tsung_controller@ip-172-31-17-70"} 1 474.0 0.0 474 149 224.25 4
stats: {cpu,"tsung_controller@ip-172-31-17-70"} 1 2.4024024024024024 0.0 2.4024024024024024 0.30060120240480964 1.020356499991602 5
stats: users_count 22 84
stats: finish_users_count 0 0
stats: request 52 8285.447653846153 7797.046706850904 35148.071 3.565 2236.9484385964915 171
stats: connect 22 1.4482272727272727 0.2762116994128996 19.095 0.9 1.91027868852459 61
stats: page 52 8285.447653846153 7797.046706850904 35148.071 3.565 2236.9484385964915 171
stats: 302 3 30
stats: 200 46 165
stats: size_rcv 258340 1004866
stats: newphase 0 1
stats: size_sent 43817 191883
stats: connected 22 83
stats: 404 3 28
# stats: dump at 1575528180
stats: users 108 108
stats: {load,"tsung_controller@ip-172-31-17-70"} 1 0.05859375 0.0 0.16015625 0.05859375 0.10807291666666667 6
stats: {freemem,"tsung_controller@ip-172-31-17-70"} 1 3504.09765625 0.0 3521.484375 3504.09765625 3517.3014322916665 6
stats: {recvpackets,"tsung_controller@ip-172-31-17-70"} 1 399.0 0.0 399 160 242.6 5
stats: {sentpackets,"tsung_controller@ip-172-31-17-70"} 1 466.0 0.0 474 149 274.2 5
stats: {cpu,"tsung_controller@ip-172-31-17-70"} 1 2.4024024024024024 0.0 2.4024024024024024 0.30060120240480964 1.2506974837267353 6
stats: users_count 24 108
stats: finish_users_count 0 0
stats: request 2 23163.834 14021.285 37185.119 3.565 3647.3608116591927 223
stats: connect 23 1.814217391304348 1.740201061759737 19.095 0.9 1.7878072289156623 83
stats: page 2 23163.834 14021.285 37185.119 3.565 3647.3608116591927 223
stats: 302 0 30
stats: 200 2 167
stats: size_rcv 8734 1013600
stats: newphase 1 2
stats: size_sent 12414 204297
stats: connected 23 106
stats: 404 0 28
# stats: dump at 1575528190
stats: users 150 150
stats: {load,"tsung_controller@ip-172-31-17-70"} 1 0.05078125 0.0 0.16015625 0.05078125 0.10100446428571429 7
stats: {freemem,"tsung_controller@ip-172-31-17-70"} 1 3504.0 0.0 3521.484375 3504.0 3515.4151785714284 7
stats: {recvpackets,"tsung_controller@ip-172-31-17-70"} 1 117.0 0.0 399 117 268.6666666666667 6
stats: {sentpackets,"tsung_controller@ip-172-31-17-70"} 1 138.0 0.0 474 138 306.1666666666667 6
stats: {cpu,"tsung_controller@ip-172-31-17-70"} 1 0.501002004008016 0.0 2.4024024024024024 0.30060120240480964 1.4152267578232591 7
stats: users_count 42 150
stats: finish_users_count 0 0
stats: request 0 0 0 37185.119 3.565 3820.840573333333 225
stats: connect 43 1.4827674418604648 0.29996207800702596 19.095 0.9 1.7935377358490565 106
stats: page 0 0 0 37185.119 3.565 3820.840573333333 225
stats: 302 0 30
stats: 200 0 167
stats: size_rcv 0 1013600
stats: newphase 0 2
stats: size_sent 7955 212252
stats: connected 43 149
stats: 404 0 28
# stats: dump at 1575528200
stats: users 195 195
stats: {load,"tsung_controller@ip-172-31-17-70"} 1 0.0390625 0.0 0.16015625 0.0390625 0.0947265625 8
stats: {freemem,"tsung_controller@ip-172-31-17-70"} 1 3503.82421875 0.0 3521.484375 3503.82421875 3513.98828125 8
stats: {recvpackets,"tsung_controller@ip-172-31-17-70"} 1 136.0 0.0 399 117 247.0 7
stats: {sentpackets,"tsung_controller@ip-172-31-17-70"} 1 181.0 0.0 474 138 282.14285714285717 7
stats: {cpu,"tsung_controller@ip-172-31-17-70"} 1 0.4012036108324975 0.0 2.4024024024024024 0.30060120240480964 1.3009486635963539 8
stats: users_count 45 195
stats: finish_users_count 0 0
stats: request 11 18786.215727272727 25051.219013809434 59931.916 3.565 3820.840573333333 225
stats: connect 44 1.4748636363636363 0.341951125621849 19.095 0.9 1.7038523489932884 149
stats: page 11 18786.215727272727 25051.219013809434 59931.916 3.565 3820.840573333333 225
stats: 302 0 30
stats: 504 3 3
stats: 200 0 167
stats: size_rcv 2737 1016337
stats: newphase 0 2
stats: 502 8 8
stats: size_sent 9777 222029
stats: connected 44 193
stats: 404 0 28
# stats: dump at 1575528210
stats: users 263 263
stats: {load,"tsung_controller@ip-172-31-17-70"} 1 0.109375 0.0 0.16015625 0.0390625 0.08854166666666667 9
stats: {freemem,"tsung_controller@ip-172-31-17-70"} 1 3503.01953125 0.0 3521.484375 3503.01953125 3512.858940972222 9
stats: {recvpackets,"tsung_controller@ip-172-31-17-70"} 1 248.0 0.0 399 117 233.125 8
stats: {sentpackets,"tsung_controller@ip-172-31-17-70"} 1 385.0 0.0 474 138 269.5 8
stats: {cpu,"tsung_controller@ip-172-31-17-70"} 1 2.206619859578736 0.0 2.4024024024024024 0.30060120240480964 1.2009769910670365 9
stats: users_count 68 263
stats: finish_users_count 0 0
stats: request 21 29015.21857142857 26601.85389694045 59931.916 3.565 4518.379245762711 236
stats: connect 64 1.431859375 0.5016458806764085 19.095 0.86 1.6516476683937822 193
stats: page 21 29015.21857142857 26601.85389694045 59931.916 3.565 4518.379245762711 236
stats: 302 0 30
stats: 504 9 12
stats: 200 0 167
stats: size_rcv 4443 1020780
stats: newphase 1 3
stats: 502 12 20
stats: size_sent 20005 242034
stats: connected 64 257
stats: 404 0 28
# stats: dump at 1575528220
stats: users 336 336
stats: {load,"tsung_controller@ip-172-31-17-70"} 1 0.1015625 0.0 0.16015625 0.0390625 0.090625 10
stats: {freemem,"tsung_controller@ip-172-31-17-70"} 1 3502.75390625 0.0 3521.484375 3502.75390625 3511.875 10
stats: {recvpackets,"tsung_controller@ip-172-31-17-70"} 1 251.0 0.0 399 117 234.77777777777777 9
stats: {sentpackets,"tsung_controller@ip-172-31-17-70"} 1 322.0 0.0 474 138 282.3333333333333 9
stats: {cpu,"tsung_controller@ip-172-31-17-70"} 1 0.5020080321285141 0.0 2.4024024024024024 0.30060120240480964 1.3015412779182065 10
stats: users_count 73 336
stats: finish_users_count 0 0
stats: request 15 25382.840133333335 24479.93364634437 59931.916 3.565 6520.066505836575 257
stats: connect 76 1.425684210526316 0.3111668705528272 19.095 0.86 1.5969143968871595 257
stats: page 15 25382.840133333335 24479.93364634437 59931.916 3.565 6520.066505836575 257
stats: 302 0 30
stats: 504 5 17
stats: 200 0 167
stats: size_rcv 3515 1024295
stats: newphase 0 3
stats: 502 10 30
stats: size_sent 20217 262251
stats: connected 76 333
stats: 404 0 28
# stats: dump at 1575528230
stats: users 420 420
stats: {load,"tsung_controller@ip-172-31-17-70"} 1 0.078125 0.0 0.16015625 0.0390625 0.09161931818181818 11
stats: {freemem,"tsung_controller@ip-172-31-17-70"} 1 3501.6953125 0.0 3521.484375 3501.6953125 3511.045809659091 11
stats: {recvpackets,"tsung_controller@ip-172-31-17-70"} 1 250.0 0.0 399 117 236.4 10
stats: {sentpackets,"tsung_controller@ip-172-31-17-70"} 1 324.0 0.0 474 138 286.3 10
stats: {cpu,"tsung_controller@ip-172-31-17-70"} 1 0.4020100502512563 0.0 2.4024024024024024 0.30060120240480964 1.228856437391871 11
stats: users_count 84 420
stats: finish_users_count 0 0
stats: request 74 49310.397716216205 20380.69376102088 59983.692 0.628 7560.292992647058 272
stats: connect 88 1.298795454545455 0.30473248920871376 19.095 0.841 1.557834834834835 333
stats: page 74 49310.397716216205 20380.69376102088 59983.692 0.628 7560.292992647058 272
stats: 302 0 30
stats: 504 59 76
stats: 200 0 167
stats: size_rcv 8143 1032438
stats: newphase 0 3
stats: 502 11 41
stats: size_sent 50216 312467
stats: connected 84 417
stats: 400 4 4
stats: 404 0 28
# stats: dump at 1575528240
stats: users 442 442
stats: {load,"tsung_controller@ip-172-31-17-70"} 1 0.0703125 0.0 0.16015625 0.0390625 0.09049479166666667 12
stats: {freemem,"tsung_controller@ip-172-31-17-70"} 1 3499.9375 0.0 3521.484375 3499.9375 3510.2666015625 12
stats: {recvpackets,"tsung_controller@ip-172-31-17-70"} 1 407.0 0.0 407 117 237.63636363636363 11
stats: {sentpackets,"tsung_controller@ip-172-31-17-70"} 1 487.0 0.0 487 138 289.72727272727275 11
stats: {cpu,"tsung_controller@ip-172-31-17-70"} 1 0.8032128514056224 0.0 2.4024024024024024 0.30060120240480964 1.1599525717968195 12
stats: users_count 22 442
stats: finish_users_count 0 0
stats: request 44 48664.403545454516 18451.95457605625 59983.692 0.628 16489.50614161849 346
stats: connect 27 1.849925925925926 2.5713250788610327 19.095 0.841 1.5036888361045133 421
stats: page 44 48664.403545454516 18451.95457605625 59983.692 0.628 16489.50614161849 346
stats: 302 0 30
stats: 504 32 108
stats: 200 0 167
stats: size_rcv 5672 1038110
stats: newphase 0 3
stats: 502 10 51
stats: size_sent 25436 337903
stats: connected 25 442
stats: 400 2 6
stats: 404 0 28
# stats: dump at 1575528250
stats: users 442 442
stats: {load,"tsung_controller@ip-172-31-17-70"} 1 0.05859375 0.0 0.16015625 0.0390625 0.0889423076923077 13
stats: {freemem,"tsung_controller@ip-172-31-17-70"} 1 3498.07421875 0.0 3521.484375 3498.07421875 3509.4720552884614 13
stats: {recvpackets,"tsung_controller@ip-172-31-17-70"} 1 230.0 0.0 407 117 251.75 12
stats: {sentpackets,"tsung_controller@ip-172-31-17-70"} 1 340.0 0.0 487 138 306.1666666666667 12
stats: {cpu,"tsung_controller@ip-172-31-17-70"} 1 2.4 0.0 2.4024024024024024 0.30060120240480964 1.1325110548436506 13
stats: users_count 0 442
stats: finish_users_count 0 0
stats: request 48 55340.91272916668 10226.53079001037 59990.294 0.628 20119.49456666666 390
stats: connect 0 0 0 19.095 0.841 1.5245558035714288 448
stats: page 48 55340.91272916668 10226.53079001037 59990.294 0.628 20119.49456666666 390
stats: 302 0 30
stats: 504 41 149
stats: 200 0 167
stats: size_rcv 5273 1043383
stats: newphase 0 3
stats: 502 7 58
stats: size_sent 10938 348841
stats: connected 0 442
stats: 400 0 6
stats: 404 0 28
# stats: dump at 1575528260
stats: users 442 442
stats: {load,"tsung_controller@ip-172-31-17-70"} 1 0.05078125 0.0 0.16015625 0.0390625 0.08677455357142858 14
stats: {freemem,"tsung_controller@ip-172-31-17-70"} 1 3496.53515625 0.0 3521.484375 3496.53515625 3508.6579241071427 14
stats: {recvpackets,"tsung_controller@ip-172-31-17-70"} 1 177.0 0.0 407 117 250.07692307692307 13
stats: {sentpackets,"tsung_controller@ip-172-31-17-70"} 1 271.0 0.0 487 138 308.7692307692308 13
stats: {cpu,"tsung_controller@ip-172-31-17-70"} 1 1.9076305220883536 0.0 2.4024024024024024 0.30060120240480964 1.2230459794976754 14
stats: users_count 0 442
stats: finish_users_count 0 0
stats: request 39 58055.39379487179 5125.546035960302 59990.294 0.628 23979.376009132415 438
stats: connect 0 0 0 19.095 0.841 1.5245558035714288 448
stats: page 39 58055.39379487179 5125.546035960302 59990.294 0.628 23979.376009132415 438
stats: 302 0 30
stats: 504 36 185
stats: 200 0 167
stats: size_rcv 3642 1047025
stats: newphase 0 3
stats: 502 3 61
stats: size_sent 8531 357372
stats: connected 0 442
stats: 400 0 6
stats: 404 0 28
# stats: dump at 1575528270
stats: users 440 442
stats: {load,"tsung_controller@ip-172-31-17-70"} 1 0.0390625 0.0 0.16015625 0.0390625 0.084375 15
stats: {freemem,"tsung_controller@ip-172-31-17-70"} 1 3496.30078125 0.0 3521.484375 3496.30078125 3507.8497395833333 15
stats: {recvpackets,"tsung_controller@ip-172-31-17-70"} 1 91.0 0.0 407 91 244.85714285714286 14
stats: {sentpackets,"tsung_controller@ip-172-31-17-70"} 1 91.0 0.0 487 91 306.07142857142856 14
stats: {cpu,"tsung_controller@ip-172-31-17-70"} 1 0.3 0.0 2.4024024024024024 0.3 1.2686849490037206 15
stats: session 2 150805.6255 363.39749999999185 151169.023 150442.228 0 0
stats: users_count 0 442
stats: finish_users_count 2 2
stats: request 1850 7570.934432432429 16213.26276597178 59990.755 0.471 26765.465513626827 477
stats: connect 236 1.2569745762711857 0.4797999929678396 19.095 0.714 1.5245558035714288 448
stats: page 1832 7645.322090065501 16275.25572869701 59990.755 0.472 26765.465513626827 477
stats: 302 0 30
stats: 504 81 266
stats: 200 0 167
stats: size_rcv 190466 1237491
stats: newphase 0 3
stats: 502 4 65
stats: size_sent 700740 1058112
stats: connected -50 392
stats: 400 284 290
stats: 503 1481 1481
stats: 404 0 28
# stats: dump at 1575528280
stats: users 419 442
stats: {load,"tsung_controller@ip-172-31-17-70"} 1 0.109375 0.0 0.16015625 0.0390625 0.08154296875 16
stats: {freemem,"tsung_controller@ip-172-31-17-70"} 1 3474.8125 0.0 3521.484375 3474.8125 3507.1279296875 16
stats: {recvpackets,"tsung_controller@ip-172-31-17-70"} 1 3765.0 0.0 3765 91 234.6 15
stats: {sentpackets,"tsung_controller@ip-172-31-17-70"} 1 4621.0 0.0 4621 91 291.73333333333335 15
stats: {cpu,"tsung_controller@ip-172-31-17-70"} 1 7.474747474747474 0.0 7.474747474747474 0.3 1.2081421396909882 16
stats: session 21 109416.77280952378 36008.279125565125 164411.299 48730.301 150805.6255 2
stats: users_count 0 442
stats: finish_users_count 21 23
stats: request 1027 1694.9282210321308 9936.657764218597 60962.537 0.445 11505.524602492476 2327
stats: connect 151 2.019960264900661 4.41915270695953 41.924 0.714 1.4322324561403508 684
stats: page 933 1865.7006623794234 10409.91551371001 60962.537 0.472 11595.217461671717 2309
stats: 302 0 30
stats: 504 8 274
stats: 408 18 18
stats: 200 0 167
stats: size_rcv 108972 1346463
stats: newphase 0 3
stats: 502 3 68
stats: size_sent 481485 1539597
stats: connected 10 402
stats: 400 102 392
stats: 503 896 2377
stats: 404 0 28
# stats: dump at 1575528290
stats: users 352 442
stats: {load,"tsung_controller@ip-172-31-17-70"} 1 0.1015625 0.0 0.16015625 0.0390625 0.08318014705882353 17
stats: {freemem,"tsung_controller@ip-172-31-17-70"} 1 3470.79296875 0.0 3521.484375 3470.79296875 3505.2270220588234 17
stats: {recvpackets,"tsung_controller@ip-172-31-17-70"} 1 1767.0 0.0 3765 91 455.25 16
stats: {sentpackets,"tsung_controller@ip-172-31-17-70"} 1 2743.0 0.0 4621 91 562.3125 16
stats: {cpu,"tsung_controller@ip-172-31-17-70"} 1 5.0761421319796955 0.0 7.474747474747474 0.3 1.576765982929605 17
stats: session 67 92010.05720895517 32837.64257885346 174334.515 48730.301 113015.80347826084 23
stats: users_count 0 442
stats: finish_users_count 67 90
stats: request 990 0.9522727272727269 0.5017407801527793 60962.537 0.428 8501.50478026237 3354
stats: connect 33 1.3944242424242423 0.27241557272077843 41.924 0.714 1.5385161676646704 835
stats: page 721 1.3440499306518732 0.8255280462018695 60962.537 0.472 8795.20537847008 3242
stats: 302 0 30
stats: 504 0 274
stats: 408 0 18
stats: 200 0 167
stats: size_rcv 108990 1455453
stats: newphase 0 3
stats: 502 0 68
stats: size_sent 468131 2007728
stats: connected -54 348
stats: 400 20 412
stats: 503 970 3347
stats: 404 0 28
# stats: dump at 1575528300
stats: users 294 442
stats: {load,"tsung_controller@ip-172-31-17-70"} 1 0.078125 0.0 0.16015625 0.0390625 0.0842013888888889 18
stats: {freemem,"tsung_controller@ip-172-31-17-70"} 1 3472.61328125 0.0 3521.484375 3470.79296875 3503.314019097222 18
stats: {recvpackets,"tsung_controller@ip-172-31-17-70"} 1 1140.0 0.0 3765 91 532.4117647058823 17
stats: {sentpackets,"tsung_controller@ip-172-31-17-70"} 1 2090.0 0.0 4621 91 690.5882352941177 17
stats: {cpu,"tsung_controller@ip-172-31-17-70"} 1 1.0214504596527068 0.0 7.474747474747474 0.3 1.7711757689879433 18
stats: session 58 95987.27696551726 26070.61314837758 174334.515 48730.301 97378.19236666664 90
stats: users_count 0 442
stats: finish_users_count 58 148
stats: request 444 1.1737117117117117 1.1930086796342494 60962.537 0.428 6564.224167357272 4344
stats: connect 4 7.238 9.790868705074132 41.924 0.714 1.5330380184331796 868
stats: page 300 1.7707166666666676 1.5033970188838632 60962.537 0.472 7195.312868281605 3963
stats: 302 0 30
stats: 504 0 274
stats: 408 0 18
stats: 200 0 167
stats: size_rcv 49284 1504737
stats: newphase 0 3
stats: 502 0 68
stats: size_sent 238161 2245889
stats: connected -54 294
stats: 400 0 412
stats: 503 444 3791
stats: 404 0 28
# stats: dump at 1575528310
stats: users 255 442
stats: {load,"tsung_controller@ip-172-31-17-70"} 1 0.0703125 0.0 0.16015625 0.0390625 0.08388157894736842 19
stats: {freemem,"tsung_controller@ip-172-31-17-70"} 1 3471.5390625 0.0 3521.484375 3470.79296875 3501.6981907894738 19
stats: {recvpackets,"tsung_controller@ip-172-31-17-70"} 1 677.0 0.0 3765 91 566.1666666666666 18
stats: {sentpackets,"tsung_controller@ip-172-31-17-70"} 1 1239.0 0.0 4621 91 768.3333333333334 18
stats: {cpu,"tsung_controller@ip-172-31-17-70"} 1 3.118712273641851 0.0 7.474747474747474 0.3 1.7317165421808254 19
stats: session 39 107115.31264102568 27717.022262516173 177360.728 48730.301 96833.10389864864 148
stats: users_count 0 442
stats: finish_users_count 39 187
stats: request 356 213.68531179775292 1995.8514399241103 60962.537 0.428 5955.620491019212 4788
stats: connect 0 0 0 41.924 0.714 1.5592075688073392 872
stats: page 228 244.4341447368422 2101.1416889689476 60962.537 0.472 6689.081893502228 4263
stats: 302 0 30
stats: 504 0 274
stats: 408 0 18
stats: 200 0 167
stats: size_rcv 40328 1545065
stats: newphase 0 3
stats: 502 4 72
stats: size_sent 169910 2415799
stats: connected -39 255
stats: 400 0 412
stats: 503 352 4143
stats: 404 0 28
# stats: dump at 1575528320
stats: users 221 442
stats: {load,"tsung_controller@ip-172-31-17-70"} 1 0.05859375 0.0 0.16015625 0.0390625 0.083203125 20
stats: {freemem,"tsung_controller@ip-172-31-17-70"} 1 3471.18359375 0.0 3521.484375 3470.79296875 3500.190234375 20
stats: {recvpackets,"tsung_controller@ip-172-31-17-70"} 1 424.0 0.0 3765 91 572.0 19
stats: {sentpackets,"tsung_controller@ip-172-31-17-70"} 1 802.0 0.0 4621 91 793.1052631578947 19
stats: {cpu,"tsung_controller@ip-172-31-17-70"} 1 1.105527638190955 0.0 7.474747474747474 0.3 1.8010663287538768 20
stats: session 34 109290.45370588236 21218.856635348424 177360.728 48730.301 98977.52176470589 187
stats: users_count 0 442
stats: finish_users_count 34 221
stats: request 218 947.9324311926604 4877.721339749229 60962.537 0.428 5558.239284992222 5144
stats: connect 0 0 0 41.924 0.714 1.5592075688073392 872
stats: page 143 856.4068391608386 4504.157398897055 60962.537 0.472 6361.898707860165 4491
stats: 302 0 30
stats: 504 0 274
stats: 408 0 18
stats: 200 0 167
stats: size_rcv 25822 1570887
stats: newphase 0 3
stats: 502 8 80
stats: size_sent 96700 2512499
stats: connected -34 221
stats: 400 0 412
stats: 503 210 4353
stats: 404 0 28
# stats: dump at 1575528330
stats: users 198 442
stats: {load,"tsung_controller@ip-172-31-17-70"} 1 0.05078125 0.0 0.16015625 0.0390625 0.08203125 21
stats: {freemem,"tsung_controller@ip-172-31-17-70"} 1 3470.46875 0.0 3521.484375 3470.46875 3498.8089657738096 21
stats: {recvpackets,"tsung_controller@ip-172-31-17-70"} 1 339.0 0.0 3765 91 564.6 20
stats: {sentpackets,"tsung_controller@ip-172-31-17-70"} 1 628.0 0.0 4621 91 793.55 20
stats: {cpu,"tsung_controller@ip-172-31-17-70"} 1 2.8028028028028027 0.0 7.474747474747474 0.3 1.7679454387270712 21
stats: session 23 118815.89369565218 18966.732311639007 177360.728 48730.301 100564.12667873302 221
stats: users_count 0 442
stats: finish_users_count 23 244
stats: request 146 1932.4462808219191 8044.618836135262 60962.537 0.428 5370.800475941811 5362
stats: connect 0 0 0 41.924 0.714 1.5592075688073392 872
stats: page 90 1626.133944444445 7544.900603464432 60962.537 0.472 6192.005454251186 4634
stats: 302 0 30
stats: 504 0 274
stats: 408 0 18
stats: 200 0 167
stats: size_rcv 17830 1588717
stats: newphase 0 3
stats: 502 8 88
stats: size_sent 63347 2575846
stats: connected -25 196
stats: 400 0 412
stats: 503 138 4491
stats: 404 0 28
# stats: dump at 1575528340
stats: users 192 442
stats: {load,"tsung_controller@ip-172-31-17-70"} 1 0.0390625 0.0 0.16015625 0.0390625 0.08061079545454546 22
stats: {freemem,"tsung_controller@ip-172-31-17-70"} 1 3470.46875 0.0 3521.484375 3470.46875 3497.5207741477275 22
stats: {recvpackets,"tsung_controller@ip-172-31-17-70"} 1 169.0 0.0 3765 91 553.8571428571429 21
stats: {sentpackets,"tsung_controller@ip-172-31-17-70"} 1 315.0 0.0 4621 91 785.6666666666666 21
stats: {cpu,"tsung_controller@ip-172-31-17-70"} 1 1.7999999999999998 0.0 7.474747474747474 0.3 1.8149844098214225 22
stats: session 6 134414.36066666667 27681.87616846977 178609.412 48730.301 102284.58012704918 244
stats: users_count 0 442
stats: finish_users_count 6 250
stats: request 39 8063.42923076923 17271.39932133172 60962.537 0.428 5279.660368373274 5508
stats: connect 1 1.623 0.0 41.924 0.714 1.5592075688073392 872
stats: page 25 7092.6482 16275.634085533442 60962.537 0.472 6105.018063082133 4724
stats: 302 0 30
stats: 504 0 274
stats: 408 0 18
stats: 200 0 167
stats: size_rcv 5750 1594467
stats: newphase 0 3
stats: 502 7 95
stats: size_sent 21907 2597753
stats: connected -5 191
stats: 400 0 412
stats: 503 32 4523
stats: 404 0 28
# stats: dump at 1575528350
stats: users 191 442
stats: {load,"tsung_controller@ip-172-31-17-70"} 1 0.03125 0.0 0.16015625 0.03125 0.07880434782608696 23
stats: {freemem,"tsung_controller@ip-172-31-17-70"} 1 3470.4453125 0.0 3521.484375 3470.4453125 3496.3445991847825 23
stats: {recvpackets,"tsung_controller@ip-172-31-17-70"} 1 154.0 0.0 3765 91 536.3636363636364 22
stats: {sentpackets,"tsung_controller@ip-172-31-17-70"} 1 276.0 0.0 4621 91 764.2727272727273 22
stats: {cpu,"tsung_controller@ip-172-31-17-70"} 1 0.7014028056112225 0.0 7.474747474747474 0.3 1.8143329137422302 23
stats: session 1 227714.239 0.0 227714.239 48730.301 103055.69486 250
stats: users_count 0 442
stats: finish_users_count 1 251
stats: request 9 53898.904888888894 2461.2797401322846 60962.537 0.428 5299.232566973137 5547
stats: connect 1 1.743 0.0 41.924 0.714 1.5592806414662084 873
stats: page 6 54426.43350000001 2490.2469953325062 60962.537 0.472 6110.217210991787 4749
stats: 302 0 30
stats: 504 0 274
stats: 408 0 18
stats: 200 0 167
stats: size_rcv 2826 1597293
stats: newphase 0 3
stats: 502 9 104
stats: size_sent 6802 2604555
stats: connected -2 189
stats: 400 0 412
stats: 503 0 4523
stats: 404 0 28
# stats: dump at 1575528360
stats: users 190 442
stats: {load,"tsung_controller@ip-172-31-17-70"} 1 0.03125 0.0 0.16015625 0.03125 0.07682291666666667 24
stats: {freemem,"tsung_controller@ip-172-31-17-70"} 1 3470.34375 0.0 3521.484375 3470.34375 3495.2654622395835 24
stats: {recvpackets,"tsung_controller@ip-172-31-17-70"} 1 141.0 0.0 3765 91 519.7391304347826 23
stats: {sentpackets,"tsung_controller@ip-172-31-17-70"} 1 231.0 0.0 4621 91 743.0434782608696 23
stats: {cpu,"tsung_controller@ip-172-31-17-70"} 1 2.2022022022022023 0.0 7.474747474747474 0.3 1.7679608259034383 24
stats: session 1 196305.738 0.0 227714.239 48730.301 103552.34244621515 251
stats: users_count 0 442
stats: finish_users_count 1 252
stats: request 74 60460.94231081082 288.82211313474363 60997.28 0.428 5377.957738120949 5556
stats: connect 44 1.7886590909090911 1.2940589937230593 41.924 0.714 1.5594908466819222 874
stats: page 66 60454.4281666667 294.9651124653766 60997.28 0.472 6171.184045425867 4755
stats: 302 0 30
stats: 504 0 274
stats: 408 72 90
stats: 200 0 167
stats: size_rcv 5596 1602889
stats: newphase 0 3
stats: 502 2 106
stats: size_sent 21098 2625653
stats: connected -29 160
stats: error_connection_closed 8 8
stats: 400 0 412
stats: 503 0 4523
stats: 404 0 28
# stats: dump at 1575528370
stats: users 190 442
stats: {load,"tsung_controller@ip-172-31-17-70"} 1 0.01953125 0.0 0.16015625 0.01953125 0.075 25
stats: {freemem,"tsung_controller@ip-172-31-17-70"} 1 3469.87890625 0.0 3521.484375 3469.87890625 3494.26859375 25
stats: {recvpackets,"tsung_controller@ip-172-31-17-70"} 1 407.0 0.0 3765 91 503.9583333333333 24
stats: {sentpackets,"tsung_controller@ip-172-31-17-70"} 1 376.0 0.0 4621 91 721.7083333333334 24
stats: {cpu,"tsung_controller@ip-172-31-17-70"} 1 0.8964143426294822 0.0 7.474747474747474 0.3 1.7853304809553887 25
stats: session 0 0 0 227714.239 48730.301 103920.41147619048 252
stats: users_count 0 442
stats: finish_users_count 0 252
stats: request 46 60476.78091304348 321.31050460086203 60999.817 0.428 6101.961442984013 5630
stats: connect 49 1.851489795918367 1.3716003333280702 41.924 0.714 1.570474945533769 918
stats: page 46 60476.78091304348 321.31050460086203 60999.817 0.472 6914.327399917031 4821
stats: 302 0 30
stats: 504 0 274
stats: 408 46 136
stats: 200 0 167
stats: size_rcv 3174 1606063
stats: newphase 0 3
stats: 502 0 106
stats: size_sent 23335 2648988
stats: connected 3 163
stats: error_connection_closed 0 8
stats: 400 0 412
stats: 503 0 4523
stats: 404 0 28
# stats: dump at 1575528380
stats: users 190 442
stats: {load,"tsung_controller@ip-172-31-17-70"} 1 0.01953125 0.0 0.16015625 0.01953125 0.07286658653846154 26
stats: {freemem,"tsung_controller@ip-172-31-17-70"} 1 3469.46484375 0.0 3521.484375 3469.46484375 3493.330528846154 26
stats: {recvpackets,"tsung_controller@ip-172-31-17-70"} 1 414.0 0.0 3765 91 500.08 25
stats: {sentpackets,"tsung_controller@ip-172-31-17-70"} 1 619.0 0.0 4621 91 707.88 25
stats: {cpu,"tsung_controller@ip-172-31-17-70"} 1 4.408817635270541 0.0 7.474747474747474 0.3 1.7511413987120847 26
stats: session 0 0 0 227714.239 48730.301 103920.41147619048 252
stats: users_count 0 442
stats: finish_users_count 0 252
stats: request 18 60500.40944444445 317.0814851981565 60999.817 0.428 6542.631227272726 5676
stats: connect 32 1.5182499999999999 0.2935957041579457 41.924 0.714 1.5847145811789036 967
stats: page 17 64880.19782352941 9594.195777690871 89513.949 0.472 7420.567971440312 4867
stats: 302 0 30
stats: 504 0 274
stats: 408 18 154
stats: 200 0 167
stats: size_rcv 1242 1607305
stats: newphase 0 3
stats: 502 0 106
stats: size_sent 15246 2664234
stats: connected 14 177
stats: error_connection_closed 1 9
stats: 400 0 412
stats: 503 0 4523
stats: 404 0 28
