# stats: dump at 1575571049
stats: users 12 12
stats: {freemem,"tsung_controller@ip-172-31-30-247"} 1 3518.578125 0 3518.578125 3518.578125 0 0
stats: {load,"tsung_controller@ip-172-31-30-247"} 1 0.0 0 0.0 0.0 0 0
stats: {cpu,"tsung_controller@ip-172-31-30-247"} 1 2.8857959411078897 0 2.8857959411078897 2.8857959411078897 0 0
stats: users_count 12 12
stats: finish_users_count 0 0
stats: request 33 47.88148484848486 94.58861135564453 336.678 4.387 0 0
stats: connect 12 3.075333333333333 5.758697672988998 22.163 1.022 0 0
stats: page 33 47.88148484848486 94.58861135564453 336.678 4.387 0 0
stats: 302 4 4
stats: 200 27 27
stats: size_rcv 168902 168902
stats: size_sent 21517 21517
stats: connected 12 12
stats: 404 2 2
# stats: dump at 1575571059
stats: users 23 23
stats: {freemem,"tsung_controller@ip-172-31-30-247"} 1 3518.0703125 0.0 3518.578125 3518.0703125 3518.578125 1
stats: {load,"tsung_controller@ip-172-31-30-247"} 1 0.0 0.0 0.0 0.0 0.0 1
stats: {recvpackets,"tsung_controller@ip-172-31-30-247"} 1 229 0 229 229 0 0
stats: {sentpackets,"tsung_controller@ip-172-31-30-247"} 1 226 0 226 226 0 0
stats: {cpu,"tsung_controller@ip-172-31-30-247"} 1 0.7000000000000001 0.0 2.8857959411078897 0.7000000000000001 2.8857959411078897 1
stats: users_count 11 23
stats: finish_users_count 0 0
stats: request 50 53.84941999999999 100.97133654737665 336.678 3.642 47.88148484848486 33
stats: connect 11 1.3910000000000002 0.20607059690574708 22.163 1.022 3.075333333333333 12
stats: page 50 53.84941999999999 100.97133654737665 336.678 3.642 47.88148484848486 33
stats: 302 9 13
stats: 200 30 57
stats: size_rcv 211139 380041
stats: size_sent 47020 68537
stats: connected 11 23
stats: 404 11 13
# stats: dump at 1575571069
stats: users 30 30
stats: {freemem,"tsung_controller@ip-172-31-30-247"} 1 3514.80859375 0.0 3518.578125 3514.80859375 3518.32421875 2
stats: {load,"tsung_controller@ip-172-31-30-247"} 1 0.0 0.0 0.0 0.0 0.0 2
stats: {recvpackets,"tsung_controller@ip-172-31-30-247"} 1 259.0 0.0 259 229 229.0 1
stats: {sentpackets,"tsung_controller@ip-172-31-30-247"} 1 250.0 0.0 250 226 226.0 1
stats: {cpu,"tsung_controller@ip-172-31-30-247"} 1 0.20020020020020018 0.0 2.8857959411078897 0.20020020020020018 1.792897970553945 2
stats: users_count 7 30
stats: finish_users_count 0 0
stats: request 59 1155.9868305084744 2150.0506852362387 5287.726 0.783 51.47662650602409 83
stats: connect 13 1.5299230769230772 0.31170658331649054 22.163 1.022 2.2697826086956523 23
stats: page 59 1155.9868305084744 2150.0506852362387 5287.726 0.783 51.47662650602409 83
stats: 302 0 13
stats: 200 32 89
stats: size_rcv 225709 605750
stats: size_sent 44461 112998
stats: connected 5 28
stats: 400 8 8
stats: 404 0 13
stats: 500 19 19
# stats: dump at 1575571079
stats: users 44 44
stats: {freemem,"tsung_controller@ip-172-31-30-247"} 1 3512.51953125 0.0 3518.578125 3512.51953125 3517.15234375 3
stats: {load,"tsung_controller@ip-172-31-30-247"} 1 0.0 0.0 0.0 0.0 0.0 3
stats: {recvpackets,"tsung_controller@ip-172-31-30-247"} 1 292.0 0.0 292 229 244.0 2
stats: {sentpackets,"tsung_controller@ip-172-31-30-247"} 1 267.0 0.0 267 226 238.0 2
stats: {cpu,"tsung_controller@ip-172-31-30-247"} 1 0.4016064257028112 0.0 2.8857959411078897 0.20020020020020018 1.2619987137693633 3
stats: users_count 14 44
stats: finish_users_count 0 0
stats: request 74 777.2559324324321 1843.8889379569791 5287.726 0.743 510.39283802816897 142
stats: connect 22 1.309772727272727 0.21203986156513588 22.163 0.993 2.0026111111111113 36
stats: page 74 777.2559324324321 1843.8889379569791 5287.726 0.743 510.39283802816897 142
stats: 302 0 13
stats: 200 33 122
stats: size_rcv 254587 860337
stats: newphase 1 1
stats: size_sent 51294 164292
stats: connected 13 41
stats: 400 9 17
stats: 404 0 13
stats: 500 32 51
# stats: dump at 1575571089
stats: users 66 66
stats: {freemem,"tsung_controller@ip-172-31-30-247"} 1 3510.234375 0.0 3518.578125 3510.234375 3515.994140625 4
stats: {load,"tsung_controller@ip-172-31-30-247"} 1 0.0 0.0 0.0 0.0 0.0 4
stats: {recvpackets,"tsung_controller@ip-172-31-30-247"} 1 340.0 0.0 340 229 260.0 3
stats: {sentpackets,"tsung_controller@ip-172-31-30-247"} 1 325.0 0.0 325 226 247.66666666666666 3
stats: {cpu,"tsung_controller@ip-172-31-30-247"} 1 0.5005005005005005 0.0 2.8857959411078897 0.20020020020020018 1.0469006417527253 4
stats: session 1 30392.679 0 30392.679 30392.679 0 0
stats: users_count 23 67
stats: finish_users_count 1 1
stats: request 160 953.872431250001 4329.385063545814 38024.957 0.721 601.8181574074073 216
stats: connect 30 1.454733333333333 0.3714993883649817 22.163 0.922 1.7398103448275863 58
stats: page 144 1059.836652777779 4551.256812497842 38024.957 0.721 601.8181574074073 216
stats: 302 7 20
stats: 200 62 184
stats: size_rcv 506805 1367142
stats: newphase 0 1
stats: 422 1 1
stats: size_sent 121028 285320
stats: connected 21 62
stats: 400 24 41
stats: 404 6 19
stats: 500 60 111
# stats: dump at 1575571099
stats: users 74 75
stats: {freemem,"tsung_controller@ip-172-31-30-247"} 1 3506.8671875 0.0 3518.578125 3506.8671875 3514.8421875 5
stats: {load,"tsung_controller@ip-172-31-30-247"} 1 0.0 0.0 0.0 0.0 0.0 5
stats: {recvpackets,"tsung_controller@ip-172-31-30-247"} 1 715.0 0.0 715 229 280.0 4
stats: {sentpackets,"tsung_controller@ip-172-31-30-247"} 1 695.0 0.0 695 226 267.0 4
stats: {cpu,"tsung_controller@ip-172-31-30-247"} 1 0.5030181086519114 0.0 2.8857959411078897 0.20020020020020018 0.9376206135022803 5
stats: session 6 34601.2 3546.4117255180636 41318.237 30392.679 30392.679 1
stats: users_count 14 81
stats: finish_users_count 6 7
stats: request 164 2205.5132804878062 7855.420659836004 42818.568 0.682 751.6284867021279 376
stats: connect 26 1.3980000000000001 0.45591429693950825 22.163 0.922 1.6426249999999998 88
stats: page 151 2395.369364238409 8158.785850038307 42818.568 0.682 785.025555555556 360
stats: 302 13 33
stats: 200 49 233
stats: size_rcv 460073 1827215
stats: newphase 0 1
stats: 422 5 6
stats: size_sent 131295 416615
stats: connected 13 75
stats: 400 21 62
stats: 404 12 31
stats: 500 64 175
# stats: dump at 1575571109
stats: users 105 105
stats: {freemem,"tsung_controller@ip-172-31-30-247"} 1 3505.546875 0.0 3518.578125 3505.546875 3513.5130208333335 6
stats: {load,"tsung_controller@ip-172-31-30-247"} 1 0.0 0.0 0.0 0.0 0.0 6
stats: {recvpackets,"tsung_controller@ip-172-31-30-247"} 1 623.0 0.0 715 229 367.0 5
stats: {sentpackets,"tsung_controller@ip-172-31-30-247"} 1 622.0 0.0 695 226 352.6 5
stats: {cpu,"tsung_controller@ip-172-31-30-247"} 1 0.9009009009009009 0.0 2.8857959411078897 0.20020020020020018 0.8651868626938856 6
stats: session 7 40677.43371428571 11870.770613966928 63874.794 26713.23 33999.98271428571 7
stats: users_count 38 119
stats: finish_users_count 7 14
stats: request 238 1155.3342478991606 4352.043424986468 44393.961 0.682 1193.1786833333338 540
stats: connect 45 1.5651333333333333 1.0271375673307943 22.163 0.922 1.5868333333333333 114
stats: page 211 1303.0365639810423 4601.421198929377 44393.961 0.682 1260.8805753424656 511
stats: 302 1 34
stats: 200 95 328
stats: size_rcv 760443 2587658
stats: newphase 1 2
stats: 422 8 14
stats: size_sent 175867 592482
stats: connected 25 100
stats: 400 39 101
stats: 404 3 34
stats: 500 93 268
# stats: dump at 1575571119
stats: users 151 151
stats: {freemem,"tsung_controller@ip-172-31-30-247"} 1 3498.265625 0.0 3518.578125 3498.265625 3512.375 7
stats: {load,"tsung_controller@ip-172-31-30-247"} 1 0.0 0.0 0.0 0.0 0.0 7
stats: {recvpackets,"tsung_controller@ip-172-31-30-247"} 1 1039.0 0.0 1039 229 409.6666666666667 6
stats: {sentpackets,"tsung_controller@ip-172-31-30-247"} 1 987.0 0.0 987 226 397.5 6
stats: {cpu,"tsung_controller@ip-172-31-30-247"} 1 0.7035175879396985 0.0 2.8857959411078897 0.20020020020020018 0.8702888681520305 7
stats: session 5 44477.625 11095.706527262138 63874.794 26713.23 37338.70821428571 14
stats: users_count 51 170
stats: finish_users_count 5 19
stats: request 334 976.0031796407185 1969.252440604858 44393.961 0.59 1181.6015938303347 778
stats: connect 77 1.4498441558441553 1.049802888919024 22.163 0.849 1.580691823899371 159
stats: page 317 1028.4710378548887 2008.2341851308688 44393.961 0.59 1273.200400277008 722
stats: 302 0 34
stats: 200 150 478
stats: size_rcv 1146199 3733857
stats: newphase 0 2
stats: 422 5 19
stats: size_sent 233362 825844
stats: connected 42 142
stats: 400 47 148
stats: 404 0 34
stats: 500 131 399
# stats: dump at 1575571129
stats: users 168 168
stats: {freemem,"tsung_controller@ip-172-31-30-247"} 1 3491.73828125 0.0 3518.578125 3491.73828125 3510.611328125 8
stats: {load,"tsung_controller@ip-172-31-30-247"} 1 0.0 0.0 0.0 0.0 0.0 8
stats: {recvpackets,"tsung_controller@ip-172-31-30-247"} 1 1554.0 0.0 1554 229 499.57142857142856 7
stats: {sentpackets,"tsung_controller@ip-172-31-30-247"} 1 1443.0 0.0 1443 226 481.7142857142857 7
stats: {cpu,"tsung_controller@ip-172-31-30-247"} 1 1.3091641490433032 0.0 2.8857959411078897 0.20020020020020018 0.849442458125489 8
stats: session 9 49089.3618888889 16323.261714562432 72772.886 21787.558 39217.37052631578 19
stats: users_count 26 196
stats: finish_users_count 9 28
stats: request 384 900.948369791667 1948.108154195875 44393.961 0.59 1119.8481133093528 1112
stats: connect 77 1.267545454545455 0.5147676451112336 22.163 0.849 1.5379999999999998 236
stats: page 355 974.1755070422535 2008.5854031010854 44393.961 0.59 1198.533212704523 1039
stats: 302 0 34
stats: 200 97 575
stats: size_rcv 969018 4702875
stats: newphase 0 2
stats: 422 9 28
stats: size_sent 279563 1105407
stats: connected 19 161
stats: 400 78 226
stats: 404 0 34
stats: 500 200 599
# stats: dump at 1575571139
stats: users 223 223
stats: {freemem,"tsung_controller@ip-172-31-30-247"} 1 3486.59375 0.0 3518.578125 3486.59375 3508.5143229166665 9
stats: {load,"tsung_controller@ip-172-31-30-247"} 1 0.0 0.0 0.0 0.0 0.0 9
stats: {recvpackets,"tsung_controller@ip-172-31-30-247"} 1 1555.0 0.0 1555 229 631.375 8
stats: {sentpackets,"tsung_controller@ip-172-31-30-247"} 1 1448.0 0.0 1448 226 601.875 8
stats: {cpu,"tsung_controller@ip-172-31-30-247"} 1 1.306532663316583 0.0 2.8857959411078897 0.20020020020020018 0.9005226460052462 9
stats: session 15 39203.188 11292.810600029397 72772.886 21787.558 42390.51060714286 28
stats: users_count 70 266
stats: finish_users_count 15 43
stats: request 513 581.6185984405466 1549.0004441454512 44393.961 0.525 1063.6599438502678 1496
stats: connect 108 1.239657407407408 0.5009539818082841 22.163 0.844 1.4714664536741213 313
stats: page 453 658.5877439293604 1634.6624935316206 44393.961 0.525 1141.3976420373024 1394
stats: 302 0 34
stats: 200 168 743
stats: size_rcv 1471200 6174075
stats: newphase 1 3
stats: 422 14 42
stats: size_sent 373280 1478687
stats: connected 56 217
stats: 400 98 324
stats: 404 0 34
stats: 500 233 832
# stats: dump at 1575571149
stats: users 271 271
stats: {freemem,"tsung_controller@ip-172-31-30-247"} 1 3480.99609375 0.0 3518.578125 3480.99609375 3506.322265625 10
stats: {load,"tsung_controller@ip-172-31-30-247"} 1 0.0703125 0.0 0.0703125 0.0 0.0 10
stats: {recvpackets,"tsung_controller@ip-172-31-30-247"} 1 2272.0 0.0 2272 229 734.0 9
stats: {sentpackets,"tsung_controller@ip-172-31-30-247"} 1 2134.0 0.0 2134 226 695.8888888888889 9
stats: {cpu,"tsung_controller@ip-172-31-30-247"} 1 1.3157894736842104 0.0 2.8857959411078897 0.20020020020020018 0.9411236477363799 10
stats: session 18 47797.33505555555 17054.678668457578 96722.477 21787.558 41278.65388372093 43
stats: users_count 66 332
stats: finish_users_count 18 61
stats: request 609 1066.8207963875216 3775.91709590002 59825.53 0.525 940.5702424091594 2009
stats: connect 107 1.4543084112149538 0.8176083472882476 22.163 0.757 1.412 421
stats: page 538 1199.258672862455 4001.1870885649787 59825.53 0.525 1022.9824369247427 1847
stats: 302 1 35
stats: 504 2 2
stats: 200 198 941
stats: size_rcv 1711490 7885565
stats: newphase 0 3
stats: 422 19 61
stats: size_sent 451482 1930169
stats: connected 45 262
stats: 400 114 438
stats: 404 1 35
stats: 500 274 1106
# stats: dump at 1575571159
stats: users 326 329
stats: {freemem,"tsung_controller@ip-172-31-30-247"} 1 3463.19140625 0.0 3518.578125 3463.19140625 3504.0198863636365 11
stats: {load,"tsung_controller@ip-172-31-30-247"} 1 0.21875 0.0 0.21875 0.0 0.006392045454545455 11
stats: {recvpackets,"tsung_controller@ip-172-31-30-247"} 1 2558.0 0.0 2558 229 887.8 10
stats: {sentpackets,"tsung_controller@ip-172-31-30-247"} 1 2225.0 0.0 2225 226 839.7 10
stats: {cpu,"tsung_controller@ip-172-31-30-247"} 1 2.730030333670374 0.0 2.8857959411078897 0.20020020020020018 0.9751841773680009 11
stats: session 26 45883.842038461546 16473.021312713896 112334.627 21787.558 43202.19914754098 61
stats: users_count 81 413
stats: finish_users_count 26 87
stats: request 732 1753.7069972677623 6315.260225303296 59976.863 0.525 969.9386867838051 2618
stats: connect 129 1.2650930232558137 0.4600336091844072 22.163 0.757 1.4205738636363638 528
stats: page 631 2014.3199603803516 6775.469945506294 59976.863 0.525 1062.7462167714887 2385
stats: 302 22 57
stats: 504 8 10
stats: 200 219 1160
stats: size_rcv 1926586 9812151
stats: newphase 0 3
stats: 422 26 87
stats: size_sent 576159 2506328
stats: connected 51 313
stats: 400 153 591
stats: 404 21 56
stats: 500 284 1390
# stats: dump at 1575571169
stats: users 312 333
stats: {freemem,"tsung_controller@ip-172-31-30-247"} 1 3459.04296875 0.0 3518.578125 3459.04296875 3500.6175130208335 12
stats: {load,"tsung_controller@ip-172-31-30-247"} 1 0.19140625 0.0 0.21875 0.0 0.024088541666666668 12
stats: {recvpackets,"tsung_controller@ip-172-31-30-247"} 1 3073.0 0.0 3073 229 1039.6363636363637 11
stats: {sentpackets,"tsung_controller@ip-172-31-30-247"} 1 2708.0 0.0 2708 226 965.6363636363636 11
stats: {cpu,"tsung_controller@ip-172-31-30-247"} 1 3.027245206861756 0.0 3.027245206861756 0.20020020020020018 1.1214213570598652 12
stats: session 23 71212.9232173913 25738.54438837957 120156.367 21787.558 44003.60966666667 87
stats: users_count 9 422
stats: finish_users_count 23 110
stats: request 590 2129.1599593220303 1933.6934532800735 59976.863 0.525 1141.197911641792 3350
stats: connect 64 1.50284375 0.9776446699010523 22.163 0.757 1.3900456621004569 657
stats: page 524 2396.8907061068685 2049.207722483618 59976.863 0.525 1261.8321027851466 3016
stats: 302 5 62
stats: 504 0 10
stats: 200 104 1264
stats: size_rcv 1329413 11141564
stats: newphase 0 3
stats: 422 23 110
stats: size_sent 470606 2976934
stats: connected -8 305
stats: 400 114 705
stats: 404 12 68
stats: 500 331 1721
# stats: dump at 1575571179
stats: users 249 333
stats: {freemem,"tsung_controller@ip-172-31-30-247"} 1 3456.7578125 0.0 3518.578125 3456.7578125 3497.419471153846 13
stats: {load,"tsung_controller@ip-172-31-30-247"} 1 0.16015625 0.0 0.21875 0.0 0.036959134615384616 13
stats: {recvpackets,"tsung_controller@ip-172-31-30-247"} 1 2338.0 0.0 3073 229 1209.0833333333335 12
stats: {sentpackets,"tsung_controller@ip-172-31-30-247"} 1 1943.0 0.0 2708 226 1110.8333333333333 12
stats: {cpu,"tsung_controller@ip-172-31-30-247"} 1 2.3976023976023977 0.0 3.027245206861756 0.20020020020020018 1.2680231916600109 13
stats: session 63 52734.35057142856 18842.778327688564 131253.853 21787.558 49692.82977272727 110
stats: users_count 0 422
stats: finish_users_count 63 173
stats: request 806 632.6850446650128 1743.182739556913 59976.863 0.525 1289.1414670050763 3940
stats: connect 43 1.7392093023255815 1.5005397255056074 22.163 0.757 1.4000582524271847 721
stats: page 607 869.0902224052728 2004.0946928230474 59976.863 0.525 1429.8464271186447 3540
stats: 302 13 75
stats: 504 0 10
stats: 200 2 1266
stats: size_rcv 1124285 12265849
stats: newphase 0 3
stats: 422 60 170
stats: size_sent 595736 3572670
stats: connected -59 246
stats: 400 241 946
stats: 404 12 80
stats: 500 478 2199
# stats: dump at 1575571189
stats: users 192 333
stats: {freemem,"tsung_controller@ip-172-31-30-247"} 1 3456.796875 0.0 3518.578125 3456.7578125 3494.515066964286 14
stats: {load,"tsung_controller@ip-172-31-30-247"} 1 0.12890625 0.0 0.21875 0.0 0.04575892857142857 14
stats: {recvpackets,"tsung_controller@ip-172-31-30-247"} 1 1783.0 0.0 3073 229 1295.923076923077 13
stats: {sentpackets,"tsung_controller@ip-172-31-30-247"} 1 1797.0 0.0 2708 226 1174.8461538461538 13
stats: {cpu,"tsung_controller@ip-172-31-30-247"} 1 1.9 0.0 3.027245206861756 0.20020020020020018 1.3487074206558956 14
stats: session 57 58170.519263157905 20265.35913205199 142526.981 21787.558 50800.43561271676 173
stats: users_count 0 422
stats: finish_users_count 57 230
stats: request 566 420.4235088339224 1379.9341494814992 59976.863 0.525 1177.657295828066 4746
stats: connect 6 1.5263333333333333 0.24918310982532954 22.163 0.757 1.4191465968586392 764
stats: page 404 589.0045915841588 1602.9451043147633 59976.863 0.525 1347.7680532915367 4147
stats: 302 0 75
stats: 504 0 10
stats: 200 0 1266
stats: size_rcv 807620 13073469
stats: newphase 0 3
stats: 422 60 230
stats: size_sent 450299 4022969
stats: connected -56 190
stats: 400 162 1108
stats: 404 2 82
stats: 500 342 2541
# stats: dump at 1575571199
stats: users 139 333
stats: {freemem,"tsung_controller@ip-172-31-30-247"} 1 3456.08203125 0.0 3518.578125 3456.08203125 3492.000520833333 15
stats: {load,"tsung_controller@ip-172-31-30-247"} 1 0.109375 0.0 0.21875 0.0 0.05130208333333333 15
stats: {recvpackets,"tsung_controller@ip-172-31-30-247"} 1 1086.0 0.0 3073 229 1330.7142857142858 14
stats: {sentpackets,"tsung_controller@ip-172-31-30-247"} 1 1257.0 0.0 2708 226 1219.2857142857142 14
stats: {cpu,"tsung_controller@ip-172-31-30-247"} 1 0.7070707070707071 0.0 3.027245206861756 0.20020020020020018 1.3854602592788359 15
stats: session 53 57229.10705660376 22487.43070826238 147661.905 21787.558 52626.93460434783 230
stats: users_count 0 422
stats: finish_users_count 53 283
stats: request 459 386.36873420479316 1327.2106019878095 59976.863 0.525 1096.9731234939761 5312
stats: connect 2 1.385 0.1120000000000001 22.163 0.757 1.4199818181818185 770
stats: page 294 603.1455408163267 1619.0104810756513 59976.863 0.525 1280.4113320149424 4551
stats: 302 0 75
stats: 504 0 10
stats: 200 0 1266
stats: size_rcv 599568 13673037
stats: newphase 0 3
stats: 422 51 281
stats: size_sent 370246 4393215
stats: connected -49 141
stats: 400 165 1273
stats: 404 0 82
stats: 500 243 2784
# stats: dump at 1575571209
stats: users 99 333
stats: {freemem,"tsung_controller@ip-172-31-30-247"} 1 3455.84765625 0.0 3518.578125 3455.84765625 3489.755615234375 16
stats: {load,"tsung_controller@ip-172-31-30-247"} 1 0.1015625 0.0 0.21875 0.0 0.054931640625 16
stats: {recvpackets,"tsung_controller@ip-172-31-30-247"} 1 851.0 0.0 3073 229 1314.4 15
stats: {sentpackets,"tsung_controller@ip-172-31-30-247"} 1 958.0 0.0 2708 226 1221.8 15
stats: {cpu,"tsung_controller@ip-172-31-30-247"} 1 0.5050505050505051 0.0 3.027245206861756 0.20020020020020018 1.3430609122658277 16
stats: session 40 60259.88297499998 16611.845144907908 147661.905 21787.558 53488.825558303884 283
stats: users_count 0 422
stats: finish_users_count 40 323
stats: request 302 601.4279668874162 1620.3312129662631 59976.863 0.525 1040.454770577023 5771
stats: connect 0 0 0 22.163 0.757 1.4198911917098447 772
stats: page 195 931.494461538461 1940.283623999306 59976.863 0.525 1239.314088957689 4845
stats: 302 0 75
stats: 504 0 10
stats: 200 0 1266
stats: size_rcv 397575 14070612
stats: newphase 0 3
stats: 422 41 322
stats: size_sent 247691 4640906
stats: connected -42 99
stats: 400 107 1380
stats: 404 0 82
stats: 500 154 2938
# stats: dump at 1575571219
stats: users 70 333
stats: {freemem,"tsung_controller@ip-172-31-30-247"} 1 3455.86328125 0.0 3518.578125 3455.84765625 3487.761029411765 17
stats: {load,"tsung_controller@ip-172-31-30-247"} 1 0.1484375 0.0 0.21875 0.0 0.05767463235294118 17
stats: {recvpackets,"tsung_controller@ip-172-31-30-247"} 1 557.0 0.0 3073 229 1285.4375 16
stats: {sentpackets,"tsung_controller@ip-172-31-30-247"} 1 599.0 0.0 2708 226 1205.3125 16
stats: {cpu,"tsung_controller@ip-172-31-30-247"} 1 0.9018036072144289 0.0 3.027245206861756 0.20020020020020018 1.2937661824296323 17
stats: session 29 73106.61106896552 22703.419115496003 147661.905 21787.558 54327.346600619196 323
stats: users_count 0 422
stats: finish_users_count 29 352
stats: request 192 1561.5193593749993 6245.886730976766 59976.863 0.525 1018.622711509962 6073
stats: connect 2 1.3900000000000001 0.23900000000000005 22.163 0.757 1.4198911917098447 772
stats: page 126 2379.482253968254 7583.390152284378 59976.863 0.525 1227.404400992064 5040
stats: 302 0 75
stats: 504 2 12
stats: 200 0 1266
stats: size_rcv 252673 14323285
stats: newphase 0 3
stats: 422 29 351
stats: size_sent 156930 4797836
stats: connected -28 71
stats: 400 66 1446
stats: 404 0 82
stats: 500 95 3033
# stats: dump at 1575571229
stats: users 51 333
stats: {freemem,"tsung_controller@ip-172-31-30-247"} 1 3455.875 0.0 3518.578125 3455.84765625 3485.9889322916665 18
stats: {load,"tsung_controller@ip-172-31-30-247"} 1 0.12890625 0.0 0.21875 0.0 0.0627170138888889 18
stats: {recvpackets,"tsung_controller@ip-172-31-30-247"} 1 415.0 0.0 3073 229 1242.5882352941176 17
stats: {sentpackets,"tsung_controller@ip-172-31-30-247"} 1 418.0 0.0 2708 226 1169.6470588235295 17
stats: {cpu,"tsung_controller@ip-172-31-30-247"} 1 0.30120481927710846 0.0 3.027245206861756 0.20020020020020018 1.2719904838065654 18
stats: session 19 91442.67210526316 30755.251499294223 169359.657 21787.558 55874.50191193182 352
stats: users_count 0 422
stats: finish_users_count 19 371
stats: request 131 2358.5294045801525 8965.161334335167 59976.863 0.525 1035.2605656823623 6265
stats: connect 1 9.431 0.0 22.163 0.757 1.4198139534883722 774
stats: page 87 3551.537942528734 10807.365774671147 59976.863 0.525 1255.5038608207517 5166
stats: 302 0 75
stats: 504 2 14
stats: 200 0 1266
stats: size_rcv 173558 14496843
stats: newphase 0 3
stats: 422 20 371
stats: size_sent 108846 4906682
stats: connected -21 50
stats: 400 44 1490
stats: 404 8 90
stats: 500 57 3090
# stats: dump at 1575571239
stats: users 33 333
stats: {freemem,"tsung_controller@ip-172-31-30-247"} 1 3455.6796875 0.0 3518.578125 3455.6796875 3484.403988486842 19
stats: {load,"tsung_controller@ip-172-31-30-247"} 1 0.109375 0.0 0.21875 0.0 0.06620065789473684 19
stats: {recvpackets,"tsung_controller@ip-172-31-30-247"} 1 268.0 0.0 3073 229 1196.611111111111 18
stats: {sentpackets,"tsung_controller@ip-172-31-30-247"} 1 258.0 0.0 2708 226 1127.888888888889 18
stats: {cpu,"tsung_controller@ip-172-31-30-247"} 1 0.30060120240480964 0.0 3.027245206861756 0.20020020020020018 1.2208965014629096 19
stats: session 18 86348.38155555556 16100.693814883483 169359.657 21787.558 57696.05240700809 371
stats: users_count 0 422
stats: finish_users_count 18 389
stats: request 103 3594.6235242718453 12772.2836198901 59994.821 0.525 1062.3631638524078 6396
stats: connect 0 0 0 22.163 0.757 1.4301509677419357 775
stats: page 70 5289.594842857143 15201.232682658474 59994.821 0.525 1293.5306959832483 5253
stats: 302 0 75
stats: 504 5 19
stats: 200 0 1266
stats: size_rcv 133451 14630294
stats: newphase 0 3
stats: 422 18 389
stats: size_sent 86084 4992766
stats: connected -18 32
stats: 400 33 1523
stats: 404 12 102
stats: 500 35 3125
# stats: dump at 1575571249
stats: users 31 333
stats: {freemem,"tsung_controller@ip-172-31-30-247"} 1 3455.69140625 0.0 3518.578125 3455.6796875 3482.9677734375 20
stats: {load,"tsung_controller@ip-172-31-30-247"} 1 0.08984375 0.0 0.21875 0.0 0.068359375 20
stats: {recvpackets,"tsung_controller@ip-172-31-30-247"} 1 229.0 0.0 3073 229 1147.7368421052631 19
stats: {sentpackets,"tsung_controller@ip-172-31-30-247"} 1 228.0 0.0 2708 226 1082.1052631578948 19
stats: {cpu,"tsung_controller@ip-172-31-30-247"} 1 0.1004016064257028 0.0 3.027245206861756 0.1004016064257028 1.1748817365100046 20
stats: session 2 97082.25349999999 3284.079499999996 169359.657 21787.558 59021.86712339332 389
stats: users_count 0 422
stats: finish_users_count 2 391
stats: request 35 1576.4071999999996 2321.677692877666 59994.821 0.525 1102.4959253731345 6499
stats: connect 2 2.121 0.8759999999999999 22.163 0.757 1.4301509677419357 775
stats: page 21 2626.7090476190474 2496.7982516607044 59994.821 0.525 1346.0808538418191 5323
stats: 302 0 75
stats: 504 0 19
stats: 200 0 1266
stats: size_rcv 43251 14673545
stats: newphase 0 3
stats: 422 2 391
stats: size_sent 32043 5024809
stats: connected -2 30
stats: 400 14 1537
stats: 404 0 102
stats: 500 19 3144
# stats: dump at 1575571259
stats: users 25 333
stats: {freemem,"tsung_controller@ip-172-31-30-247"} 1 3455.73828125 0.0 3518.578125 3455.6796875 3481.668898809524 21
stats: {load,"tsung_controller@ip-172-31-30-247"} 1 0.078125 0.0 0.21875 0.0 0.06938244047619048 21
stats: {recvpackets,"tsung_controller@ip-172-31-30-247"} 1 80.0 0.0 3073 80 1101.8 20
stats: {sentpackets,"tsung_controller@ip-172-31-30-247"} 1 77.0 0.0 2708 77 1039.4 20
stats: {cpu,"tsung_controller@ip-172-31-30-247"} 1 0.10010010010010009 0.0 3.027245206861756 0.10010010010010009 1.1237160160297996 21
stats: session 6 115573.866 32041.36913036004 185244.306 21787.558 59216.54940664962 391
stats: users_count 0 422
stats: finish_users_count 6 397
stats: request 43 1400.3568139534889 2243.2848056720386 59994.821 0.525 1105.034476737068 6534
stats: connect 1 1.512 0.0 22.163 0.757 1.431929214929215 777
stats: page 29 2076.7490689655174 2463.5240592928985 59994.821 0.525 1351.1132625374257 5344
stats: 302 0 75
stats: 504 0 19
stats: 200 0 1266
stats: size_rcv 58655 14732200
stats: newphase 0 3
stats: 422 6 397
stats: size_sent 34222 5059031
stats: connected -5 25
stats: 400 14 1551
stats: 404 0 102
stats: 500 23 3167
# stats: dump at 1575571269
stats: users 22 333
stats: {freemem,"tsung_controller@ip-172-31-30-247"} 1 3455.76953125 0.0 3518.578125 3455.6796875 3480.490234375 22
stats: {load,"tsung_controller@ip-172-31-30-247"} 1 0.0703125 0.0 0.21875 0.0 0.06977982954545454 22
stats: {recvpackets,"tsung_controller@ip-172-31-30-247"} 1 95.0 0.0 3073 80 1053.142857142857 21
stats: {sentpackets,"tsung_controller@ip-172-31-30-247"} 1 91.0 0.0 2708 77 993.5714285714286 21
stats: {cpu,"tsung_controller@ip-172-31-30-247"} 1 0.1002004008016032 0.0 3.027245206861756 0.10010010010010009 1.077188019851177 22
stats: session 3 135064.84866666666 35270.92893531928 185244.306 21787.558 60068.297264483626 397
stats: users_count 0 422
stats: finish_users_count 3 400
stats: request 35 1576.626314285714 2321.088611339414 59994.821 0.525 1106.9652750494151 6577
stats: connect 0 0 0 22.163 0.757 1.4320321336760926 778
stats: page 21 2627.775714285714 2497.851681391892 59994.821 0.525 1355.0297781500099 5373
stats: 302 0 75
stats: 504 0 19
stats: 200 0 1266
stats: size_rcv 43320 14775520
stats: newphase 0 3
stats: 422 3 400
stats: size_sent 29087 5088118
stats: connected -3 22
stats: 400 14 1565
stats: 404 0 102
stats: 500 18 3185
# stats: dump at 1575571279
stats: users 16 333
stats: {freemem,"tsung_controller@ip-172-31-30-247"} 1 3455.83203125 0.0 3518.578125 3455.6796875 3479.415421195652 23
stats: {load,"tsung_controller@ip-172-31-30-247"} 1 0.05859375 0.0 0.21875 0.0 0.06980298913043478 23
stats: {recvpackets,"tsung_controller@ip-172-31-30-247"} 1 110.0 0.0 3073 80 1009.5909090909091 22
stats: {sentpackets,"tsung_controller@ip-172-31-30-247"} 1 100.0 0.0 2708 77 952.5454545454545 22
stats: {cpu,"tsung_controller@ip-172-31-30-247"} 1 0.20020020020020018 0.0 3.027245206861756 0.10010010010010009 1.0347102972838043 23
stats: session 6 145233.47299999997 37611.215462297754 227421.856 21787.558 60630.7714 400
stats: users_count 0 422
stats: finish_users_count 6 406
stats: request 28 5421.708607142855 15025.306183265739 59994.821 0.525 1109.451381578948 6612
stats: connect 0 0 0 22.163 0.757 1.4320321336760926 778
stats: page 19 7990.409315789472 17668.81427703357 59994.821 0.525 1359.984851316278 5394
stats: 302 0 75
stats: 504 2 21
stats: 200 0 1266
stats: size_rcv 35048 14810568
stats: newphase 0 3
stats: 422 6 406
stats: size_sent 23527 5111645
stats: connected -6 16
stats: 400 9 1574
stats: 404 2 104
stats: 500 9 3194
# stats: dump at 1575571289
stats: users 14 333
stats: {freemem,"tsung_controller@ip-172-31-30-247"} 1 3455.90625 0.0 3518.578125 3455.6796875 3478.4327799479165 24
stats: {load,"tsung_controller@ip-172-31-30-247"} 1 0.05078125 0.0 0.21875 0.0 0.0693359375 24
stats: {recvpackets,"tsung_controller@ip-172-31-30-247"} 1 62.0 0.0 3073 62 970.4782608695652 23
stats: {sentpackets,"tsung_controller@ip-172-31-30-247"} 1 52.0 0.0 2708 52 915.4782608695652 23
stats: {cpu,"tsung_controller@ip-172-31-30-247"} 1 0.1 0.0 3.027245206861756 0.1 0.999939043238654 24
stats: session 2 133658.4465 5260.845499999996 227421.856 21787.558 61881.057630541865 406
stats: users_count 0 422
stats: finish_users_count 2 408
stats: request 23 8620.373043478261 19390.95254595191 59994.821 0.525 1127.6355987951815 6640
stats: connect 0 0 0 22.163 0.757 1.4320321336760926 778
stats: page 13 15250.390076923077 23752.00445280983 59994.821 0.525 1383.2580944023655 5413
stats: 302 0 75
stats: 504 1 22
stats: 200 0 1266
stats: size_rcv 25787 14836355
stats: newphase 0 3
stats: 422 2 408
stats: size_sent 21498 5133143
stats: connected -2 14
stats: 400 10 1584
stats: 404 6 110
stats: 500 4 3198
# stats: dump at 1575571299
stats: users 9 333
stats: {freemem,"tsung_controller@ip-172-31-30-247"} 1 3455.953125 0.0 3518.578125 3455.6796875 3477.53171875 25
stats: {load,"tsung_controller@ip-172-31-30-247"} 1 0.0390625 0.0 0.21875 0.0 0.06859375 25
stats: {recvpackets,"tsung_controller@ip-172-31-30-247"} 1 80.0 0.0 3073 62 932.625 24
stats: {sentpackets,"tsung_controller@ip-172-31-30-247"} 1 62.0 0.0 2708 52 879.5 24
stats: {cpu,"tsung_controller@ip-172-31-30-247"} 1 0.10010010010010009 0.0 3.027245206861756 0.1 0.963941481509108 25
stats: session 5 142938.31919999997 6119.763267557093 227421.856 21787.558 62232.90757598039 408
stats: users_count 0 422
stats: finish_users_count 5 413
stats: request 29 10423.942482758624 21783.65220344883 59994.821 0.525 1153.4997682725507 6663
stats: connect 0 0 0 22.163 0.757 1.4320321336760926 778
stats: page 21 14395.586238095237 24456.582659248397 59994.821 0.525 1416.4819638776269 5426
stats: 302 0 75
stats: 504 1 23
stats: 200 0 1266
stats: size_rcv 41013 14877368
stats: newphase 0 3
stats: 422 5 413
stats: size_sent 20578 5153721
stats: connected -5 9
stats: 400 8 1592
stats: 404 11 121
stats: 500 4 3202
# stats: dump at 1575571309
stats: users 7 333
stats: {freemem,"tsung_controller@ip-172-31-30-247"} 1 3455.99609375 0.0 3518.578125 3455.6796875 3476.7017728365386 26
stats: {load,"tsung_controller@ip-172-31-30-247"} 1 0.03125 0.0 0.21875 0.0 0.06745793269230768 26
stats: {recvpackets,"tsung_controller@ip-172-31-30-247"} 1 93.0 0.0 3073 62 898.52 25
stats: {sentpackets,"tsung_controller@ip-172-31-30-247"} 1 93.0 0.0 2708 52 846.8 25
stats: {cpu,"tsung_controller@ip-172-31-30-247"} 1 0.0 0.0 3.027245206861756 0.0 0.9307168129933768 26
stats: session 2 160316.752 3574.5570000000007 227421.856 21787.558 63209.970670702176 413
stats: users_count 0 422
stats: finish_users_count 2 415
stats: request 3 7.531333333333333 2.107915452658279 59994.821 0.525 1193.6735337716684 6692
stats: connect 0 0 0 22.163 0.757 1.4320321336760926 778
stats: page 3 9.51 4.813187163062191 59994.821 0.525 1466.5207356342946 5447
stats: 302 0 75
stats: 504 0 23
stats: 200 0 1266
stats: size_rcv 5886 14883254
stats: newphase 0 3
stats: 422 2 415
stats: size_sent 3637 5157358
stats: connected -2 7
stats: 400 0 1592
stats: 404 1 122
stats: 500 0 3202
# stats: dump at 1575571319
stats: users 7 333
stats: {freemem,"tsung_controller@ip-172-31-30-247"} 1 3456.0234375 0.0 3518.578125 3455.6796875 3475.9348958333335 27
stats: {load,"tsung_controller@ip-172-31-30-247"} 1 0.03125 0.0 0.21875 0.0 0.06611689814814814 27
stats: {recvpackets,"tsung_controller@ip-172-31-30-247"} 1 7.0 0.0 3073 7 867.5384615384615 26
stats: {sentpackets,"tsung_controller@ip-172-31-30-247"} 1 8.0 0.0 2708 8 817.8076923076923 26
stats: {cpu,"tsung_controller@ip-172-31-30-247"} 1 0.0 0.0 3.027245206861756 0.0 0.8962458199195481 27
stats: session 0 0 0 227421.856 21787.558 63677.955159036144 415
stats: users_count 0 422
stats: finish_users_count 0 415
stats: request 0 0 0 59994.821 0.525 1193.1420286781188 6695
stats: connect 0 0 0 22.163 0.757 1.4320321336760926 778
stats: page 0 0 0 59994.821 0.525 1465.7187113761472 5450
stats: 302 0 75
stats: 504 0 23
stats: 200 0 1266
stats: size_rcv 0 14883254
stats: newphase 0 3
stats: 422 0 415
stats: size_sent 0 5157358
stats: connected 0 7
stats: 400 0 1592
stats: 404 0 122
stats: 500 0 3202
# stats: dump at 1575571329
stats: users 7 333
stats: {freemem,"tsung_controller@ip-172-31-30-247"} 1 3456.0390625 0.0 3518.578125 3455.6796875 3475.2237723214284 28
stats: {load,"tsung_controller@ip-172-31-30-247"} 1 0.01953125 0.0 0.21875 0.0 0.06487165178571427 28
stats: {recvpackets,"tsung_controller@ip-172-31-30-247"} 1 1.0 0.0 3073 1 835.6666666666666 27
stats: {sentpackets,"tsung_controller@ip-172-31-30-247"} 1 1.0 0.0 2708 1 787.8148148148148 27
stats: {cpu,"tsung_controller@ip-172-31-30-247"} 1 0.10010010010010009 0.0 3.027245206861756 0.0 0.8642370406367071 28
stats: session 0 0 0 227421.856 21787.558 63677.955159036144 415
stats: users_count 0 422
stats: finish_users_count 0 415
stats: request 0 0 0 59994.821 0.525 1193.1420286781188 6695
stats: connect 0 0 0 22.163 0.757 1.4320321336760926 778
stats: page 0 0 0 59994.821 0.525 1465.7187113761472 5450
stats: 302 0 75
stats: 504 0 23
stats: 200 0 1266
stats: size_rcv 0 14883254
stats: newphase 0 3
stats: 422 0 415
stats: size_sent 897 5158255
stats: connected 0 7
stats: 400 0 1592
stats: 404 0 122
stats: 500 0 3202
# stats: dump at 1575571339
stats: users 6 333
stats: {freemem,"tsung_controller@ip-172-31-30-247"} 1 3456.0859375 0.0 3518.578125 3455.6796875 3474.5622306034484 29
stats: {load,"tsung_controller@ip-172-31-30-247"} 1 0.01953125 0.0 0.21875 0.0 0.0633081896551724 29
stats: {recvpackets,"tsung_controller@ip-172-31-30-247"} 1 8.0 0.0 3073 1 805.8571428571429 28
stats: {sentpackets,"tsung_controller@ip-172-31-30-247"} 1 7.0 0.0 2708 1 759.7142857142857 28
stats: {cpu,"tsung_controller@ip-172-31-30-247"} 1 0.0 0.0 3.027245206861756 0.0 0.837887490963031 29
stats: session 1 180952.523 0.0 227421.856 21787.558 63677.955159036144 415
stats: users_count 0 422
stats: finish_users_count 1 416
stats: request 11 10758.031818181817 22806.286366073917 59994.821 0.525 1193.1420286781188 6695
stats: connect 0 0 0 22.163 0.757 1.4320321336760926 778
stats: page 7 16905.51542857143 26709.834186164484 59994.821 0.525 1465.7187113761472 5450
stats: 302 0 75
stats: 504 0 23
stats: 200 0 1266
stats: size_rcv 14580 14897834
stats: newphase 0 3
stats: 422 1 416
stats: size_sent 8316 5166571
stats: connected -1 6
stats: 400 4 1596
stats: 404 4 126
stats: 500 2 3204
# stats: dump at 1575571349
stats: users 5 333
stats: {freemem,"tsung_controller@ip-172-31-30-247"} 1 3456.046875 0.0 3518.578125 3455.6796875 3473.946354166667 30
stats: {load,"tsung_controller@ip-172-31-30-247"} 1 0.01953125 0.0 0.21875 0.0 0.06184895833333333 30
stats: {recvpackets,"tsung_controller@ip-172-31-30-247"} 1 18.0 0.0 3073 1 778.3448275862069 29
stats: {sentpackets,"tsung_controller@ip-172-31-30-247"} 1 20.0 0.0 2708 1 733.7586206896551 29
stats: {cpu,"tsung_controller@ip-172-31-30-247"} 1 0.0 0.0 3.027245206861756 0.0 0.8099579079309299 30
stats: session 1 204512.576 0.0 227421.856 21787.558 63959.86517788461 416
stats: users_count 0 422
stats: finish_users_count 1 417
stats: request 12 4867.4932499999995 16135.941596811615 59994.821 0.525 1208.8315287801975 6706
stats: connect 0 0 0 22.163 0.757 1.4320321336760926 778
stats: page 7 8344.323 20428.75843256184 59994.821 0.525 1485.5242046912228 5457
stats: 302 0 75
stats: 504 0 23
stats: 200 0 1266
stats: size_rcv 5346 14903180
stats: newphase 0 3
stats: 422 0 416
stats: 502 11 11
stats: size_sent 10184 5176755
stats: connected -1 5
stats: 400 0 1596
stats: 404 0 126
stats: 500 1 3205
# stats: dump at 1575571359
stats: users 3 333
stats: {freemem,"tsung_controller@ip-172-31-30-247"} 1 3456.0703125 0.0 3518.578125 3455.6796875 3473.3689516129034 31
stats: {load,"tsung_controller@ip-172-31-30-247"} 1 0.01171875 0.0 0.21875 0.0 0.06048387096774193 31
stats: {recvpackets,"tsung_controller@ip-172-31-30-247"} 1 13.0 0.0 3073 1 753.0 30
stats: {sentpackets,"tsung_controller@ip-172-31-30-247"} 1 22.0 0.0 2708 1 709.9666666666667 30
stats: {cpu,"tsung_controller@ip-172-31-30-247"} 1 0.0 0.0 3.027245206861756 0.0 0.7838302334815451 31
stats: session 2 208262.698 12799.043999999994 227421.856 21787.558 64296.9220383693 417
stats: users_count 0 422
stats: finish_users_count 2 419
stats: request 10 11374.893399999999 22743.579967589267 59994.821 0.525 1215.366798303067 6718
stats: connect 0 0 0 22.163 0.757 1.4320321336760926 778
stats: page 7 16249.872857142856 25685.398280300466 59994.821 0.525 1494.3110991947296 5464
stats: 302 0 75
stats: 504 0 23
stats: 200 0 1266
stats: size_rcv 6296 14909476
stats: newphase 0 3
stats: 422 0 416
stats: 502 8 19
stats: size_sent 7404 5184159
stats: connected -2 3
stats: 400 0 1596
stats: 404 0 126
stats: 500 2 3207
# stats: dump at 1575571369
stats: users 2 333
stats: {freemem,"tsung_controller@ip-172-31-30-247"} 1 3464.0859375 0.0 3518.578125 3455.6796875 3472.828369140625 32
stats: {load,"tsung_controller@ip-172-31-30-247"} 1 0.01171875 0.0 0.21875 0.0 0.05895996093749999 32
stats: {recvpackets,"tsung_controller@ip-172-31-30-247"} 1 15.0 0.0 3073 1 729.1290322580645 31
stats: {sentpackets,"tsung_controller@ip-172-31-30-247"} 1 25.0 0.0 2708 1 687.7741935483871 31
stats: {cpu,"tsung_controller@ip-172-31-30-247"} 1 0.0 0.0 3.027245206861756 0.0 0.7593355386852468 32
stats: session 1 223007.747 0.0 227421.856 21787.558 64984.10951312649 419
stats: users_count 0 422
stats: finish_users_count 1 420
stats: request 13 4400.600384615385 15228.806784597055 59994.821 0.525 1230.4671648335323 6728
stats: connect 0 0 0 22.163 0.757 1.4320321336760926 778
stats: page 8 7151.015874999999 18899.629555721054 59994.821 0.525 1513.1904507402674 5471
stats: 302 0 75
stats: 504 0 23
stats: 200 0 1266
stats: size_rcv 8964 14918440
stats: newphase 0 3
stats: 422 0 416
stats: 502 10 29
stats: size_sent 11118 5195277
stats: connected -1 2
stats: 400 0 1596
stats: 404 2 128
stats: 500 1 3208
# stats: dump at 1575571379
stats: users 1 333
stats: {freemem,"tsung_controller@ip-172-31-30-247"} 1 3464.12109375 0.0 3518.578125 3455.6796875 3472.563446969697 33
stats: {load,"tsung_controller@ip-172-31-30-247"} 1 0.01171875 0.0 0.21875 0.0 0.05752840909090908 33
stats: {recvpackets,"tsung_controller@ip-172-31-30-247"} 1 24.0 0.0 3073 1 706.8125 32
stats: {sentpackets,"tsung_controller@ip-172-31-30-247"} 1 33.0 0.0 2708 1 667.0625 32
stats: {cpu,"tsung_controller@ip-172-31-30-247"} 1 0.1998001998001998 0.0 3.027245206861756 0.0 0.7363253708463 33
stats: session 1 228192.61 0.0 228192.61 21787.558 65360.356269047625 420
stats: users_count 0 422
stats: finish_users_count 1 421
stats: request 3 4.284666666666667 3.90219804156011 59994.821 0.525 1236.580758047768 6741
stats: connect 0 0 0 22.163 0.757 1.4320321336760926 778
stats: page 2 6.4625 4.9785 59994.821 0.525 1521.4223549917874 5479
stats: 302 0 75
stats: 504 0 23
stats: 200 0 1266
stats: size_rcv 2594 14921034
stats: newphase 0 3
stats: 422 0 416
stats: 502 2 31
stats: size_sent 2803 5198080
stats: connected -1 1
stats: 400 0 1596
stats: 404 1 129
stats: 500 0 3208
# stats: dump at 1575571389
stats: users 1 333
stats: {freemem,"tsung_controller@ip-172-31-30-247"} 1 3464.13671875 0.0 3518.578125 3455.6796875 3472.315142463235 34
stats: {load,"tsung_controller@ip-172-31-30-247"} 1 0.01171875 0.0 0.21875 0.0 0.05618106617647058 34
stats: {recvpackets,"tsung_controller@ip-172-31-30-247"} 1 2.0 0.0 3073 1 686.1212121212121 33
stats: {sentpackets,"tsung_controller@ip-172-31-30-247"} 1 2.0 0.0 2708 1 647.8484848484849 33
stats: {cpu,"tsung_controller@ip-172-31-30-247"} 1 0.0 0.0 3.027245206861756 0.0 0.7205452187567088 34
stats: session 0 0 0 228192.61 21787.558 65747.13121852731 421
stats: users_count 0 422
stats: finish_users_count 0 421
stats: request 3 19139.45 27057.547986256148 59994.821 0.525 1236.032583629894 6744
stats: connect 0 0 0 22.163 0.757 1.4320321336760926 778
stats: page 2 28709.2085 28695.3925 59994.821 0.525 1520.8695508118963 5481
stats: 302 0 75
stats: 504 0 23
stats: 200 0 1266
stats: size_rcv 4172 14925206
stats: newphase 0 3
stats: 422 0 416
stats: 502 1 32
stats: size_sent 1895 5199975
stats: connected 0 1
stats: 400 0 1596
stats: 404 1 130
stats: 500 1 3209
# stats: dump at 1575571396
stats: users 0 333
stats: {freemem,"tsung_controller@ip-172-31-30-247"} 1 3464.1484375 0.0 3518.578125 3455.6796875 3472.081473214286 35
stats: {load,"tsung_controller@ip-172-31-30-247"} 1 0.0 0.0 0.21875 0.0 0.05491071428571428 35
stats: {recvpackets,"tsung_controller@ip-172-31-30-247"} 1 11.0 0.0 3073 1 666.0 34
stats: {sentpackets,"tsung_controller@ip-172-31-30-247"} 1 11.0 0.0 2708 1 628.8529411764706 34
stats: {cpu,"tsung_controller@ip-172-31-30-247"} 1 0.0 0.0 3.027245206861756 0.0 0.6999582125065171 35
stats: session 1 236642.727 0.0 236642.727 21787.558 65747.13121852731 421
stats: users_count 0 422
stats: finish_users_count 1 422
stats: request 5 5.969600000000001 4.178655984883178 59994.821 0.525 1243.9931960871504 6747
stats: connect 0 0 0 22.163 0.757 1.4320321336760926 778
stats: page 3 9.991666666666665 5.392157288342228 59994.821 0.525 1530.7868730621926 5483
stats: 302 0 75
stats: 504 0 23
stats: 200 0 1266
stats: size_rcv 4874 14930080
stats: newphase 0 3
stats: 422 0 416
stats: 502 3 35
stats: size_sent 4718 5204693
stats: connected -1 0
stats: 400 0 1596
stats: 404 2 132
stats: 500 0 3209
EndMonitor:{1575,571396,721696}
