
=INFO REPORT==== 5-Dec-2019::18:37:19 ===
    ts_config_server:(5:<0.102.0>) Config server started, logdir is "/home/ec2-user/.tsung/log/20191205-1837"
 
=INFO REPORT==== 5-Dec-2019::18:37:19 ===
              ts_mon:(5:<0.83.0>) starting monitor, global 

=INFO REPORT==== 5-Dec-2019::18:37:19 ===
           ts_config:(5:<0.102.0>) Reading config file: new.xml

=INFO REPORT==== 5-Dec-2019::18:37:19 ===
      ts_config_http:(4:<0.102.0>) Get user agent: 100 "Mozilla/5.0 (Windows; U; Windows NT 5.2; fr-FR; rv:1.7.8) Gecko/20050511 Firefox/1.0.4" 

=INFO REPORT==== 5-Dec-2019::18:37:19 ===
           ts_config:(5:<0.102.0>) Session name for id 1 is "http-example"

=INFO REPORT==== 5-Dec-2019::18:37:19 ===
    ts_config_server:(4:<0.102.0>) SYSINFO:Tsung version: 1.7.0

=INFO REPORT==== 5-Dec-2019::18:37:19 ===
    ts_config_server:(4:<0.102.0>) SYSINFO:Erlang version: Erlang/OTP 20 [erts-9.1] [source] [64-bit] [smp:1:1] [ds:1:1:10] [async-threads:8] [hipe] [kernel-poll:true]


=INFO REPORT==== 5-Dec-2019::18:37:19 ===
    ts_config_server:(4:<0.102.0>) SYSINFO:System architecture x86_64-unknown-linux-gnu

=INFO REPORT==== 5-Dec-2019::18:37:19 ===
    ts_config_server:(4:<0.102.0>) SYSINFO:Current path: /usr/local/lib/tsung/tsung-1.7.0/ebin/tsung.beam

=INFO REPORT==== 5-Dec-2019::18:37:19 ===
              ts_mon:(5:<0.103.0>) Activate clients with text backend

=INFO REPORT==== 5-Dec-2019::18:37:19 ===
              ts_mon:(5:<0.103.0>) Starting tsung clients on hosts: [localhost]

=INFO REPORT==== 5-Dec-2019::18:37:19 ===
    ts_config_server:(5:<0.102.0>) Start a launcher on the controller beam localhost

=INFO REPORT==== 5-Dec-2019::18:37:19 ===
  ts_launcher_static:(5:<0.154.0>) Launch msg receive ("localhost")

=INFO REPORT==== 5-Dec-2019::18:37:19 ===
         ts_launcher:(5:<0.155.0>) Launch msg receive ("localhost")

=INFO REPORT==== 5-Dec-2019::18:37:19 ===
    ts_config_server:(5:<0.102.0>) New arrival phase 1 for client "localhost" (last ? true): will start 30 users

=INFO REPORT==== 5-Dec-2019::18:37:19 ===
    ts_config_server:(5:<0.102.0>) New arrival phase 2 for client "localhost" (last ? true): will start 60 users

=INFO REPORT==== 5-Dec-2019::18:37:19 ===
    ts_config_server:(5:<0.102.0>) New arrival phase 3 for client "localhost" (last ? true): will start 120 users

=INFO REPORT==== 5-Dec-2019::18:37:19 ===
    ts_config_server:(5:<0.102.0>) New arrival phase 4 for client "localhost" (last ? true): will start 240 users

=INFO REPORT==== 5-Dec-2019::18:37:19 ===
         ts_launcher:(5:<0.155.0>) Expected duration of first phase: 30.0 sec (30 users) 

=INFO REPORT==== 5-Dec-2019::18:37:19 ===
         ts_launcher:(5:<0.155.0>) Activate launcher (30 users) in 1651 msec 

=INFO REPORT==== 5-Dec-2019::18:37:41 ===
           ts_search:(5:<0.176.0>) Dyn Var (RE): no Match (varname=created_user_id), 

=INFO REPORT==== 5-Dec-2019::18:37:41 ===
           ts_search:(5:<0.176.0>) Dyn Var (RE): no Match (varname=add_dog_url), 

=INFO REPORT==== 5-Dec-2019::18:37:43 ===
         ts_launcher:(4:<0.155.0>) Need to wait 7.244 sec before changing phase, going to sleep

=INFO REPORT==== 5-Dec-2019::18:37:44 ===
           ts_search:(5:<0.173.0>) Dyn Var (RE): no Match (varname=created_user_id), 

=INFO REPORT==== 5-Dec-2019::18:37:44 ===
           ts_search:(5:<0.173.0>) Dyn Var (RE): no Match (varname=add_dog_url), 

=INFO REPORT==== 5-Dec-2019::18:37:44 ===
           ts_search:(5:<0.178.0>) Dyn Var (RE): no Match (varname=created_user_id), 

=INFO REPORT==== 5-Dec-2019::18:37:44 ===
           ts_search:(5:<0.178.0>) Dyn Var (RE): no Match (varname=add_dog_url), 

=INFO REPORT==== 5-Dec-2019::18:37:45 ===
           ts_search:(5:<0.175.0>) Dyn Var (RE): no Match (varname=created_user_id), 

=INFO REPORT==== 5-Dec-2019::18:37:45 ===
           ts_search:(5:<0.175.0>) Dyn Var (RE): no Match (varname=add_dog_url), 

=INFO REPORT==== 5-Dec-2019::18:37:45 ===
           ts_search:(5:<0.179.0>) Dyn Var (RE): no Match (varname=created_user_id), 

=INFO REPORT==== 5-Dec-2019::18:37:45 ===
           ts_search:(5:<0.179.0>) Dyn Var (RE): no Match (varname=add_dog_url), 

=INFO REPORT==== 5-Dec-2019::18:37:47 ===
           ts_search:(5:<0.187.0>) Dyn Var (RE): no Match (varname=created_user_id), 

=INFO REPORT==== 5-Dec-2019::18:37:47 ===
           ts_search:(5:<0.187.0>) Dyn Var (RE): no Match (varname=add_dog_url), 

=INFO REPORT==== 5-Dec-2019::18:37:47 ===
           ts_search:(5:<0.182.0>) Dyn Var (RE): no Match (varname=created_user_id), 

=INFO REPORT==== 5-Dec-2019::18:37:47 ===
           ts_search:(5:<0.182.0>) Dyn Var (RE): no Match (varname=add_dog_url), 

=INFO REPORT==== 5-Dec-2019::18:37:47 ===
           ts_search:(5:<0.177.0>) Dyn Var (RE): no Match (varname=created_user_id), 

=INFO REPORT==== 5-Dec-2019::18:37:47 ===
           ts_search:(5:<0.177.0>) Dyn Var (RE): no Match (varname=add_dog_url), 

=INFO REPORT==== 5-Dec-2019::18:37:47 ===
           ts_search:(5:<0.184.0>) Dyn Var (RE): no Match (varname=created_user_id), 

=INFO REPORT==== 5-Dec-2019::18:37:47 ===
           ts_search:(5:<0.184.0>) Dyn Var (RE): no Match (varname=add_dog_url), 

=INFO REPORT==== 5-Dec-2019::18:37:48 ===
           ts_search:(5:<0.189.0>) Dyn Var (RE): no Match (varname=created_user_id), 

=INFO REPORT==== 5-Dec-2019::18:37:48 ===
           ts_search:(5:<0.189.0>) Dyn Var (RE): no Match (varname=add_dog_url), 

=INFO REPORT==== 5-Dec-2019::18:37:49 ===
           ts_search:(5:<0.181.0>) Dyn Var (RE): no Match (varname=created_user_id), 

=INFO REPORT==== 5-Dec-2019::18:37:49 ===
           ts_search:(5:<0.181.0>) Dyn Var (RE): no Match (varname=add_dog_url), 

=INFO REPORT==== 5-Dec-2019::18:37:49 ===
           ts_search:(5:<0.185.0>) Dyn Var (RE): no Match (varname=created_user_id), 

=INFO REPORT==== 5-Dec-2019::18:37:49 ===
           ts_search:(5:<0.185.0>) Dyn Var (RE): no Match (varname=add_dog_url), 

=INFO REPORT==== 5-Dec-2019::18:37:50 ===
           ts_search:(5:<0.180.0>) Dyn Var (RE): no Match (varname=created_user_id), 

=INFO REPORT==== 5-Dec-2019::18:37:50 ===
           ts_search:(5:<0.180.0>) Dyn Var (RE): no Match (varname=add_dog_url), 

=INFO REPORT==== 5-Dec-2019::18:37:50 ===
         ts_launcher:(5:<0.155.0>) Waking up

=INFO REPORT==== 5-Dec-2019::18:37:50 ===
         ts_launcher:(5:<0.155.0>) Start a new arrival phase (60 users, 0.002); expected duration=30.0 sec

=INFO REPORT==== 5-Dec-2019::18:37:52 ===
           ts_search:(5:<0.188.0>) Dyn Var (RE): no Match (varname=created_user_id), 

=INFO REPORT==== 5-Dec-2019::18:37:52 ===
           ts_search:(5:<0.188.0>) Dyn Var (RE): no Match (varname=add_dog_url), 

=INFO REPORT==== 5-Dec-2019::18:37:52 ===
           ts_search:(5:<0.174.0>) Dyn Var (RE): no Match (varname=created_user_id), 

=INFO REPORT==== 5-Dec-2019::18:37:52 ===
           ts_search:(5:<0.174.0>) Dyn Var (RE): no Match (varname=add_dog_url), 

=INFO REPORT==== 5-Dec-2019::18:37:52 ===
           ts_search:(5:<0.190.0>) Dyn Var (RE): no Match (varname=created_user_id), 

=INFO REPORT==== 5-Dec-2019::18:37:52 ===
           ts_search:(5:<0.190.0>) Dyn Var (RE): no Match (varname=add_dog_url), 

=INFO REPORT==== 5-Dec-2019::18:37:55 ===
           ts_search:(5:<0.186.0>) Dyn Var (RE): no Match (varname=created_user_id), 

=INFO REPORT==== 5-Dec-2019::18:37:55 ===
           ts_search:(5:<0.186.0>) Dyn Var (RE): no Match (varname=add_dog_url), 

=INFO REPORT==== 5-Dec-2019::18:37:58 ===
           ts_search:(5:<0.192.0>) Dyn Var (RE): no Match (varname=created_user_id), 

=INFO REPORT==== 5-Dec-2019::18:37:58 ===
           ts_search:(5:<0.192.0>) Dyn Var (RE): no Match (varname=add_dog_url), 

=INFO REPORT==== 5-Dec-2019::18:38:01 ===
           ts_search:(5:<0.198.0>) Dyn Var (RE): no Match (varname=created_user_id), 

=INFO REPORT==== 5-Dec-2019::18:38:01 ===
           ts_search:(5:<0.198.0>) Dyn Var (RE): no Match (varname=add_dog_url), 

=INFO REPORT==== 5-Dec-2019::18:38:01 ===
           ts_search:(5:<0.196.0>) Dyn Var (RE): no Match (varname=created_user_id), 

=INFO REPORT==== 5-Dec-2019::18:38:01 ===
           ts_search:(5:<0.196.0>) Dyn Var (RE): no Match (varname=add_dog_url), 

=INFO REPORT==== 5-Dec-2019::18:38:01 ===
           ts_search:(5:<0.195.0>) Dyn Var (RE): no Match (varname=created_user_id), 

=INFO REPORT==== 5-Dec-2019::18:38:01 ===
           ts_search:(5:<0.195.0>) Dyn Var (RE): no Match (varname=add_dog_url), 

=INFO REPORT==== 5-Dec-2019::18:38:03 ===
           ts_search:(5:<0.200.0>) Dyn Var (RE): no Match (varname=created_user_id), 

=INFO REPORT==== 5-Dec-2019::18:38:03 ===
           ts_search:(5:<0.200.0>) Dyn Var (RE): no Match (varname=add_dog_url), 

=INFO REPORT==== 5-Dec-2019::18:38:06 ===
           ts_search:(5:<0.199.0>) Dyn Var (RE): no Match (varname=created_user_id), 

=INFO REPORT==== 5-Dec-2019::18:38:06 ===
           ts_search:(5:<0.199.0>) Dyn Var (RE): no Match (varname=add_dog_url), 

=INFO REPORT==== 5-Dec-2019::18:38:08 ===
           ts_search:(5:<0.213.0>) Dyn Var (RE): no Match (varname=created_user_id), 

=INFO REPORT==== 5-Dec-2019::18:38:08 ===
           ts_search:(5:<0.213.0>) Dyn Var (RE): no Match (varname=add_dog_url), 

=INFO REPORT==== 5-Dec-2019::18:38:08 ===
           ts_search:(5:<0.205.0>) Dyn Var (RE): no Match (varname=created_user_id), 

=INFO REPORT==== 5-Dec-2019::18:38:08 ===
           ts_search:(5:<0.205.0>) Dyn Var (RE): no Match (varname=add_dog_url), 

=INFO REPORT==== 5-Dec-2019::18:38:08 ===
           ts_search:(5:<0.210.0>) Dyn Var (RE): no Match (varname=created_user_id), 

=INFO REPORT==== 5-Dec-2019::18:38:08 ===
           ts_search:(5:<0.210.0>) Dyn Var (RE): no Match (varname=add_dog_url), 

=INFO REPORT==== 5-Dec-2019::18:38:08 ===
           ts_search:(5:<0.211.0>) Dyn Var (RE): no Match (varname=created_user_id), 

=INFO REPORT==== 5-Dec-2019::18:38:08 ===
           ts_search:(5:<0.211.0>) Dyn Var (RE): no Match (varname=add_dog_url), 

=INFO REPORT==== 5-Dec-2019::18:38:09 ===
           ts_search:(5:<0.212.0>) Dyn Var (RE): no Match (varname=created_user_id), 

=INFO REPORT==== 5-Dec-2019::18:38:09 ===
           ts_search:(5:<0.212.0>) Dyn Var (RE): no Match (varname=add_dog_url), 

=INFO REPORT==== 5-Dec-2019::18:38:09 ===
           ts_search:(5:<0.209.0>) Dyn Var (RE): no Match (varname=created_user_id), 

=INFO REPORT==== 5-Dec-2019::18:38:09 ===
           ts_search:(5:<0.209.0>) Dyn Var (RE): no Match (varname=add_dog_url), 

=INFO REPORT==== 5-Dec-2019::18:38:09 ===
           ts_search:(5:<0.216.0>) Dyn Var (RE): no Match (varname=created_user_id), 

=INFO REPORT==== 5-Dec-2019::18:38:09 ===
           ts_search:(5:<0.216.0>) Dyn Var (RE): no Match (varname=add_dog_url), 

=INFO REPORT==== 5-Dec-2019::18:38:10 ===
           ts_search:(5:<0.193.0>) Dyn Var (RE): no Match (varname=created_user_id), 

=INFO REPORT==== 5-Dec-2019::18:38:10 ===
           ts_search:(5:<0.193.0>) Dyn Var (RE): no Match (varname=add_dog_url), 

=INFO REPORT==== 5-Dec-2019::18:38:10 ===
           ts_search:(5:<0.217.0>) Dyn Var (RE): no Match (varname=created_user_id), 

=INFO REPORT==== 5-Dec-2019::18:38:10 ===
           ts_search:(5:<0.217.0>) Dyn Var (RE): no Match (varname=add_dog_url), 

=INFO REPORT==== 5-Dec-2019::18:38:12 ===
           ts_search:(5:<0.219.0>) Dyn Var (RE): no Match (varname=created_user_id), 

=INFO REPORT==== 5-Dec-2019::18:38:12 ===
           ts_search:(5:<0.219.0>) Dyn Var (RE): no Match (varname=add_dog_url), 

=INFO REPORT==== 5-Dec-2019::18:38:18 ===
           ts_search:(5:<0.226.0>) Dyn Var (RE): no Match (varname=created_user_id), 

=INFO REPORT==== 5-Dec-2019::18:38:18 ===
           ts_search:(5:<0.226.0>) Dyn Var (RE): no Match (varname=add_dog_url), 

=INFO REPORT==== 5-Dec-2019::18:38:19 ===
           ts_search:(5:<0.228.0>) Dyn Var (RE): no Match (varname=created_user_id), 

=INFO REPORT==== 5-Dec-2019::18:38:19 ===
           ts_search:(5:<0.228.0>) Dyn Var (RE): no Match (varname=add_dog_url), 

=INFO REPORT==== 5-Dec-2019::18:38:19 ===
           ts_search:(5:<0.234.0>) Dyn Var (RE): no Match (varname=created_user_id), 

=INFO REPORT==== 5-Dec-2019::18:38:19 ===
           ts_search:(5:<0.234.0>) Dyn Var (RE): no Match (varname=add_dog_url), 

=INFO REPORT==== 5-Dec-2019::18:38:20 ===
           ts_search:(5:<0.227.0>) Dyn Var (RE): no Match (varname=created_user_id), 

=INFO REPORT==== 5-Dec-2019::18:38:20 ===
           ts_search:(5:<0.227.0>) Dyn Var (RE): no Match (varname=add_dog_url), 

=INFO REPORT==== 5-Dec-2019::18:38:20 ===
           ts_search:(5:<0.235.0>) Dyn Var (RE): no Match (varname=created_user_id), 

=INFO REPORT==== 5-Dec-2019::18:38:20 ===
           ts_search:(5:<0.235.0>) Dyn Var (RE): no Match (varname=add_dog_url), 

=INFO REPORT==== 5-Dec-2019::18:38:20 ===
           ts_search:(5:<0.231.0>) Dyn Var (RE): no Match (varname=created_user_id), 

=INFO REPORT==== 5-Dec-2019::18:38:20 ===
           ts_search:(5:<0.231.0>) Dyn Var (RE): no Match (varname=add_dog_url), 

=INFO REPORT==== 5-Dec-2019::18:38:20 ===
         ts_launcher:(5:<0.155.0>) Phase duration exceeded, but not all users were launched (7 users, 11.7% of phase)

=INFO REPORT==== 5-Dec-2019::18:38:20 ===
         ts_launcher:(5:<0.155.0>) Start a new arrival phase (120 users, 0.004); expected duration=30.0 sec

=INFO REPORT==== 5-Dec-2019::18:38:22 ===
           ts_search:(5:<0.229.0>) Dyn Var (RE): no Match (varname=created_user_id), 

=INFO REPORT==== 5-Dec-2019::18:38:22 ===
           ts_search:(5:<0.229.0>) Dyn Var (RE): no Match (varname=add_dog_url), 

=INFO REPORT==== 5-Dec-2019::18:38:24 ===
           ts_search:(5:<0.238.0>) Dyn Var (RE): no Match (varname=created_user_id), 

=INFO REPORT==== 5-Dec-2019::18:38:24 ===
           ts_search:(5:<0.238.0>) Dyn Var (RE): no Match (varname=add_dog_url), 

=INFO REPORT==== 5-Dec-2019::18:38:24 ===
           ts_search:(5:<0.242.0>) Dyn Var (RE): no Match (varname=created_user_id), 

=INFO REPORT==== 5-Dec-2019::18:38:24 ===
           ts_search:(5:<0.242.0>) Dyn Var (RE): no Match (varname=add_dog_url), 

=INFO REPORT==== 5-Dec-2019::18:38:24 ===
           ts_search:(5:<0.240.0>) Dyn Var (RE): no Match (varname=created_user_id), 

=INFO REPORT==== 5-Dec-2019::18:38:24 ===
           ts_search:(5:<0.240.0>) Dyn Var (RE): no Match (varname=add_dog_url), 

=INFO REPORT==== 5-Dec-2019::18:38:25 ===
           ts_search:(5:<0.239.0>) Dyn Var (RE): no Match (varname=created_user_id), 

=INFO REPORT==== 5-Dec-2019::18:38:25 ===
           ts_search:(5:<0.239.0>) Dyn Var (RE): no Match (varname=add_dog_url), 

=INFO REPORT==== 5-Dec-2019::18:38:26 ===
           ts_search:(5:<0.243.0>) Dyn Var (RE): no Match (varname=created_user_id), 

=INFO REPORT==== 5-Dec-2019::18:38:26 ===
           ts_search:(5:<0.243.0>) Dyn Var (RE): no Match (varname=add_dog_url), 

=INFO REPORT==== 5-Dec-2019::18:38:27 ===
           ts_search:(5:<0.244.0>) Dyn Var (RE): no Match (varname=created_user_id), 

=INFO REPORT==== 5-Dec-2019::18:38:27 ===
           ts_search:(5:<0.244.0>) Dyn Var (RE): no Match (varname=add_dog_url), 

=INFO REPORT==== 5-Dec-2019::18:38:28 ===
           ts_search:(5:<0.251.0>) Dyn Var (RE): no Match (varname=created_user_id), 

=INFO REPORT==== 5-Dec-2019::18:38:28 ===
           ts_search:(5:<0.251.0>) Dyn Var (RE): no Match (varname=add_dog_url), 

=INFO REPORT==== 5-Dec-2019::18:38:29 ===
           ts_search:(5:<0.247.0>) Dyn Var (RE): no Match (varname=created_user_id), 

=INFO REPORT==== 5-Dec-2019::18:38:29 ===
           ts_search:(5:<0.247.0>) Dyn Var (RE): no Match (varname=add_dog_url), 

=INFO REPORT==== 5-Dec-2019::18:38:29 ===
           ts_search:(5:<0.261.0>) Dyn Var (RE): no Match (varname=created_user_id), 

=INFO REPORT==== 5-Dec-2019::18:38:29 ===
           ts_search:(5:<0.261.0>) Dyn Var (RE): no Match (varname=add_dog_url), 

=INFO REPORT==== 5-Dec-2019::18:38:29 ===
           ts_search:(5:<0.258.0>) Dyn Var (RE): no Match (varname=created_user_id), 

=INFO REPORT==== 5-Dec-2019::18:38:29 ===
           ts_search:(5:<0.258.0>) Dyn Var (RE): no Match (varname=add_dog_url), 

=INFO REPORT==== 5-Dec-2019::18:38:30 ===
           ts_search:(5:<0.256.0>) Dyn Var (RE): no Match (varname=created_user_id), 

=INFO REPORT==== 5-Dec-2019::18:38:30 ===
           ts_search:(5:<0.256.0>) Dyn Var (RE): no Match (varname=add_dog_url), 

=INFO REPORT==== 5-Dec-2019::18:38:30 ===
           ts_search:(5:<0.253.0>) Dyn Var (RE): no Match (varname=created_user_id), 

=INFO REPORT==== 5-Dec-2019::18:38:30 ===
           ts_search:(5:<0.253.0>) Dyn Var (RE): no Match (varname=add_dog_url), 

=INFO REPORT==== 5-Dec-2019::18:38:31 ===
           ts_search:(5:<0.252.0>) Dyn Var (RE): no Match (varname=created_user_id), 

=INFO REPORT==== 5-Dec-2019::18:38:31 ===
           ts_search:(5:<0.252.0>) Dyn Var (RE): no Match (varname=add_dog_url), 

=INFO REPORT==== 5-Dec-2019::18:38:31 ===
           ts_search:(5:<0.249.0>) Dyn Var (RE): no Match (varname=created_user_id), 

=INFO REPORT==== 5-Dec-2019::18:38:31 ===
           ts_search:(5:<0.249.0>) Dyn Var (RE): no Match (varname=add_dog_url), 

=INFO REPORT==== 5-Dec-2019::18:38:31 ===
           ts_search:(5:<0.250.0>) Dyn Var (RE): no Match (varname=created_user_id), 

=INFO REPORT==== 5-Dec-2019::18:38:31 ===
           ts_search:(5:<0.250.0>) Dyn Var (RE): no Match (varname=add_dog_url), 

=INFO REPORT==== 5-Dec-2019::18:38:31 ===
           ts_search:(5:<0.260.0>) Dyn Var (RE): no Match (varname=created_user_id), 

=INFO REPORT==== 5-Dec-2019::18:38:31 ===
           ts_search:(5:<0.260.0>) Dyn Var (RE): no Match (varname=add_dog_url), 

=INFO REPORT==== 5-Dec-2019::18:38:31 ===
           ts_search:(5:<0.241.0>) Dyn Var (RE): no Match (varname=created_user_id), 

=INFO REPORT==== 5-Dec-2019::18:38:31 ===
           ts_search:(5:<0.241.0>) Dyn Var (RE): no Match (varname=add_dog_url), 

=INFO REPORT==== 5-Dec-2019::18:38:31 ===
           ts_search:(5:<0.263.0>) Dyn Var (RE): no Match (varname=created_user_id), 

=INFO REPORT==== 5-Dec-2019::18:38:31 ===
           ts_search:(5:<0.263.0>) Dyn Var (RE): no Match (varname=add_dog_url), 

=INFO REPORT==== 5-Dec-2019::18:38:32 ===
           ts_search:(5:<0.246.0>) Dyn Var (RE): no Match (varname=created_user_id), 

=INFO REPORT==== 5-Dec-2019::18:38:32 ===
           ts_search:(5:<0.246.0>) Dyn Var (RE): no Match (varname=add_dog_url), 

=INFO REPORT==== 5-Dec-2019::18:38:32 ===
           ts_search:(5:<0.248.0>) Dyn Var (RE): no Match (varname=created_user_id), 

=INFO REPORT==== 5-Dec-2019::18:38:32 ===
           ts_search:(5:<0.248.0>) Dyn Var (RE): no Match (varname=add_dog_url), 

=INFO REPORT==== 5-Dec-2019::18:38:32 ===
           ts_search:(5:<0.264.0>) Dyn Var (RE): no Match (varname=created_user_id), 

=INFO REPORT==== 5-Dec-2019::18:38:32 ===
           ts_search:(5:<0.264.0>) Dyn Var (RE): no Match (varname=add_dog_url), 

=INFO REPORT==== 5-Dec-2019::18:38:32 ===
           ts_search:(5:<0.262.0>) Dyn Var (RE): no Match (varname=created_user_id), 

=INFO REPORT==== 5-Dec-2019::18:38:32 ===
           ts_search:(5:<0.262.0>) Dyn Var (RE): no Match (varname=add_dog_url), 

=INFO REPORT==== 5-Dec-2019::18:38:32 ===
           ts_search:(5:<0.257.0>) Dyn Var (RE): no Match (varname=created_user_id), 

=INFO REPORT==== 5-Dec-2019::18:38:32 ===
           ts_search:(5:<0.257.0>) Dyn Var (RE): no Match (varname=add_dog_url), 

=INFO REPORT==== 5-Dec-2019::18:38:33 ===
           ts_search:(5:<0.259.0>) Dyn Var (RE): no Match (varname=created_user_id), 

=INFO REPORT==== 5-Dec-2019::18:38:33 ===
           ts_search:(5:<0.259.0>) Dyn Var (RE): no Match (varname=add_dog_url), 

=INFO REPORT==== 5-Dec-2019::18:38:33 ===
           ts_search:(5:<0.277.0>) Dyn Var (RE): no Match (varname=created_user_id), 

=INFO REPORT==== 5-Dec-2019::18:38:33 ===
           ts_search:(5:<0.277.0>) Dyn Var (RE): no Match (varname=add_dog_url), 

=INFO REPORT==== 5-Dec-2019::18:38:34 ===
           ts_search:(5:<0.254.0>) Dyn Var (RE): no Match (varname=created_user_id), 

=INFO REPORT==== 5-Dec-2019::18:38:34 ===
           ts_search:(5:<0.254.0>) Dyn Var (RE): no Match (varname=add_dog_url), 

=INFO REPORT==== 5-Dec-2019::18:38:34 ===
           ts_search:(5:<0.266.0>) Dyn Var (RE): no Match (varname=created_user_id), 

=INFO REPORT==== 5-Dec-2019::18:38:34 ===
           ts_search:(5:<0.266.0>) Dyn Var (RE): no Match (varname=add_dog_url), 

=INFO REPORT==== 5-Dec-2019::18:38:34 ===
           ts_search:(5:<0.268.0>) Dyn Var (RE): no Match (varname=created_user_id), 

=INFO REPORT==== 5-Dec-2019::18:38:34 ===
           ts_search:(5:<0.268.0>) Dyn Var (RE): no Match (varname=add_dog_url), 

=INFO REPORT==== 5-Dec-2019::18:38:34 ===
           ts_search:(5:<0.271.0>) Dyn Var (RE): no Match (varname=created_user_id), 

=INFO REPORT==== 5-Dec-2019::18:38:34 ===
           ts_search:(5:<0.271.0>) Dyn Var (RE): no Match (varname=add_dog_url), 

=INFO REPORT==== 5-Dec-2019::18:38:34 ===
           ts_search:(5:<0.269.0>) Dyn Var (RE): no Match (varname=created_user_id), 

=INFO REPORT==== 5-Dec-2019::18:38:34 ===
           ts_search:(5:<0.269.0>) Dyn Var (RE): no Match (varname=add_dog_url), 

=INFO REPORT==== 5-Dec-2019::18:38:35 ===
           ts_search:(5:<0.273.0>) Dyn Var (RE): no Match (varname=created_user_id), 

=INFO REPORT==== 5-Dec-2019::18:38:35 ===
           ts_search:(5:<0.273.0>) Dyn Var (RE): no Match (varname=add_dog_url), 

=INFO REPORT==== 5-Dec-2019::18:38:35 ===
           ts_search:(5:<0.272.0>) Dyn Var (RE): no Match (varname=created_user_id), 

=INFO REPORT==== 5-Dec-2019::18:38:35 ===
           ts_search:(5:<0.272.0>) Dyn Var (RE): no Match (varname=add_dog_url), 

=INFO REPORT==== 5-Dec-2019::18:38:35 ===
           ts_search:(5:<0.275.0>) Dyn Var (RE): no Match (varname=created_user_id), 

=INFO REPORT==== 5-Dec-2019::18:38:35 ===
           ts_search:(5:<0.275.0>) Dyn Var (RE): no Match (varname=add_dog_url), 

=INFO REPORT==== 5-Dec-2019::18:38:36 ===
           ts_search:(5:<0.285.0>) Dyn Var (RE): no Match (varname=created_user_id), 

=INFO REPORT==== 5-Dec-2019::18:38:36 ===
           ts_search:(5:<0.285.0>) Dyn Var (RE): no Match (varname=add_dog_url), 

=INFO REPORT==== 5-Dec-2019::18:38:36 ===
           ts_search:(5:<0.278.0>) Dyn Var (RE): no Match (varname=created_user_id), 

=INFO REPORT==== 5-Dec-2019::18:38:36 ===
           ts_search:(5:<0.278.0>) Dyn Var (RE): no Match (varname=add_dog_url), 

=INFO REPORT==== 5-Dec-2019::18:38:37 ===
           ts_search:(5:<0.276.0>) Dyn Var (RE): no Match (varname=created_user_id), 

=INFO REPORT==== 5-Dec-2019::18:38:37 ===
           ts_search:(5:<0.276.0>) Dyn Var (RE): no Match (varname=add_dog_url), 

=INFO REPORT==== 5-Dec-2019::18:38:37 ===
           ts_search:(5:<0.280.0>) Dyn Var (RE): no Match (varname=created_user_id), 

=INFO REPORT==== 5-Dec-2019::18:38:37 ===
           ts_search:(5:<0.280.0>) Dyn Var (RE): no Match (varname=add_dog_url), 

=INFO REPORT==== 5-Dec-2019::18:38:38 ===
           ts_search:(5:<0.287.0>) Dyn Var (RE): no Match (varname=created_user_id), 

=INFO REPORT==== 5-Dec-2019::18:38:38 ===
           ts_search:(5:<0.287.0>) Dyn Var (RE): no Match (varname=add_dog_url), 

=INFO REPORT==== 5-Dec-2019::18:38:38 ===
           ts_search:(5:<0.267.0>) Dyn Var (RE): no Match (varname=created_user_id), 

=INFO REPORT==== 5-Dec-2019::18:38:38 ===
           ts_search:(5:<0.267.0>) Dyn Var (RE): no Match (varname=add_dog_url), 

=INFO REPORT==== 5-Dec-2019::18:38:38 ===
           ts_search:(5:<0.286.0>) Dyn Var (RE): no Match (varname=created_user_id), 

=INFO REPORT==== 5-Dec-2019::18:38:38 ===
           ts_search:(5:<0.286.0>) Dyn Var (RE): no Match (varname=add_dog_url), 

=INFO REPORT==== 5-Dec-2019::18:38:38 ===
           ts_search:(5:<0.289.0>) Dyn Var (RE): no Match (varname=created_user_id), 

=INFO REPORT==== 5-Dec-2019::18:38:38 ===
           ts_search:(5:<0.289.0>) Dyn Var (RE): no Match (varname=add_dog_url), 

=INFO REPORT==== 5-Dec-2019::18:38:39 ===
           ts_search:(5:<0.281.0>) Dyn Var (RE): no Match (varname=created_user_id), 

=INFO REPORT==== 5-Dec-2019::18:38:39 ===
           ts_search:(5:<0.281.0>) Dyn Var (RE): no Match (varname=add_dog_url), 

=INFO REPORT==== 5-Dec-2019::18:38:39 ===
           ts_search:(5:<0.297.0>) Dyn Var (RE): no Match (varname=created_user_id), 

=INFO REPORT==== 5-Dec-2019::18:38:39 ===
           ts_search:(5:<0.297.0>) Dyn Var (RE): no Match (varname=add_dog_url), 

=INFO REPORT==== 5-Dec-2019::18:38:39 ===
           ts_search:(5:<0.288.0>) Dyn Var (RE): no Match (varname=created_user_id), 

=INFO REPORT==== 5-Dec-2019::18:38:39 ===
           ts_search:(5:<0.288.0>) Dyn Var (RE): no Match (varname=add_dog_url), 

=INFO REPORT==== 5-Dec-2019::18:38:39 ===
           ts_search:(5:<0.255.0>) Dyn Var (RE): no Match (varname=created_user_id), 

=INFO REPORT==== 5-Dec-2019::18:38:39 ===
           ts_search:(5:<0.255.0>) Dyn Var (RE): no Match (varname=add_dog_url), 

=INFO REPORT==== 5-Dec-2019::18:38:39 ===
           ts_search:(5:<0.296.0>) Dyn Var (RE): no Match (varname=created_user_id), 

=INFO REPORT==== 5-Dec-2019::18:38:39 ===
           ts_search:(5:<0.296.0>) Dyn Var (RE): no Match (varname=add_dog_url), 

=INFO REPORT==== 5-Dec-2019::18:38:40 ===
           ts_search:(5:<0.298.0>) Dyn Var (RE): no Match (varname=created_user_id), 

=INFO REPORT==== 5-Dec-2019::18:38:40 ===
           ts_search:(5:<0.298.0>) Dyn Var (RE): no Match (varname=add_dog_url), 

=INFO REPORT==== 5-Dec-2019::18:38:40 ===
           ts_search:(5:<0.302.0>) Dyn Var (RE): no Match (varname=created_user_id), 

=INFO REPORT==== 5-Dec-2019::18:38:40 ===
           ts_search:(5:<0.302.0>) Dyn Var (RE): no Match (varname=add_dog_url), 

=INFO REPORT==== 5-Dec-2019::18:38:40 ===
           ts_search:(5:<0.292.0>) Dyn Var (RE): no Match (varname=created_user_id), 

=INFO REPORT==== 5-Dec-2019::18:38:40 ===
           ts_search:(5:<0.292.0>) Dyn Var (RE): no Match (varname=add_dog_url), 

=INFO REPORT==== 5-Dec-2019::18:38:40 ===
           ts_search:(5:<0.306.0>) Dyn Var (RE): no Match (varname=created_user_id), 

=INFO REPORT==== 5-Dec-2019::18:38:40 ===
           ts_search:(5:<0.306.0>) Dyn Var (RE): no Match (varname=add_dog_url), 

=INFO REPORT==== 5-Dec-2019::18:38:40 ===
           ts_search:(5:<0.265.0>) Dyn Var (RE): no Match (varname=created_user_id), 

=INFO REPORT==== 5-Dec-2019::18:38:40 ===
           ts_search:(5:<0.265.0>) Dyn Var (RE): no Match (varname=add_dog_url), 

=INFO REPORT==== 5-Dec-2019::18:38:40 ===
           ts_search:(5:<0.293.0>) Dyn Var (RE): no Match (varname=created_user_id), 

=INFO REPORT==== 5-Dec-2019::18:38:40 ===
           ts_search:(5:<0.293.0>) Dyn Var (RE): no Match (varname=add_dog_url), 

=INFO REPORT==== 5-Dec-2019::18:38:40 ===
           ts_search:(5:<0.283.0>) Dyn Var (RE): no Match (varname=created_user_id), 

=INFO REPORT==== 5-Dec-2019::18:38:40 ===
           ts_search:(5:<0.283.0>) Dyn Var (RE): no Match (varname=add_dog_url), 

=INFO REPORT==== 5-Dec-2019::18:38:41 ===
           ts_search:(5:<0.312.0>) Dyn Var (RE): no Match (varname=created_user_id), 

=INFO REPORT==== 5-Dec-2019::18:38:41 ===
           ts_search:(5:<0.312.0>) Dyn Var (RE): no Match (varname=add_dog_url), 

=INFO REPORT==== 5-Dec-2019::18:38:41 ===
           ts_search:(5:<0.308.0>) Dyn Var (RE): no Match (varname=created_user_id), 

=INFO REPORT==== 5-Dec-2019::18:38:41 ===
           ts_search:(5:<0.308.0>) Dyn Var (RE): no Match (varname=add_dog_url), 

=INFO REPORT==== 5-Dec-2019::18:38:41 ===
           ts_search:(5:<0.299.0>) Dyn Var (RE): no Match (varname=created_user_id), 

=INFO REPORT==== 5-Dec-2019::18:38:41 ===
           ts_search:(5:<0.299.0>) Dyn Var (RE): no Match (varname=add_dog_url), 

=INFO REPORT==== 5-Dec-2019::18:38:41 ===
           ts_search:(5:<0.274.0>) Dyn Var (RE): no Match (varname=created_user_id), 

=INFO REPORT==== 5-Dec-2019::18:38:41 ===
           ts_search:(5:<0.274.0>) Dyn Var (RE): no Match (varname=add_dog_url), 

=INFO REPORT==== 5-Dec-2019::18:38:41 ===
           ts_search:(5:<0.270.0>) Dyn Var (RE): no Match (varname=created_user_id), 

=INFO REPORT==== 5-Dec-2019::18:38:41 ===
           ts_search:(5:<0.270.0>) Dyn Var (RE): no Match (varname=add_dog_url), 

=INFO REPORT==== 5-Dec-2019::18:38:42 ===
           ts_search:(5:<0.315.0>) Dyn Var (RE): no Match (varname=created_user_id), 

=INFO REPORT==== 5-Dec-2019::18:38:42 ===
           ts_search:(5:<0.315.0>) Dyn Var (RE): no Match (varname=add_dog_url), 

=INFO REPORT==== 5-Dec-2019::18:38:42 ===
           ts_search:(5:<0.309.0>) Dyn Var (RE): no Match (varname=created_user_id), 

=INFO REPORT==== 5-Dec-2019::18:38:42 ===
           ts_search:(5:<0.309.0>) Dyn Var (RE): no Match (varname=add_dog_url), 

=INFO REPORT==== 5-Dec-2019::18:38:42 ===
           ts_search:(5:<0.279.0>) Dyn Var (RE): no Match (varname=created_user_id), 

=INFO REPORT==== 5-Dec-2019::18:38:42 ===
           ts_search:(5:<0.279.0>) Dyn Var (RE): no Match (varname=add_dog_url), 

=INFO REPORT==== 5-Dec-2019::18:38:42 ===
           ts_search:(5:<0.311.0>) Dyn Var (RE): no Match (varname=created_user_id), 

=INFO REPORT==== 5-Dec-2019::18:38:42 ===
           ts_search:(5:<0.311.0>) Dyn Var (RE): no Match (varname=add_dog_url), 

=INFO REPORT==== 5-Dec-2019::18:38:42 ===
           ts_search:(5:<0.313.0>) Dyn Var (RE): no Match (varname=created_user_id), 

=INFO REPORT==== 5-Dec-2019::18:38:42 ===
           ts_search:(5:<0.313.0>) Dyn Var (RE): no Match (varname=add_dog_url), 

=INFO REPORT==== 5-Dec-2019::18:38:43 ===
           ts_search:(5:<0.295.0>) Dyn Var (RE): no Match (varname=created_user_id), 

=INFO REPORT==== 5-Dec-2019::18:38:43 ===
           ts_search:(5:<0.295.0>) Dyn Var (RE): no Match (varname=add_dog_url), 

=INFO REPORT==== 5-Dec-2019::18:38:43 ===
           ts_search:(5:<0.310.0>) Dyn Var (RE): no Match (varname=created_user_id), 

=INFO REPORT==== 5-Dec-2019::18:38:43 ===
           ts_search:(5:<0.310.0>) Dyn Var (RE): no Match (varname=add_dog_url), 

=INFO REPORT==== 5-Dec-2019::18:38:43 ===
           ts_search:(5:<0.316.0>) Dyn Var (RE): no Match (varname=created_user_id), 

=INFO REPORT==== 5-Dec-2019::18:38:43 ===
           ts_search:(5:<0.316.0>) Dyn Var (RE): no Match (varname=add_dog_url), 

=INFO REPORT==== 5-Dec-2019::18:38:43 ===
           ts_search:(5:<0.303.0>) Dyn Var (RE): no Match (varname=created_user_id), 

=INFO REPORT==== 5-Dec-2019::18:38:43 ===
           ts_search:(5:<0.303.0>) Dyn Var (RE): no Match (varname=add_dog_url), 

=INFO REPORT==== 5-Dec-2019::18:38:43 ===
           ts_search:(5:<0.314.0>) Dyn Var (RE): no Match (varname=created_user_id), 

=INFO REPORT==== 5-Dec-2019::18:38:43 ===
           ts_search:(5:<0.314.0>) Dyn Var (RE): no Match (varname=add_dog_url), 

=INFO REPORT==== 5-Dec-2019::18:38:43 ===
           ts_search:(5:<0.307.0>) Dyn Var (RE): no Match (varname=created_user_id), 

=INFO REPORT==== 5-Dec-2019::18:38:43 ===
           ts_search:(5:<0.307.0>) Dyn Var (RE): no Match (varname=add_dog_url), 

=INFO REPORT==== 5-Dec-2019::18:38:43 ===
           ts_search:(5:<0.305.0>) Dyn Var (RE): no Match (varname=created_user_id), 

=INFO REPORT==== 5-Dec-2019::18:38:43 ===
           ts_search:(5:<0.305.0>) Dyn Var (RE): no Match (varname=add_dog_url), 

=INFO REPORT==== 5-Dec-2019::18:38:43 ===
           ts_search:(5:<0.301.0>) Dyn Var (RE): no Match (varname=created_user_id), 

=INFO REPORT==== 5-Dec-2019::18:38:43 ===
           ts_search:(5:<0.301.0>) Dyn Var (RE): no Match (varname=add_dog_url), 

=INFO REPORT==== 5-Dec-2019::18:38:44 ===
           ts_search:(5:<0.318.0>) Dyn Var (RE): no Match (varname=created_user_id), 

=INFO REPORT==== 5-Dec-2019::18:38:44 ===
           ts_search:(5:<0.318.0>) Dyn Var (RE): no Match (varname=add_dog_url), 

=INFO REPORT==== 5-Dec-2019::18:38:44 ===
           ts_search:(5:<0.324.0>) Dyn Var (RE): no Match (varname=created_user_id), 

=INFO REPORT==== 5-Dec-2019::18:38:44 ===
           ts_search:(5:<0.324.0>) Dyn Var (RE): no Match (varname=add_dog_url), 

=INFO REPORT==== 5-Dec-2019::18:38:44 ===
           ts_search:(5:<0.282.0>) Dyn Var (RE): no Match (varname=created_user_id), 

=INFO REPORT==== 5-Dec-2019::18:38:44 ===
           ts_search:(5:<0.282.0>) Dyn Var (RE): no Match (varname=add_dog_url), 

=INFO REPORT==== 5-Dec-2019::18:38:44 ===
           ts_search:(5:<0.294.0>) Dyn Var (RE): no Match (varname=created_user_id), 

=INFO REPORT==== 5-Dec-2019::18:38:44 ===
           ts_search:(5:<0.294.0>) Dyn Var (RE): no Match (varname=add_dog_url), 

=INFO REPORT==== 5-Dec-2019::18:38:44 ===
           ts_search:(5:<0.319.0>) Dyn Var (RE): no Match (varname=created_user_id), 

=INFO REPORT==== 5-Dec-2019::18:38:44 ===
           ts_search:(5:<0.319.0>) Dyn Var (RE): no Match (varname=add_dog_url), 

=INFO REPORT==== 5-Dec-2019::18:38:45 ===
           ts_search:(5:<0.304.0>) Dyn Var (RE): no Match (varname=created_user_id), 

=INFO REPORT==== 5-Dec-2019::18:38:45 ===
           ts_search:(5:<0.304.0>) Dyn Var (RE): no Match (varname=add_dog_url), 

=INFO REPORT==== 5-Dec-2019::18:38:45 ===
           ts_search:(5:<0.317.0>) Dyn Var (RE): no Match (varname=created_user_id), 

=INFO REPORT==== 5-Dec-2019::18:38:45 ===
           ts_search:(5:<0.317.0>) Dyn Var (RE): no Match (varname=add_dog_url), 

=INFO REPORT==== 5-Dec-2019::18:38:45 ===
           ts_search:(5:<0.300.0>) Dyn Var (RE): no Match (varname=created_user_id), 

=INFO REPORT==== 5-Dec-2019::18:38:45 ===
           ts_search:(5:<0.300.0>) Dyn Var (RE): no Match (varname=add_dog_url), 

=INFO REPORT==== 5-Dec-2019::18:38:45 ===
           ts_search:(5:<0.320.0>) Dyn Var (RE): no Match (varname=created_user_id), 

=INFO REPORT==== 5-Dec-2019::18:38:45 ===
           ts_search:(5:<0.320.0>) Dyn Var (RE): no Match (varname=add_dog_url), 

=INFO REPORT==== 5-Dec-2019::18:38:46 ===
           ts_search:(5:<0.322.0>) Dyn Var (RE): no Match (varname=created_user_id), 

=INFO REPORT==== 5-Dec-2019::18:38:46 ===
           ts_search:(5:<0.322.0>) Dyn Var (RE): no Match (varname=add_dog_url), 

=INFO REPORT==== 5-Dec-2019::18:38:46 ===
           ts_search:(5:<0.334.0>) Dyn Var (RE): no Match (varname=created_user_id), 

=INFO REPORT==== 5-Dec-2019::18:38:46 ===
           ts_search:(5:<0.334.0>) Dyn Var (RE): no Match (varname=add_dog_url), 

=INFO REPORT==== 5-Dec-2019::18:38:47 ===
           ts_search:(5:<0.332.0>) Dyn Var (RE): no Match (varname=created_user_id), 

=INFO REPORT==== 5-Dec-2019::18:38:47 ===
           ts_search:(5:<0.332.0>) Dyn Var (RE): no Match (varname=add_dog_url), 

=INFO REPORT==== 5-Dec-2019::18:38:47 ===
           ts_search:(5:<0.291.0>) Dyn Var (RE): no Match (varname=created_user_id), 

=INFO REPORT==== 5-Dec-2019::18:38:47 ===
           ts_search:(5:<0.291.0>) Dyn Var (RE): no Match (varname=add_dog_url), 

=INFO REPORT==== 5-Dec-2019::18:38:47 ===
           ts_search:(5:<0.341.0>) Dyn Var (RE): no Match (varname=created_user_id), 

=INFO REPORT==== 5-Dec-2019::18:38:47 ===
           ts_search:(5:<0.341.0>) Dyn Var (RE): no Match (varname=add_dog_url), 

=INFO REPORT==== 5-Dec-2019::18:38:47 ===
           ts_search:(5:<0.343.0>) Dyn Var (RE): no Match (varname=created_user_id), 

=INFO REPORT==== 5-Dec-2019::18:38:47 ===
           ts_search:(5:<0.343.0>) Dyn Var (RE): no Match (varname=add_dog_url), 

=INFO REPORT==== 5-Dec-2019::18:38:47 ===
           ts_search:(5:<0.337.0>) Dyn Var (RE): no Match (varname=created_user_id), 

=INFO REPORT==== 5-Dec-2019::18:38:47 ===
           ts_search:(5:<0.337.0>) Dyn Var (RE): no Match (varname=add_dog_url), 

=INFO REPORT==== 5-Dec-2019::18:38:48 ===
           ts_search:(5:<0.338.0>) Dyn Var (RE): no Match (varname=created_user_id), 

=INFO REPORT==== 5-Dec-2019::18:38:48 ===
           ts_search:(5:<0.338.0>) Dyn Var (RE): no Match (varname=add_dog_url), 

=INFO REPORT==== 5-Dec-2019::18:38:48 ===
           ts_search:(5:<0.340.0>) Dyn Var (RE): no Match (varname=created_user_id), 

=INFO REPORT==== 5-Dec-2019::18:38:48 ===
           ts_search:(5:<0.340.0>) Dyn Var (RE): no Match (varname=add_dog_url), 

=INFO REPORT==== 5-Dec-2019::18:38:49 ===
           ts_search:(5:<0.327.0>) Dyn Var (RE): no Match (varname=created_user_id), 

=INFO REPORT==== 5-Dec-2019::18:38:49 ===
           ts_search:(5:<0.327.0>) Dyn Var (RE): no Match (varname=add_dog_url), 

=INFO REPORT==== 5-Dec-2019::18:38:49 ===
           ts_search:(5:<0.339.0>) Dyn Var (RE): no Match (varname=created_user_id), 

=INFO REPORT==== 5-Dec-2019::18:38:49 ===
           ts_search:(5:<0.339.0>) Dyn Var (RE): no Match (varname=add_dog_url), 

=INFO REPORT==== 5-Dec-2019::18:38:49 ===
           ts_search:(5:<0.321.0>) Dyn Var (RE): no Match (varname=created_user_id), 

=INFO REPORT==== 5-Dec-2019::18:38:49 ===
           ts_search:(5:<0.321.0>) Dyn Var (RE): no Match (varname=add_dog_url), 

=INFO REPORT==== 5-Dec-2019::18:38:49 ===
           ts_search:(5:<0.346.0>) Dyn Var (RE): no Match (varname=created_user_id), 

=INFO REPORT==== 5-Dec-2019::18:38:49 ===
           ts_search:(5:<0.346.0>) Dyn Var (RE): no Match (varname=add_dog_url), 

=INFO REPORT==== 5-Dec-2019::18:38:50 ===
           ts_search:(5:<0.329.0>) Dyn Var (RE): no Match (varname=created_user_id), 

=INFO REPORT==== 5-Dec-2019::18:38:50 ===
           ts_search:(5:<0.329.0>) Dyn Var (RE): no Match (varname=add_dog_url), 

=INFO REPORT==== 5-Dec-2019::18:38:50 ===
           ts_search:(5:<0.325.0>) Dyn Var (RE): no Match (varname=created_user_id), 

=INFO REPORT==== 5-Dec-2019::18:38:50 ===
           ts_search:(5:<0.325.0>) Dyn Var (RE): no Match (varname=add_dog_url), 

=INFO REPORT==== 5-Dec-2019::18:38:50 ===
           ts_search:(5:<0.347.0>) Dyn Var (RE): no Match (varname=created_user_id), 

=INFO REPORT==== 5-Dec-2019::18:38:50 ===
           ts_search:(5:<0.347.0>) Dyn Var (RE): no Match (varname=add_dog_url), 

=INFO REPORT==== 5-Dec-2019::18:38:50 ===
           ts_search:(5:<0.349.0>) Dyn Var (RE): no Match (varname=created_user_id), 

=INFO REPORT==== 5-Dec-2019::18:38:50 ===
           ts_search:(5:<0.349.0>) Dyn Var (RE): no Match (varname=add_dog_url), 

=INFO REPORT==== 5-Dec-2019::18:38:51 ===
           ts_search:(5:<0.350.0>) Dyn Var (RE): no Match (varname=created_user_id), 

=INFO REPORT==== 5-Dec-2019::18:38:51 ===
           ts_search:(5:<0.350.0>) Dyn Var (RE): no Match (varname=add_dog_url), 

=INFO REPORT==== 5-Dec-2019::18:38:51 ===
         ts_launcher:(5:<0.155.0>) Phase duration exceeded, but not all users were launched (1 users, 0.8% of phase)

=INFO REPORT==== 5-Dec-2019::18:38:51 ===
         ts_launcher:(5:<0.155.0>) Start a new arrival phase (240 users, 0.008); expected duration=30.0 sec

=INFO REPORT==== 5-Dec-2019::18:38:51 ===
           ts_search:(5:<0.330.0>) Dyn Var (RE): no Match (varname=created_user_id), 

=INFO REPORT==== 5-Dec-2019::18:38:51 ===
           ts_search:(5:<0.330.0>) Dyn Var (RE): no Match (varname=add_dog_url), 

=INFO REPORT==== 5-Dec-2019::18:38:51 ===
           ts_search:(5:<0.326.0>) Dyn Var (RE): no Match (varname=created_user_id), 

=INFO REPORT==== 5-Dec-2019::18:38:51 ===
           ts_search:(5:<0.326.0>) Dyn Var (RE): no Match (varname=add_dog_url), 

=INFO REPORT==== 5-Dec-2019::18:38:51 ===
           ts_search:(5:<0.290.0>) Dyn Var (RE): no Match (varname=created_user_id), 

=INFO REPORT==== 5-Dec-2019::18:38:51 ===
           ts_search:(5:<0.290.0>) Dyn Var (RE): no Match (varname=add_dog_url), 

=INFO REPORT==== 5-Dec-2019::18:38:51 ===
           ts_search:(5:<0.342.0>) Dyn Var (RE): no Match (varname=created_user_id), 

=INFO REPORT==== 5-Dec-2019::18:38:51 ===
           ts_search:(5:<0.342.0>) Dyn Var (RE): no Match (varname=add_dog_url), 

=INFO REPORT==== 5-Dec-2019::18:38:52 ===
           ts_search:(5:<0.348.0>) Dyn Var (RE): no Match (varname=created_user_id), 

=INFO REPORT==== 5-Dec-2019::18:38:52 ===
           ts_search:(5:<0.348.0>) Dyn Var (RE): no Match (varname=add_dog_url), 

=INFO REPORT==== 5-Dec-2019::18:38:52 ===
           ts_search:(5:<0.352.0>) Dyn Var (RE): no Match (varname=created_user_id), 

=INFO REPORT==== 5-Dec-2019::18:38:52 ===
           ts_search:(5:<0.352.0>) Dyn Var (RE): no Match (varname=add_dog_url), 

=INFO REPORT==== 5-Dec-2019::18:38:52 ===
           ts_search:(5:<0.354.0>) Dyn Var (RE): no Match (varname=created_user_id), 

=INFO REPORT==== 5-Dec-2019::18:38:52 ===
           ts_search:(5:<0.354.0>) Dyn Var (RE): no Match (varname=add_dog_url), 

=INFO REPORT==== 5-Dec-2019::18:38:53 ===
           ts_search:(5:<0.331.0>) Dyn Var (RE): no Match (varname=created_user_id), 

=INFO REPORT==== 5-Dec-2019::18:38:53 ===
           ts_search:(5:<0.331.0>) Dyn Var (RE): no Match (varname=add_dog_url), 

=INFO REPORT==== 5-Dec-2019::18:38:53 ===
           ts_search:(5:<0.328.0>) Dyn Var (RE): no Match (varname=created_user_id), 

=INFO REPORT==== 5-Dec-2019::18:38:53 ===
           ts_search:(5:<0.328.0>) Dyn Var (RE): no Match (varname=add_dog_url), 

=INFO REPORT==== 5-Dec-2019::18:38:53 ===
           ts_search:(5:<0.333.0>) Dyn Var (RE): no Match (varname=created_user_id), 

=INFO REPORT==== 5-Dec-2019::18:38:53 ===
           ts_search:(5:<0.333.0>) Dyn Var (RE): no Match (varname=add_dog_url), 

=INFO REPORT==== 5-Dec-2019::18:38:53 ===
           ts_search:(5:<0.344.0>) Dyn Var (RE): no Match (varname=created_user_id), 

=INFO REPORT==== 5-Dec-2019::18:38:53 ===
           ts_search:(5:<0.344.0>) Dyn Var (RE): no Match (varname=add_dog_url), 

=INFO REPORT==== 5-Dec-2019::18:38:53 ===
           ts_search:(5:<0.353.0>) Dyn Var (RE): no Match (varname=created_user_id), 

=INFO REPORT==== 5-Dec-2019::18:38:53 ===
           ts_search:(5:<0.353.0>) Dyn Var (RE): no Match (varname=add_dog_url), 

=INFO REPORT==== 5-Dec-2019::18:38:53 ===
           ts_search:(5:<0.355.0>) Dyn Var (RE): no Match (varname=created_user_id), 

=INFO REPORT==== 5-Dec-2019::18:38:53 ===
           ts_search:(5:<0.355.0>) Dyn Var (RE): no Match (varname=add_dog_url), 

=INFO REPORT==== 5-Dec-2019::18:38:53 ===
           ts_search:(5:<0.323.0>) Dyn Var (RE): no Match (varname=created_user_id), 

=INFO REPORT==== 5-Dec-2019::18:38:53 ===
           ts_search:(5:<0.323.0>) Dyn Var (RE): no Match (varname=add_dog_url), 

=INFO REPORT==== 5-Dec-2019::18:38:54 ===
           ts_search:(5:<0.358.0>) Dyn Var (RE): no Match (varname=created_user_id), 

=INFO REPORT==== 5-Dec-2019::18:38:54 ===
           ts_search:(5:<0.358.0>) Dyn Var (RE): no Match (varname=add_dog_url), 

=INFO REPORT==== 5-Dec-2019::18:38:54 ===
           ts_search:(5:<0.351.0>) Dyn Var (RE): no Match (varname=created_user_id), 

=INFO REPORT==== 5-Dec-2019::18:38:54 ===
           ts_search:(5:<0.351.0>) Dyn Var (RE): no Match (varname=add_dog_url), 

=INFO REPORT==== 5-Dec-2019::18:38:54 ===
           ts_search:(5:<0.356.0>) Dyn Var (RE): no Match (varname=created_user_id), 

=INFO REPORT==== 5-Dec-2019::18:38:54 ===
           ts_search:(5:<0.356.0>) Dyn Var (RE): no Match (varname=add_dog_url), 

=INFO REPORT==== 5-Dec-2019::18:38:55 ===
           ts_search:(5:<0.359.0>) Dyn Var (RE): no Match (varname=created_user_id), 

=INFO REPORT==== 5-Dec-2019::18:38:55 ===
           ts_search:(5:<0.359.0>) Dyn Var (RE): no Match (varname=add_dog_url), 

=INFO REPORT==== 5-Dec-2019::18:38:56 ===
           ts_search:(5:<0.361.0>) Dyn Var (RE): no Match (varname=created_user_id), 

=INFO REPORT==== 5-Dec-2019::18:38:56 ===
           ts_search:(5:<0.361.0>) Dyn Var (RE): no Match (varname=add_dog_url), 

=INFO REPORT==== 5-Dec-2019::18:38:56 ===
           ts_search:(5:<0.345.0>) Dyn Var (RE): no Match (varname=created_user_id), 

=INFO REPORT==== 5-Dec-2019::18:38:56 ===
           ts_search:(5:<0.345.0>) Dyn Var (RE): no Match (varname=add_dog_url), 

=INFO REPORT==== 5-Dec-2019::18:38:56 ===
           ts_search:(5:<0.360.0>) Dyn Var (RE): no Match (varname=created_user_id), 

=INFO REPORT==== 5-Dec-2019::18:38:56 ===
           ts_search:(5:<0.360.0>) Dyn Var (RE): no Match (varname=add_dog_url), 

=INFO REPORT==== 5-Dec-2019::18:38:57 ===
           ts_search:(5:<0.366.0>) Dyn Var (RE): no Match (varname=created_user_id), 

=INFO REPORT==== 5-Dec-2019::18:38:57 ===
           ts_search:(5:<0.366.0>) Dyn Var (RE): no Match (varname=add_dog_url), 

=INFO REPORT==== 5-Dec-2019::18:38:57 ===
           ts_search:(5:<0.362.0>) Dyn Var (RE): no Match (varname=created_user_id), 

=INFO REPORT==== 5-Dec-2019::18:38:57 ===
           ts_search:(5:<0.362.0>) Dyn Var (RE): no Match (varname=add_dog_url), 

=INFO REPORT==== 5-Dec-2019::18:38:57 ===
           ts_search:(5:<0.371.0>) Dyn Var (RE): no Match (varname=created_user_id), 

=INFO REPORT==== 5-Dec-2019::18:38:57 ===
           ts_search:(5:<0.371.0>) Dyn Var (RE): no Match (varname=add_dog_url), 

=INFO REPORT==== 5-Dec-2019::18:38:58 ===
           ts_search:(5:<0.369.0>) Dyn Var (RE): no Match (varname=created_user_id), 

=INFO REPORT==== 5-Dec-2019::18:38:58 ===
           ts_search:(5:<0.369.0>) Dyn Var (RE): no Match (varname=add_dog_url), 

=INFO REPORT==== 5-Dec-2019::18:38:58 ===
           ts_search:(5:<0.376.0>) Dyn Var (RE): no Match (varname=created_user_id), 

=INFO REPORT==== 5-Dec-2019::18:38:58 ===
           ts_search:(5:<0.376.0>) Dyn Var (RE): no Match (varname=add_dog_url), 

=INFO REPORT==== 5-Dec-2019::18:38:59 ===
           ts_search:(5:<0.367.0>) Dyn Var (RE): no Match (varname=created_user_id), 

=INFO REPORT==== 5-Dec-2019::18:38:59 ===
           ts_search:(5:<0.367.0>) Dyn Var (RE): no Match (varname=add_dog_url), 

=INFO REPORT==== 5-Dec-2019::18:38:59 ===
           ts_search:(5:<0.375.0>) Dyn Var (RE): no Match (varname=created_user_id), 

=INFO REPORT==== 5-Dec-2019::18:38:59 ===
           ts_search:(5:<0.375.0>) Dyn Var (RE): no Match (varname=add_dog_url), 

=INFO REPORT==== 5-Dec-2019::18:38:59 ===
           ts_search:(5:<0.374.0>) Dyn Var (RE): no Match (varname=created_user_id), 

=INFO REPORT==== 5-Dec-2019::18:38:59 ===
           ts_search:(5:<0.374.0>) Dyn Var (RE): no Match (varname=add_dog_url), 

=INFO REPORT==== 5-Dec-2019::18:38:59 ===
           ts_search:(5:<0.365.0>) Dyn Var (RE): no Match (varname=created_user_id), 

=INFO REPORT==== 5-Dec-2019::18:38:59 ===
           ts_search:(5:<0.365.0>) Dyn Var (RE): no Match (varname=add_dog_url), 

=INFO REPORT==== 5-Dec-2019::18:38:59 ===
           ts_search:(5:<0.388.0>) Dyn Var (RE): no Match (varname=created_user_id), 

=INFO REPORT==== 5-Dec-2019::18:38:59 ===
           ts_search:(5:<0.388.0>) Dyn Var (RE): no Match (varname=add_dog_url), 

=INFO REPORT==== 5-Dec-2019::18:39:00 ===
           ts_search:(5:<0.380.0>) Dyn Var (RE): no Match (varname=created_user_id), 

=INFO REPORT==== 5-Dec-2019::18:39:00 ===
           ts_search:(5:<0.380.0>) Dyn Var (RE): no Match (varname=add_dog_url), 

=INFO REPORT==== 5-Dec-2019::18:39:00 ===
           ts_search:(5:<0.383.0>) Dyn Var (RE): no Match (varname=created_user_id), 

=INFO REPORT==== 5-Dec-2019::18:39:00 ===
           ts_search:(5:<0.383.0>) Dyn Var (RE): no Match (varname=add_dog_url), 

=INFO REPORT==== 5-Dec-2019::18:39:00 ===
           ts_search:(5:<0.384.0>) Dyn Var (RE): no Match (varname=created_user_id), 

=INFO REPORT==== 5-Dec-2019::18:39:00 ===
           ts_search:(5:<0.384.0>) Dyn Var (RE): no Match (varname=add_dog_url), 

=INFO REPORT==== 5-Dec-2019::18:39:00 ===
           ts_search:(5:<0.335.0>) Dyn Var (RE): no Match (varname=created_user_id), 

=INFO REPORT==== 5-Dec-2019::18:39:00 ===
           ts_search:(5:<0.335.0>) Dyn Var (RE): no Match (varname=add_dog_url), 

=INFO REPORT==== 5-Dec-2019::18:39:00 ===
           ts_search:(5:<0.368.0>) Dyn Var (RE): no Match (varname=created_user_id), 

=INFO REPORT==== 5-Dec-2019::18:39:00 ===
           ts_search:(5:<0.368.0>) Dyn Var (RE): no Match (varname=add_dog_url), 

=INFO REPORT==== 5-Dec-2019::18:39:00 ===
           ts_search:(5:<0.386.0>) Dyn Var (RE): no Match (varname=created_user_id), 

=INFO REPORT==== 5-Dec-2019::18:39:00 ===
           ts_search:(5:<0.386.0>) Dyn Var (RE): no Match (varname=add_dog_url), 

=INFO REPORT==== 5-Dec-2019::18:39:01 ===
           ts_search:(5:<0.373.0>) Dyn Var (RE): no Match (varname=created_user_id), 

=INFO REPORT==== 5-Dec-2019::18:39:01 ===
           ts_search:(5:<0.373.0>) Dyn Var (RE): no Match (varname=add_dog_url), 

=INFO REPORT==== 5-Dec-2019::18:39:01 ===
           ts_search:(5:<0.394.0>) Dyn Var (RE): no Match (varname=created_user_id), 

=INFO REPORT==== 5-Dec-2019::18:39:01 ===
           ts_search:(5:<0.394.0>) Dyn Var (RE): no Match (varname=add_dog_url), 

=INFO REPORT==== 5-Dec-2019::18:39:01 ===
           ts_search:(5:<0.390.0>) Dyn Var (RE): no Match (varname=created_user_id), 

=INFO REPORT==== 5-Dec-2019::18:39:01 ===
           ts_search:(5:<0.390.0>) Dyn Var (RE): no Match (varname=add_dog_url), 

=INFO REPORT==== 5-Dec-2019::18:39:01 ===
           ts_search:(5:<0.370.0>) Dyn Var (RE): no Match (varname=created_user_id), 

=INFO REPORT==== 5-Dec-2019::18:39:01 ===
           ts_search:(5:<0.370.0>) Dyn Var (RE): no Match (varname=add_dog_url), 

=INFO REPORT==== 5-Dec-2019::18:39:01 ===
           ts_search:(5:<0.378.0>) Dyn Var (RE): no Match (varname=created_user_id), 

=INFO REPORT==== 5-Dec-2019::18:39:01 ===
           ts_search:(5:<0.378.0>) Dyn Var (RE): no Match (varname=add_dog_url), 

=INFO REPORT==== 5-Dec-2019::18:39:01 ===
           ts_search:(5:<0.381.0>) Dyn Var (RE): no Match (varname=created_user_id), 

=INFO REPORT==== 5-Dec-2019::18:39:01 ===
           ts_search:(5:<0.381.0>) Dyn Var (RE): no Match (varname=add_dog_url), 

=INFO REPORT==== 5-Dec-2019::18:39:02 ===
           ts_search:(5:<0.377.0>) Dyn Var (RE): no Match (varname=created_user_id), 

=INFO REPORT==== 5-Dec-2019::18:39:02 ===
           ts_search:(5:<0.377.0>) Dyn Var (RE): no Match (varname=add_dog_url), 

=INFO REPORT==== 5-Dec-2019::18:39:02 ===
           ts_search:(5:<0.402.0>) Dyn Var (RE): no Match (varname=created_user_id), 

=INFO REPORT==== 5-Dec-2019::18:39:02 ===
           ts_search:(5:<0.402.0>) Dyn Var (RE): no Match (varname=add_dog_url), 

=INFO REPORT==== 5-Dec-2019::18:39:02 ===
           ts_search:(5:<0.392.0>) Dyn Var (RE): no Match (varname=created_user_id), 

=INFO REPORT==== 5-Dec-2019::18:39:02 ===
           ts_search:(5:<0.392.0>) Dyn Var (RE): no Match (varname=add_dog_url), 

=INFO REPORT==== 5-Dec-2019::18:39:02 ===
           ts_search:(5:<0.401.0>) Dyn Var (RE): no Match (varname=created_user_id), 

=INFO REPORT==== 5-Dec-2019::18:39:02 ===
           ts_search:(5:<0.401.0>) Dyn Var (RE): no Match (varname=add_dog_url), 

=INFO REPORT==== 5-Dec-2019::18:39:02 ===
           ts_search:(5:<0.385.0>) Dyn Var (RE): no Match (varname=created_user_id), 

=INFO REPORT==== 5-Dec-2019::18:39:02 ===
           ts_search:(5:<0.385.0>) Dyn Var (RE): no Match (varname=add_dog_url), 

=INFO REPORT==== 5-Dec-2019::18:39:03 ===
           ts_search:(5:<0.382.0>) Dyn Var (RE): no Match (varname=created_user_id), 

=INFO REPORT==== 5-Dec-2019::18:39:03 ===
           ts_search:(5:<0.382.0>) Dyn Var (RE): no Match (varname=add_dog_url), 

=INFO REPORT==== 5-Dec-2019::18:39:03 ===
           ts_search:(5:<0.391.0>) Dyn Var (RE): no Match (varname=created_user_id), 

=INFO REPORT==== 5-Dec-2019::18:39:03 ===
           ts_search:(5:<0.391.0>) Dyn Var (RE): no Match (varname=add_dog_url), 

=INFO REPORT==== 5-Dec-2019::18:39:03 ===
           ts_search:(5:<0.413.0>) Dyn Var (RE): no Match (varname=created_user_id), 

=INFO REPORT==== 5-Dec-2019::18:39:03 ===
           ts_search:(5:<0.413.0>) Dyn Var (RE): no Match (varname=add_dog_url), 

=INFO REPORT==== 5-Dec-2019::18:39:03 ===
           ts_search:(5:<0.399.0>) Dyn Var (RE): no Match (varname=created_user_id), 

=INFO REPORT==== 5-Dec-2019::18:39:03 ===
           ts_search:(5:<0.399.0>) Dyn Var (RE): no Match (varname=add_dog_url), 

=INFO REPORT==== 5-Dec-2019::18:39:03 ===
           ts_search:(5:<0.406.0>) Dyn Var (RE): no Match (varname=created_user_id), 

=INFO REPORT==== 5-Dec-2019::18:39:03 ===
           ts_search:(5:<0.406.0>) Dyn Var (RE): no Match (varname=add_dog_url), 

=INFO REPORT==== 5-Dec-2019::18:39:04 ===
           ts_search:(5:<0.379.0>) Dyn Var (RE): no Match (varname=created_user_id), 

=INFO REPORT==== 5-Dec-2019::18:39:04 ===
           ts_search:(5:<0.379.0>) Dyn Var (RE): no Match (varname=add_dog_url), 

=INFO REPORT==== 5-Dec-2019::18:39:04 ===
           ts_search:(5:<0.397.0>) Dyn Var (RE): no Match (varname=created_user_id), 

=INFO REPORT==== 5-Dec-2019::18:39:04 ===
           ts_search:(5:<0.397.0>) Dyn Var (RE): no Match (varname=add_dog_url), 

=INFO REPORT==== 5-Dec-2019::18:39:04 ===
           ts_search:(5:<0.414.0>) Dyn Var (RE): no Match (varname=created_user_id), 

=INFO REPORT==== 5-Dec-2019::18:39:04 ===
           ts_search:(5:<0.414.0>) Dyn Var (RE): no Match (varname=add_dog_url), 

=INFO REPORT==== 5-Dec-2019::18:39:04 ===
           ts_search:(5:<0.418.0>) Dyn Var (RE): no Match (varname=created_user_id), 

=INFO REPORT==== 5-Dec-2019::18:39:04 ===
           ts_search:(5:<0.418.0>) Dyn Var (RE): no Match (varname=add_dog_url), 

=INFO REPORT==== 5-Dec-2019::18:39:04 ===
           ts_search:(5:<0.393.0>) Dyn Var (RE): no Match (varname=created_user_id), 

=INFO REPORT==== 5-Dec-2019::18:39:04 ===
           ts_search:(5:<0.393.0>) Dyn Var (RE): no Match (varname=add_dog_url), 

=INFO REPORT==== 5-Dec-2019::18:39:04 ===
           ts_search:(5:<0.396.0>) Dyn Var (RE): no Match (varname=created_user_id), 

=INFO REPORT==== 5-Dec-2019::18:39:04 ===
           ts_search:(5:<0.396.0>) Dyn Var (RE): no Match (varname=add_dog_url), 

=INFO REPORT==== 5-Dec-2019::18:39:05 ===
           ts_search:(5:<0.422.0>) Dyn Var (RE): no Match (varname=created_user_id), 

=INFO REPORT==== 5-Dec-2019::18:39:05 ===
           ts_search:(5:<0.422.0>) Dyn Var (RE): no Match (varname=add_dog_url), 

=INFO REPORT==== 5-Dec-2019::18:39:05 ===
           ts_search:(5:<0.405.0>) Dyn Var (RE): no Match (varname=created_user_id), 

=INFO REPORT==== 5-Dec-2019::18:39:05 ===
           ts_search:(5:<0.405.0>) Dyn Var (RE): no Match (varname=add_dog_url), 

=INFO REPORT==== 5-Dec-2019::18:39:05 ===
           ts_search:(5:<0.407.0>) Dyn Var (RE): no Match (varname=created_user_id), 

=INFO REPORT==== 5-Dec-2019::18:39:05 ===
           ts_search:(5:<0.407.0>) Dyn Var (RE): no Match (varname=add_dog_url), 

=INFO REPORT==== 5-Dec-2019::18:39:05 ===
           ts_search:(5:<0.416.0>) Dyn Var (RE): no Match (varname=created_user_id), 

=INFO REPORT==== 5-Dec-2019::18:39:05 ===
           ts_search:(5:<0.416.0>) Dyn Var (RE): no Match (varname=add_dog_url), 

=INFO REPORT==== 5-Dec-2019::18:39:05 ===
           ts_search:(5:<0.364.0>) Dyn Var (RE): no Match (varname=created_user_id), 

=INFO REPORT==== 5-Dec-2019::18:39:05 ===
           ts_search:(5:<0.364.0>) Dyn Var (RE): no Match (varname=add_dog_url), 

=INFO REPORT==== 5-Dec-2019::18:39:06 ===
           ts_search:(5:<0.430.0>) Dyn Var (RE): no Match (varname=created_user_id), 

=INFO REPORT==== 5-Dec-2019::18:39:06 ===
           ts_search:(5:<0.430.0>) Dyn Var (RE): no Match (varname=add_dog_url), 

=INFO REPORT==== 5-Dec-2019::18:39:06 ===
           ts_search:(5:<0.433.0>) Dyn Var (RE): no Match (varname=created_user_id), 

=INFO REPORT==== 5-Dec-2019::18:39:06 ===
           ts_search:(5:<0.433.0>) Dyn Var (RE): no Match (varname=add_dog_url), 

=INFO REPORT==== 5-Dec-2019::18:39:06 ===
           ts_search:(5:<0.409.0>) Dyn Var (RE): no Match (varname=created_user_id), 

=INFO REPORT==== 5-Dec-2019::18:39:06 ===
           ts_search:(5:<0.409.0>) Dyn Var (RE): no Match (varname=add_dog_url), 

=INFO REPORT==== 5-Dec-2019::18:39:06 ===
           ts_search:(5:<0.395.0>) Dyn Var (RE): no Match (varname=created_user_id), 

=INFO REPORT==== 5-Dec-2019::18:39:06 ===
           ts_search:(5:<0.395.0>) Dyn Var (RE): no Match (varname=add_dog_url), 

=INFO REPORT==== 5-Dec-2019::18:39:06 ===
           ts_search:(5:<0.420.0>) Dyn Var (RE): no Match (varname=created_user_id), 

=INFO REPORT==== 5-Dec-2019::18:39:06 ===
           ts_search:(5:<0.420.0>) Dyn Var (RE): no Match (varname=add_dog_url), 

=INFO REPORT==== 5-Dec-2019::18:39:07 ===
           ts_search:(5:<0.440.0>) Dyn Var (RE): no Match (varname=created_user_id), 

=INFO REPORT==== 5-Dec-2019::18:39:07 ===
           ts_search:(5:<0.440.0>) Dyn Var (RE): no Match (varname=add_dog_url), 

=INFO REPORT==== 5-Dec-2019::18:39:07 ===
           ts_search:(5:<0.417.0>) Dyn Var (RE): no Match (varname=created_user_id), 

=INFO REPORT==== 5-Dec-2019::18:39:07 ===
           ts_search:(5:<0.417.0>) Dyn Var (RE): no Match (varname=add_dog_url), 

=INFO REPORT==== 5-Dec-2019::18:39:07 ===
           ts_search:(5:<0.408.0>) Dyn Var (RE): no Match (varname=created_user_id), 

=INFO REPORT==== 5-Dec-2019::18:39:07 ===
           ts_search:(5:<0.408.0>) Dyn Var (RE): no Match (varname=add_dog_url), 

=INFO REPORT==== 5-Dec-2019::18:39:07 ===
           ts_search:(5:<0.431.0>) Dyn Var (RE): no Match (varname=created_user_id), 

=INFO REPORT==== 5-Dec-2019::18:39:07 ===
           ts_search:(5:<0.431.0>) Dyn Var (RE): no Match (varname=add_dog_url), 

=INFO REPORT==== 5-Dec-2019::18:39:07 ===
           ts_search:(5:<0.419.0>) Dyn Var (RE): no Match (varname=created_user_id), 

=INFO REPORT==== 5-Dec-2019::18:39:07 ===
           ts_search:(5:<0.419.0>) Dyn Var (RE): no Match (varname=add_dog_url), 

=INFO REPORT==== 5-Dec-2019::18:39:07 ===
           ts_search:(5:<0.403.0>) Dyn Var (RE): no Match (varname=created_user_id), 

=INFO REPORT==== 5-Dec-2019::18:39:07 ===
           ts_search:(5:<0.403.0>) Dyn Var (RE): no Match (varname=add_dog_url), 

=INFO REPORT==== 5-Dec-2019::18:39:07 ===
           ts_search:(5:<0.421.0>) Dyn Var (RE): no Match (varname=created_user_id), 

=INFO REPORT==== 5-Dec-2019::18:39:07 ===
           ts_search:(5:<0.421.0>) Dyn Var (RE): no Match (varname=add_dog_url), 

=INFO REPORT==== 5-Dec-2019::18:39:08 ===
           ts_search:(5:<0.432.0>) Dyn Var (RE): no Match (varname=created_user_id), 

=INFO REPORT==== 5-Dec-2019::18:39:08 ===
           ts_search:(5:<0.432.0>) Dyn Var (RE): no Match (varname=add_dog_url), 

=INFO REPORT==== 5-Dec-2019::18:39:08 ===
           ts_search:(5:<0.357.0>) Dyn Var (RE): no Match (varname=created_user_id), 

=INFO REPORT==== 5-Dec-2019::18:39:08 ===
           ts_search:(5:<0.357.0>) Dyn Var (RE): no Match (varname=add_dog_url), 

=INFO REPORT==== 5-Dec-2019::18:39:08 ===
           ts_search:(5:<0.389.0>) Dyn Var (RE): no Match (varname=created_user_id), 

=INFO REPORT==== 5-Dec-2019::18:39:08 ===
           ts_search:(5:<0.389.0>) Dyn Var (RE): no Match (varname=add_dog_url), 

=INFO REPORT==== 5-Dec-2019::18:39:08 ===
           ts_search:(5:<0.437.0>) Dyn Var (RE): no Match (varname=created_user_id), 

=INFO REPORT==== 5-Dec-2019::18:39:08 ===
           ts_search:(5:<0.437.0>) Dyn Var (RE): no Match (varname=add_dog_url), 

=INFO REPORT==== 5-Dec-2019::18:39:09 ===
           ts_search:(5:<0.436.0>) Dyn Var (RE): no Match (varname=created_user_id), 

=INFO REPORT==== 5-Dec-2019::18:39:09 ===
           ts_search:(5:<0.436.0>) Dyn Var (RE): no Match (varname=add_dog_url), 

=INFO REPORT==== 5-Dec-2019::18:39:09 ===
           ts_search:(5:<0.442.0>) Dyn Var (RE): no Match (varname=created_user_id), 

=INFO REPORT==== 5-Dec-2019::18:39:09 ===
           ts_search:(5:<0.442.0>) Dyn Var (RE): no Match (varname=add_dog_url), 

=INFO REPORT==== 5-Dec-2019::18:39:09 ===
           ts_search:(5:<0.411.0>) Dyn Var (RE): no Match (varname=created_user_id), 

=INFO REPORT==== 5-Dec-2019::18:39:09 ===
           ts_search:(5:<0.411.0>) Dyn Var (RE): no Match (varname=add_dog_url), 

=INFO REPORT==== 5-Dec-2019::18:39:09 ===
           ts_search:(5:<0.423.0>) Dyn Var (RE): no Match (varname=created_user_id), 

=INFO REPORT==== 5-Dec-2019::18:39:09 ===
           ts_search:(5:<0.423.0>) Dyn Var (RE): no Match (varname=add_dog_url), 

=INFO REPORT==== 5-Dec-2019::18:39:09 ===
           ts_search:(5:<0.426.0>) Dyn Var (RE): no Match (varname=created_user_id), 

=INFO REPORT==== 5-Dec-2019::18:39:09 ===
           ts_search:(5:<0.426.0>) Dyn Var (RE): no Match (varname=add_dog_url), 

=INFO REPORT==== 5-Dec-2019::18:39:10 ===
           ts_search:(5:<0.454.0>) Dyn Var (RE): no Match (varname=created_user_id), 

=INFO REPORT==== 5-Dec-2019::18:39:10 ===
           ts_search:(5:<0.454.0>) Dyn Var (RE): no Match (varname=add_dog_url), 

=INFO REPORT==== 5-Dec-2019::18:39:10 ===
           ts_search:(5:<0.452.0>) Dyn Var (RE): no Match (varname=created_user_id), 

=INFO REPORT==== 5-Dec-2019::18:39:10 ===
           ts_search:(5:<0.452.0>) Dyn Var (RE): no Match (varname=add_dog_url), 

=INFO REPORT==== 5-Dec-2019::18:39:10 ===
           ts_search:(5:<0.435.0>) Dyn Var (RE): no Match (varname=created_user_id), 

=INFO REPORT==== 5-Dec-2019::18:39:10 ===
           ts_search:(5:<0.435.0>) Dyn Var (RE): no Match (varname=add_dog_url), 

=INFO REPORT==== 5-Dec-2019::18:39:10 ===
           ts_search:(5:<0.463.0>) Dyn Var (RE): no Match (varname=created_user_id), 

=INFO REPORT==== 5-Dec-2019::18:39:10 ===
           ts_search:(5:<0.463.0>) Dyn Var (RE): no Match (varname=add_dog_url), 

=INFO REPORT==== 5-Dec-2019::18:39:10 ===
           ts_search:(5:<0.445.0>) Dyn Var (RE): no Match (varname=created_user_id), 

=INFO REPORT==== 5-Dec-2019::18:39:10 ===
           ts_search:(5:<0.445.0>) Dyn Var (RE): no Match (varname=add_dog_url), 

=INFO REPORT==== 5-Dec-2019::18:39:10 ===
           ts_search:(5:<0.438.0>) Dyn Var (RE): no Match (varname=created_user_id), 

=INFO REPORT==== 5-Dec-2019::18:39:10 ===
           ts_search:(5:<0.438.0>) Dyn Var (RE): no Match (varname=add_dog_url), 

=INFO REPORT==== 5-Dec-2019::18:39:11 ===
           ts_search:(5:<0.372.0>) Dyn Var (RE): no Match (varname=created_user_id), 

=INFO REPORT==== 5-Dec-2019::18:39:11 ===
           ts_search:(5:<0.372.0>) Dyn Var (RE): no Match (varname=add_dog_url), 

=INFO REPORT==== 5-Dec-2019::18:39:11 ===
           ts_search:(5:<0.446.0>) Dyn Var (RE): no Match (varname=created_user_id), 

=INFO REPORT==== 5-Dec-2019::18:39:11 ===
           ts_search:(5:<0.446.0>) Dyn Var (RE): no Match (varname=add_dog_url), 

=INFO REPORT==== 5-Dec-2019::18:39:11 ===
           ts_search:(5:<0.425.0>) Dyn Var (RE): no Match (varname=created_user_id), 

=INFO REPORT==== 5-Dec-2019::18:39:11 ===
           ts_search:(5:<0.425.0>) Dyn Var (RE): no Match (varname=add_dog_url), 

=INFO REPORT==== 5-Dec-2019::18:39:11 ===
           ts_search:(5:<0.444.0>) Dyn Var (RE): no Match (varname=created_user_id), 

=INFO REPORT==== 5-Dec-2019::18:39:11 ===
           ts_search:(5:<0.444.0>) Dyn Var (RE): no Match (varname=add_dog_url), 

=INFO REPORT==== 5-Dec-2019::18:39:11 ===
           ts_search:(5:<0.460.0>) Dyn Var (RE): no Match (varname=created_user_id), 

=INFO REPORT==== 5-Dec-2019::18:39:11 ===
           ts_search:(5:<0.460.0>) Dyn Var (RE): no Match (varname=add_dog_url), 

=INFO REPORT==== 5-Dec-2019::18:39:12 ===
           ts_search:(5:<0.400.0>) Dyn Var (RE): no Match (varname=created_user_id), 

=INFO REPORT==== 5-Dec-2019::18:39:12 ===
           ts_search:(5:<0.400.0>) Dyn Var (RE): no Match (varname=add_dog_url), 

=INFO REPORT==== 5-Dec-2019::18:39:12 ===
           ts_search:(5:<0.448.0>) Dyn Var (RE): no Match (varname=created_user_id), 

=INFO REPORT==== 5-Dec-2019::18:39:12 ===
           ts_search:(5:<0.448.0>) Dyn Var (RE): no Match (varname=add_dog_url), 

=INFO REPORT==== 5-Dec-2019::18:39:12 ===
           ts_search:(5:<0.464.0>) Dyn Var (RE): no Match (varname=created_user_id), 

=INFO REPORT==== 5-Dec-2019::18:39:12 ===
           ts_search:(5:<0.464.0>) Dyn Var (RE): no Match (varname=add_dog_url), 

=INFO REPORT==== 5-Dec-2019::18:39:12 ===
           ts_search:(5:<0.458.0>) Dyn Var (RE): no Match (varname=created_user_id), 

=INFO REPORT==== 5-Dec-2019::18:39:12 ===
           ts_search:(5:<0.458.0>) Dyn Var (RE): no Match (varname=add_dog_url), 

=INFO REPORT==== 5-Dec-2019::18:39:13 ===
           ts_search:(5:<0.455.0>) Dyn Var (RE): no Match (varname=created_user_id), 

=INFO REPORT==== 5-Dec-2019::18:39:13 ===
           ts_search:(5:<0.455.0>) Dyn Var (RE): no Match (varname=add_dog_url), 

=INFO REPORT==== 5-Dec-2019::18:39:13 ===
           ts_search:(5:<0.470.0>) Dyn Var (RE): no Match (varname=created_user_id), 

=INFO REPORT==== 5-Dec-2019::18:39:13 ===
           ts_search:(5:<0.470.0>) Dyn Var (RE): no Match (varname=add_dog_url), 

=INFO REPORT==== 5-Dec-2019::18:39:14 ===
           ts_search:(5:<0.473.0>) Dyn Var (RE): no Match (varname=created_user_id), 

=INFO REPORT==== 5-Dec-2019::18:39:14 ===
           ts_search:(5:<0.473.0>) Dyn Var (RE): no Match (varname=add_dog_url), 

=INFO REPORT==== 5-Dec-2019::18:39:14 ===
           ts_search:(5:<0.483.0>) Dyn Var (RE): no Match (varname=created_user_id), 

=INFO REPORT==== 5-Dec-2019::18:39:14 ===
           ts_search:(5:<0.483.0>) Dyn Var (RE): no Match (varname=add_dog_url), 

=INFO REPORT==== 5-Dec-2019::18:39:14 ===
           ts_search:(5:<0.412.0>) Dyn Var (RE): no Match (varname=created_user_id), 

=INFO REPORT==== 5-Dec-2019::18:39:14 ===
           ts_search:(5:<0.412.0>) Dyn Var (RE): no Match (varname=add_dog_url), 

=INFO REPORT==== 5-Dec-2019::18:39:14 ===
           ts_search:(5:<0.443.0>) Dyn Var (RE): no Match (varname=created_user_id), 

=INFO REPORT==== 5-Dec-2019::18:39:14 ===
           ts_search:(5:<0.443.0>) Dyn Var (RE): no Match (varname=add_dog_url), 

=INFO REPORT==== 5-Dec-2019::18:39:14 ===
           ts_search:(5:<0.474.0>) Dyn Var (RE): no Match (varname=created_user_id), 

=INFO REPORT==== 5-Dec-2019::18:39:14 ===
           ts_search:(5:<0.474.0>) Dyn Var (RE): no Match (varname=add_dog_url), 

=INFO REPORT==== 5-Dec-2019::18:39:15 ===
           ts_search:(5:<0.476.0>) Dyn Var (RE): no Match (varname=created_user_id), 

=INFO REPORT==== 5-Dec-2019::18:39:15 ===
           ts_search:(5:<0.476.0>) Dyn Var (RE): no Match (varname=add_dog_url), 

=INFO REPORT==== 5-Dec-2019::18:39:15 ===
           ts_search:(5:<0.453.0>) Dyn Var (RE): no Match (varname=created_user_id), 

=INFO REPORT==== 5-Dec-2019::18:39:15 ===
           ts_search:(5:<0.453.0>) Dyn Var (RE): no Match (varname=add_dog_url), 

=INFO REPORT==== 5-Dec-2019::18:39:15 ===
           ts_search:(5:<0.471.0>) Dyn Var (RE): no Match (varname=created_user_id), 

=INFO REPORT==== 5-Dec-2019::18:39:15 ===
           ts_search:(5:<0.471.0>) Dyn Var (RE): no Match (varname=add_dog_url), 

=INFO REPORT==== 5-Dec-2019::18:39:15 ===
           ts_search:(5:<0.489.0>) Dyn Var (RE): no Match (varname=created_user_id), 

=INFO REPORT==== 5-Dec-2019::18:39:15 ===
           ts_search:(5:<0.489.0>) Dyn Var (RE): no Match (varname=add_dog_url), 

=INFO REPORT==== 5-Dec-2019::18:39:15 ===
           ts_search:(5:<0.450.0>) Dyn Var (RE): no Match (varname=created_user_id), 

=INFO REPORT==== 5-Dec-2019::18:39:15 ===
           ts_search:(5:<0.450.0>) Dyn Var (RE): no Match (varname=add_dog_url), 

=INFO REPORT==== 5-Dec-2019::18:39:16 ===
           ts_search:(5:<0.479.0>) Dyn Var (RE): no Match (varname=created_user_id), 

=INFO REPORT==== 5-Dec-2019::18:39:16 ===
           ts_search:(5:<0.479.0>) Dyn Var (RE): no Match (varname=add_dog_url), 

=INFO REPORT==== 5-Dec-2019::18:39:16 ===
           ts_search:(5:<0.451.0>) Dyn Var (RE): no Match (varname=created_user_id), 

=INFO REPORT==== 5-Dec-2019::18:39:16 ===
           ts_search:(5:<0.451.0>) Dyn Var (RE): no Match (varname=add_dog_url), 

=INFO REPORT==== 5-Dec-2019::18:39:16 ===
           ts_search:(5:<0.465.0>) Dyn Var (RE): no Match (varname=created_user_id), 

=INFO REPORT==== 5-Dec-2019::18:39:16 ===
           ts_search:(5:<0.465.0>) Dyn Var (RE): no Match (varname=add_dog_url), 

=INFO REPORT==== 5-Dec-2019::18:39:17 ===
           ts_search:(5:<0.481.0>) Dyn Var (RE): no Match (varname=created_user_id), 

=INFO REPORT==== 5-Dec-2019::18:39:17 ===
           ts_search:(5:<0.481.0>) Dyn Var (RE): no Match (varname=add_dog_url), 

=INFO REPORT==== 5-Dec-2019::18:39:17 ===
           ts_search:(5:<0.456.0>) Dyn Var (RE): no Match (varname=created_user_id), 

=INFO REPORT==== 5-Dec-2019::18:39:17 ===
           ts_search:(5:<0.456.0>) Dyn Var (RE): no Match (varname=add_dog_url), 

=INFO REPORT==== 5-Dec-2019::18:39:17 ===
           ts_search:(5:<0.484.0>) Dyn Var (RE): no Match (varname=created_user_id), 

=INFO REPORT==== 5-Dec-2019::18:39:17 ===
           ts_search:(5:<0.484.0>) Dyn Var (RE): no Match (varname=add_dog_url), 

=INFO REPORT==== 5-Dec-2019::18:39:17 ===
           ts_search:(5:<0.467.0>) Dyn Var (RE): no Match (varname=created_user_id), 

=INFO REPORT==== 5-Dec-2019::18:39:17 ===
           ts_search:(5:<0.467.0>) Dyn Var (RE): no Match (varname=add_dog_url), 

=INFO REPORT==== 5-Dec-2019::18:39:17 ===
           ts_search:(5:<0.495.0>) Dyn Var (RE): no Match (varname=created_user_id), 

=INFO REPORT==== 5-Dec-2019::18:39:17 ===
           ts_search:(5:<0.495.0>) Dyn Var (RE): no Match (varname=add_dog_url), 

=INFO REPORT==== 5-Dec-2019::18:39:17 ===
           ts_search:(5:<0.485.0>) Dyn Var (RE): no Match (varname=created_user_id), 

=INFO REPORT==== 5-Dec-2019::18:39:17 ===
           ts_search:(5:<0.485.0>) Dyn Var (RE): no Match (varname=add_dog_url), 

=INFO REPORT==== 5-Dec-2019::18:39:17 ===
           ts_search:(5:<0.478.0>) Dyn Var (RE): no Match (varname=created_user_id), 

=INFO REPORT==== 5-Dec-2019::18:39:17 ===
           ts_search:(5:<0.478.0>) Dyn Var (RE): no Match (varname=add_dog_url), 

=INFO REPORT==== 5-Dec-2019::18:39:17 ===
           ts_search:(5:<0.492.0>) Dyn Var (RE): no Match (varname=created_user_id), 

=INFO REPORT==== 5-Dec-2019::18:39:17 ===
           ts_search:(5:<0.492.0>) Dyn Var (RE): no Match (varname=add_dog_url), 

=INFO REPORT==== 5-Dec-2019::18:39:18 ===
           ts_search:(5:<0.472.0>) Dyn Var (RE): no Match (varname=created_user_id), 

=INFO REPORT==== 5-Dec-2019::18:39:18 ===
           ts_search:(5:<0.472.0>) Dyn Var (RE): no Match (varname=add_dog_url), 

=INFO REPORT==== 5-Dec-2019::18:39:18 ===
           ts_search:(5:<0.486.0>) Dyn Var (RE): no Match (varname=created_user_id), 

=INFO REPORT==== 5-Dec-2019::18:39:18 ===
           ts_search:(5:<0.486.0>) Dyn Var (RE): no Match (varname=add_dog_url), 

=INFO REPORT==== 5-Dec-2019::18:39:18 ===
           ts_search:(5:<0.482.0>) Dyn Var (RE): no Match (varname=created_user_id), 

=INFO REPORT==== 5-Dec-2019::18:39:18 ===
           ts_search:(5:<0.482.0>) Dyn Var (RE): no Match (varname=add_dog_url), 

=INFO REPORT==== 5-Dec-2019::18:39:18 ===
           ts_search:(5:<0.491.0>) Dyn Var (RE): no Match (varname=created_user_id), 

=INFO REPORT==== 5-Dec-2019::18:39:18 ===
           ts_search:(5:<0.491.0>) Dyn Var (RE): no Match (varname=add_dog_url), 

=INFO REPORT==== 5-Dec-2019::18:39:18 ===
           ts_search:(5:<0.493.0>) Dyn Var (RE): no Match (varname=created_user_id), 

=INFO REPORT==== 5-Dec-2019::18:39:18 ===
           ts_search:(5:<0.493.0>) Dyn Var (RE): no Match (varname=add_dog_url), 

=INFO REPORT==== 5-Dec-2019::18:39:18 ===
           ts_search:(5:<0.504.0>) Dyn Var (RE): no Match (varname=created_user_id), 

=INFO REPORT==== 5-Dec-2019::18:39:18 ===
           ts_search:(5:<0.504.0>) Dyn Var (RE): no Match (varname=add_dog_url), 

=INFO REPORT==== 5-Dec-2019::18:39:19 ===
           ts_search:(5:<0.521.0>) Dyn Var (RE): no Match (varname=created_user_id), 

=INFO REPORT==== 5-Dec-2019::18:39:19 ===
           ts_search:(5:<0.521.0>) Dyn Var (RE): no Match (varname=add_dog_url), 

=INFO REPORT==== 5-Dec-2019::18:39:19 ===
           ts_search:(5:<0.499.0>) Dyn Var (RE): no Match (varname=created_user_id), 

=INFO REPORT==== 5-Dec-2019::18:39:19 ===
           ts_search:(5:<0.499.0>) Dyn Var (RE): no Match (varname=add_dog_url), 

=INFO REPORT==== 5-Dec-2019::18:39:19 ===
           ts_search:(5:<0.512.0>) Dyn Var (RE): no Match (varname=created_user_id), 

=INFO REPORT==== 5-Dec-2019::18:39:19 ===
           ts_search:(5:<0.512.0>) Dyn Var (RE): no Match (varname=add_dog_url), 

=INFO REPORT==== 5-Dec-2019::18:39:20 ===
           ts_search:(5:<0.517.0>) Dyn Var (RE): no Match (varname=created_user_id), 

=INFO REPORT==== 5-Dec-2019::18:39:20 ===
           ts_search:(5:<0.517.0>) Dyn Var (RE): no Match (varname=add_dog_url), 

=INFO REPORT==== 5-Dec-2019::18:39:20 ===
           ts_search:(5:<0.487.0>) Dyn Var (RE): no Match (varname=created_user_id), 

=INFO REPORT==== 5-Dec-2019::18:39:20 ===
           ts_search:(5:<0.487.0>) Dyn Var (RE): no Match (varname=add_dog_url), 

=INFO REPORT==== 5-Dec-2019::18:39:20 ===
           ts_search:(5:<0.526.0>) Dyn Var (RE): no Match (varname=created_user_id), 

=INFO REPORT==== 5-Dec-2019::18:39:20 ===
           ts_search:(5:<0.526.0>) Dyn Var (RE): no Match (varname=add_dog_url), 

=INFO REPORT==== 5-Dec-2019::18:39:20 ===
           ts_search:(5:<0.520.0>) Dyn Var (RE): no Match (varname=created_user_id), 

=INFO REPORT==== 5-Dec-2019::18:39:20 ===
           ts_search:(5:<0.520.0>) Dyn Var (RE): no Match (varname=add_dog_url), 

=INFO REPORT==== 5-Dec-2019::18:39:21 ===
         ts_launcher:(5:<0.155.0>) Phase duration exceeded, but not all users were launched (20 users, 8.3% of phase)

=INFO REPORT==== 5-Dec-2019::18:39:21 ===
         ts_launcher:(5:<0.155.0>) This was the last phase, wait for connected users to finish their session

=INFO REPORT==== 5-Dec-2019::18:39:21 ===
           ts_search:(5:<0.468.0>) Dyn Var (RE): no Match (varname=created_user_id), 

=INFO REPORT==== 5-Dec-2019::18:39:21 ===
           ts_search:(5:<0.468.0>) Dyn Var (RE): no Match (varname=add_dog_url), 

=INFO REPORT==== 5-Dec-2019::18:39:21 ===
           ts_search:(5:<0.546.0>) Dyn Var (RE): no Match (varname=created_user_id), 

=INFO REPORT==== 5-Dec-2019::18:39:21 ===
           ts_search:(5:<0.546.0>) Dyn Var (RE): no Match (varname=add_dog_url), 

=INFO REPORT==== 5-Dec-2019::18:39:21 ===
           ts_search:(5:<0.516.0>) Dyn Var (RE): no Match (varname=created_user_id), 

=INFO REPORT==== 5-Dec-2019::18:39:21 ===
           ts_search:(5:<0.516.0>) Dyn Var (RE): no Match (varname=add_dog_url), 

=INFO REPORT==== 5-Dec-2019::18:39:22 ===
           ts_search:(5:<0.532.0>) Dyn Var (RE): no Match (varname=created_user_id), 

=INFO REPORT==== 5-Dec-2019::18:39:22 ===
           ts_search:(5:<0.532.0>) Dyn Var (RE): no Match (varname=add_dog_url), 

=INFO REPORT==== 5-Dec-2019::18:39:22 ===
           ts_search:(5:<0.503.0>) Dyn Var (RE): no Match (varname=created_user_id), 

=INFO REPORT==== 5-Dec-2019::18:39:22 ===
           ts_search:(5:<0.503.0>) Dyn Var (RE): no Match (varname=add_dog_url), 

=INFO REPORT==== 5-Dec-2019::18:39:22 ===
           ts_search:(5:<0.513.0>) Dyn Var (RE): no Match (varname=created_user_id), 

=INFO REPORT==== 5-Dec-2019::18:39:22 ===
           ts_search:(5:<0.513.0>) Dyn Var (RE): no Match (varname=add_dog_url), 

=INFO REPORT==== 5-Dec-2019::18:39:22 ===
           ts_search:(5:<0.509.0>) Dyn Var (RE): no Match (varname=created_user_id), 

=INFO REPORT==== 5-Dec-2019::18:39:22 ===
           ts_search:(5:<0.509.0>) Dyn Var (RE): no Match (varname=add_dog_url), 

=INFO REPORT==== 5-Dec-2019::18:39:23 ===
           ts_search:(5:<0.555.0>) Dyn Var (RE): no Match (varname=created_user_id), 

=INFO REPORT==== 5-Dec-2019::18:39:23 ===
           ts_search:(5:<0.555.0>) Dyn Var (RE): no Match (varname=add_dog_url), 

=INFO REPORT==== 5-Dec-2019::18:39:23 ===
           ts_search:(5:<0.502.0>) Dyn Var (RE): no Match (varname=created_user_id), 

=INFO REPORT==== 5-Dec-2019::18:39:23 ===
           ts_search:(5:<0.502.0>) Dyn Var (RE): no Match (varname=add_dog_url), 

=INFO REPORT==== 5-Dec-2019::18:39:23 ===
           ts_search:(5:<0.531.0>) Dyn Var (RE): no Match (varname=created_user_id), 

=INFO REPORT==== 5-Dec-2019::18:39:23 ===
           ts_search:(5:<0.531.0>) Dyn Var (RE): no Match (varname=add_dog_url), 

=INFO REPORT==== 5-Dec-2019::18:39:23 ===
           ts_search:(5:<0.511.0>) Dyn Var (RE): no Match (varname=created_user_id), 

=INFO REPORT==== 5-Dec-2019::18:39:23 ===
           ts_search:(5:<0.511.0>) Dyn Var (RE): no Match (varname=add_dog_url), 

=INFO REPORT==== 5-Dec-2019::18:39:23 ===
           ts_search:(5:<0.480.0>) Dyn Var (RE): no Match (varname=created_user_id), 

=INFO REPORT==== 5-Dec-2019::18:39:23 ===
           ts_search:(5:<0.480.0>) Dyn Var (RE): no Match (varname=add_dog_url), 

=INFO REPORT==== 5-Dec-2019::18:39:24 ===
           ts_search:(5:<0.538.0>) Dyn Var (RE): no Match (varname=created_user_id), 

=INFO REPORT==== 5-Dec-2019::18:39:24 ===
           ts_search:(5:<0.538.0>) Dyn Var (RE): no Match (varname=add_dog_url), 

=INFO REPORT==== 5-Dec-2019::18:39:24 ===
           ts_search:(5:<0.528.0>) Dyn Var (RE): no Match (varname=created_user_id), 

=INFO REPORT==== 5-Dec-2019::18:39:24 ===
           ts_search:(5:<0.528.0>) Dyn Var (RE): no Match (varname=add_dog_url), 

=INFO REPORT==== 5-Dec-2019::18:39:24 ===
           ts_search:(5:<0.506.0>) Dyn Var (RE): no Match (varname=created_user_id), 

=INFO REPORT==== 5-Dec-2019::18:39:24 ===
           ts_search:(5:<0.506.0>) Dyn Var (RE): no Match (varname=add_dog_url), 

=INFO REPORT==== 5-Dec-2019::18:39:24 ===
           ts_search:(5:<0.536.0>) Dyn Var (RE): no Match (varname=created_user_id), 

=INFO REPORT==== 5-Dec-2019::18:39:24 ===
           ts_search:(5:<0.536.0>) Dyn Var (RE): no Match (varname=add_dog_url), 

=INFO REPORT==== 5-Dec-2019::18:39:24 ===
           ts_search:(5:<0.549.0>) Dyn Var (RE): no Match (varname=created_user_id), 

=INFO REPORT==== 5-Dec-2019::18:39:24 ===
           ts_search:(5:<0.549.0>) Dyn Var (RE): no Match (varname=add_dog_url), 

=INFO REPORT==== 5-Dec-2019::18:39:25 ===
           ts_search:(5:<0.507.0>) Dyn Var (RE): no Match (varname=created_user_id), 

=INFO REPORT==== 5-Dec-2019::18:39:25 ===
           ts_search:(5:<0.507.0>) Dyn Var (RE): no Match (varname=add_dog_url), 

=INFO REPORT==== 5-Dec-2019::18:39:25 ===
           ts_search:(5:<0.553.0>) Dyn Var (RE): no Match (varname=created_user_id), 

=INFO REPORT==== 5-Dec-2019::18:39:25 ===
           ts_search:(5:<0.553.0>) Dyn Var (RE): no Match (varname=add_dog_url), 

=INFO REPORT==== 5-Dec-2019::18:39:25 ===
           ts_search:(5:<0.505.0>) Dyn Var (RE): no Match (varname=created_user_id), 

=INFO REPORT==== 5-Dec-2019::18:39:25 ===
           ts_search:(5:<0.505.0>) Dyn Var (RE): no Match (varname=add_dog_url), 

=INFO REPORT==== 5-Dec-2019::18:39:25 ===
           ts_search:(5:<0.551.0>) Dyn Var (RE): no Match (varname=created_user_id), 

=INFO REPORT==== 5-Dec-2019::18:39:25 ===
           ts_search:(5:<0.551.0>) Dyn Var (RE): no Match (varname=add_dog_url), 

=INFO REPORT==== 5-Dec-2019::18:39:25 ===
           ts_search:(5:<0.498.0>) Dyn Var (RE): no Match (varname=created_user_id), 

=INFO REPORT==== 5-Dec-2019::18:39:25 ===
           ts_search:(5:<0.498.0>) Dyn Var (RE): no Match (varname=add_dog_url), 

=INFO REPORT==== 5-Dec-2019::18:39:25 ===
           ts_search:(5:<0.494.0>) Dyn Var (RE): no Match (varname=created_user_id), 

=INFO REPORT==== 5-Dec-2019::18:39:25 ===
           ts_search:(5:<0.494.0>) Dyn Var (RE): no Match (varname=add_dog_url), 

=INFO REPORT==== 5-Dec-2019::18:39:25 ===
           ts_search:(5:<0.540.0>) Dyn Var (RE): no Match (varname=created_user_id), 

=INFO REPORT==== 5-Dec-2019::18:39:25 ===
           ts_search:(5:<0.540.0>) Dyn Var (RE): no Match (varname=add_dog_url), 

=INFO REPORT==== 5-Dec-2019::18:39:25 ===
           ts_search:(5:<0.541.0>) Dyn Var (RE): no Match (varname=created_user_id), 

=INFO REPORT==== 5-Dec-2019::18:39:25 ===
           ts_search:(5:<0.541.0>) Dyn Var (RE): no Match (varname=add_dog_url), 

=INFO REPORT==== 5-Dec-2019::18:39:26 ===
           ts_search:(5:<0.547.0>) Dyn Var (RE): no Match (varname=created_user_id), 

=INFO REPORT==== 5-Dec-2019::18:39:26 ===
           ts_search:(5:<0.547.0>) Dyn Var (RE): no Match (varname=add_dog_url), 

=INFO REPORT==== 5-Dec-2019::18:39:26 ===
           ts_search:(5:<0.556.0>) Dyn Var (RE): no Match (varname=created_user_id), 

=INFO REPORT==== 5-Dec-2019::18:39:26 ===
           ts_search:(5:<0.556.0>) Dyn Var (RE): no Match (varname=add_dog_url), 

=INFO REPORT==== 5-Dec-2019::18:39:26 ===
           ts_search:(5:<0.544.0>) Dyn Var (RE): no Match (varname=created_user_id), 

=INFO REPORT==== 5-Dec-2019::18:39:26 ===
           ts_search:(5:<0.544.0>) Dyn Var (RE): no Match (varname=add_dog_url), 

=INFO REPORT==== 5-Dec-2019::18:39:26 ===
           ts_search:(5:<0.558.0>) Dyn Var (RE): no Match (varname=created_user_id), 

=INFO REPORT==== 5-Dec-2019::18:39:26 ===
           ts_search:(5:<0.558.0>) Dyn Var (RE): no Match (varname=add_dog_url), 

=INFO REPORT==== 5-Dec-2019::18:39:26 ===
           ts_search:(5:<0.559.0>) Dyn Var (RE): no Match (varname=created_user_id), 

=INFO REPORT==== 5-Dec-2019::18:39:26 ===
           ts_search:(5:<0.559.0>) Dyn Var (RE): no Match (varname=add_dog_url), 

=INFO REPORT==== 5-Dec-2019::18:39:26 ===
           ts_search:(5:<0.554.0>) Dyn Var (RE): no Match (varname=created_user_id), 

=INFO REPORT==== 5-Dec-2019::18:39:26 ===
           ts_search:(5:<0.554.0>) Dyn Var (RE): no Match (varname=add_dog_url), 

=INFO REPORT==== 5-Dec-2019::18:39:27 ===
           ts_search:(5:<0.535.0>) Dyn Var (RE): no Match (varname=created_user_id), 

=INFO REPORT==== 5-Dec-2019::18:39:27 ===
           ts_search:(5:<0.535.0>) Dyn Var (RE): no Match (varname=add_dog_url), 

=INFO REPORT==== 5-Dec-2019::18:39:27 ===
           ts_search:(5:<0.510.0>) Dyn Var (RE): no Match (varname=created_user_id), 

=INFO REPORT==== 5-Dec-2019::18:39:27 ===
           ts_search:(5:<0.510.0>) Dyn Var (RE): no Match (varname=add_dog_url), 

=INFO REPORT==== 5-Dec-2019::18:39:27 ===
           ts_search:(5:<0.562.0>) Dyn Var (RE): no Match (varname=created_user_id), 

=INFO REPORT==== 5-Dec-2019::18:39:27 ===
           ts_search:(5:<0.562.0>) Dyn Var (RE): no Match (varname=add_dog_url), 

=INFO REPORT==== 5-Dec-2019::18:39:27 ===
           ts_search:(5:<0.514.0>) Dyn Var (RE): no Match (varname=created_user_id), 

=INFO REPORT==== 5-Dec-2019::18:39:27 ===
           ts_search:(5:<0.514.0>) Dyn Var (RE): no Match (varname=add_dog_url), 

=INFO REPORT==== 5-Dec-2019::18:39:27 ===
           ts_search:(5:<0.529.0>) Dyn Var (RE): no Match (varname=created_user_id), 

=INFO REPORT==== 5-Dec-2019::18:39:27 ===
           ts_search:(5:<0.529.0>) Dyn Var (RE): no Match (varname=add_dog_url), 

=INFO REPORT==== 5-Dec-2019::18:39:27 ===
           ts_search:(5:<0.552.0>) Dyn Var (RE): no Match (varname=created_user_id), 

=INFO REPORT==== 5-Dec-2019::18:39:27 ===
           ts_search:(5:<0.552.0>) Dyn Var (RE): no Match (varname=add_dog_url), 

=INFO REPORT==== 5-Dec-2019::18:39:27 ===
           ts_search:(5:<0.500.0>) Dyn Var (RE): no Match (varname=created_user_id), 

=INFO REPORT==== 5-Dec-2019::18:39:27 ===
           ts_search:(5:<0.500.0>) Dyn Var (RE): no Match (varname=add_dog_url), 

=INFO REPORT==== 5-Dec-2019::18:39:27 ===
           ts_search:(5:<0.557.0>) Dyn Var (RE): no Match (varname=created_user_id), 

=INFO REPORT==== 5-Dec-2019::18:39:27 ===
           ts_search:(5:<0.557.0>) Dyn Var (RE): no Match (varname=add_dog_url), 

=INFO REPORT==== 5-Dec-2019::18:39:28 ===
           ts_search:(5:<0.519.0>) Dyn Var (RE): no Match (varname=created_user_id), 

=INFO REPORT==== 5-Dec-2019::18:39:28 ===
           ts_search:(5:<0.519.0>) Dyn Var (RE): no Match (varname=add_dog_url), 

=INFO REPORT==== 5-Dec-2019::18:39:28 ===
           ts_search:(5:<0.550.0>) Dyn Var (RE): no Match (varname=created_user_id), 

=INFO REPORT==== 5-Dec-2019::18:39:28 ===
           ts_search:(5:<0.550.0>) Dyn Var (RE): no Match (varname=add_dog_url), 

=INFO REPORT==== 5-Dec-2019::18:39:28 ===
           ts_search:(5:<0.530.0>) Dyn Var (RE): no Match (varname=created_user_id), 

=INFO REPORT==== 5-Dec-2019::18:39:28 ===
           ts_search:(5:<0.530.0>) Dyn Var (RE): no Match (varname=add_dog_url), 

=INFO REPORT==== 5-Dec-2019::18:39:28 ===
           ts_search:(5:<0.548.0>) Dyn Var (RE): no Match (varname=created_user_id), 

=INFO REPORT==== 5-Dec-2019::18:39:28 ===
           ts_search:(5:<0.548.0>) Dyn Var (RE): no Match (varname=add_dog_url), 

=INFO REPORT==== 5-Dec-2019::18:39:28 ===
           ts_search:(5:<0.542.0>) Dyn Var (RE): no Match (varname=created_user_id), 

=INFO REPORT==== 5-Dec-2019::18:39:28 ===
           ts_search:(5:<0.542.0>) Dyn Var (RE): no Match (varname=add_dog_url), 

=INFO REPORT==== 5-Dec-2019::18:39:28 ===
           ts_search:(5:<0.527.0>) Dyn Var (RE): no Match (varname=created_user_id), 

=INFO REPORT==== 5-Dec-2019::18:39:28 ===
           ts_search:(5:<0.527.0>) Dyn Var (RE): no Match (varname=add_dog_url), 

=INFO REPORT==== 5-Dec-2019::18:39:29 ===
           ts_search:(5:<0.534.0>) Dyn Var (RE): no Match (varname=created_user_id), 

=INFO REPORT==== 5-Dec-2019::18:39:29 ===
           ts_search:(5:<0.534.0>) Dyn Var (RE): no Match (varname=add_dog_url), 

=INFO REPORT==== 5-Dec-2019::18:39:29 ===
           ts_search:(5:<0.570.0>) Dyn Var (RE): no Match (varname=created_user_id), 

=INFO REPORT==== 5-Dec-2019::18:39:29 ===
           ts_search:(5:<0.570.0>) Dyn Var (RE): no Match (varname=add_dog_url), 

=INFO REPORT==== 5-Dec-2019::18:39:29 ===
           ts_search:(5:<0.565.0>) Dyn Var (RE): no Match (varname=created_user_id), 

=INFO REPORT==== 5-Dec-2019::18:39:29 ===
           ts_search:(5:<0.565.0>) Dyn Var (RE): no Match (varname=add_dog_url), 

=INFO REPORT==== 5-Dec-2019::18:39:30 ===
           ts_search:(5:<0.564.0>) Dyn Var (RE): no Match (varname=created_user_id), 

=INFO REPORT==== 5-Dec-2019::18:39:30 ===
           ts_search:(5:<0.564.0>) Dyn Var (RE): no Match (varname=add_dog_url), 

=INFO REPORT==== 5-Dec-2019::18:39:30 ===
           ts_search:(5:<0.567.0>) Dyn Var (RE): no Match (varname=created_user_id), 

=INFO REPORT==== 5-Dec-2019::18:39:30 ===
           ts_search:(5:<0.567.0>) Dyn Var (RE): no Match (varname=add_dog_url), 

=INFO REPORT==== 5-Dec-2019::18:39:30 ===
           ts_search:(5:<0.539.0>) Dyn Var (RE): no Match (varname=created_user_id), 

=INFO REPORT==== 5-Dec-2019::18:39:30 ===
           ts_search:(5:<0.539.0>) Dyn Var (RE): no Match (varname=add_dog_url), 

=INFO REPORT==== 5-Dec-2019::18:39:30 ===
           ts_search:(5:<0.545.0>) Dyn Var (RE): no Match (varname=created_user_id), 

=INFO REPORT==== 5-Dec-2019::18:39:30 ===
           ts_search:(5:<0.545.0>) Dyn Var (RE): no Match (varname=add_dog_url), 

=INFO REPORT==== 5-Dec-2019::18:39:30 ===
           ts_search:(5:<0.575.0>) Dyn Var (RE): no Match (varname=created_user_id), 

=INFO REPORT==== 5-Dec-2019::18:39:30 ===
           ts_search:(5:<0.575.0>) Dyn Var (RE): no Match (varname=add_dog_url), 

=INFO REPORT==== 5-Dec-2019::18:39:30 ===
           ts_search:(5:<0.569.0>) Dyn Var (RE): no Match (varname=created_user_id), 

=INFO REPORT==== 5-Dec-2019::18:39:30 ===
           ts_search:(5:<0.569.0>) Dyn Var (RE): no Match (varname=add_dog_url), 

=INFO REPORT==== 5-Dec-2019::18:39:30 ===
           ts_search:(5:<0.560.0>) Dyn Var (RE): no Match (varname=created_user_id), 

=INFO REPORT==== 5-Dec-2019::18:39:30 ===
           ts_search:(5:<0.560.0>) Dyn Var (RE): no Match (varname=add_dog_url), 

=INFO REPORT==== 5-Dec-2019::18:39:30 ===
           ts_search:(5:<0.573.0>) Dyn Var (RE): no Match (varname=created_user_id), 

=INFO REPORT==== 5-Dec-2019::18:39:30 ===
           ts_search:(5:<0.573.0>) Dyn Var (RE): no Match (varname=add_dog_url), 

=INFO REPORT==== 5-Dec-2019::18:39:31 ===
           ts_search:(5:<0.578.0>) Dyn Var (RE): no Match (varname=created_user_id), 

=INFO REPORT==== 5-Dec-2019::18:39:31 ===
           ts_search:(5:<0.578.0>) Dyn Var (RE): no Match (varname=add_dog_url), 

=INFO REPORT==== 5-Dec-2019::18:39:31 ===
           ts_search:(5:<0.580.0>) Dyn Var (RE): no Match (varname=created_user_id), 

=INFO REPORT==== 5-Dec-2019::18:39:31 ===
           ts_search:(5:<0.580.0>) Dyn Var (RE): no Match (varname=add_dog_url), 

=INFO REPORT==== 5-Dec-2019::18:39:31 ===
           ts_search:(5:<0.568.0>) Dyn Var (RE): no Match (varname=created_user_id), 

=INFO REPORT==== 5-Dec-2019::18:39:31 ===
           ts_search:(5:<0.568.0>) Dyn Var (RE): no Match (varname=add_dog_url), 

=INFO REPORT==== 5-Dec-2019::18:39:31 ===
           ts_search:(5:<0.577.0>) Dyn Var (RE): no Match (varname=created_user_id), 

=INFO REPORT==== 5-Dec-2019::18:39:31 ===
           ts_search:(5:<0.577.0>) Dyn Var (RE): no Match (varname=add_dog_url), 

=INFO REPORT==== 5-Dec-2019::18:39:32 ===
           ts_search:(5:<0.518.0>) Dyn Var (RE): no Match (varname=created_user_id), 

=INFO REPORT==== 5-Dec-2019::18:39:32 ===
           ts_search:(5:<0.518.0>) Dyn Var (RE): no Match (varname=add_dog_url), 

=INFO REPORT==== 5-Dec-2019::18:39:32 ===
           ts_search:(5:<0.586.0>) Dyn Var (RE): no Match (varname=created_user_id), 

=INFO REPORT==== 5-Dec-2019::18:39:32 ===
           ts_search:(5:<0.586.0>) Dyn Var (RE): no Match (varname=add_dog_url), 

=INFO REPORT==== 5-Dec-2019::18:39:32 ===
           ts_search:(5:<0.524.0>) Dyn Var (RE): no Match (varname=created_user_id), 

=INFO REPORT==== 5-Dec-2019::18:39:32 ===
           ts_search:(5:<0.524.0>) Dyn Var (RE): no Match (varname=add_dog_url), 

=INFO REPORT==== 5-Dec-2019::18:39:32 ===
           ts_search:(5:<0.571.0>) Dyn Var (RE): no Match (varname=created_user_id), 

=INFO REPORT==== 5-Dec-2019::18:39:32 ===
           ts_search:(5:<0.571.0>) Dyn Var (RE): no Match (varname=add_dog_url), 

=INFO REPORT==== 5-Dec-2019::18:39:32 ===
           ts_search:(5:<0.522.0>) Dyn Var (RE): no Match (varname=created_user_id), 

=INFO REPORT==== 5-Dec-2019::18:39:32 ===
           ts_search:(5:<0.522.0>) Dyn Var (RE): no Match (varname=add_dog_url), 

=INFO REPORT==== 5-Dec-2019::18:39:32 ===
           ts_search:(5:<0.563.0>) Dyn Var (RE): no Match (varname=created_user_id), 

=INFO REPORT==== 5-Dec-2019::18:39:32 ===
           ts_search:(5:<0.563.0>) Dyn Var (RE): no Match (varname=add_dog_url), 

=INFO REPORT==== 5-Dec-2019::18:39:33 ===
           ts_search:(5:<0.574.0>) Dyn Var (RE): no Match (varname=created_user_id), 

=INFO REPORT==== 5-Dec-2019::18:39:33 ===
           ts_search:(5:<0.574.0>) Dyn Var (RE): no Match (varname=add_dog_url), 

=INFO REPORT==== 5-Dec-2019::18:39:33 ===
           ts_search:(5:<0.515.0>) Dyn Var (RE): no Match (varname=created_user_id), 

=INFO REPORT==== 5-Dec-2019::18:39:33 ===
           ts_search:(5:<0.515.0>) Dyn Var (RE): no Match (varname=add_dog_url), 

=INFO REPORT==== 5-Dec-2019::18:39:34 ===
           ts_search:(5:<0.592.0>) Dyn Var (RE): no Match (varname=created_user_id), 

=INFO REPORT==== 5-Dec-2019::18:39:34 ===
           ts_search:(5:<0.592.0>) Dyn Var (RE): no Match (varname=add_dog_url), 

=INFO REPORT==== 5-Dec-2019::18:39:34 ===
           ts_search:(5:<0.583.0>) Dyn Var (RE): no Match (varname=created_user_id), 

=INFO REPORT==== 5-Dec-2019::18:39:34 ===
           ts_search:(5:<0.583.0>) Dyn Var (RE): no Match (varname=add_dog_url), 

=INFO REPORT==== 5-Dec-2019::18:39:34 ===
           ts_search:(5:<0.590.0>) Dyn Var (RE): no Match (varname=created_user_id), 

=INFO REPORT==== 5-Dec-2019::18:39:34 ===
           ts_search:(5:<0.590.0>) Dyn Var (RE): no Match (varname=add_dog_url), 

=INFO REPORT==== 5-Dec-2019::18:39:35 ===
           ts_search:(5:<0.585.0>) Dyn Var (RE): no Match (varname=created_user_id), 

=INFO REPORT==== 5-Dec-2019::18:39:35 ===
           ts_search:(5:<0.585.0>) Dyn Var (RE): no Match (varname=add_dog_url), 

=INFO REPORT==== 5-Dec-2019::18:39:35 ===
           ts_search:(5:<0.525.0>) Dyn Var (RE): no Match (varname=created_user_id), 

=INFO REPORT==== 5-Dec-2019::18:39:35 ===
           ts_search:(5:<0.525.0>) Dyn Var (RE): no Match (varname=add_dog_url), 

=INFO REPORT==== 5-Dec-2019::18:43:16 ===
     ts_launcher_mgr:(5:<0.149.0>) No more active users 'tsung_controller@ip-172-31-30-247' "3283"

=INFO REPORT==== 5-Dec-2019::18:43:16 ===
              ts_mon:(5:<0.103.0>) stopping monitor (normal)
