# stats: dump at 1575511231
stats: users 12 12
stats: {load,"tsung_controller@ip-172-31-22-181"} 1 0.0 0 0.0 0.0 0 0
stats: {cpu,"tsung_controller@ip-172-31-22-181"} 1 1.8417948751182713 0 1.8417948751182713 1.8417948751182713 0 0
stats: {freemem,"tsung_controller@ip-172-31-22-181"} 1 3520.9921875 0 3520.9921875 3520.9921875 0 0
stats: users_count 12 12
stats: finish_users_count 0 0
stats: request 40 108.27734999999996 209.45722802991904 959.421 4.105 0 0
stats: connect 12 2.57225 3.3025216659647616 13.446 1.258 0 0
stats: page 40 108.27734999999996 209.45722802991904 959.421 4.105 0 0
stats: 302 6 6
stats: 200 28 28
stats: size_rcv 180637 180637
stats: size_sent 29008 29008
stats: connected 12 12
stats: 404 6 6
# stats: dump at 1575511241
stats: users 25 25
stats: {load,"tsung_controller@ip-172-31-22-181"} 1 0.0 0.0 0.0 0.0 0.0 1
stats: {recvpackets,"tsung_controller@ip-172-31-22-181"} 1 228 0 228 228 0 0
stats: {sentpackets,"tsung_controller@ip-172-31-22-181"} 1 197 0 197 197 0 0
stats: {cpu,"tsung_controller@ip-172-31-22-181"} 1 0.8 0.0 1.8417948751182713 0.8 1.8417948751182713 1
stats: {freemem,"tsung_controller@ip-172-31-22-181"} 1 3518.92578125 0.0 3520.9921875 3518.92578125 3520.9921875 1
stats: users_count 13 25
stats: finish_users_count 0 0
stats: request 51 701.875274509804 1639.1761445549416 5341.301 1.058 108.27734999999996 40
stats: connect 13 1.4023846153846153 0.24994262063415162 13.446 0.991 2.57225 12
stats: page 51 701.875274509804 1639.1761445549416 5341.301 1.058 108.27734999999996 40
stats: 302 3 9
stats: 200 38 66
stats: size_rcv 246864 427501
stats: size_sent 40480 69488
stats: connected 12 24
stats: 400 1 1
stats: 404 3 9
stats: 500 6 6
# stats: dump at 1575511251
stats: users 30 30
stats: {load,"tsung_controller@ip-172-31-22-181"} 1 0.0 0.0 0.0 0.0 0.0 2
stats: {recvpackets,"tsung_controller@ip-172-31-22-181"} 1 359.0 0.0 359 228 228.0 1
stats: {sentpackets,"tsung_controller@ip-172-31-22-181"} 1 292.0 0.0 292 197 197.0 1
stats: {cpu,"tsung_controller@ip-172-31-22-181"} 1 0.40040040040040037 0.0 1.8417948751182713 0.40040040040040037 1.3208974375591356 2
stats: {freemem,"tsung_controller@ip-172-31-22-181"} 1 3514.84375 0.0 3520.9921875 3514.84375 3519.958984375 2
stats: users_count 5 30
stats: finish_users_count 0 0
stats: request 72 1367.7419444444429 2289.3761650480246 5616.098 0.58 440.9531098901099 91
stats: connect 17 1.5960588235294118 0.3228369595045544 13.446 0.991 1.9639199999999999 25
stats: page 72 1367.7419444444429 2289.3761650480246 5616.098 0.58 440.9531098901099 91
stats: 302 0 9
stats: 200 22 88
stats: size_rcv 201123 628624
stats: size_sent 51945 121433
stats: connected 4 28
stats: 400 13 14
stats: 404 0 9
stats: 500 37 43
# stats: dump at 1575511261
stats: users 42 42
stats: {load,"tsung_controller@ip-172-31-22-181"} 1 0.0 0.0 0.0 0.0 0.0 3
stats: {recvpackets,"tsung_controller@ip-172-31-22-181"} 1 285.0 0.0 359 228 293.5 2
stats: {sentpackets,"tsung_controller@ip-172-31-22-181"} 1 230.0 0.0 292 197 244.5 2
stats: {cpu,"tsung_controller@ip-172-31-22-181"} 1 0.5020080321285141 0.0 1.8417948751182713 0.40040040040040037 1.014065091839557 3
stats: {freemem,"tsung_controller@ip-172-31-22-181"} 1 3512.55859375 0.0 3520.9921875 3512.55859375 3518.25390625 3
stats: session 2 24983.5285 5664.660499999999 30648.189 19318.868 0 0
stats: users_count 14 44
stats: finish_users_count 2 2
stats: request 76 513.6513947368421 1475.1132312771974 5616.098 0.58 850.3322269938643 163
stats: connect 21 1.6570952380952384 0.45438120190429415 13.446 0.991 1.8150238095238094 42
stats: page 70 557.6869285714287 1529.038306361675 5616.098 0.58 850.3322269938643 163
stats: 302 0 9
stats: 200 28 116
stats: size_rcv 231272 859896
stats: newphase 1 1
stats: 422 1 1
stats: size_sent 51059 172492
stats: connected 14 42
stats: 400 12 26
stats: 404 0 9
stats: 500 35 78
# stats: dump at 1575511271
stats: users 53 55
stats: {load,"tsung_controller@ip-172-31-22-181"} 1 0.0 0.0 0.0 0.0 0.0 4
stats: {recvpackets,"tsung_controller@ip-172-31-22-181"} 1 411.0 0.0 411 228 290.6666666666667 3
stats: {sentpackets,"tsung_controller@ip-172-31-22-181"} 1 357.0 0.0 357 197 239.66666666666666 3
stats: {cpu,"tsung_controller@ip-172-31-22-181"} 1 0.802407221664995 0.0 1.8417948751182713 0.40040040040040037 0.8860508269117964 4
stats: {freemem,"tsung_controller@ip-172-31-22-181"} 1 3510.234375 0.0 3520.9921875 3510.234375 3516.830078125 4
stats: session 4 32558.18275 6391.426786498901 43337.441 19318.868 24983.5285 2
stats: users_count 15 59
stats: finish_users_count 4 6
stats: request 147 803.8087755102044 1811.6963091503846 5764.299 0.58 743.2705397489534 239
stats: connect 24 1.7725416666666665 0.8830780910715402 13.446 0.941 1.7623809523809524 63
stats: page 134 881.7977014925378 1879.6457139416325 5764.299 0.58 762.413038626609 233
stats: 302 0 9
stats: 200 51 167
stats: size_rcv 442228 1302124
stats: newphase 0 1
stats: 422 4 5
stats: size_sent 106511 279003
stats: connected 8 50
stats: 400 25 51
stats: 404 0 9
stats: 500 67 145
# stats: dump at 1575511281
stats: users 81 81
stats: {load,"tsung_controller@ip-172-31-22-181"} 1 0.0 0.0 0.0 0.0 0.0 5
stats: {recvpackets,"tsung_controller@ip-172-31-22-181"} 1 684.0 0.0 684 228 320.75 4
stats: {sentpackets,"tsung_controller@ip-172-31-22-181"} 1 566.0 0.0 566 197 269.0 4
stats: {cpu,"tsung_controller@ip-172-31-22-181"} 1 0.8040201005025126 0.0 1.8417948751182713 0.40040040040040037 0.8693221058624362 5
stats: {freemem,"tsung_controller@ip-172-31-22-181"} 1 3505.67578125 0.0 3520.9921875 3505.67578125 3515.5109375 5
stats: session 1 36843.079 0.0 43337.441 19318.868 30033.298 6
stats: users_count 29 88
stats: finish_users_count 1 7
stats: request 175 1034.901445714286 5191.634736209926 49702.576 0.533 766.3252564766838 386
stats: connect 38 1.8502105263157893 1.36353735320064 13.446 0.91 1.765183908045977 87
stats: page 157 1151.8569363057325 5469.490595335575 49702.576 0.533 806.0030790190734 367
stats: 302 11 20
stats: 200 72 239
stats: size_rcv 565543 1867667
stats: newphase 0 1
stats: 422 2 7
stats: size_sent 141254 420257
stats: connected 29 79
stats: 400 25 76
stats: 404 15 24
stats: 500 50 195
# stats: dump at 1575511291
stats: users 98 98
stats: {load,"tsung_controller@ip-172-31-22-181"} 1 0.0 0.0 0.0 0.0 0.0 6
stats: {recvpackets,"tsung_controller@ip-172-31-22-181"} 1 765.0 0.0 765 228 393.4 5
stats: {sentpackets,"tsung_controller@ip-172-31-22-181"} 1 622.0 0.0 622 197 328.4 5
stats: {cpu,"tsung_controller@ip-172-31-22-181"} 1 0.7049345417925479 0.0 1.8417948751182713 0.40040040040040037 0.8584384383024489 6
stats: {freemem,"tsung_controller@ip-172-31-22-181"} 1 3500.71875 0.0 3520.9921875 3500.71875 3513.8717447916665 6
stats: session 6 46579.60966666666 10343.034289466972 55990.188 19318.868 31006.12385714286 7
stats: users_count 23 111
stats: finish_users_count 6 13
stats: request 221 1858.4383257918523 6507.383078939165 56043.978 0.47 850.1057076648842 561
stats: connect 35 1.7656571428571428 1.3184638234997392 13.446 0.82 1.791032 125
stats: page 198 2072.8055808080803 6844.888933931109 56043.978 0.47 909.6272309160304 524
stats: 302 10 30
stats: 200 74 313
stats: size_rcv 631540 2499207
stats: newphase 1 2
stats: 422 6 13
stats: size_sent 165876 586133
stats: connected 14 93
stats: 400 38 114
stats: 404 9 33
stats: 500 84 279
# stats: dump at 1575511301
stats: users 130 130
stats: {load,"tsung_controller@ip-172-31-22-181"} 1 0.0 0.0 0.0 0.0 0.0 7
stats: {recvpackets,"tsung_controller@ip-172-31-22-181"} 1 976.0 0.0 976 228 455.3333333333333 6
stats: {sentpackets,"tsung_controller@ip-172-31-22-181"} 1 848.0 0.0 848 197 377.3333333333333 6
stats: {cpu,"tsung_controller@ip-172-31-22-181"} 1 1.7085427135678393 0.0 1.8417948751182713 0.40040040040040037 0.8365093102296058 7
stats: {freemem,"tsung_controller@ip-172-31-22-181"} 1 3493.59375 0.0 3520.9921875 3493.59375 3511.992745535714 7
stats: session 9 48075.80577777778 11579.151859171532 66726.46 19318.868 38193.88653846154 13
stats: users_count 41 152
stats: finish_users_count 9 22
stats: request 297 1120.5623400673396 1874.4140910123638 56043.978 0.47 1135.069273657288 782
stats: connect 56 1.5258214285714293 0.4770281927555996 13.446 0.82 1.7854812500000001 160
stats: page 261 1271.2166398467432 1967.2848716169115 56043.978 0.47 1228.6151994459833 722
stats: 302 0 30
stats: 200 110 423
stats: size_rcv 900333 3399540
stats: newphase 0 2
stats: 422 9 22
stats: size_sent 216519 802652
stats: connected 28 121
stats: 400 55 169
stats: 404 1 34
stats: 500 122 401
# stats: dump at 1575511311
stats: users 160 160
stats: {load,"tsung_controller@ip-172-31-22-181"} 1 0.078125 0.0 0.078125 0.0 0.0 8
stats: {recvpackets,"tsung_controller@ip-172-31-22-181"} 1 1370.0 0.0 1370 228 529.7142857142857 7
stats: {sentpackets,"tsung_controller@ip-172-31-22-181"} 1 1192.0 0.0 1192 197 444.57142857142856 7
stats: {cpu,"tsung_controller@ip-172-31-22-181"} 1 5.015045135406218 0.0 5.015045135406218 0.40040040040040037 0.945513485646885 8
stats: {freemem,"tsung_controller@ip-172-31-22-181"} 1 3485.82421875 0.0 3520.9921875 3485.82421875 3509.69287109375 8
stats: session 9 53581.07455555556 14154.559649518276 72867.257 19318.868 42236.489863636365 22
stats: users_count 39 191
stats: finish_users_count 9 31
stats: request 265 1910.3374905660378 1972.6210042773794 56043.978 0.47 1131.076169601482 1079
stats: connect 71 1.5153380281690132 0.9601525545404118 13.446 0.716 1.7181620370370372 216
stats: page 249 2035.9277710843373 2021.5131844816074 56043.978 0.47 1239.926466937945 983
stats: 302 0 30
stats: 200 97 520
stats: size_rcv 806656 4206196
stats: newphase 0 2
stats: 422 9 31
stats: size_sent 205874 1008526
stats: connected 32 153
stats: 400 46 215
stats: 404 0 34
stats: 500 113 514
# stats: dump at 1575511321
stats: users 224 224
stats: {load,"tsung_controller@ip-172-31-22-181"} 1 0.0703125 0.0 0.078125 0.0 0.008680555555555556 9
stats: {recvpackets,"tsung_controller@ip-172-31-22-181"} 1 1380.0 0.0 1380 228 634.75 8
stats: {sentpackets,"tsung_controller@ip-172-31-22-181"} 1 1180.0 0.0 1192 197 538.0 8
stats: {cpu,"tsung_controller@ip-172-31-22-181"} 1 2.3023023023023024 0.0 5.015045135406218 0.40040040040040037 1.3976836689534775 9
stats: {freemem,"tsung_controller@ip-172-31-22-181"} 1 3483.484375 0.0 3520.9921875 3483.484375 3507.0407986111113 9
stats: session 7 69665.9242857143 15837.904602253764 86306.776 19318.868 45530.07896774194 31
stats: users_count 71 262
stats: finish_users_count 7 38
stats: request 330 2490.0557333333363 2003.1073945292007 56043.978 0.454 1284.7251651785707 1344
stats: connect 96 1.4918229166666672 1.0531597595133229 13.446 0.716 1.66798606271777 287
stats: page 312 2609.9644871794876 2099.590917251424 56043.978 0.454 1400.8066006493505 1232
stats: 302 0 30
stats: 200 139 659
stats: size_rcv 1090987 5297183
stats: newphase 1 3
stats: 422 7 38
stats: size_sent 221736 1230262
stats: connected 62 215
stats: 400 45 260
stats: 404 0 34
stats: 500 139 653
# stats: dump at 1575511331
stats: users 288 288
stats: {load,"tsung_controller@ip-172-31-22-181"} 1 0.05859375 0.0 0.078125 0.0 0.01484375 10
stats: {recvpackets,"tsung_controller@ip-172-31-22-181"} 1 1705.0 0.0 1705 228 717.5555555555555 9
stats: {sentpackets,"tsung_controller@ip-172-31-22-181"} 1 1471.0 0.0 1471 197 609.3333333333334 9
stats: {cpu,"tsung_controller@ip-172-31-22-181"} 1 2.6078234704112337 0.0 5.015045135406218 0.40040040040040037 1.4881455322883599 10
stats: {freemem,"tsung_controller@ip-172-31-22-181"} 1 3471.34375 0.0 3520.9921875 3471.34375 3504.68515625 10
stats: session 2 75322.89300000001 7544.278000000002 86306.776 19318.868 49976.155736842105 38
stats: users_count 66 328
stats: finish_users_count 2 40
stats: request 361 3133.311772853184 2262.8110123542046 56043.978 0.454 1522.3351338112307 1674
stats: connect 103 3.0019805825242707 6.1444034761149 45.883 0.716 1.6238302872062664 383
stats: page 344 3191.1410872093 2364.858867059825 56043.978 0.454 1645.1442046632123 1544
stats: 302 0 30
stats: 200 140 799
stats: size_rcv 1059499 6356682
stats: newphase 0 3
stats: 422 2 40
stats: 502 51 51
stats: size_sent 271272 1501534
stats: connected 64 279
stats: 400 54 314
stats: 404 0 34
stats: 500 114 767
# stats: dump at 1575511341
stats: users 360 361
stats: {load,"tsung_controller@ip-172-31-22-181"} 1 0.05078125 0.0 0.078125 0.0 0.018821022727272728 11
stats: {recvpackets,"tsung_controller@ip-172-31-22-181"} 1 1850.0 0.0 1850 228 816.3 10
stats: {sentpackets,"tsung_controller@ip-172-31-22-181"} 1 1588.0 0.0 1588 197 695.5 10
stats: {cpu,"tsung_controller@ip-172-31-22-181"} 1 3.015075376884422 0.0 5.015045135406218 0.40040040040040037 1.5899344357540757 11
stats: {freemem,"tsung_controller@ip-172-31-22-181"} 1 3447.4921875 0.0 3520.9921875 3447.4921875 3501.654119318182 11
stats: session 6 71630.59850000001 6057.041080464145 86306.776 19318.868 51243.492600000005 40
stats: users_count 78 406
stats: finish_users_count 6 46
stats: request 719 2366.2687566063987 5215.265731664938 59806.162 0.444 1808.1152648648645 2035
stats: connect 142 1.5475563380281683 0.9421990274827324 45.883 0.716 1.9159074074074072 486
stats: page 661 2542.4363585476563 5511.3510585723025 59806.162 0.444 1926.830077330508 1888
stats: 302 0 30
stats: 504 4 4
stats: 200 109 908
stats: size_rcv 988113 7344795
stats: newphase 0 3
stats: 422 1 41
stats: 502 393 444
stats: size_sent 474149 1975683
stats: connected 61 340
stats: 400 96 410
stats: 404 0 34
stats: 500 116 883
# stats: dump at 1575511351
stats: users 356 369
stats: {load,"tsung_controller@ip-172-31-22-181"} 1 0.0390625 0.0 0.078125 0.0 0.021484375 12
stats: {recvpackets,"tsung_controller@ip-172-31-22-181"} 1 2185.0 0.0 2185 228 910.2727272727273 11
stats: {sentpackets,"tsung_controller@ip-172-31-22-181"} 1 2258.0 0.0 2258 197 776.6363636363636 11
stats: {cpu,"tsung_controller@ip-172-31-22-181"} 1 4.246713852376137 0.0 5.015045135406218 0.40040040040040037 1.7086961808482712 12
stats: {freemem,"tsung_controller@ip-172-31-22-181"} 1 3438.484375 0.0 3520.9921875 3438.484375 3497.140625 12
stats: session 16 62521.6040625 19396.38763377328 115180.353 19318.868 53902.68032608696 46
stats: users_count 12 418
stats: finish_users_count 16 62
stats: request 648 2127.517882716049 4024.0308059764866 59806.162 0.444 1953.8350762527232 2754
stats: connect 91 1.8593296703296696 2.507992420090134 45.883 0.716 1.8326178343949042 628
stats: page 574 2298.835952961673 4371.069086664463 59806.162 0.444 2086.4674848960376 2549
stats: 302 0 30
stats: 504 1 5
stats: 200 62 970
stats: size_rcv 694864 8039659
stats: newphase 0 3
stats: 422 7 48
stats: 502 379 823
stats: size_sent 468079 2443762
stats: connected -3 337
stats: 400 100 510
stats: 404 0 34
stats: 500 99 982
# stats: dump at 1575511361
stats: users 333 369
stats: {load,"tsung_controller@ip-172-31-22-181"} 1 0.26953125 0.0 0.26953125 0.0 0.02283653846153846 13
stats: {recvpackets,"tsung_controller@ip-172-31-22-181"} 1 1784.0 0.0 2185 228 1016.5 12
stats: {sentpackets,"tsung_controller@ip-172-31-22-181"} 1 1821.0 0.0 2258 197 900.0833333333334 12
stats: {cpu,"tsung_controller@ip-172-31-22-181"} 1 3.420523138832998 0.0 5.015045135406218 0.40040040040040037 1.903928309427338 13
stats: {freemem,"tsung_controller@ip-172-31-22-181"} 1 3436.0703125 0.0 3520.9921875 3436.0703125 3492.628605769231 13
stats: session 23 70046.30582608693 14345.519423018091 115180.353 19318.868 56126.91870967742 62
stats: users_count 0 418
stats: finish_users_count 23 85
stats: request 562 3348.866284697506 3183.7396877392644 59806.162 0.444 1986.917515579071 3402
stats: connect 55 1.3160909090909088 1.1016693328799998 45.883 0.716 1.8359986091794154 719
stats: page 459 4069.029376906317 4008.1635632675716 59806.162 0.444 2125.500306115914 3123
stats: 302 0 30
stats: 504 0 5
stats: 200 31 1001
stats: size_rcv 743149 8782808
stats: newphase 0 3
stats: 422 16 64
stats: 502 159 982
stats: size_sent 421417 2865179
stats: connected -10 327
stats: 400 108 618
stats: 404 0 34
stats: 500 248 1230
# stats: dump at 1575511371
stats: users 242 369
stats: {load,"tsung_controller@ip-172-31-22-181"} 1 0.23046875 0.0 0.26953125 0.0 0.04045758928571429 14
stats: {recvpackets,"tsung_controller@ip-172-31-22-181"} 1 1685.0 0.0 2185 228 1075.5384615384614 13
stats: {sentpackets,"tsung_controller@ip-172-31-22-181"} 1 1433.0 0.0 2258 197 970.9230769230769 13
stats: {cpu,"tsung_controller@ip-172-31-22-181"} 1 2.4024024024024024 0.0 5.015045135406218 0.40040040040040037 2.012256511527742 14
stats: {freemem,"tsung_controller@ip-172-31-22-181"} 1 3434.6328125 0.0 3520.9921875 3434.6328125 3488.5887276785716 14
stats: session 91 63636.68052747252 16859.45648408952 115180.353 19318.868 59893.34110588234 85
stats: users_count 0 418
stats: finish_users_count 91 176
stats: request 960 633.642304166665 1673.1427711750307 59806.162 0.438 2180.0091422805244 3964
stats: connect 26 1.2278461538461534 0.2685510540643124 45.883 0.716 1.799054263565891 774
stats: page 699 1064.742862660944 2377.884115623933 59806.162 0.438 2374.54548855388 3582
stats: 302 0 30
stats: 504 0 5
stats: 200 3 1004
stats: size_rcv 1359202 10142010
stats: newphase 0 3
stats: 422 90 154
stats: 502 0 982
stats: size_sent 634195 3499374
stats: connected -88 239
stats: 400 285 903
stats: 404 0 34
stats: 500 582 1812
# stats: dump at 1575511381
stats: users 160 369
stats: {load,"tsung_controller@ip-172-31-22-181"} 1 0.19921875 0.0 0.26953125 0.0 0.053125 15
stats: {recvpackets,"tsung_controller@ip-172-31-22-181"} 1 2007.0 0.0 2185 228 1119.0714285714284 14
stats: {sentpackets,"tsung_controller@ip-172-31-22-181"} 1 1898.0 0.0 2258 197 1003.9285714285714 14
stats: {cpu,"tsung_controller@ip-172-31-22-181"} 1 1.7223910840932117 0.0 5.015045135406218 0.40040040040040037 2.0382662375860527 15
stats: {freemem,"tsung_controller@ip-172-31-22-181"} 1 3436.47265625 0.0 3520.9921875 3434.6328125 3484.991666666667 15
stats: session 82 59570.08220731708 19217.932076543624 147454.154 19318.868 61828.81773863635 176
stats: users_count 0 418
stats: finish_users_count 82 258
stats: request 641 91.0072277691109 648.7873043609981 59806.162 0.438 1878.5241372867579 4924
stats: connect 6 1.2185 0.1821846590687591 45.883 0.716 1.7804899999999995 800
stats: page 436 133.85171330275244 783.7171927443414 59806.162 0.438 2160.68142980612 4281
stats: 302 0 30
stats: 504 0 5
stats: 200 0 1004
stats: size_rcv 874618 11016628
stats: newphase 0 3
stats: 422 83 237
stats: 502 0 982
stats: size_sent 475272 3974646
stats: connected -80 159
stats: 400 208 1111
stats: 404 1 35
stats: 500 349 2161
# stats: dump at 1575511391
stats: users 108 369
stats: {load,"tsung_controller@ip-172-31-22-181"} 1 0.16015625 0.0 0.26953125 0.0 0.062255859375 16
stats: {recvpackets,"tsung_controller@ip-172-31-22-181"} 1 1153.0 0.0 2185 228 1178.2666666666667 15
stats: {sentpackets,"tsung_controller@ip-172-31-22-181"} 1 1251.0 0.0 2258 197 1063.5333333333333 15
stats: {cpu,"tsung_controller@ip-172-31-22-181"} 1 0.9081735620585267 0.0 5.015045135406218 0.40040040040040037 2.0185240404927502 16
stats: {freemem,"tsung_controller@ip-172-31-22-181"} 1 3436.1171875 0.0 3520.9921875 3434.6328125 3481.959228515625 16
stats: session 52 69420.25528846154 24878.758727333705 159965.236 19318.868 61110.925050387596 258
stats: users_count 0 418
stats: finish_users_count 52 310
stats: request 419 32.37248687350832 281.960963887688 59806.162 0.438 1672.6304555256056 5565
stats: connect 0 0 0 45.883 0.716 1.7763064516129026 806
stats: page 269 50.505910780669225 351.1587802755988 59806.162 0.438 1973.3382548229808 4717
stats: 302 0 30
stats: 504 0 5
stats: 200 0 1004
stats: size_rcv 549167 11565795
stats: newphase 0 3
stats: 422 52 289
stats: 502 0 982
stats: size_sent 305891 4280537
stats: connected -52 107
stats: 400 150 1261
stats: 404 6 41
stats: 500 211 2372
# stats: dump at 1575511401
stats: users 59 369
stats: {load,"tsung_controller@ip-172-31-22-181"} 1 0.140625 0.0 0.26953125 0.0 0.06801470588235294 17
stats: {recvpackets,"tsung_controller@ip-172-31-22-181"} 1 749.0 0.0 2185 228 1176.6875 16
stats: {sentpackets,"tsung_controller@ip-172-31-22-181"} 1 850.0 0.0 2258 197 1075.25 16
stats: {cpu,"tsung_controller@ip-172-31-22-181"} 1 0.8056394763343404 0.0 5.015045135406218 0.40040040040040037 1.9532093064672078 17
stats: {freemem,"tsung_controller@ip-172-31-22-181"} 1 3436.00390625 0.0 3520.9921875 3434.6328125 3479.262637867647 17
stats: session 49 67300.67167346936 11290.337775052143 159965.236 19318.868 62504.748187096775 310
stats: users_count 0 418
stats: finish_users_count 49 359
stats: request 318 4.951729559748432 1.2865945820987938 59806.162 0.438 1557.779504846256 5984
stats: connect 0 0 0 45.883 0.716 1.7763064516129026 806
stats: page 202 7.832999999999999 2.5503799018115627 59806.162 0.438 1869.5994059366226 4986
stats: 302 0 30
stats: 504 0 5
stats: 200 0 1004
stats: size_rcv 413482 11979277
stats: newphase 0 3
stats: 422 48 337
stats: 502 0 982
stats: size_sent 234496 4515033
stats: connected -50 57
stats: 400 116 1377
stats: 404 0 41
stats: 500 154 2526
# stats: dump at 1575511411
stats: users 36 369
stats: {load,"tsung_controller@ip-172-31-22-181"} 1 0.12109375 0.0 0.26953125 0.0 0.0720486111111111 18
stats: {recvpackets,"tsung_controller@ip-172-31-22-181"} 1 546.0 0.0 2185 228 1151.5294117647059 17
stats: {sentpackets,"tsung_controller@ip-172-31-22-181"} 1 631.0 0.0 2258 197 1062.0 17
stats: {cpu,"tsung_controller@ip-172-31-22-181"} 1 0.6024096385542169 0.0 5.015045135406218 0.40040040040040037 1.889455427015382 18
stats: {freemem,"tsung_controller@ip-172-31-22-181"} 1 3435.79296875 0.0 3520.9921875 3434.6328125 3476.859375 18
stats: session 23 76576.1885652174 12412.111915152804 159965.236 19318.868 63159.34498607243 359
stats: users_count 0 418
stats: finish_users_count 23 382
stats: request 136 5.02403676470588 1.0682670161368852 59806.162 0.438 1479.4235491907325 6302
stats: connect 2 6.093 4.521 45.883 0.716 1.7763064516129026 806
stats: page 88 7.801454545454541 2.608167533786417 59806.162 0.438 1797.10965767155 5188
stats: 302 0 30
stats: 504 0 5
stats: 200 0 1004
stats: size_rcv 179659 12158936
stats: newphase 0 3
stats: 422 23 360
stats: 502 0 982
stats: size_sent 103022 4618055
stats: connected -21 36
stats: 400 48 1425
stats: 404 0 41
stats: 500 65 2591
# stats: dump at 1575511421
stats: users 23 369
stats: {load,"tsung_controller@ip-172-31-22-181"} 1 0.1015625 0.0 0.26953125 0.0 0.07462993421052631 19
stats: {recvpackets,"tsung_controller@ip-172-31-22-181"} 1 231.0 0.0 2185 228 1117.888888888889 18
stats: {sentpackets,"tsung_controller@ip-172-31-22-181"} 1 265.0 0.0 2258 197 1038.0555555555557 18
stats: {cpu,"tsung_controller@ip-172-31-22-181"} 1 0.4008016032064128 0.0 5.015045135406218 0.40040040040040037 1.82171617499111 19
stats: {freemem,"tsung_controller@ip-172-31-22-181"} 1 3435.81640625 0.0 3520.9921875 3434.6328125 3474.6979851973683 19
stats: session 13 89739.9693846154 13522.920775221788 159965.236 19318.868 63967.16541099477 382
stats: users_count 0 418
stats: finish_users_count 13 395
stats: request 93 493.9970967741935 4685.2141498761375 59806.162 0.438 1448.2774892823852 6438
stats: connect 1 1.251 0.0 45.883 0.716 1.7869913366336627 808
stats: page 59 778.7186779661018 5863.393582117368 59806.162 0.438 1767.2652448824872 5276
stats: 302 0 30
stats: 504 0 5
stats: 200 1 1005
stats: size_rcv 122598 12281534
stats: newphase 0 3
stats: 422 14 374
stats: 502 0 982
stats: size_sent 69723 4687778
stats: connected -16 20
stats: 400 34 1459
stats: 404 1 42
stats: 500 43 2634
# stats: dump at 1575511431
stats: users 15 369
stats: {load,"tsung_controller@ip-172-31-22-181"} 1 0.078125 0.0 0.26953125 0.0 0.0759765625 20
stats: {recvpackets,"tsung_controller@ip-172-31-22-181"} 1 172.0 0.0 2185 172 1071.2105263157894 19
stats: {sentpackets,"tsung_controller@ip-172-31-22-181"} 1 189.0 0.0 2258 189 997.3684210526316 19
stats: {cpu,"tsung_controller@ip-172-31-22-181"} 1 0.1004016064257028 0.0 5.015045135406218 0.1004016064257028 1.750670446401875 20
stats: {freemem,"tsung_controller@ip-172-31-22-181"} 1 3435.94140625 0.0 3520.9921875 3434.6328125 3472.75390625 20
stats: session 8 102664.505125 19408.691274835408 159965.236 19318.868 64815.38427594938 395
stats: users_count 0 418
stats: finish_users_count 8 403
stats: request 63 677.9307301587304 5295.817988293478 59806.162 0.438 1434.6887468994023 6531
stats: connect 2 1.4335 0.26550000000000007 45.883 0.716 1.7863288009888745 809
stats: page 41 1041.737243902439 6535.717686743312 59806.162 0.438 1756.3328648547333 5335
stats: 302 0 30
stats: 504 0 5
stats: 200 1 1006
stats: size_rcv 84224 12365758
stats: newphase 0 3
stats: 422 8 382
stats: 502 0 982
stats: size_sent 41017 4728795
stats: connected -6 14
stats: 400 22 1481
stats: 404 2 44
stats: 500 30 2664
# stats: dump at 1575511441
stats: users 7 369
stats: {load,"tsung_controller@ip-172-31-22-181"} 1 0.0703125 0.0 0.26953125 0.0 0.07607886904761904 21
stats: {recvpackets,"tsung_controller@ip-172-31-22-181"} 1 118.0 0.0 2185 118 1026.2499999999998 20
stats: {sentpackets,"tsung_controller@ip-172-31-22-181"} 1 137.0 0.0 2258 137 956.95 20
stats: {cpu,"tsung_controller@ip-172-31-22-181"} 1 0.10030090270812438 0.0 5.015045135406218 0.10030090270812438 1.6720862159268193 21
stats: {freemem,"tsung_controller@ip-172-31-22-181"} 1 3435.98828125 0.0 3520.9921875 3434.6328125 3471.000930059524 21
stats: session 8 109885.09312500001 17967.720366697074 159965.236 19318.868 65566.73158808934 403
stats: users_count 0 418
stats: finish_users_count 8 411
stats: request 43 956.1908604651163 6161.777387428868 59806.162 0.438 1427.4585747649373 6594
stats: connect 0 0 0 45.883 0.716 1.7854586929716392 811
stats: page 26 1581.4419615384618 7861.526584440927 59806.162 0.438 1750.8830098586313 5376
stats: 302 0 30
stats: 504 0 5
stats: 200 1 1007
stats: size_rcv 55731 12421489
stats: newphase 0 3
stats: 422 8 390
stats: 502 0 982
stats: size_sent 31500 4760295
stats: connected -8 6
stats: 400 17 1498
stats: 404 2 46
stats: 500 15 2679
# stats: dump at 1575511451
stats: users 5 369
stats: {load,"tsung_controller@ip-172-31-22-181"} 1 0.05859375 0.0 0.26953125 0.0 0.07581676136363635 22
stats: {recvpackets,"tsung_controller@ip-172-31-22-181"} 1 81.0 0.0 2185 81 982.9999999999998 21
stats: {sentpackets,"tsung_controller@ip-172-31-22-181"} 1 91.0 0.0 2258 91 917.9047619047619 21
stats: {cpu,"tsung_controller@ip-172-31-22-181"} 1 0.3003003003003003 0.0 5.015045135406218 0.10030090270812438 1.6006414289623334 22
stats: {freemem,"tsung_controller@ip-172-31-22-181"} 1 3436.1484375 0.0 3520.9921875 3434.6328125 3469.4094460227275 22
stats: session 2 145861.21649999998 31019.58849999999 176880.805 19318.868 66429.37609489053 411
stats: users_count 0 418
stats: finish_users_count 2 413
stats: request 28 1477.6725714285712 7644.618605670053 59806.162 0.438 1424.4053109838778 6637
stats: connect 0 0 0 45.883 0.716 1.7854586929716392 811
stats: page 17 2433.8628235294113 9691.603480633854 59806.162 0.438 1750.0674846353209 5402
stats: 302 0 30
stats: 504 0 5
stats: 200 1 1008
stats: size_rcv 36988 12458477
stats: newphase 0 3
stats: 422 2 392
stats: 502 0 982
stats: size_sent 22610 4782905
stats: connected -2 4
stats: 400 11 1509
stats: 404 4 50
stats: 500 10 2689
# stats: dump at 1575511461
stats: users 2 369
stats: {load,"tsung_controller@ip-172-31-22-181"} 1 0.05078125 0.0 0.26953125 0.0 0.07506793478260869 23
stats: {recvpackets,"tsung_controller@ip-172-31-22-181"} 1 51.0 0.0 2185 51 941.9999999999999 22
stats: {sentpackets,"tsung_controller@ip-172-31-22-181"} 1 55.0 0.0 2258 55 880.3181818181819 22
stats: {cpu,"tsung_controller@ip-172-31-22-181"} 1 0.10010010010010009 0.0 5.015045135406218 0.10010010010010009 1.5441048581509407 23
stats: {freemem,"tsung_controller@ip-172-31-22-181"} 1 3436.1953125 0.0 3520.9921875 3434.6328125 3467.9633152173915 23
stats: session 3 161405.44033333333 50623.291111189974 231830.346 19318.868 66814.03391767555 413
stats: users_count 0 418
stats: finish_users_count 3 416
stats: request 14 5.454357142857142 1.053276358196031 59806.162 0.438 1424.6290894223553 6665
stats: connect 1 2.293 0.0 45.883 0.716 1.7854586929716392 811
stats: page 9 8.52977777777778 1.630423651677875 59806.162 0.438 1752.2126259457468 5419
stats: 302 0 30
stats: 504 0 5
stats: 200 0 1008
stats: size_rcv 18441 12476918
stats: newphase 0 3
stats: 422 3 395
stats: 502 0 982
stats: size_sent 11060 4793965
stats: connected -2 2
stats: 400 5 1514
stats: 404 0 50
stats: 500 6 2695
# stats: dump at 1575511471
stats: users 1 369
stats: {load,"tsung_controller@ip-172-31-22-181"} 1 0.0390625 0.0 0.26953125 0.0 0.07405598958333333 24
stats: {recvpackets,"tsung_controller@ip-172-31-22-181"} 1 46.0 0.0 2185 46 903.2608695652173 23
stats: {sentpackets,"tsung_controller@ip-172-31-22-181"} 1 48.0 0.0 2258 48 844.4347826086956 23
stats: {cpu,"tsung_controller@ip-172-31-22-181"} 1 0.0 0.0 5.015045135406218 0.0 1.4839379932321555 24
stats: {freemem,"tsung_controller@ip-172-31-22-181"} 1 3437.1328125 0.0 3520.9921875 3434.6328125 3466.6396484375 24
stats: session 1 151772.904 0.0 231830.346 19318.868 67496.18348317308 416
stats: users_count 0 418
stats: finish_users_count 1 417
stats: request 1 7.629 0.0 59806.162 0.438 1421.6543257972746 6679
stats: connect 0 0 0 45.883 0.716 1.7860837438423636 812
stats: page 1 7.629 0.0 59806.162 0.438 1749.3214789977897 5428
stats: 302 0 30
stats: 504 0 5
stats: 200 0 1008
stats: size_rcv 1960 12478878
stats: newphase 0 3
stats: 422 1 396
stats: 502 0 982
stats: size_sent 785 4794750
stats: connected -1 1
stats: 400 0 1514
stats: 404 0 50
stats: 500 0 2695
# stats: dump at 1575511481
stats: users 1 369
stats: {load,"tsung_controller@ip-172-31-22-181"} 1 0.03125 0.0 0.26953125 0.0 0.07265625 25
stats: {recvpackets,"tsung_controller@ip-172-31-22-181"} 1 112.0 0.0 2185 46 867.5416666666665 24
stats: {sentpackets,"tsung_controller@ip-172-31-22-181"} 1 195.0 0.0 2258 48 811.25 24
stats: {cpu,"tsung_controller@ip-172-31-22-181"} 1 2.1021021021021022 0.0 5.015045135406218 0.0 1.4245804735028693 25
stats: {freemem,"tsung_controller@ip-172-31-22-181"} 1 3443.4765625 0.0 3520.9921875 3434.6328125 3465.459375 25
stats: session 0 0 0 231830.346 19318.868 67698.28593045565 417
stats: users_count 0 418
stats: finish_users_count 0 417
stats: request 1 41282.458 0.0 59806.162 0.438 1421.442645359281 6680
stats: connect 0 0 0 45.883 0.716 1.7860837438423636 812
stats: page 1 41282.458 0.0 59806.162 0.438 1749.0006662368764 5429
stats: 302 0 30
stats: 504 0 5
stats: 200 1 1009
stats: size_rcv 2536 12481414
stats: newphase 0 3
stats: 422 0 396
stats: 502 0 982
stats: size_sent 0 4794750
stats: connected 0 1
stats: 400 0 1514
stats: 404 0 50
stats: 500 0 2695
# stats: dump at 1575511489
stats: users 0 369
stats: {load,"tsung_controller@ip-172-31-22-181"} 1 0.03125 0.0 0.26953125 0.0 0.07106370192307693 26
stats: {recvpackets,"tsung_controller@ip-172-31-22-181"} 1 11.0 0.0 2185 11 837.3199999999998 25
stats: {sentpackets,"tsung_controller@ip-172-31-22-181"} 1 10.0 0.0 2258 10 786.6 25
stats: {cpu,"tsung_controller@ip-172-31-22-181"} 1 0.1 0.0 5.015045135406218 0.0 1.450638997679763 26
stats: {freemem,"tsung_controller@ip-172-31-22-181"} 1 3443.48046875 0.0 3520.9921875 3434.6328125 3464.6138822115386 26
stats: session 1 212675.165 0.0 231830.346 19318.868 67698.28593045565 417
stats: users_count 0 418
stats: finish_users_count 1 418
stats: request 7 6.9192857142857145 1.6593411527544573 59806.162 0.438 1427.4089700643613 6681
stats: connect 0 0 0 45.883 0.716 1.7860837438423636 812
stats: page 4 12.1845 2.9517263169203205 59806.162 0.438 1756.2812292817684 5430
stats: 302 0 30
stats: 504 0 5
stats: 200 0 1009
stats: size_rcv 8587 12490001
stats: newphase 0 3
stats: 422 1 397
stats: 502 0 982
stats: size_sent 6501 4801251
stats: connected -1 0
stats: 400 3 1517
stats: 404 3 53
stats: 500 0 2695
EndMonitor:{1575,511489,727229}
