# stats: dump at 1575508007
stats: users 10 10
stats: {load,"tsung_controller@ip-172-31-23-95"} 1 0.0703125 0 0.0703125 0.0703125 0 0
stats: {freemem,"tsung_controller@ip-172-31-23-95"} 1 3522.6875 0 3522.6875 3522.6875 0 0
stats: {cpu,"tsung_controller@ip-172-31-23-95"} 1 5.712740591430889 0 5.712740591430889 5.712740591430889 0 0
stats: users_count 10 10
stats: finish_users_count 0 0
stats: request 23 81.96508695652173 155.19062922430567 631.967 4.638 0 0
stats: connect 9 2.240222222222222 2.4118836243243473 8.995 1.017 0 0
stats: page 23 81.96508695652173 155.19062922430567 631.967 4.638 0 0
stats: 302 3 3
stats: 200 18 18
stats: size_rcv 108823 108823
stats: size_sent 15133 15133
stats: connected 9 9
stats: 404 2 2
# stats: dump at 1575508017
stats: users 21 21
stats: {load,"tsung_controller@ip-172-31-23-95"} 1 0.05859375 0.0 0.0703125 0.05859375 0.0703125 1
stats: {freemem,"tsung_controller@ip-172-31-23-95"} 1 3522.48828125 0.0 3522.6875 3522.48828125 3522.6875 1
stats: {recvpackets,"tsung_controller@ip-172-31-23-95"} 1 236 0 236 236 0 0
stats: {sentpackets,"tsung_controller@ip-172-31-23-95"} 1 295 0 295 295 0 0
stats: {cpu,"tsung_controller@ip-172-31-23-95"} 1 1.1988011988011988 0.0 5.712740591430889 1.1988011988011988 5.712740591430889 1
stats: users_count 11 21
stats: finish_users_count 0 0
stats: request 43 118.11767441860462 159.6959125679717 631.967 4.638 81.96508695652173 23
stats: connect 9 1.6053333333333333 0.4921727339054857 8.995 1.017 2.240222222222222 9
stats: page 43 118.11767441860462 159.6959125679717 631.967 4.638 81.96508695652173 23
stats: 302 6 9
stats: 200 31 49
stats: size_rcv 194571 303394
stats: size_sent 37674 52807
stats: connected 9 18
stats: 404 6 8
# stats: dump at 1575508027
stats: users 30 30
stats: {load,"tsung_controller@ip-172-31-23-95"} 1 0.05078125 0.0 0.0703125 0.05078125 0.064453125 2
stats: {freemem,"tsung_controller@ip-172-31-23-95"} 1 3518.18359375 0.0 3522.6875 3518.18359375 3522.587890625 2
stats: {recvpackets,"tsung_controller@ip-172-31-23-95"} 1 374.0 0.0 374 236 236.0 1
stats: {sentpackets,"tsung_controller@ip-172-31-23-95"} 1 437.0 0.0 437 295 295.0 1
stats: {cpu,"tsung_controller@ip-172-31-23-95"} 1 2.097902097902098 0.0 5.712740591430889 1.1988011988011988 3.455770895116044 2
stats: users_count 9 30
stats: finish_users_count 0 0
stats: request 74 1269.9205405405407 2200.9258736645675 5598.428 0.825 105.51904545454543 66
stats: connect 20 1.4655500000000001 0.26430181138236636 8.995 0.998 1.9227777777777777 18
stats: page 74 1269.9205405405407 2200.9258736645675 5598.428 0.825 105.51904545454543 66
stats: 302 0 9
stats: 200 36 85
stats: size_rcv 265133 568527
stats: size_sent 49705 102512
stats: connected 11 29
stats: 400 9 9
stats: 404 1 9
stats: 500 28 28
# stats: dump at 1575508037
stats: users 48 48
stats: {load,"tsung_controller@ip-172-31-23-95"} 1 0.0390625 0.0 0.0703125 0.0390625 0.059895833333333336 3
stats: {freemem,"tsung_controller@ip-172-31-23-95"} 1 3514.9453125 0.0 3522.6875 3514.9453125 3521.1197916666665 3
stats: {recvpackets,"tsung_controller@ip-172-31-23-95"} 1 329.0 0.0 374 236 305.0 2
stats: {sentpackets,"tsung_controller@ip-172-31-23-95"} 1 297.0 0.0 437 295 366.0 2
stats: {cpu,"tsung_controller@ip-172-31-23-95"} 1 0.4016064257028112 0.0 5.712740591430889 0.4016064257028112 3.0031479627113953 3
stats: users_count 18 48
stats: finish_users_count 0 0
stats: request 93 621.5012258064517 1648.238554433559 5614.585 0.684 720.9884071428572 140
stats: connect 29 1.355 0.29087110547457273 8.995 0.949 1.6821315789473685 38
stats: page 93 621.5012258064517 1648.238554433559 5614.585 0.684 720.9884071428572 140
stats: 302 0 9
stats: 200 43 128
stats: size_rcv 313224 881751
stats: newphase 1 1
stats: size_sent 65115 167627
stats: connected 17 46
stats: 400 12 21
stats: 404 0 9
stats: 500 38 66
# stats: dump at 1575508047
stats: users 66 66
stats: {load,"tsung_controller@ip-172-31-23-95"} 1 0.03125 0.0 0.0703125 0.03125 0.0546875 4
stats: {freemem,"tsung_controller@ip-172-31-23-95"} 1 3512.25 0.0 3522.6875 3512.25 3519.576171875 4
stats: {recvpackets,"tsung_controller@ip-172-31-23-95"} 1 521.0 0.0 521 236 313.0 3
stats: {sentpackets,"tsung_controller@ip-172-31-23-95"} 1 512.0 0.0 512 295 343.0 3
stats: {cpu,"tsung_controller@ip-172-31-23-95"} 1 0.6018054162487462 0.0 5.712740591430889 0.4016064257028112 2.352762578459249 4
stats: session 1 32028.617 0 32028.617 32028.617 0 0
stats: users_count 19 67
stats: finish_users_count 1 1
stats: request 143 959.5580489510488 1947.1837374226993 6379.997 0.684 681.2789313304721 233
stats: connect 30 1.4014333333333335 0.23081589825852303 8.995 0.949 1.540537313432836 67
stats: page 137 1001.586503649635 1979.0507432413265 6379.997 0.684 681.2789313304721 233
stats: 302 0 9
stats: 200 62 190
stats: size_rcv 472954 1354705
stats: newphase 0 1
stats: 422 1 1
stats: size_sent 100029 267656
stats: connected 16 62
stats: 400 19 40
stats: 404 0 9
stats: 500 61 127
# stats: dump at 1575508057
stats: users 79 79
stats: {load,"tsung_controller@ip-172-31-23-95"} 1 0.03125 0.0 0.0703125 0.03125 0.05 5
stats: {freemem,"tsung_controller@ip-172-31-23-95"} 1 3509.8125 0.0 3522.6875 3509.8125 3518.1109375 5
stats: {recvpackets,"tsung_controller@ip-172-31-23-95"} 1 658.0 0.0 658 236 365.0 4
stats: {sentpackets,"tsung_controller@ip-172-31-23-95"} 1 598.0 0.0 598 295 385.25 4
stats: {cpu,"tsung_controller@ip-172-31-23-95"} 1 0.7028112449799196 0.0 5.712740591430889 0.4016064257028112 2.0025711460171487 5
stats: session 6 38831.72416666666 6030.35431847064 47454.901 32028.617 32028.617 1
stats: users_count 19 86
stats: finish_users_count 6 7
stats: request 207 848.9539999999992 3744.3268524071136 49773.914 0.579 787.1138085106384 376
stats: connect 35 1.4188857142857143 0.3628990234548583 8.995 0.849 1.4975154639175259 97
stats: page 183 960.279054644808 3968.8960474521728 49773.914 0.579 799.8793027027027 370
stats: 302 10 19
stats: 200 49 239
stats: size_rcv 499366 1854071
stats: newphase 0 1
stats: 422 5 6
stats: size_sent 156485 424141
stats: connected 14 76
stats: 400 40 80
stats: 404 8 17
stats: 500 95 222
# stats: dump at 1575508067
stats: users 118 118
stats: {load,"tsung_controller@ip-172-31-23-95"} 1 0.01953125 0.0 0.0703125 0.01953125 0.046875 6
stats: {freemem,"tsung_controller@ip-172-31-23-95"} 1 3503.05078125 0.0 3522.6875 3503.05078125 3516.7278645833335 6
stats: {recvpackets,"tsung_controller@ip-172-31-23-95"} 1 945.0 0.0 945 236 423.6 5
stats: {sentpackets,"tsung_controller@ip-172-31-23-95"} 1 988.0 0.0 988 295 427.8 5
stats: {cpu,"tsung_controller@ip-172-31-23-95"} 1 2.5150905432595576 0.0 5.712740591430889 0.4016064257028112 1.7859444958442772 6
stats: session 8 40335.44625 11810.027501824727 58788.615 21976.168 37859.85171428571 7
stats: users_count 47 133
stats: finish_users_count 8 15
stats: request 248 1085.1353104838713 3895.0908878405226 56413.65 0.579 809.0707890222982 583
stats: connect 55 1.8967636363636369 2.8543545168336393 21.735 0.849 1.4766666666666668 132
stats: page 222 1206.3113648648648 4100.264797365575 56413.65 0.579 852.9591482820974 553
stats: 302 1 20
stats: 200 110 349
stats: size_rcv 822253 2676324
stats: newphase 1 2
stats: 422 9 15
stats: size_sent 168499 592640
stats: connected 37 113
stats: 400 35 115
stats: 404 2 19
stats: 500 91 313
# stats: dump at 1575508077
stats: users 159 159
stats: {load,"tsung_controller@ip-172-31-23-95"} 1 0.01953125 0.0 0.0703125 0.01953125 0.04296875 7
stats: {freemem,"tsung_controller@ip-172-31-23-95"} 1 3498.87890625 0.0 3522.6875 3498.87890625 3514.773995535714 7
stats: {recvpackets,"tsung_controller@ip-172-31-23-95"} 1 1277.0 0.0 1277 236 510.5 6
stats: {sentpackets,"tsung_controller@ip-172-31-23-95"} 1 1145.0 0.0 1145 295 521.1666666666666 6
stats: {cpu,"tsung_controller@ip-172-31-23-95"} 1 1.60481444332999 0.0 5.712740591430889 0.4016064257028112 1.8901082169036028 7
stats: session 2 42538.8555 1865.1324999999997 58788.615 21976.168 39180.16879999999 15
stats: users_count 43 176
stats: finish_users_count 2 17
stats: request 214 2937.63829439252 7049.073132617557 59971.168 0.579 891.4582755716004 831
stats: connect 66 1.2954545454545454 0.28344996789119703 21.735 0.849 1.6002245989304817 187
stats: page 199 3124.90333165829 7288.565174593475 59971.168 0.579 954.1774606451612 775
stats: 302 6 26
stats: 504 3 3
stats: 200 93 442
stats: size_rcv 684475 3360799
stats: newphase 0 2
stats: 422 2 17
stats: size_sent 195872 788512
stats: connected 40 153
stats: 400 39 154
stats: 404 4 23
stats: 500 68 381
# stats: dump at 1575508087
stats: users 189 189
stats: {load,"tsung_controller@ip-172-31-23-95"} 1 0.01953125 0.0 0.0703125 0.01953125 0.0400390625 8
stats: {freemem,"tsung_controller@ip-172-31-23-95"} 1 3488.484375 0.0 3522.6875 3488.484375 3512.787109375 8
stats: {recvpackets,"tsung_controller@ip-172-31-23-95"} 1 1256.0 0.0 1277 236 620.0 7
stats: {sentpackets,"tsung_controller@ip-172-31-23-95"} 1 1165.0 0.0 1165 295 610.2857142857143 7
stats: {cpu,"tsung_controller@ip-172-31-23-95"} 1 1.507537688442211 0.0 5.712740591430889 0.4016064257028112 1.8544464952069013 8
stats: session 4 52337.063500000004 6779.041588662461 60005.754 21976.168 39575.3084117647 17
stats: users_count 34 210
stats: finish_users_count 4 21
stats: request 273 2867.0317948717957 2053.817649900225 59971.168 0.579 1310.4846143540663 1045
stats: connect 53 1.6375283018867928 0.6986878970619785 21.735 0.849 1.520719367588933 253
stats: page 254 3085.241326771652 2194.375366333497 59971.168 0.579 1397.6830544147838 974
stats: 302 3 29
stats: 504 0 3
stats: 200 106 548
stats: size_rcv 853204 4214003
stats: newphase 0 2
stats: 422 4 21
stats: size_sent 211904 1000416
stats: connected 25 178
stats: 400 43 197
stats: 404 8 31
stats: 500 108 489
# stats: dump at 1575508097
stats: users 260 260
stats: {load,"tsung_controller@ip-172-31-23-95"} 1 0.01171875 0.0 0.0703125 0.01171875 0.037760416666666664 9
stats: {freemem,"tsung_controller@ip-172-31-23-95"} 1 3479.2421875 0.0 3522.6875 3479.2421875 3510.0868055555557 9
stats: {recvpackets,"tsung_controller@ip-172-31-23-95"} 1 1295.0 0.0 1295 236 699.5 8
stats: {sentpackets,"tsung_controller@ip-172-31-23-95"} 1 1106.0 0.0 1165 295 679.625 8
stats: {cpu,"tsung_controller@ip-172-31-23-95"} 1 1.6080402010050252 0.0 5.712740591430889 0.4016064257028112 1.8159010722330469 9
stats: session 4 61638.082500000004 13180.973281730952 84329.258 21976.168 42006.118904761905 21
stats: users_count 75 285
stats: finish_users_count 4 25
stats: request 353 3423.8699320113333 2394.0440994857986 59971.168 0.579 1632.8953732928676 1318
stats: connect 105 3.4300857142857146 14.511447185954552 135.388 0.849 1.540950980392157 306
stats: page 322 3621.9939378881995 2571.2550261023944 59971.168 0.579 1746.7382671009766 1228
stats: 302 0 29
stats: 504 0 3
stats: 200 114 662
stats: size_rcv 947623 5161626
stats: newphase 1 3
stats: 422 4 25
stats: 502 36 36
stats: size_sent 252994 1253410
stats: connected 73 251
stats: 400 56 253
stats: 404 0 31
stats: 500 143 632
# stats: dump at 1575508107
stats: users 315 315
stats: {load,"tsung_controller@ip-172-31-23-95"} 1 0.01171875 0.0 0.0703125 0.01171875 0.03515625 10
stats: {freemem,"tsung_controller@ip-172-31-23-95"} 1 3471.2734375 0.0 3522.6875 3471.2734375 3507.00234375 10
stats: {recvpackets,"tsung_controller@ip-172-31-23-95"} 1 1487.0 0.0 1487 236 765.6666666666666 9
stats: {sentpackets,"tsung_controller@ip-172-31-23-95"} 1 1452.0 0.0 1452 295 727.0 9
stats: {cpu,"tsung_controller@ip-172-31-23-95"} 1 2.217741935483871 0.0 5.712740591430889 0.4016064257028112 1.7951149851102446 10
stats: session 14 67944.86535714286 8438.401975374461 84329.258 21976.168 45147.233080000005 25
stats: users_count 69 354
stats: finish_users_count 14 39
stats: request 621 2135.214383252817 3079.0029478253327 59971.168 0.529 2011.2400885697189 1671
stats: connect 125 1.4110879999999992 0.4403855404710741 135.388 0.849 2.0235766423357666 411
stats: page 570 2386.167780701755 3379.6040194262637 59971.168 0.529 2136.307509677419 1550
stats: 302 0 29
stats: 504 0 3
stats: 200 108 770
stats: size_rcv 955918 6117544
stats: newphase 0 3
stats: 422 4 29
stats: 502 305 341
stats: size_sent 395569 1648979
stats: connected 49 300
stats: 400 84 337
stats: 404 0 31
stats: 500 120 752
# stats: dump at 1575508117
stats: users 376 376
stats: {load,"tsung_controller@ip-172-31-23-95"} 1 0.078125 0.0 0.078125 0.01171875 0.033025568181818184 11
stats: {freemem,"tsung_controller@ip-172-31-23-95"} 1 3464.70703125 0.0 3522.6875 3464.70703125 3503.7542613636365 11
stats: {recvpackets,"tsung_controller@ip-172-31-23-95"} 1 2220.0 0.0 2220 236 837.8 10
stats: {sentpackets,"tsung_controller@ip-172-31-23-95"} 1 2253.0 0.0 2253 295 799.5 10
stats: {cpu,"tsung_controller@ip-172-31-23-95"} 1 2.932254802831143 0.0 5.712740591430889 0.4016064257028112 1.8335356169623926 11
stats: session 14 61946.25028571428 16203.481679195034 95457.582 21976.168 53330.998512820515 39
stats: users_count 75 429
stats: finish_users_count 14 53
stats: request 701 2079.276406562055 3888.3178828928244 59971.168 0.529 2044.8299825479928 2292
stats: connect 144 1.236694444444445 0.7163889411270499 135.388 0.804 1.8807388059701493 536
stats: page 634 2205.4852350157726 4184.300142533572 59971.168 0.529 2203.4869221698114 2120
stats: 302 0 29
stats: 504 1 4
stats: 200 87 857
stats: size_rcv 831666 6949210
stats: newphase 0 3
stats: 422 2 31
stats: 502 425 766
stats: size_sent 449847 2098826
stats: connected 61 361
stats: 400 90 427
stats: 404 0 31
stats: 500 96 848
# stats: dump at 1575508127
stats: users 363 383
stats: {load,"tsung_controller@ip-172-31-23-95"} 1 0.1484375 0.0 0.1484375 0.01171875 0.036783854166666664 12
stats: {freemem,"tsung_controller@ip-172-31-23-95"} 1 3454.62109375 0.0 3522.6875 3454.62109375 3500.5003255208335 12
stats: {recvpackets,"tsung_controller@ip-172-31-23-95"} 1 1952.0 0.0 2220 236 963.4545454545455 11
stats: {sentpackets,"tsung_controller@ip-172-31-23-95"} 1 2181.0 0.0 2253 295 931.6363636363636 11
stats: {cpu,"tsung_controller@ip-172-31-23-95"} 1 3.0303030303030303 0.0 5.712740591430889 0.4016064257028112 1.9250955491181216 12
stats: session 21 73704.01885714284 23197.96888031122 121497.84 21976.168 55606.725396226415 53
stats: users_count 8 437
stats: finish_users_count 21 74
stats: request 693 2558.224415584415 3707.4482210758806 59971.168 0.529 2052.897788506515 2993
stats: connect 91 1.380120879120879 0.7150203691122241 135.388 0.804 1.7443529411764707 680
stats: page 615 2789.281964227638 4100.402493092467 59971.168 0.529 2203.9469549745822 2754
stats: 302 0 29
stats: 504 0 4
stats: 200 77 934
stats: size_rcv 831314 7780524
stats: newphase 0 3
stats: 422 6 37
stats: 502 375 1141
stats: size_sent 490299 2589125
stats: connected -7 354
stats: 400 102 529
stats: 404 0 31
stats: 500 133 981
# stats: dump at 1575508137
stats: users 344 383
stats: {load,"tsung_controller@ip-172-31-23-95"} 1 0.2890625 0.0 0.2890625 0.01171875 0.04537259615384615 13
stats: {freemem,"tsung_controller@ip-172-31-23-95"} 1 3450.51171875 0.0 3522.6875 3450.51171875 3496.971153846154 13
stats: {recvpackets,"tsung_controller@ip-172-31-23-95"} 1 1828.0 0.0 2220 236 1045.8333333333333 12
stats: {sentpackets,"tsung_controller@ip-172-31-23-95"} 1 2055.0 0.0 2253 295 1035.75 12
stats: {cpu,"tsung_controller@ip-172-31-23-95"} 1 4.819277108433735 0.0 5.712740591430889 0.4016064257028112 2.0101115092092687 13
stats: session 19 73798.56042105265 23981.761279750543 132647.081 21976.168 60742.443810810815 74
stats: users_count 0 437
stats: finish_users_count 19 93
stats: request 472 3958.6108834745746 5932.9589056863815 59971.168 0.529 2147.903581389039 3686
stats: connect 38 1.407289473684211 0.37244122870134166 135.388 0.804 1.7013631647211414 771
stats: page 393 4888.147704834599 6757.7348974915585 59971.168 0.529 2310.7979584446416 3369
stats: 302 0 29
stats: 504 4 8
stats: 200 25 959
stats: size_rcv 675477 8456001
stats: newphase 0 3
stats: 422 15 52
stats: 502 95 1236
stats: size_sent 351001 2940126
stats: connected -15 339
stats: 400 92 621
stats: 404 0 31
stats: 500 241 1222
# stats: dump at 1575508147
stats: users 259 383
stats: {load,"tsung_controller@ip-172-31-23-95"} 1 0.23828125 0.0 0.2890625 0.01171875 0.06277901785714286 14
stats: {freemem,"tsung_controller@ip-172-31-23-95"} 1 3448.83203125 0.0 3522.6875 3448.83203125 3493.6526227678573 14
stats: {recvpackets,"tsung_controller@ip-172-31-23-95"} 1 1567.0 0.0 2220 236 1106.0 13
stats: {sentpackets,"tsung_controller@ip-172-31-23-95"} 1 1440.0 0.0 2253 295 1114.1538461538462 13
stats: {cpu,"tsung_controller@ip-172-31-23-95"} 1 2.3069207622868606 0.0 5.712740591430889 0.4016064257028112 2.210766194868159 14
stats: session 85 68378.46571764702 22345.60181492791 141210.437 21976.168 63409.822473118285 93
stats: users_count 0 437
stats: finish_users_count 85 178
stats: request 1006 758.9227902584482 1630.9894207343211 59971.168 0.529 2353.4480370370366 4158
stats: connect 33 1.4012121212121211 0.35762658344481263 135.388 0.804 1.6875500618046972 809
stats: page 726 1161.1562066115682 2226.410290255 59971.168 0.529 2580.042628920786 3762
stats: 302 0 29
stats: 504 0 8
stats: 200 4 963
stats: size_rcv 1407687 9863688
stats: newphase 0 3
stats: 422 84 136
stats: 502 0 1236
stats: size_sent 634973 3575099
stats: connected -82 257
stats: 400 310 931
stats: 404 0 31
stats: 500 608 1830
# stats: dump at 1575508157
stats: users 161 383
stats: {load,"tsung_controller@ip-172-31-23-95"} 1 0.19921875 0.0 0.2890625 0.01171875 0.07447916666666667 15
stats: {freemem,"tsung_controller@ip-172-31-23-95"} 1 3446.89453125 0.0 3522.6875 3446.89453125 3490.664583333333 15
stats: {recvpackets,"tsung_controller@ip-172-31-23-95"} 1 2290.0 0.0 2290 236 1138.9285714285713 14
stats: {sentpackets,"tsung_controller@ip-172-31-23-95"} 1 2215.0 0.0 2253 295 1137.4285714285713 14
stats: {cpu,"tsung_controller@ip-172-31-23-95"} 1 2.3255813953488373 0.0 5.712740591430889 0.4016064257028112 2.217176499362739 15
stats: session 98 59686.960612244904 17399.412911554893 141210.437 21976.168 65782.48919101122 178
stats: users_count 0 437
stats: finish_users_count 98 276
stats: request 709 118.83604513399142 739.3364628936525 59971.168 0.529 2042.8182155305958 5164
stats: connect 5 1.3226 0.18397565056278506 135.388 0.804 1.6763277909738719 842
stats: page 474 177.82510126582272 899.2591182520143 59971.168 0.529 2350.5168841354707 4488
stats: 302 0 29
stats: 504 0 8
stats: 200 0 963
stats: size_rcv 956626 10820314
stats: newphase 0 3
stats: 422 98 234
stats: 502 0 1236
stats: size_sent 501210 4076309
stats: connected -95 162
stats: 400 237 1168
stats: 404 1 32
stats: 500 373 2203
# stats: dump at 1575508167
stats: users 102 383
stats: {load,"tsung_controller@ip-172-31-23-95"} 1 0.171875 0.0 0.2890625 0.01171875 0.082275390625 16
stats: {freemem,"tsung_controller@ip-172-31-23-95"} 1 3446.5234375 0.0 3522.6875 3446.5234375 3487.928955078125 16
stats: {recvpackets,"tsung_controller@ip-172-31-23-95"} 1 1371.0 0.0 2290 236 1215.6666666666667 15
stats: {sentpackets,"tsung_controller@ip-172-31-23-95"} 1 1650.0 0.0 2253 295 1209.2666666666667 15
stats: {cpu,"tsung_controller@ip-172-31-23-95"} 1 2.9175050301810868 0.0 5.712740591430889 0.4016064257028112 2.22395180536187 16
stats: session 59 65482.25533898304 21588.71631124861 160623.621 21976.168 63618.1348405797 276
stats: users_count 0 437
stats: finish_users_count 59 335
stats: request 494 99.91224493927125 648.2860377989514 59971.168 0.529 1810.5513402009187 5873
stats: connect 2 1.6545 0.2714999999999999 135.388 0.804 1.6742396694214878 847
stats: page 322 153.35655900621123 798.7002519668041 59971.168 0.529 2142.9683341394584 4962
stats: 302 0 29
stats: 504 0 8
stats: 200 0 963
stats: size_rcv 655288 11475602
stats: newphase 0 3
stats: 422 60 294
stats: 502 0 1236
stats: size_sent 357022 4433331
stats: connected -60 102
stats: 400 172 1340
stats: 404 6 38
stats: 500 256 2459
# stats: dump at 1575508177
stats: users 56 383
stats: {load,"tsung_controller@ip-172-31-23-95"} 1 0.1484375 0.0 0.2890625 0.01171875 0.08754595588235294 17
stats: {freemem,"tsung_controller@ip-172-31-23-95"} 1 3453.41796875 0.0 3522.6875 3446.5234375 3485.493336397059 17
stats: {recvpackets,"tsung_controller@ip-172-31-23-95"} 1 892.0 0.0 2290 236 1225.375 16
stats: {sentpackets,"tsung_controller@ip-172-31-23-95"} 1 1029.0 0.0 2253 295 1236.8125 16
stats: {cpu,"tsung_controller@ip-172-31-23-95"} 1 0.6060606060606061 0.0 5.712740591430889 0.4016064257028112 2.2647490538806476 17
stats: session 46 76627.39710869567 18466.2424045496 160623.621 21976.168 63946.44262985073 335
stats: users_count 0 437
stats: finish_users_count 46 381
stats: request 290 5.860517241379306 1.8533906099770259 59971.168 0.529 1677.8270252866337 6367
stats: connect 0 0 0 135.388 0.804 1.6741931684334512 849
stats: page 186 9.20423655913978 3.596409581725038 59971.168 0.529 2021.7240132475386 5284
stats: 302 0 29
stats: 504 0 8
stats: 200 0 963
stats: size_rcv 380328 11855930
stats: newphase 0 3
stats: 422 45 339
stats: 502 0 1236
stats: size_sent 218346 4651677
stats: connected -46 56
stats: 400 104 1444
stats: 404 3 41
stats: 500 138 2597
# stats: dump at 1575508187
stats: users 26 383
stats: {load,"tsung_controller@ip-172-31-23-95"} 1 0.12109375 0.0 0.2890625 0.01171875 0.09092881944444445 18
stats: {freemem,"tsung_controller@ip-172-31-23-95"} 1 3453.2109375 0.0 3522.6875 3446.5234375 3483.711371527778 18
stats: {recvpackets,"tsung_controller@ip-172-31-23-95"} 1 531.0 0.0 2290 236 1205.764705882353 17
stats: {sentpackets,"tsung_controller@ip-172-31-23-95"} 1 631.0 0.0 2253 295 1224.5882352941176 17
stats: {cpu,"tsung_controller@ip-172-31-23-95"} 1 0.8008008008008007 0.0 5.712740591430889 0.4016064257028112 2.1725996956684233 18
stats: session 30 79212.26220000001 11083.212573158638 160623.621 21976.168 65477.476503936996 381
stats: users_count 0 437
stats: finish_users_count 30 411
stats: request 163 5.481134969325155 1.2745659649312766 59971.168 0.529 1604.9908697611531 6657
stats: connect 1 9.54 0.0 135.388 0.804 1.6741931684334512 849
stats: page 102 8.79688235294118 2.6822116908973874 59971.168 0.529 1953.2909824497244 5470
stats: 302 0 29
stats: 504 0 8
stats: 200 0 963
stats: size_rcv 209844 12065774
stats: newphase 0 3
stats: 422 31 370
stats: 502 0 1236
stats: size_sent 119464 4771141
stats: connected -33 23
stats: 400 61 1505
stats: 404 0 41
stats: 500 71 2668
# stats: dump at 1575508197
stats: users 15 383
stats: {load,"tsung_controller@ip-172-31-23-95"} 1 0.1015625 0.0 0.2890625 0.01171875 0.09251644736842106 19
stats: {freemem,"tsung_controller@ip-172-31-23-95"} 1 3452.81640625 0.0 3522.6875 3446.5234375 3482.106085526316 19
stats: {recvpackets,"tsung_controller@ip-172-31-23-95"} 1 312.0 0.0 2290 236 1168.2777777777778 18
stats: {sentpackets,"tsung_controller@ip-172-31-23-95"} 1 459.0 0.0 2253 295 1191.611111111111 18
stats: {cpu,"tsung_controller@ip-172-31-23-95"} 1 1.706827309236948 0.0 5.712740591430889 0.4016064257028112 2.1003997538332855 19
stats: session 11 89816.90536363637 13341.087556150149 160623.621 21976.168 66480.0156058394 411
stats: users_count 0 437
stats: finish_users_count 11 422
stats: request 69 5.458550724637684 1.1825956656002832 59971.168 0.529 1566.7621180351903 6820
stats: connect 0 0 0 135.388 0.804 1.6834470588235295 850
stats: page 45 8.407377777777782 2.5696210467597393 59971.168 0.529 1917.695433596553 5572
stats: 302 0 29
stats: 504 0 8
stats: 200 0 963
stats: size_rcv 91686 12157460
stats: newphase 0 3
stats: 422 11 381
stats: 502 0 1236
stats: size_sent 53648 4824789
stats: connected -12 11
stats: 400 24 1529
stats: 404 0 41
stats: 500 34 2702
# stats: dump at 1575508207
stats: users 9 383
stats: {load,"tsung_controller@ip-172-31-23-95"} 1 0.08984375 0.0 0.2890625 0.01171875 0.09296875000000002 20
stats: {freemem,"tsung_controller@ip-172-31-23-95"} 1 3452.96484375 0.0 3522.6875 3446.5234375 3480.6416015625 20
stats: {recvpackets,"tsung_controller@ip-172-31-23-95"} 1 126.0 0.0 2290 126 1123.2105263157894 19
stats: {sentpackets,"tsung_controller@ip-172-31-23-95"} 1 150.0 0.0 2253 150 1153.0526315789473 19
stats: {cpu,"tsung_controller@ip-172-31-23-95"} 1 0.10030090270812438 0.0 5.712740591430889 0.10030090270812438 2.0807211316034686 20
stats: session 6 98045.25499999999 12840.62411315965 160623.621 21976.168 67088.32315876776 422
stats: users_count 0 437
stats: finish_users_count 6 428
stats: request 50 920.4936999999998 6395.536687525045 59971.168 0.529 1551.1241522717373 6889
stats: connect 1 1.458 0.0 135.388 0.804 1.6834470588235295 850
stats: page 31 1484.7132903225802 8070.607323254603 59971.168 0.529 1902.3993747552063 5617
stats: 302 0 29
stats: 504 0 8
stats: 200 1 964
stats: size_rcv 65534 12222994
stats: newphase 0 3
stats: 422 6 387
stats: 502 0 1236
stats: size_sent 39520 4864309
stats: connected -6 5
stats: 400 19 1548
stats: 404 2 43
stats: 500 22 2724
# stats: dump at 1575508217
stats: users 3 383
stats: {load,"tsung_controller@ip-172-31-23-95"} 1 0.0703125 0.0 0.2890625 0.01171875 0.0928199404761905 21
stats: {freemem,"tsung_controller@ip-172-31-23-95"} 1 3453.34765625 0.0 3522.6875 3446.5234375 3479.323660714286 21
stats: {recvpackets,"tsung_controller@ip-172-31-23-95"} 1 155.0 0.0 2290 126 1073.35 20
stats: {sentpackets,"tsung_controller@ip-172-31-23-95"} 1 175.0 0.0 2253 150 1102.9 20
stats: {cpu,"tsung_controller@ip-172-31-23-95"} 1 0.5005005005005005 0.0 5.712740591430889 0.10030090270812438 1.9864154064179762 21
stats: session 6 113832.9035 22537.785353070776 160623.621 21976.168 67522.29883878503 428
stats: users_count 0 437
stats: finish_users_count 6 434
stats: request 42 5.603380952380952 1.0483551731932252 59971.168 0.529 1546.5800504395445 6939
stats: connect 4 1.7489999999999997 0.37498999986666304 135.388 0.804 1.6831821386603998 851
stats: page 26 9.09403846153846 2.0783822014835924 59971.168 0.529 1900.106834277619 5648
stats: 302 0 29
stats: 504 0 8
stats: 200 0 964
stats: size_rcv 53543 12276537
stats: newphase 0 3
stats: 422 6 393
stats: 502 0 1236
stats: size_sent 33597 4897906
stats: connected -2 3
stats: 400 16 1564
stats: 404 1 44
stats: 500 19 2743
# stats: dump at 1575508227
stats: users 1 383
stats: {load,"tsung_controller@ip-172-31-23-95"} 1 0.05859375 0.0 0.2890625 0.01171875 0.09179687500000001 22
stats: {freemem,"tsung_controller@ip-172-31-23-95"} 1 3453.73828125 0.0 3522.6875 3446.5234375 3478.1429332386365 22
stats: {recvpackets,"tsung_controller@ip-172-31-23-95"} 1 79.0 0.0 2290 79 1029.6190476190477 21
stats: {sentpackets,"tsung_controller@ip-172-31-23-95"} 1 91.0 0.0 2253 91 1058.7142857142858 21
stats: {cpu,"tsung_controller@ip-172-31-23-95"} 1 0.1002004008016032 0.0 5.712740591430889 0.1002004008016032 1.9188738197853636 22
stats: session 2 121093.5445 2531.0475000000006 160623.621 21976.168 68162.53761290321 434
stats: users_count 0 437
stats: finish_users_count 2 436
stats: request 10 5.2926 0.24114070581301714 59971.168 0.529 1537.3090262140092 6981
stats: connect 0 0 0 135.388 0.804 1.6834900584795325 855
stats: page 6 8.867833333333333 2.4928247977389466 59971.168 0.529 1891.4416364117012 5674
stats: 302 0 29
stats: 504 0 8
stats: 200 0 964
stats: size_rcv 12456 12288993
stats: newphase 0 3
stats: 422 2 395
stats: 502 0 1236
stats: size_sent 7738 4905644
stats: connected -2 1
stats: 400 4 1568
stats: 404 0 44
stats: 500 4 2747
# stats: dump at 1575508234
stats: users 0 383
stats: {load,"tsung_controller@ip-172-31-23-95"} 1 0.05078125 0.0 0.2890625 0.01171875 0.09035326086956523 23
stats: {freemem,"tsung_controller@ip-172-31-23-95"} 1 3453.15234375 0.0 3522.6875 3446.5234375 3477.0818614130435 23
stats: {recvpackets,"tsung_controller@ip-172-31-23-95"} 1 40.0 0.0 2290 40 986.4090909090909 22
stats: {sentpackets,"tsung_controller@ip-172-31-23-95"} 1 40.0 0.0 2253 40 1014.7272727272727 22
stats: {cpu,"tsung_controller@ip-172-31-23-95"} 1 0.10010010010010009 0.0 5.712740591430889 0.10010010010010009 1.8398010624382437 23
stats: session 1 170026.221 0.0 170026.221 21976.168 68405.34039678898 436
stats: users_count 0 437
stats: finish_users_count 1 437
stats: request 1 6.073 0.0 59971.168 0.529 1535.1176137891575 6991
stats: connect 0 0 0 135.388 0.804 1.6834900584795325 855
stats: page 1 6.073 0.0 59971.168 0.529 1889.453002112675 5680
stats: 302 0 29
stats: 504 0 8
stats: 200 0 964
stats: size_rcv 1960 12290953
stats: newphase 0 3
stats: 422 1 396
stats: 502 0 1236
stats: size_sent 793 4906437
stats: connected -1 0
stats: 400 0 1568
stats: 404 0 44
stats: 500 0 2747
EndMonitor:{1575,508234,229264}
