
=INFO REPORT==== 3-Dec-2019::05:16:26 ===
    ts_config_server:(5:<0.102.0>) Config server started, logdir is "/home/ec2-user/.tsung/log/20191203-0516"
 
=INFO REPORT==== 3-Dec-2019::05:16:26 ===
              ts_mon:(5:<0.83.0>) starting monitor, global 

=INFO REPORT==== 3-Dec-2019::05:16:26 ===
           ts_config:(5:<0.102.0>) Reading config file: new.xml

=INFO REPORT==== 3-Dec-2019::05:16:26 ===
      ts_config_http:(4:<0.102.0>) Get user agent: 100 "Mozilla/5.0 (Windows; U; Windows NT 5.2; fr-FR; rv:1.7.8) Gecko/20050511 Firefox/1.0.4" 

=INFO REPORT==== 3-Dec-2019::05:16:26 ===
           ts_config:(5:<0.102.0>) Session name for id 1 is "http-example"

=INFO REPORT==== 3-Dec-2019::05:16:26 ===
    ts_config_server:(4:<0.102.0>) SYSINFO:Tsung version: 1.7.0

=INFO REPORT==== 3-Dec-2019::05:16:26 ===
    ts_config_server:(4:<0.102.0>) SYSINFO:Erlang version: Erlang/OTP 20 [erts-9.1] [source] [64-bit] [smp:1:1] [ds:1:1:10] [async-threads:8] [hipe] [kernel-poll:true]


=INFO REPORT==== 3-Dec-2019::05:16:26 ===
    ts_config_server:(4:<0.102.0>) SYSINFO:System architecture x86_64-unknown-linux-gnu

=INFO REPORT==== 3-Dec-2019::05:16:26 ===
    ts_config_server:(4:<0.102.0>) SYSINFO:Current path: /usr/local/lib/tsung/tsung-1.7.0/ebin/tsung.beam

=INFO REPORT==== 3-Dec-2019::05:16:26 ===
              ts_mon:(5:<0.103.0>) Activate clients with text backend

=INFO REPORT==== 3-Dec-2019::05:16:26 ===
              ts_mon:(5:<0.103.0>) Starting tsung clients on hosts: [localhost]

=INFO REPORT==== 3-Dec-2019::05:16:26 ===
    ts_config_server:(5:<0.102.0>) Start a launcher on the controller beam localhost

=INFO REPORT==== 3-Dec-2019::05:16:27 ===
  ts_launcher_static:(5:<0.154.0>) Launch msg receive ("localhost")

=INFO REPORT==== 3-Dec-2019::05:16:27 ===
         ts_launcher:(5:<0.155.0>) Launch msg receive ("localhost")

=INFO REPORT==== 3-Dec-2019::05:16:27 ===
    ts_config_server:(5:<0.102.0>) New arrival phase 1 for client "localhost" (last ? true): will start 30 users

=INFO REPORT==== 3-Dec-2019::05:16:27 ===
    ts_config_server:(5:<0.102.0>) New arrival phase 2 for client "localhost" (last ? true): will start 60 users

=INFO REPORT==== 3-Dec-2019::05:16:27 ===
    ts_config_server:(5:<0.102.0>) New arrival phase 3 for client "localhost" (last ? true): will start 120 users

=INFO REPORT==== 3-Dec-2019::05:16:27 ===
    ts_config_server:(5:<0.102.0>) New arrival phase 4 for client "localhost" (last ? true): will start 240 users

=INFO REPORT==== 3-Dec-2019::05:16:27 ===
         ts_launcher:(5:<0.155.0>) Expected duration of first phase: 30.0 sec (30 users) 

=INFO REPORT==== 3-Dec-2019::05:16:27 ===
         ts_launcher:(5:<0.155.0>) Activate launcher (30 users) in 2993 msec 

=INFO REPORT==== 3-Dec-2019::05:17:00 ===
         ts_launcher:(5:<0.155.0>) Start a new arrival phase (60 users, 0.002); expected duration=30.0 sec

=INFO REPORT==== 3-Dec-2019::05:17:30 ===
         ts_launcher:(5:<0.155.0>) Phase duration exceeded, but not all users were launched (9 users, 15.0% of phase)

=INFO REPORT==== 3-Dec-2019::05:17:30 ===
         ts_launcher:(5:<0.155.0>) Start a new arrival phase (120 users, 0.004); expected duration=30.0 sec

=INFO REPORT==== 3-Dec-2019::05:17:53 ===
           ts_search:(5:<0.290.0>) Dyn Var (RE): no Match (varname=created_user_id), 

=INFO REPORT==== 3-Dec-2019::05:17:53 ===
           ts_search:(5:<0.290.0>) Dyn Var (RE): no Match (varname=add_dog_url), 

=INFO REPORT==== 3-Dec-2019::05:17:53 ===
           ts_search:(5:<0.293.0>) Dyn Var (RE): no Match (varname=created_user_id), 

=INFO REPORT==== 3-Dec-2019::05:17:53 ===
           ts_search:(5:<0.293.0>) Dyn Var (RE): no Match (varname=add_dog_url), 

=INFO REPORT==== 3-Dec-2019::05:17:54 ===
           ts_search:(5:<0.316.0>) Dyn Var (RE): no Match (varname=created_user_id), 

=INFO REPORT==== 3-Dec-2019::05:17:54 ===
           ts_search:(5:<0.316.0>) Dyn Var (RE): no Match (varname=add_dog_url), 

=INFO REPORT==== 3-Dec-2019::05:17:54 ===
           ts_search:(5:<0.311.0>) Dyn Var (RE): no Match (varname=created_user_id), 

=INFO REPORT==== 3-Dec-2019::05:17:54 ===
           ts_search:(5:<0.311.0>) Dyn Var (RE): no Match (varname=add_dog_url), 

=INFO REPORT==== 3-Dec-2019::05:17:54 ===
           ts_search:(5:<0.306.0>) Dyn Var (RE): no Match (varname=created_user_id), 

=INFO REPORT==== 3-Dec-2019::05:17:54 ===
           ts_search:(5:<0.306.0>) Dyn Var (RE): no Match (varname=add_dog_url), 

=INFO REPORT==== 3-Dec-2019::05:17:54 ===
           ts_search:(5:<0.296.0>) Dyn Var (RE): no Match (varname=created_user_id), 

=INFO REPORT==== 3-Dec-2019::05:17:54 ===
           ts_search:(5:<0.296.0>) Dyn Var (RE): no Match (varname=add_dog_url), 

=INFO REPORT==== 3-Dec-2019::05:17:56 ===
           ts_search:(5:<0.308.0>) Dyn Var (RE): no Match (varname=created_user_id), 

=INFO REPORT==== 3-Dec-2019::05:17:56 ===
           ts_search:(5:<0.308.0>) Dyn Var (RE): no Match (varname=add_dog_url), 

=INFO REPORT==== 3-Dec-2019::05:17:56 ===
           ts_search:(5:<0.299.0>) Dyn Var (RE): no Match (varname=created_user_id), 

=INFO REPORT==== 3-Dec-2019::05:17:56 ===
           ts_search:(5:<0.299.0>) Dyn Var (RE): no Match (varname=add_dog_url), 

=INFO REPORT==== 3-Dec-2019::05:17:57 ===
           ts_search:(5:<0.297.0>) Dyn Var (RE): no Match (varname=created_user_id), 

=INFO REPORT==== 3-Dec-2019::05:17:57 ===
           ts_search:(5:<0.297.0>) Dyn Var (RE): no Match (varname=add_dog_url), 

=INFO REPORT==== 3-Dec-2019::05:17:57 ===
           ts_search:(5:<0.321.0>) Dyn Var (RE): no Match (varname=created_user_id), 

=INFO REPORT==== 3-Dec-2019::05:17:57 ===
           ts_search:(5:<0.321.0>) Dyn Var (RE): no Match (varname=add_dog_url), 

=INFO REPORT==== 3-Dec-2019::05:17:59 ===
           ts_search:(5:<0.300.0>) Dyn Var (RE): no Match (varname=created_user_id), 

=INFO REPORT==== 3-Dec-2019::05:17:59 ===
           ts_search:(5:<0.300.0>) Dyn Var (RE): no Match (varname=add_dog_url), 

=INFO REPORT==== 3-Dec-2019::05:17:59 ===
           ts_search:(5:<0.331.0>) Dyn Var (RE): no Match (varname=created_user_id), 

=INFO REPORT==== 3-Dec-2019::05:17:59 ===
           ts_search:(5:<0.331.0>) Dyn Var (RE): no Match (varname=add_dog_url), 

=INFO REPORT==== 3-Dec-2019::05:17:59 ===
           ts_search:(5:<0.295.0>) Dyn Var (RE): no Match (varname=created_user_id), 

=INFO REPORT==== 3-Dec-2019::05:17:59 ===
           ts_search:(5:<0.295.0>) Dyn Var (RE): no Match (varname=add_dog_url), 

=INFO REPORT==== 3-Dec-2019::05:17:59 ===
           ts_search:(5:<0.291.0>) Dyn Var (RE): no Match (varname=created_user_id), 

=INFO REPORT==== 3-Dec-2019::05:17:59 ===
           ts_search:(5:<0.291.0>) Dyn Var (RE): no Match (varname=add_dog_url), 

=INFO REPORT==== 3-Dec-2019::05:17:59 ===
           ts_search:(5:<0.312.0>) Dyn Var (RE): no Match (varname=created_user_id), 

=INFO REPORT==== 3-Dec-2019::05:17:59 ===
           ts_search:(5:<0.312.0>) Dyn Var (RE): no Match (varname=add_dog_url), 

=INFO REPORT==== 3-Dec-2019::05:18:00 ===
         ts_launcher:(5:<0.155.0>) Phase duration exceeded, but not all users were launched (3 users, 2.5% of phase)

=INFO REPORT==== 3-Dec-2019::05:18:00 ===
         ts_launcher:(5:<0.155.0>) Start a new arrival phase (240 users, 0.008); expected duration=30.0 sec

=INFO REPORT==== 3-Dec-2019::05:18:01 ===
           ts_search:(5:<0.317.0>) Dyn Var (RE): no Match (varname=created_user_id), 

=INFO REPORT==== 3-Dec-2019::05:18:01 ===
           ts_search:(5:<0.317.0>) Dyn Var (RE): no Match (varname=add_dog_url), 

=INFO REPORT==== 3-Dec-2019::05:18:02 ===
           ts_search:(5:<0.333.0>) Dyn Var (RE): no Match (varname=created_user_id), 

=INFO REPORT==== 3-Dec-2019::05:18:02 ===
           ts_search:(5:<0.333.0>) Dyn Var (RE): no Match (varname=add_dog_url), 

=INFO REPORT==== 3-Dec-2019::05:18:02 ===
           ts_search:(5:<0.338.0>) Dyn Var (RE): no Match (varname=created_user_id), 

=INFO REPORT==== 3-Dec-2019::05:18:02 ===
           ts_search:(5:<0.338.0>) Dyn Var (RE): no Match (varname=add_dog_url), 

=INFO REPORT==== 3-Dec-2019::05:18:02 ===
           ts_search:(5:<0.327.0>) Dyn Var (RE): no Match (varname=created_user_id), 

=INFO REPORT==== 3-Dec-2019::05:18:02 ===
           ts_search:(5:<0.327.0>) Dyn Var (RE): no Match (varname=add_dog_url), 

=INFO REPORT==== 3-Dec-2019::05:18:02 ===
           ts_search:(5:<0.330.0>) Dyn Var (RE): no Match (varname=created_user_id), 

=INFO REPORT==== 3-Dec-2019::05:18:02 ===
           ts_search:(5:<0.330.0>) Dyn Var (RE): no Match (varname=add_dog_url), 

=INFO REPORT==== 3-Dec-2019::05:18:02 ===
           ts_search:(5:<0.328.0>) Dyn Var (RE): no Match (varname=created_user_id), 

=INFO REPORT==== 3-Dec-2019::05:18:02 ===
           ts_search:(5:<0.328.0>) Dyn Var (RE): no Match (varname=add_dog_url), 

=INFO REPORT==== 3-Dec-2019::05:18:03 ===
           ts_search:(5:<0.332.0>) Dyn Var (RE): no Match (varname=created_user_id), 

=INFO REPORT==== 3-Dec-2019::05:18:03 ===
           ts_search:(5:<0.332.0>) Dyn Var (RE): no Match (varname=add_dog_url), 

=INFO REPORT==== 3-Dec-2019::05:18:04 ===
           ts_search:(5:<0.325.0>) Dyn Var (RE): no Match (varname=created_user_id), 

=INFO REPORT==== 3-Dec-2019::05:18:04 ===
           ts_search:(5:<0.325.0>) Dyn Var (RE): no Match (varname=add_dog_url), 

=INFO REPORT==== 3-Dec-2019::05:18:06 ===
           ts_search:(5:<0.343.0>) Dyn Var (RE): no Match (varname=created_user_id), 

=INFO REPORT==== 3-Dec-2019::05:18:06 ===
           ts_search:(5:<0.343.0>) Dyn Var (RE): no Match (varname=add_dog_url), 

=INFO REPORT==== 3-Dec-2019::05:18:06 ===
           ts_search:(5:<0.351.0>) Dyn Var (RE): no Match (varname=created_user_id), 

=INFO REPORT==== 3-Dec-2019::05:18:06 ===
           ts_search:(5:<0.351.0>) Dyn Var (RE): no Match (varname=add_dog_url), 

=INFO REPORT==== 3-Dec-2019::05:18:07 ===
           ts_search:(5:<0.349.0>) Dyn Var (RE): no Match (varname=created_user_id), 

=INFO REPORT==== 3-Dec-2019::05:18:07 ===
           ts_search:(5:<0.349.0>) Dyn Var (RE): no Match (varname=add_dog_url), 

=INFO REPORT==== 3-Dec-2019::05:18:07 ===
           ts_search:(5:<0.355.0>) Dyn Var (RE): no Match (varname=created_user_id), 

=INFO REPORT==== 3-Dec-2019::05:18:07 ===
           ts_search:(5:<0.355.0>) Dyn Var (RE): no Match (varname=add_dog_url), 

=INFO REPORT==== 3-Dec-2019::05:18:08 ===
           ts_search:(5:<0.304.0>) Dyn Var (RE): no Match (varname=created_user_id), 

=INFO REPORT==== 3-Dec-2019::05:18:08 ===
           ts_search:(5:<0.304.0>) Dyn Var (RE): no Match (varname=add_dog_url), 

=INFO REPORT==== 3-Dec-2019::05:18:08 ===
           ts_search:(5:<0.324.0>) Dyn Var (RE): no Match (varname=created_user_id), 

=INFO REPORT==== 3-Dec-2019::05:18:08 ===
           ts_search:(5:<0.324.0>) Dyn Var (RE): no Match (varname=add_dog_url), 

=INFO REPORT==== 3-Dec-2019::05:18:09 ===
           ts_search:(5:<0.352.0>) Dyn Var (RE): no Match (varname=created_user_id), 

=INFO REPORT==== 3-Dec-2019::05:18:09 ===
           ts_search:(5:<0.352.0>) Dyn Var (RE): no Match (varname=add_dog_url), 

=INFO REPORT==== 3-Dec-2019::05:18:10 ===
           ts_search:(5:<0.360.0>) Dyn Var (RE): no Match (varname=created_user_id), 

=INFO REPORT==== 3-Dec-2019::05:18:10 ===
           ts_search:(5:<0.360.0>) Dyn Var (RE): no Match (varname=add_dog_url), 

=INFO REPORT==== 3-Dec-2019::05:18:11 ===
           ts_search:(5:<0.346.0>) Dyn Var (RE): no Match (varname=created_user_id), 

=INFO REPORT==== 3-Dec-2019::05:18:11 ===
           ts_search:(5:<0.346.0>) Dyn Var (RE): no Match (varname=add_dog_url), 

=INFO REPORT==== 3-Dec-2019::05:18:11 ===
           ts_search:(5:<0.359.0>) Dyn Var (RE): no Match (varname=created_user_id), 

=INFO REPORT==== 3-Dec-2019::05:18:11 ===
           ts_search:(5:<0.359.0>) Dyn Var (RE): no Match (varname=add_dog_url), 

=INFO REPORT==== 3-Dec-2019::05:18:12 ===
           ts_search:(5:<0.358.0>) Dyn Var (RE): no Match (varname=created_user_id), 

=INFO REPORT==== 3-Dec-2019::05:18:12 ===
           ts_search:(5:<0.358.0>) Dyn Var (RE): no Match (varname=add_dog_url), 

=INFO REPORT==== 3-Dec-2019::05:18:12 ===
           ts_search:(5:<0.344.0>) Dyn Var (RE): no Match (varname=created_user_id), 

=INFO REPORT==== 3-Dec-2019::05:18:12 ===
           ts_search:(5:<0.344.0>) Dyn Var (RE): no Match (varname=add_dog_url), 

=INFO REPORT==== 3-Dec-2019::05:18:12 ===
           ts_search:(5:<0.356.0>) Dyn Var (RE): no Match (varname=created_user_id), 

=INFO REPORT==== 3-Dec-2019::05:18:12 ===
           ts_search:(5:<0.356.0>) Dyn Var (RE): no Match (varname=add_dog_url), 

=INFO REPORT==== 3-Dec-2019::05:18:14 ===
           ts_search:(5:<0.383.0>) Dyn Var (RE): no Match (varname=created_user_id), 

=INFO REPORT==== 3-Dec-2019::05:18:14 ===
           ts_search:(5:<0.383.0>) Dyn Var (RE): no Match (varname=add_dog_url), 

=INFO REPORT==== 3-Dec-2019::05:18:15 ===
           ts_search:(5:<0.380.0>) Dyn Var (RE): no Match (varname=created_user_id), 

=INFO REPORT==== 3-Dec-2019::05:18:15 ===
           ts_search:(5:<0.380.0>) Dyn Var (RE): no Match (varname=add_dog_url), 

=INFO REPORT==== 3-Dec-2019::05:18:15 ===
           ts_search:(5:<0.387.0>) Dyn Var (RE): no Match (varname=created_user_id), 

=INFO REPORT==== 3-Dec-2019::05:18:15 ===
           ts_search:(5:<0.387.0>) Dyn Var (RE): no Match (varname=add_dog_url), 

=INFO REPORT==== 3-Dec-2019::05:18:17 ===
           ts_search:(5:<0.376.0>) Dyn Var (RE): no Match (varname=created_user_id), 

=INFO REPORT==== 3-Dec-2019::05:18:17 ===
           ts_search:(5:<0.376.0>) Dyn Var (RE): no Match (varname=add_dog_url), 

=INFO REPORT==== 3-Dec-2019::05:18:17 ===
           ts_search:(5:<0.399.0>) Dyn Var (RE): no Match (varname=created_user_id), 

=INFO REPORT==== 3-Dec-2019::05:18:17 ===
           ts_search:(5:<0.399.0>) Dyn Var (RE): no Match (varname=add_dog_url), 

=INFO REPORT==== 3-Dec-2019::05:18:17 ===
           ts_search:(5:<0.369.0>) Dyn Var (RE): no Match (varname=created_user_id), 

=INFO REPORT==== 3-Dec-2019::05:18:17 ===
           ts_search:(5:<0.369.0>) Dyn Var (RE): no Match (varname=add_dog_url), 

=INFO REPORT==== 3-Dec-2019::05:18:17 ===
           ts_search:(5:<0.365.0>) Dyn Var (RE): no Match (varname=created_user_id), 

=INFO REPORT==== 3-Dec-2019::05:18:17 ===
           ts_search:(5:<0.365.0>) Dyn Var (RE): no Match (varname=add_dog_url), 

=INFO REPORT==== 3-Dec-2019::05:18:19 ===
           ts_search:(5:<0.389.0>) Dyn Var (RE): no Match (varname=created_user_id), 

=INFO REPORT==== 3-Dec-2019::05:18:19 ===
           ts_search:(5:<0.389.0>) Dyn Var (RE): no Match (varname=add_dog_url), 

=INFO REPORT==== 3-Dec-2019::05:18:19 ===
           ts_search:(5:<0.382.0>) Dyn Var (RE): no Match (varname=created_user_id), 

=INFO REPORT==== 3-Dec-2019::05:18:19 ===
           ts_search:(5:<0.382.0>) Dyn Var (RE): no Match (varname=add_dog_url), 

=INFO REPORT==== 3-Dec-2019::05:18:20 ===
           ts_search:(5:<0.384.0>) Dyn Var (RE): no Match (varname=created_user_id), 

=INFO REPORT==== 3-Dec-2019::05:18:20 ===
           ts_search:(5:<0.384.0>) Dyn Var (RE): no Match (varname=add_dog_url), 

=INFO REPORT==== 3-Dec-2019::05:18:20 ===
           ts_search:(5:<0.385.0>) Dyn Var (RE): no Match (varname=created_user_id), 

=INFO REPORT==== 3-Dec-2019::05:18:20 ===
           ts_search:(5:<0.385.0>) Dyn Var (RE): no Match (varname=add_dog_url), 

=INFO REPORT==== 3-Dec-2019::05:18:21 ===
           ts_search:(5:<0.406.0>) Dyn Var (RE): no Match (varname=created_user_id), 

=INFO REPORT==== 3-Dec-2019::05:18:21 ===
           ts_search:(5:<0.406.0>) Dyn Var (RE): no Match (varname=add_dog_url), 

=INFO REPORT==== 3-Dec-2019::05:18:21 ===
           ts_search:(5:<0.461.0>) Dyn Var (RE): no Match (varname=authenticity_token), 

=INFO REPORT==== 3-Dec-2019::05:18:21 ===
           ts_search:(5:<0.461.0>) Dyn Var (RE): no Match (varname=created_user_id), 

=INFO REPORT==== 3-Dec-2019::05:18:21 ===
           ts_search:(5:<0.461.0>) Dyn Var (RE): no Match (varname=add_dog_url), 

=INFO REPORT==== 3-Dec-2019::05:18:21 ===
           ts_search:(5:<0.483.0>) Dyn Var (RE): no Match (varname=authenticity_token), 

=INFO REPORT==== 3-Dec-2019::05:18:21 ===
           ts_search:(5:<0.483.0>) Dyn Var (RE): no Match (varname=created_user_id), 

=INFO REPORT==== 3-Dec-2019::05:18:21 ===
           ts_search:(5:<0.483.0>) Dyn Var (RE): no Match (varname=add_dog_url), 

=INFO REPORT==== 3-Dec-2019::05:18:21 ===
           ts_search:(5:<0.456.0>) Dyn Var (RE): no Match (varname=authenticity_token), 

=INFO REPORT==== 3-Dec-2019::05:18:21 ===
           ts_search:(5:<0.456.0>) Dyn Var (RE): no Match (varname=created_user_id), 

=INFO REPORT==== 3-Dec-2019::05:18:21 ===
           ts_search:(5:<0.456.0>) Dyn Var (RE): no Match (varname=add_dog_url), 

=INFO REPORT==== 3-Dec-2019::05:18:21 ===
           ts_search:(5:<0.431.0>) Dyn Var (RE): no Match (varname=authenticity_token), 

=INFO REPORT==== 3-Dec-2019::05:18:21 ===
           ts_search:(5:<0.431.0>) Dyn Var (RE): no Match (varname=created_user_id), 

=INFO REPORT==== 3-Dec-2019::05:18:21 ===
           ts_search:(5:<0.431.0>) Dyn Var (RE): no Match (varname=add_dog_url), 

=INFO REPORT==== 3-Dec-2019::05:18:21 ===
           ts_search:(5:<0.460.0>) Dyn Var (RE): no Match (varname=authenticity_token), 

=INFO REPORT==== 3-Dec-2019::05:18:21 ===
           ts_search:(5:<0.460.0>) Dyn Var (RE): no Match (varname=created_user_id), 

=INFO REPORT==== 3-Dec-2019::05:18:21 ===
           ts_search:(5:<0.460.0>) Dyn Var (RE): no Match (varname=add_dog_url), 

=INFO REPORT==== 3-Dec-2019::05:18:22 ===
           ts_search:(5:<0.405.0>) Dyn Var (RE): no Match (varname=created_user_id), 

=INFO REPORT==== 3-Dec-2019::05:18:22 ===
           ts_search:(5:<0.405.0>) Dyn Var (RE): no Match (varname=add_dog_url), 

=INFO REPORT==== 3-Dec-2019::05:18:22 ===
           ts_search:(5:<0.393.0>) Dyn Var (RE): no Match (varname=created_user_id), 

=INFO REPORT==== 3-Dec-2019::05:18:22 ===
           ts_search:(5:<0.393.0>) Dyn Var (RE): no Match (varname=add_dog_url), 

=INFO REPORT==== 3-Dec-2019::05:18:22 ===
           ts_search:(5:<0.407.0>) Dyn Var (RE): no Match (varname=created_user_id), 

=INFO REPORT==== 3-Dec-2019::05:18:22 ===
           ts_search:(5:<0.407.0>) Dyn Var (RE): no Match (varname=add_dog_url), 

=INFO REPORT==== 3-Dec-2019::05:18:22 ===
           ts_search:(5:<0.396.0>) Dyn Var (RE): no Match (varname=created_user_id), 

=INFO REPORT==== 3-Dec-2019::05:18:22 ===
           ts_search:(5:<0.396.0>) Dyn Var (RE): no Match (varname=add_dog_url), 

=INFO REPORT==== 3-Dec-2019::05:18:23 ===
           ts_search:(5:<0.464.0>) Dyn Var (RE): no Match (varname=authenticity_token), 

=INFO REPORT==== 3-Dec-2019::05:18:23 ===
           ts_search:(5:<0.464.0>) Dyn Var (RE): no Match (varname=created_user_id), 

=INFO REPORT==== 3-Dec-2019::05:18:23 ===
           ts_search:(5:<0.464.0>) Dyn Var (RE): no Match (varname=add_dog_url), 

=INFO REPORT==== 3-Dec-2019::05:18:24 ===
           ts_search:(5:<0.504.0>) Dyn Var (RE): no Match (varname=authenticity_token), 

=INFO REPORT==== 3-Dec-2019::05:18:24 ===
           ts_search:(5:<0.504.0>) Dyn Var (RE): no Match (varname=created_user_id), 

=INFO REPORT==== 3-Dec-2019::05:18:24 ===
           ts_search:(5:<0.504.0>) Dyn Var (RE): no Match (varname=add_dog_url), 

=INFO REPORT==== 3-Dec-2019::05:18:24 ===
           ts_search:(5:<0.455.0>) Dyn Var (RE): no Match (varname=authenticity_token), 

=INFO REPORT==== 3-Dec-2019::05:18:24 ===
           ts_search:(5:<0.455.0>) Dyn Var (RE): no Match (varname=created_user_id), 

=INFO REPORT==== 3-Dec-2019::05:18:24 ===
           ts_search:(5:<0.455.0>) Dyn Var (RE): no Match (varname=add_dog_url), 

=INFO REPORT==== 3-Dec-2019::05:18:24 ===
           ts_search:(5:<0.444.0>) Dyn Var (RE): no Match (varname=authenticity_token), 

=INFO REPORT==== 3-Dec-2019::05:18:24 ===
           ts_search:(5:<0.444.0>) Dyn Var (RE): no Match (varname=created_user_id), 

=INFO REPORT==== 3-Dec-2019::05:18:24 ===
           ts_search:(5:<0.444.0>) Dyn Var (RE): no Match (varname=add_dog_url), 

=INFO REPORT==== 3-Dec-2019::05:18:24 ===
           ts_search:(5:<0.448.0>) Dyn Var (RE): no Match (varname=authenticity_token), 

=INFO REPORT==== 3-Dec-2019::05:18:24 ===
           ts_search:(5:<0.448.0>) Dyn Var (RE): no Match (varname=created_user_id), 

=INFO REPORT==== 3-Dec-2019::05:18:24 ===
           ts_search:(5:<0.448.0>) Dyn Var (RE): no Match (varname=add_dog_url), 

=INFO REPORT==== 3-Dec-2019::05:18:24 ===
           ts_search:(5:<0.463.0>) Dyn Var (RE): no Match (varname=authenticity_token), 

=INFO REPORT==== 3-Dec-2019::05:18:24 ===
           ts_search:(5:<0.463.0>) Dyn Var (RE): no Match (varname=created_user_id), 

=INFO REPORT==== 3-Dec-2019::05:18:24 ===
           ts_search:(5:<0.463.0>) Dyn Var (RE): no Match (varname=add_dog_url), 

=INFO REPORT==== 3-Dec-2019::05:18:24 ===
           ts_search:(5:<0.404.0>) Dyn Var (RE): no Match (varname=created_user_id), 

=INFO REPORT==== 3-Dec-2019::05:18:24 ===
           ts_search:(5:<0.404.0>) Dyn Var (RE): no Match (varname=add_dog_url), 

=INFO REPORT==== 3-Dec-2019::05:18:24 ===
           ts_search:(5:<0.401.0>) Dyn Var (RE): no Match (varname=created_user_id), 

=INFO REPORT==== 3-Dec-2019::05:18:24 ===
           ts_search:(5:<0.401.0>) Dyn Var (RE): no Match (varname=add_dog_url), 

=INFO REPORT==== 3-Dec-2019::05:18:25 ===
           ts_search:(5:<0.375.0>) Dyn Var (RE): no Match (varname=created_user_id), 

=INFO REPORT==== 3-Dec-2019::05:18:25 ===
           ts_search:(5:<0.375.0>) Dyn Var (RE): no Match (varname=add_dog_url), 

=INFO REPORT==== 3-Dec-2019::05:18:26 ===
           ts_search:(5:<0.391.0>) Dyn Var (RE): no Match (varname=created_user_id), 

=INFO REPORT==== 3-Dec-2019::05:18:26 ===
           ts_search:(5:<0.391.0>) Dyn Var (RE): no Match (varname=add_dog_url), 

=INFO REPORT==== 3-Dec-2019::05:18:27 ===
           ts_search:(5:<0.388.0>) Dyn Var (RE): no Match (varname=created_user_id), 

=INFO REPORT==== 3-Dec-2019::05:18:27 ===
           ts_search:(5:<0.388.0>) Dyn Var (RE): no Match (varname=add_dog_url), 

=INFO REPORT==== 3-Dec-2019::05:18:27 ===
           ts_search:(5:<0.426.0>) Dyn Var (RE): no Match (varname=created_user_id), 

=INFO REPORT==== 3-Dec-2019::05:18:27 ===
           ts_search:(5:<0.426.0>) Dyn Var (RE): no Match (varname=add_dog_url), 

=INFO REPORT==== 3-Dec-2019::05:18:27 ===
           ts_search:(5:<0.484.0>) Dyn Var (RE): no Match (varname=authenticity_token), 

=INFO REPORT==== 3-Dec-2019::05:18:27 ===
           ts_search:(5:<0.478.0>) Dyn Var (RE): no Match (varname=authenticity_token), 

=INFO REPORT==== 3-Dec-2019::05:18:27 ===
           ts_search:(5:<0.478.0>) Dyn Var (RE): no Match (varname=created_user_id), 

=INFO REPORT==== 3-Dec-2019::05:18:27 ===
           ts_search:(5:<0.478.0>) Dyn Var (RE): no Match (varname=add_dog_url), 

=INFO REPORT==== 3-Dec-2019::05:18:27 ===
           ts_search:(5:<0.475.0>) Dyn Var (RE): no Match (varname=authenticity_token), 

=INFO REPORT==== 3-Dec-2019::05:18:27 ===
           ts_search:(5:<0.475.0>) Dyn Var (RE): no Match (varname=created_user_id), 

=INFO REPORT==== 3-Dec-2019::05:18:27 ===
           ts_search:(5:<0.475.0>) Dyn Var (RE): no Match (varname=add_dog_url), 

=INFO REPORT==== 3-Dec-2019::05:18:27 ===
           ts_search:(5:<0.476.0>) Dyn Var (RE): no Match (varname=authenticity_token), 

=INFO REPORT==== 3-Dec-2019::05:18:27 ===
           ts_search:(5:<0.476.0>) Dyn Var (RE): no Match (varname=created_user_id), 

=INFO REPORT==== 3-Dec-2019::05:18:27 ===
           ts_search:(5:<0.476.0>) Dyn Var (RE): no Match (varname=add_dog_url), 

=INFO REPORT==== 3-Dec-2019::05:18:28 ===
           ts_search:(5:<0.457.0>) Dyn Var (RE): no Match (varname=authenticity_token), 

=INFO REPORT==== 3-Dec-2019::05:18:28 ===
           ts_search:(5:<0.457.0>) Dyn Var (RE): no Match (varname=created_user_id), 

=INFO REPORT==== 3-Dec-2019::05:18:28 ===
           ts_search:(5:<0.457.0>) Dyn Var (RE): no Match (varname=add_dog_url), 

=INFO REPORT==== 3-Dec-2019::05:18:28 ===
           ts_search:(5:<0.482.0>) Dyn Var (RE): no Match (varname=authenticity_token), 

=INFO REPORT==== 3-Dec-2019::05:18:28 ===
           ts_search:(5:<0.482.0>) Dyn Var (RE): no Match (varname=created_user_id), 

=INFO REPORT==== 3-Dec-2019::05:18:28 ===
           ts_search:(5:<0.482.0>) Dyn Var (RE): no Match (varname=add_dog_url), 

=INFO REPORT==== 3-Dec-2019::05:18:28 ===
           ts_search:(5:<0.526.0>) Dyn Var (RE): no Match (varname=authenticity_token), 

=INFO REPORT==== 3-Dec-2019::05:18:28 ===
           ts_search:(5:<0.526.0>) Dyn Var (RE): no Match (varname=created_user_id), 

=INFO REPORT==== 3-Dec-2019::05:18:28 ===
           ts_search:(5:<0.526.0>) Dyn Var (RE): no Match (varname=add_dog_url), 

=INFO REPORT==== 3-Dec-2019::05:18:28 ===
           ts_search:(5:<0.591.0>) Dyn Var (RE): no Match (varname=authenticity_token), 

=INFO REPORT==== 3-Dec-2019::05:18:28 ===
           ts_search:(5:<0.591.0>) Dyn Var (RE): no Match (varname=created_user_id), 

=INFO REPORT==== 3-Dec-2019::05:18:28 ===
           ts_search:(5:<0.591.0>) Dyn Var (RE): no Match (varname=add_dog_url), 

=INFO REPORT==== 3-Dec-2019::05:18:28 ===
           ts_search:(5:<0.561.0>) Dyn Var (RE): no Match (varname=authenticity_token), 

=INFO REPORT==== 3-Dec-2019::05:18:28 ===
           ts_search:(5:<0.561.0>) Dyn Var (RE): no Match (varname=created_user_id), 

=INFO REPORT==== 3-Dec-2019::05:18:28 ===
           ts_search:(5:<0.561.0>) Dyn Var (RE): no Match (varname=add_dog_url), 

=INFO REPORT==== 3-Dec-2019::05:18:28 ===
           ts_search:(5:<0.529.0>) Dyn Var (RE): no Match (varname=authenticity_token), 

=INFO REPORT==== 3-Dec-2019::05:18:28 ===
           ts_search:(5:<0.529.0>) Dyn Var (RE): no Match (varname=created_user_id), 

=INFO REPORT==== 3-Dec-2019::05:18:28 ===
           ts_search:(5:<0.529.0>) Dyn Var (RE): no Match (varname=add_dog_url), 

=INFO REPORT==== 3-Dec-2019::05:18:28 ===
           ts_search:(5:<0.549.0>) Dyn Var (RE): no Match (varname=authenticity_token), 

=INFO REPORT==== 3-Dec-2019::05:18:28 ===
           ts_search:(5:<0.549.0>) Dyn Var (RE): no Match (varname=created_user_id), 

=INFO REPORT==== 3-Dec-2019::05:18:28 ===
           ts_search:(5:<0.549.0>) Dyn Var (RE): no Match (varname=add_dog_url), 

=INFO REPORT==== 3-Dec-2019::05:18:28 ===
           ts_search:(5:<0.564.0>) Dyn Var (RE): no Match (varname=authenticity_token), 

=INFO REPORT==== 3-Dec-2019::05:18:28 ===
           ts_search:(5:<0.564.0>) Dyn Var (RE): no Match (varname=created_user_id), 

=INFO REPORT==== 3-Dec-2019::05:18:28 ===
           ts_search:(5:<0.564.0>) Dyn Var (RE): no Match (varname=add_dog_url), 

=INFO REPORT==== 3-Dec-2019::05:18:28 ===
           ts_search:(5:<0.533.0>) Dyn Var (RE): no Match (varname=authenticity_token), 

=INFO REPORT==== 3-Dec-2019::05:18:28 ===
           ts_search:(5:<0.533.0>) Dyn Var (RE): no Match (varname=created_user_id), 

=INFO REPORT==== 3-Dec-2019::05:18:28 ===
           ts_search:(5:<0.533.0>) Dyn Var (RE): no Match (varname=add_dog_url), 

=INFO REPORT==== 3-Dec-2019::05:18:29 ===
           ts_search:(5:<0.416.0>) Dyn Var (RE): no Match (varname=created_user_id), 

=INFO REPORT==== 3-Dec-2019::05:18:29 ===
           ts_search:(5:<0.416.0>) Dyn Var (RE): no Match (varname=add_dog_url), 

=INFO REPORT==== 3-Dec-2019::05:18:29 ===
           ts_search:(5:<0.422.0>) Dyn Var (RE): no Match (varname=created_user_id), 

=INFO REPORT==== 3-Dec-2019::05:18:29 ===
           ts_search:(5:<0.422.0>) Dyn Var (RE): no Match (varname=add_dog_url), 

=INFO REPORT==== 3-Dec-2019::05:18:29 ===
           ts_search:(5:<0.480.0>) Dyn Var (RE): no Match (varname=authenticity_token), 

=INFO REPORT==== 3-Dec-2019::05:18:29 ===
           ts_search:(5:<0.480.0>) Dyn Var (RE): no Match (varname=created_user_id), 

=INFO REPORT==== 3-Dec-2019::05:18:29 ===
           ts_search:(5:<0.480.0>) Dyn Var (RE): no Match (varname=add_dog_url), 

=INFO REPORT==== 3-Dec-2019::05:18:29 ===
           ts_search:(5:<0.400.0>) Dyn Var (RE): no Match (varname=created_user_id), 

=INFO REPORT==== 3-Dec-2019::05:18:29 ===
           ts_search:(5:<0.400.0>) Dyn Var (RE): no Match (varname=add_dog_url), 

=INFO REPORT==== 3-Dec-2019::05:18:30 ===
           ts_search:(5:<0.498.0>) Dyn Var (RE): no Match (varname=authenticity_token), 

=INFO REPORT==== 3-Dec-2019::05:18:30 ===
           ts_search:(5:<0.498.0>) Dyn Var (RE): no Match (varname=created_user_id), 

=INFO REPORT==== 3-Dec-2019::05:18:30 ===
           ts_search:(5:<0.498.0>) Dyn Var (RE): no Match (varname=add_dog_url), 

=INFO REPORT==== 3-Dec-2019::05:18:30 ===
           ts_search:(5:<0.490.0>) Dyn Var (RE): no Match (varname=authenticity_token), 

=INFO REPORT==== 3-Dec-2019::05:18:30 ===
           ts_search:(5:<0.417.0>) Dyn Var (RE): no Match (varname=created_user_id), 

=INFO REPORT==== 3-Dec-2019::05:18:30 ===
           ts_search:(5:<0.417.0>) Dyn Var (RE): no Match (varname=add_dog_url), 

=INFO REPORT==== 3-Dec-2019::05:18:30 ===
         ts_launcher:(5:<0.155.0>) Phase duration exceeded, but not all users were launched (18 users, 7.5% of phase)

=INFO REPORT==== 3-Dec-2019::05:18:30 ===
         ts_launcher:(5:<0.155.0>) This was the last phase, wait for connected users to finish their session

=INFO REPORT==== 3-Dec-2019::05:18:31 ===
           ts_search:(5:<0.538.0>) Dyn Var (RE): no Match (varname=authenticity_token), 

=INFO REPORT==== 3-Dec-2019::05:18:31 ===
           ts_search:(5:<0.538.0>) Dyn Var (RE): no Match (varname=created_user_id), 

=INFO REPORT==== 3-Dec-2019::05:18:31 ===
           ts_search:(5:<0.538.0>) Dyn Var (RE): no Match (varname=add_dog_url), 

=INFO REPORT==== 3-Dec-2019::05:18:31 ===
           ts_search:(5:<0.601.0>) Dyn Var (RE): no Match (varname=authenticity_token), 

=INFO REPORT==== 3-Dec-2019::05:18:31 ===
           ts_search:(5:<0.601.0>) Dyn Var (RE): no Match (varname=created_user_id), 

=INFO REPORT==== 3-Dec-2019::05:18:31 ===
           ts_search:(5:<0.601.0>) Dyn Var (RE): no Match (varname=add_dog_url), 

=INFO REPORT==== 3-Dec-2019::05:18:31 ===
           ts_search:(5:<0.433.0>) Dyn Var (RE): no Match (varname=created_user_id), 

=INFO REPORT==== 3-Dec-2019::05:18:31 ===
           ts_search:(5:<0.433.0>) Dyn Var (RE): no Match (varname=add_dog_url), 

=INFO REPORT==== 3-Dec-2019::05:18:31 ===
           ts_search:(5:<0.432.0>) Dyn Var (RE): no Match (varname=created_user_id), 

=INFO REPORT==== 3-Dec-2019::05:18:31 ===
           ts_search:(5:<0.432.0>) Dyn Var (RE): no Match (varname=add_dog_url), 

=INFO REPORT==== 3-Dec-2019::05:18:31 ===
           ts_search:(5:<0.537.0>) Dyn Var (RE): no Match (varname=authenticity_token), 

=INFO REPORT==== 3-Dec-2019::05:18:31 ===
           ts_search:(5:<0.537.0>) Dyn Var (RE): no Match (varname=created_user_id), 

=INFO REPORT==== 3-Dec-2019::05:18:31 ===
           ts_search:(5:<0.537.0>) Dyn Var (RE): no Match (varname=add_dog_url), 

=INFO REPORT==== 3-Dec-2019::05:18:31 ===
           ts_search:(5:<0.530.0>) Dyn Var (RE): no Match (varname=authenticity_token), 

=INFO REPORT==== 3-Dec-2019::05:18:31 ===
           ts_search:(5:<0.530.0>) Dyn Var (RE): no Match (varname=created_user_id), 

=INFO REPORT==== 3-Dec-2019::05:18:31 ===
           ts_search:(5:<0.530.0>) Dyn Var (RE): no Match (varname=add_dog_url), 

=INFO REPORT==== 3-Dec-2019::05:18:32 ===
           ts_search:(5:<0.532.0>) Dyn Var (RE): no Match (varname=authenticity_token), 

=INFO REPORT==== 3-Dec-2019::05:18:32 ===
           ts_search:(5:<0.532.0>) Dyn Var (RE): no Match (varname=created_user_id), 

=INFO REPORT==== 3-Dec-2019::05:18:32 ===
           ts_search:(5:<0.532.0>) Dyn Var (RE): no Match (varname=add_dog_url), 

=INFO REPORT==== 3-Dec-2019::05:18:32 ===
           ts_search:(5:<0.524.0>) Dyn Var (RE): no Match (varname=authenticity_token), 

=INFO REPORT==== 3-Dec-2019::05:18:32 ===
           ts_search:(5:<0.524.0>) Dyn Var (RE): no Match (varname=created_user_id), 

=INFO REPORT==== 3-Dec-2019::05:18:32 ===
           ts_search:(5:<0.524.0>) Dyn Var (RE): no Match (varname=add_dog_url), 

=INFO REPORT==== 3-Dec-2019::05:18:32 ===
           ts_search:(5:<0.496.0>) Dyn Var (RE): no Match (varname=authenticity_token), 

=INFO REPORT==== 3-Dec-2019::05:18:32 ===
           ts_search:(5:<0.496.0>) Dyn Var (RE): no Match (varname=created_user_id), 

=INFO REPORT==== 3-Dec-2019::05:18:32 ===
           ts_search:(5:<0.496.0>) Dyn Var (RE): no Match (varname=add_dog_url), 

=INFO REPORT==== 3-Dec-2019::05:18:32 ===
           ts_search:(5:<0.534.0>) Dyn Var (RE): no Match (varname=authenticity_token), 

=INFO REPORT==== 3-Dec-2019::05:18:32 ===
           ts_search:(5:<0.534.0>) Dyn Var (RE): no Match (varname=created_user_id), 

=INFO REPORT==== 3-Dec-2019::05:18:32 ===
           ts_search:(5:<0.534.0>) Dyn Var (RE): no Match (varname=add_dog_url), 

=INFO REPORT==== 3-Dec-2019::05:18:32 ===
           ts_search:(5:<0.446.0>) Dyn Var (RE): no Match (varname=created_user_id), 

=INFO REPORT==== 3-Dec-2019::05:18:32 ===
           ts_search:(5:<0.446.0>) Dyn Var (RE): no Match (varname=add_dog_url), 

=INFO REPORT==== 3-Dec-2019::05:18:32 ===
           ts_search:(5:<0.436.0>) Dyn Var (RE): no Match (varname=created_user_id), 

=INFO REPORT==== 3-Dec-2019::05:18:32 ===
           ts_search:(5:<0.436.0>) Dyn Var (RE): no Match (varname=add_dog_url), 

=INFO REPORT==== 3-Dec-2019::05:18:32 ===
           ts_search:(5:<0.443.0>) Dyn Var (RE): no Match (varname=created_user_id), 

=INFO REPORT==== 3-Dec-2019::05:18:32 ===
           ts_search:(5:<0.443.0>) Dyn Var (RE): no Match (varname=add_dog_url), 

=INFO REPORT==== 3-Dec-2019::05:18:34 ===
           ts_search:(5:<0.424.0>) Dyn Var (RE): no Match (varname=created_user_id), 

=INFO REPORT==== 3-Dec-2019::05:18:34 ===
           ts_search:(5:<0.424.0>) Dyn Var (RE): no Match (varname=add_dog_url), 

=INFO REPORT==== 3-Dec-2019::05:18:34 ===
           ts_search:(5:<0.484.0>) Dyn Var (RE): no Match (varname=created_user_id), 

=INFO REPORT==== 3-Dec-2019::05:18:34 ===
           ts_search:(5:<0.484.0>) Dyn Var (RE): no Match (varname=add_dog_url), 

=INFO REPORT==== 3-Dec-2019::05:18:34 ===
           ts_search:(5:<0.423.0>) Dyn Var (RE): no Match (varname=created_user_id), 

=INFO REPORT==== 3-Dec-2019::05:18:34 ===
           ts_search:(5:<0.423.0>) Dyn Var (RE): no Match (varname=add_dog_url), 

=INFO REPORT==== 3-Dec-2019::05:18:35 ===
           ts_search:(5:<0.490.0>) Dyn Var (RE): no Match (varname=created_user_id), 

=INFO REPORT==== 3-Dec-2019::05:18:35 ===
           ts_search:(5:<0.490.0>) Dyn Var (RE): no Match (varname=add_dog_url), 

=INFO REPORT==== 3-Dec-2019::05:18:36 ===
           ts_search:(5:<0.447.0>) Dyn Var (RE): no Match (varname=created_user_id), 

=INFO REPORT==== 3-Dec-2019::05:18:36 ===
           ts_search:(5:<0.447.0>) Dyn Var (RE): no Match (varname=add_dog_url), 

=INFO REPORT==== 3-Dec-2019::05:18:37 ===
           ts_search:(5:<0.449.0>) Dyn Var (RE): no Match (varname=created_user_id), 

=INFO REPORT==== 3-Dec-2019::05:18:37 ===
           ts_search:(5:<0.449.0>) Dyn Var (RE): no Match (varname=add_dog_url), 

=INFO REPORT==== 3-Dec-2019::05:18:38 ===
           ts_search:(5:<0.398.0>) Dyn Var (RE): no Match (varname=created_user_id), 

=INFO REPORT==== 3-Dec-2019::05:18:38 ===
           ts_search:(5:<0.398.0>) Dyn Var (RE): no Match (varname=add_dog_url), 

=INFO REPORT==== 3-Dec-2019::05:18:38 ===
           ts_search:(5:<0.458.0>) Dyn Var (RE): no Match (varname=created_user_id), 

=INFO REPORT==== 3-Dec-2019::05:18:38 ===
           ts_search:(5:<0.458.0>) Dyn Var (RE): no Match (varname=add_dog_url), 

=INFO REPORT==== 3-Dec-2019::05:18:39 ===
           ts_search:(5:<0.454.0>) Dyn Var (RE): no Match (varname=created_user_id), 

=INFO REPORT==== 3-Dec-2019::05:18:39 ===
           ts_search:(5:<0.454.0>) Dyn Var (RE): no Match (varname=add_dog_url), 

=INFO REPORT==== 3-Dec-2019::05:18:39 ===
           ts_search:(5:<0.414.0>) Dyn Var (RE): no Match (varname=created_user_id), 

=INFO REPORT==== 3-Dec-2019::05:18:39 ===
           ts_search:(5:<0.414.0>) Dyn Var (RE): no Match (varname=add_dog_url), 

=INFO REPORT==== 3-Dec-2019::05:18:40 ===
           ts_search:(5:<0.441.0>) Dyn Var (RE): no Match (varname=created_user_id), 

=INFO REPORT==== 3-Dec-2019::05:18:40 ===
           ts_search:(5:<0.441.0>) Dyn Var (RE): no Match (varname=add_dog_url), 

=INFO REPORT==== 3-Dec-2019::05:18:40 ===
           ts_search:(5:<0.439.0>) Dyn Var (RE): no Match (varname=created_user_id), 

=INFO REPORT==== 3-Dec-2019::05:18:40 ===
           ts_search:(5:<0.439.0>) Dyn Var (RE): no Match (varname=add_dog_url), 

=INFO REPORT==== 3-Dec-2019::05:18:40 ===
           ts_search:(5:<0.409.0>) Dyn Var (RE): no Match (varname=created_user_id), 

=INFO REPORT==== 3-Dec-2019::05:18:40 ===
           ts_search:(5:<0.409.0>) Dyn Var (RE): no Match (varname=add_dog_url), 

=INFO REPORT==== 3-Dec-2019::05:18:40 ===
           ts_search:(5:<0.427.0>) Dyn Var (RE): no Match (varname=created_user_id), 

=INFO REPORT==== 3-Dec-2019::05:18:40 ===
           ts_search:(5:<0.427.0>) Dyn Var (RE): no Match (varname=add_dog_url), 

=INFO REPORT==== 3-Dec-2019::05:18:41 ===
           ts_search:(5:<0.473.0>) Dyn Var (RE): no Match (varname=created_user_id), 

=INFO REPORT==== 3-Dec-2019::05:18:41 ===
           ts_search:(5:<0.473.0>) Dyn Var (RE): no Match (varname=add_dog_url), 

=INFO REPORT==== 3-Dec-2019::05:18:42 ===
           ts_search:(5:<0.492.0>) Dyn Var (RE): no Match (varname=created_user_id), 

=INFO REPORT==== 3-Dec-2019::05:18:42 ===
           ts_search:(5:<0.492.0>) Dyn Var (RE): no Match (varname=add_dog_url), 

=INFO REPORT==== 3-Dec-2019::05:18:43 ===
           ts_search:(5:<0.465.0>) Dyn Var (RE): no Match (varname=created_user_id), 

=INFO REPORT==== 3-Dec-2019::05:18:43 ===
           ts_search:(5:<0.465.0>) Dyn Var (RE): no Match (varname=add_dog_url), 

=INFO REPORT==== 3-Dec-2019::05:18:43 ===
           ts_search:(5:<0.462.0>) Dyn Var (RE): no Match (varname=created_user_id), 

=INFO REPORT==== 3-Dec-2019::05:18:43 ===
           ts_search:(5:<0.462.0>) Dyn Var (RE): no Match (varname=add_dog_url), 

=INFO REPORT==== 3-Dec-2019::05:18:44 ===
           ts_search:(5:<0.469.0>) Dyn Var (RE): no Match (varname=created_user_id), 

=INFO REPORT==== 3-Dec-2019::05:18:44 ===
           ts_search:(5:<0.469.0>) Dyn Var (RE): no Match (varname=add_dog_url), 

=INFO REPORT==== 3-Dec-2019::05:18:44 ===
           ts_search:(5:<0.471.0>) Dyn Var (RE): no Match (varname=created_user_id), 

=INFO REPORT==== 3-Dec-2019::05:18:44 ===
           ts_search:(5:<0.471.0>) Dyn Var (RE): no Match (varname=add_dog_url), 

=INFO REPORT==== 3-Dec-2019::05:18:44 ===
           ts_search:(5:<0.479.0>) Dyn Var (RE): no Match (varname=created_user_id), 

=INFO REPORT==== 3-Dec-2019::05:18:44 ===
           ts_search:(5:<0.479.0>) Dyn Var (RE): no Match (varname=add_dog_url), 

=INFO REPORT==== 3-Dec-2019::05:18:44 ===
           ts_search:(5:<0.487.0>) Dyn Var (RE): no Match (varname=created_user_id), 

=INFO REPORT==== 3-Dec-2019::05:18:44 ===
           ts_search:(5:<0.487.0>) Dyn Var (RE): no Match (varname=add_dog_url), 

=INFO REPORT==== 3-Dec-2019::05:18:44 ===
           ts_search:(5:<0.451.0>) Dyn Var (RE): no Match (varname=created_user_id), 

=INFO REPORT==== 3-Dec-2019::05:18:44 ===
           ts_search:(5:<0.451.0>) Dyn Var (RE): no Match (varname=add_dog_url), 

=INFO REPORT==== 3-Dec-2019::05:18:45 ===
           ts_search:(5:<0.474.0>) Dyn Var (RE): no Match (varname=created_user_id), 

=INFO REPORT==== 3-Dec-2019::05:18:45 ===
           ts_search:(5:<0.474.0>) Dyn Var (RE): no Match (varname=add_dog_url), 

=INFO REPORT==== 3-Dec-2019::05:18:45 ===
           ts_search:(5:<0.467.0>) Dyn Var (RE): no Match (varname=created_user_id), 

=INFO REPORT==== 3-Dec-2019::05:18:45 ===
           ts_search:(5:<0.467.0>) Dyn Var (RE): no Match (varname=add_dog_url), 

=INFO REPORT==== 3-Dec-2019::05:18:47 ===
           ts_search:(5:<0.542.0>) Dyn Var (RE): no Match (varname=created_user_id), 

=INFO REPORT==== 3-Dec-2019::05:18:47 ===
           ts_search:(5:<0.542.0>) Dyn Var (RE): no Match (varname=add_dog_url), 

=INFO REPORT==== 3-Dec-2019::05:18:47 ===
           ts_search:(5:<0.488.0>) Dyn Var (RE): no Match (varname=created_user_id), 

=INFO REPORT==== 3-Dec-2019::05:18:47 ===
           ts_search:(5:<0.488.0>) Dyn Var (RE): no Match (varname=add_dog_url), 

=INFO REPORT==== 3-Dec-2019::05:18:47 ===
           ts_search:(5:<0.466.0>) Dyn Var (RE): no Match (varname=created_user_id), 

=INFO REPORT==== 3-Dec-2019::05:18:47 ===
           ts_search:(5:<0.466.0>) Dyn Var (RE): no Match (varname=add_dog_url), 

=INFO REPORT==== 3-Dec-2019::05:18:49 ===
           ts_search:(5:<0.541.0>) Dyn Var (RE): no Match (varname=created_user_id), 

=INFO REPORT==== 3-Dec-2019::05:18:49 ===
           ts_search:(5:<0.541.0>) Dyn Var (RE): no Match (varname=add_dog_url), 

=INFO REPORT==== 3-Dec-2019::05:18:49 ===
           ts_search:(5:<0.485.0>) Dyn Var (RE): no Match (varname=created_user_id), 

=INFO REPORT==== 3-Dec-2019::05:18:49 ===
           ts_search:(5:<0.485.0>) Dyn Var (RE): no Match (varname=add_dog_url), 

=INFO REPORT==== 3-Dec-2019::05:18:49 ===
           ts_search:(5:<0.596.0>) Dyn Var (RE): no Match (varname=created_user_id), 

=INFO REPORT==== 3-Dec-2019::05:18:49 ===
           ts_search:(5:<0.596.0>) Dyn Var (RE): no Match (varname=add_dog_url), 

=INFO REPORT==== 3-Dec-2019::05:18:49 ===
           ts_search:(5:<0.531.0>) Dyn Var (RE): no Match (varname=created_user_id), 

=INFO REPORT==== 3-Dec-2019::05:18:49 ===
           ts_search:(5:<0.531.0>) Dyn Var (RE): no Match (varname=add_dog_url), 

=INFO REPORT==== 3-Dec-2019::05:18:49 ===
           ts_search:(5:<0.586.0>) Dyn Var (RE): no Match (varname=created_user_id), 

=INFO REPORT==== 3-Dec-2019::05:18:49 ===
           ts_search:(5:<0.586.0>) Dyn Var (RE): no Match (varname=add_dog_url), 

=INFO REPORT==== 3-Dec-2019::05:18:49 ===
           ts_search:(5:<0.519.0>) Dyn Var (RE): no Match (varname=created_user_id), 

=INFO REPORT==== 3-Dec-2019::05:18:49 ===
           ts_search:(5:<0.519.0>) Dyn Var (RE): no Match (varname=add_dog_url), 

=INFO REPORT==== 3-Dec-2019::05:18:49 ===
           ts_search:(5:<0.477.0>) Dyn Var (RE): no Match (varname=created_user_id), 

=INFO REPORT==== 3-Dec-2019::05:18:49 ===
           ts_search:(5:<0.477.0>) Dyn Var (RE): no Match (varname=add_dog_url), 

=INFO REPORT==== 3-Dec-2019::05:18:51 ===
           ts_search:(5:<0.592.0>) Dyn Var (RE): no Match (varname=created_user_id), 

=INFO REPORT==== 3-Dec-2019::05:18:51 ===
           ts_search:(5:<0.592.0>) Dyn Var (RE): no Match (varname=add_dog_url), 

=INFO REPORT==== 3-Dec-2019::05:18:52 ===
           ts_search:(5:<0.495.0>) Dyn Var (RE): no Match (varname=created_user_id), 

=INFO REPORT==== 3-Dec-2019::05:18:52 ===
           ts_search:(5:<0.495.0>) Dyn Var (RE): no Match (varname=add_dog_url), 

=INFO REPORT==== 3-Dec-2019::05:18:52 ===
           ts_search:(5:<0.486.0>) Dyn Var (RE): no Match (varname=created_user_id), 

=INFO REPORT==== 3-Dec-2019::05:18:52 ===
           ts_search:(5:<0.486.0>) Dyn Var (RE): no Match (varname=add_dog_url), 

=INFO REPORT==== 3-Dec-2019::05:18:52 ===
           ts_search:(5:<0.489.0>) Dyn Var (RE): no Match (varname=created_user_id), 

=INFO REPORT==== 3-Dec-2019::05:18:52 ===
           ts_search:(5:<0.489.0>) Dyn Var (RE): no Match (varname=add_dog_url), 

=INFO REPORT==== 3-Dec-2019::05:18:52 ===
           ts_search:(5:<0.555.0>) Dyn Var (RE): no Match (varname=created_user_id), 

=INFO REPORT==== 3-Dec-2019::05:18:52 ===
           ts_search:(5:<0.555.0>) Dyn Var (RE): no Match (varname=add_dog_url), 

=INFO REPORT==== 3-Dec-2019::05:18:52 ===
           ts_search:(5:<0.491.0>) Dyn Var (RE): no Match (varname=created_user_id), 

=INFO REPORT==== 3-Dec-2019::05:18:52 ===
           ts_search:(5:<0.491.0>) Dyn Var (RE): no Match (varname=add_dog_url), 

=INFO REPORT==== 3-Dec-2019::05:18:53 ===
           ts_search:(5:<0.540.0>) Dyn Var (RE): no Match (varname=created_user_id), 

=INFO REPORT==== 3-Dec-2019::05:18:53 ===
           ts_search:(5:<0.540.0>) Dyn Var (RE): no Match (varname=add_dog_url), 

=INFO REPORT==== 3-Dec-2019::05:18:53 ===
           ts_search:(5:<0.497.0>) Dyn Var (RE): no Match (varname=created_user_id), 

=INFO REPORT==== 3-Dec-2019::05:18:53 ===
           ts_search:(5:<0.497.0>) Dyn Var (RE): no Match (varname=add_dog_url), 

=INFO REPORT==== 3-Dec-2019::05:18:53 ===
           ts_search:(5:<0.569.0>) Dyn Var (RE): no Match (varname=created_user_id), 

=INFO REPORT==== 3-Dec-2019::05:18:53 ===
           ts_search:(5:<0.569.0>) Dyn Var (RE): no Match (varname=add_dog_url), 

=INFO REPORT==== 3-Dec-2019::05:18:54 ===
           ts_search:(5:<0.595.0>) Dyn Var (RE): no Match (varname=created_user_id), 

=INFO REPORT==== 3-Dec-2019::05:18:54 ===
           ts_search:(5:<0.595.0>) Dyn Var (RE): no Match (varname=add_dog_url), 

=INFO REPORT==== 3-Dec-2019::05:18:54 ===
           ts_search:(5:<0.494.0>) Dyn Var (RE): no Match (varname=created_user_id), 

=INFO REPORT==== 3-Dec-2019::05:18:54 ===
           ts_search:(5:<0.494.0>) Dyn Var (RE): no Match (varname=add_dog_url), 

=INFO REPORT==== 3-Dec-2019::05:18:56 ===
           ts_search:(5:<0.527.0>) Dyn Var (RE): no Match (varname=created_user_id), 

=INFO REPORT==== 3-Dec-2019::05:18:56 ===
           ts_search:(5:<0.527.0>) Dyn Var (RE): no Match (varname=add_dog_url), 

=INFO REPORT==== 3-Dec-2019::05:18:56 ===
           ts_search:(5:<0.517.0>) Dyn Var (RE): no Match (varname=created_user_id), 

=INFO REPORT==== 3-Dec-2019::05:18:56 ===
           ts_search:(5:<0.517.0>) Dyn Var (RE): no Match (varname=add_dog_url), 

=INFO REPORT==== 3-Dec-2019::05:18:57 ===
           ts_search:(5:<0.523.0>) Dyn Var (RE): no Match (varname=created_user_id), 

=INFO REPORT==== 3-Dec-2019::05:18:57 ===
           ts_search:(5:<0.523.0>) Dyn Var (RE): no Match (varname=add_dog_url), 

=INFO REPORT==== 3-Dec-2019::05:18:57 ===
           ts_search:(5:<0.493.0>) Dyn Var (RE): no Match (varname=created_user_id), 

=INFO REPORT==== 3-Dec-2019::05:18:57 ===
           ts_search:(5:<0.493.0>) Dyn Var (RE): no Match (varname=add_dog_url), 

=INFO REPORT==== 3-Dec-2019::05:18:57 ===
           ts_search:(5:<0.520.0>) Dyn Var (RE): no Match (varname=created_user_id), 

=INFO REPORT==== 3-Dec-2019::05:18:57 ===
           ts_search:(5:<0.520.0>) Dyn Var (RE): no Match (varname=add_dog_url), 

=INFO REPORT==== 3-Dec-2019::05:18:58 ===
           ts_search:(5:<0.602.0>) Dyn Var (RE): no Match (varname=created_user_id), 

=INFO REPORT==== 3-Dec-2019::05:18:58 ===
           ts_search:(5:<0.602.0>) Dyn Var (RE): no Match (varname=add_dog_url), 

=INFO REPORT==== 3-Dec-2019::05:18:58 ===
           ts_search:(5:<0.567.0>) Dyn Var (RE): no Match (varname=created_user_id), 

=INFO REPORT==== 3-Dec-2019::05:18:58 ===
           ts_search:(5:<0.567.0>) Dyn Var (RE): no Match (varname=add_dog_url), 

=INFO REPORT==== 3-Dec-2019::05:18:58 ===
           ts_search:(5:<0.566.0>) Dyn Var (RE): no Match (varname=created_user_id), 

=INFO REPORT==== 3-Dec-2019::05:18:58 ===
           ts_search:(5:<0.566.0>) Dyn Var (RE): no Match (varname=add_dog_url), 

=INFO REPORT==== 3-Dec-2019::05:18:59 ===
           ts_search:(5:<0.518.0>) Dyn Var (RE): no Match (varname=created_user_id), 

=INFO REPORT==== 3-Dec-2019::05:18:59 ===
           ts_search:(5:<0.518.0>) Dyn Var (RE): no Match (varname=add_dog_url), 

=INFO REPORT==== 3-Dec-2019::05:18:59 ===
           ts_search:(5:<0.506.0>) Dyn Var (RE): no Match (varname=created_user_id), 

=INFO REPORT==== 3-Dec-2019::05:18:59 ===
           ts_search:(5:<0.506.0>) Dyn Var (RE): no Match (varname=add_dog_url), 

=INFO REPORT==== 3-Dec-2019::05:18:59 ===
           ts_search:(5:<0.511.0>) Dyn Var (RE): no Match (varname=created_user_id), 

=INFO REPORT==== 3-Dec-2019::05:18:59 ===
           ts_search:(5:<0.511.0>) Dyn Var (RE): no Match (varname=add_dog_url), 

=INFO REPORT==== 3-Dec-2019::05:19:00 ===
           ts_search:(5:<0.525.0>) Dyn Var (RE): no Match (varname=created_user_id), 

=INFO REPORT==== 3-Dec-2019::05:19:00 ===
           ts_search:(5:<0.525.0>) Dyn Var (RE): no Match (varname=add_dog_url), 

=INFO REPORT==== 3-Dec-2019::05:19:00 ===
           ts_search:(5:<0.509.0>) Dyn Var (RE): no Match (varname=created_user_id), 

=INFO REPORT==== 3-Dec-2019::05:19:00 ===
           ts_search:(5:<0.509.0>) Dyn Var (RE): no Match (varname=add_dog_url), 

=INFO REPORT==== 3-Dec-2019::05:19:01 ===
           ts_search:(5:<0.528.0>) Dyn Var (RE): no Match (varname=created_user_id), 

=INFO REPORT==== 3-Dec-2019::05:19:01 ===
           ts_search:(5:<0.528.0>) Dyn Var (RE): no Match (varname=add_dog_url), 

=INFO REPORT==== 3-Dec-2019::05:19:01 ===
           ts_search:(5:<0.565.0>) Dyn Var (RE): no Match (varname=created_user_id), 

=INFO REPORT==== 3-Dec-2019::05:19:01 ===
           ts_search:(5:<0.565.0>) Dyn Var (RE): no Match (varname=add_dog_url), 

=INFO REPORT==== 3-Dec-2019::05:19:02 ===
           ts_search:(5:<0.545.0>) Dyn Var (RE): no Match (varname=created_user_id), 

=INFO REPORT==== 3-Dec-2019::05:19:02 ===
           ts_search:(5:<0.545.0>) Dyn Var (RE): no Match (varname=add_dog_url), 

=INFO REPORT==== 3-Dec-2019::05:19:02 ===
           ts_search:(5:<0.503.0>) Dyn Var (RE): no Match (varname=created_user_id), 

=INFO REPORT==== 3-Dec-2019::05:19:02 ===
           ts_search:(5:<0.503.0>) Dyn Var (RE): no Match (varname=add_dog_url), 

=INFO REPORT==== 3-Dec-2019::05:19:03 ===
           ts_search:(5:<0.543.0>) Dyn Var (RE): no Match (varname=created_user_id), 

=INFO REPORT==== 3-Dec-2019::05:19:03 ===
           ts_search:(5:<0.543.0>) Dyn Var (RE): no Match (varname=add_dog_url), 

=INFO REPORT==== 3-Dec-2019::05:19:03 ===
           ts_search:(5:<0.605.0>) Dyn Var (RE): no Match (varname=created_user_id), 

=INFO REPORT==== 3-Dec-2019::05:19:03 ===
           ts_search:(5:<0.605.0>) Dyn Var (RE): no Match (varname=add_dog_url), 

=INFO REPORT==== 3-Dec-2019::05:19:03 ===
           ts_search:(5:<0.508.0>) Dyn Var (RE): no Match (varname=created_user_id), 

=INFO REPORT==== 3-Dec-2019::05:19:03 ===
           ts_search:(5:<0.508.0>) Dyn Var (RE): no Match (varname=add_dog_url), 

=INFO REPORT==== 3-Dec-2019::05:19:05 ===
           ts_search:(5:<0.535.0>) Dyn Var (RE): no Match (varname=created_user_id), 

=INFO REPORT==== 3-Dec-2019::05:19:05 ===
           ts_search:(5:<0.535.0>) Dyn Var (RE): no Match (varname=add_dog_url), 

=INFO REPORT==== 3-Dec-2019::05:19:05 ===
           ts_search:(5:<0.606.0>) Dyn Var (RE): no Match (varname=created_user_id), 

=INFO REPORT==== 3-Dec-2019::05:19:05 ===
           ts_search:(5:<0.606.0>) Dyn Var (RE): no Match (varname=add_dog_url), 

=INFO REPORT==== 3-Dec-2019::05:19:05 ===
           ts_search:(5:<0.500.0>) Dyn Var (RE): no Match (varname=created_user_id), 

=INFO REPORT==== 3-Dec-2019::05:19:05 ===
           ts_search:(5:<0.500.0>) Dyn Var (RE): no Match (varname=add_dog_url), 

=INFO REPORT==== 3-Dec-2019::05:19:05 ===
           ts_search:(5:<0.604.0>) Dyn Var (RE): no Match (varname=created_user_id), 

=INFO REPORT==== 3-Dec-2019::05:19:05 ===
           ts_search:(5:<0.604.0>) Dyn Var (RE): no Match (varname=add_dog_url), 

=INFO REPORT==== 3-Dec-2019::05:19:05 ===
           ts_search:(5:<0.551.0>) Dyn Var (RE): no Match (varname=created_user_id), 

=INFO REPORT==== 3-Dec-2019::05:19:05 ===
           ts_search:(5:<0.551.0>) Dyn Var (RE): no Match (varname=add_dog_url), 

=INFO REPORT==== 3-Dec-2019::05:19:05 ===
           ts_search:(5:<0.557.0>) Dyn Var (RE): no Match (varname=created_user_id), 

=INFO REPORT==== 3-Dec-2019::05:19:05 ===
           ts_search:(5:<0.557.0>) Dyn Var (RE): no Match (varname=add_dog_url), 

=INFO REPORT==== 3-Dec-2019::05:19:07 ===
           ts_search:(5:<0.548.0>) Dyn Var (RE): no Match (varname=created_user_id), 

=INFO REPORT==== 3-Dec-2019::05:19:07 ===
           ts_search:(5:<0.548.0>) Dyn Var (RE): no Match (varname=add_dog_url), 

=INFO REPORT==== 3-Dec-2019::05:19:07 ===
           ts_search:(5:<0.550.0>) Dyn Var (RE): no Match (varname=created_user_id), 

=INFO REPORT==== 3-Dec-2019::05:19:07 ===
           ts_search:(5:<0.550.0>) Dyn Var (RE): no Match (varname=add_dog_url), 

=INFO REPORT==== 3-Dec-2019::05:19:08 ===
           ts_search:(5:<0.584.0>) Dyn Var (RE): no Match (varname=created_user_id), 

=INFO REPORT==== 3-Dec-2019::05:19:08 ===
           ts_search:(5:<0.584.0>) Dyn Var (RE): no Match (varname=add_dog_url), 

=INFO REPORT==== 3-Dec-2019::05:19:08 ===
           ts_search:(5:<0.559.0>) Dyn Var (RE): no Match (varname=created_user_id), 

=INFO REPORT==== 3-Dec-2019::05:19:08 ===
           ts_search:(5:<0.559.0>) Dyn Var (RE): no Match (varname=add_dog_url), 

=INFO REPORT==== 3-Dec-2019::05:19:08 ===
           ts_search:(5:<0.516.0>) Dyn Var (RE): no Match (varname=created_user_id), 

=INFO REPORT==== 3-Dec-2019::05:19:08 ===
           ts_search:(5:<0.516.0>) Dyn Var (RE): no Match (varname=add_dog_url), 

=INFO REPORT==== 3-Dec-2019::05:19:09 ===
           ts_search:(5:<0.510.0>) Dyn Var (RE): no Match (varname=created_user_id), 

=INFO REPORT==== 3-Dec-2019::05:19:09 ===
           ts_search:(5:<0.510.0>) Dyn Var (RE): no Match (varname=add_dog_url), 

=INFO REPORT==== 3-Dec-2019::05:19:09 ===
           ts_search:(5:<0.560.0>) Dyn Var (RE): no Match (varname=created_user_id), 

=INFO REPORT==== 3-Dec-2019::05:19:09 ===
           ts_search:(5:<0.560.0>) Dyn Var (RE): no Match (varname=add_dog_url), 

=INFO REPORT==== 3-Dec-2019::05:19:09 ===
           ts_search:(5:<0.556.0>) Dyn Var (RE): no Match (varname=created_user_id), 

=INFO REPORT==== 3-Dec-2019::05:19:09 ===
           ts_search:(5:<0.556.0>) Dyn Var (RE): no Match (varname=add_dog_url), 

=INFO REPORT==== 3-Dec-2019::05:19:10 ===
           ts_search:(5:<0.515.0>) Dyn Var (RE): no Match (varname=created_user_id), 

=INFO REPORT==== 3-Dec-2019::05:19:10 ===
           ts_search:(5:<0.515.0>) Dyn Var (RE): no Match (varname=add_dog_url), 

=INFO REPORT==== 3-Dec-2019::05:19:11 ===
           ts_search:(5:<0.574.0>) Dyn Var (RE): no Match (varname=created_user_id), 

=INFO REPORT==== 3-Dec-2019::05:19:11 ===
           ts_search:(5:<0.574.0>) Dyn Var (RE): no Match (varname=add_dog_url), 

=INFO REPORT==== 3-Dec-2019::05:19:11 ===
           ts_search:(5:<0.573.0>) Dyn Var (RE): no Match (varname=created_user_id), 

=INFO REPORT==== 3-Dec-2019::05:19:11 ===
           ts_search:(5:<0.573.0>) Dyn Var (RE): no Match (varname=add_dog_url), 

=INFO REPORT==== 3-Dec-2019::05:19:12 ===
           ts_search:(5:<0.552.0>) Dyn Var (RE): no Match (varname=created_user_id), 

=INFO REPORT==== 3-Dec-2019::05:19:12 ===
           ts_search:(5:<0.552.0>) Dyn Var (RE): no Match (varname=add_dog_url), 

=INFO REPORT==== 3-Dec-2019::05:19:12 ===
           ts_search:(5:<0.594.0>) Dyn Var (RE): no Match (varname=created_user_id), 

=INFO REPORT==== 3-Dec-2019::05:19:12 ===
           ts_search:(5:<0.594.0>) Dyn Var (RE): no Match (varname=add_dog_url), 

=INFO REPORT==== 3-Dec-2019::05:19:13 ===
           ts_search:(5:<0.553.0>) Dyn Var (RE): no Match (varname=created_user_id), 

=INFO REPORT==== 3-Dec-2019::05:19:13 ===
           ts_search:(5:<0.553.0>) Dyn Var (RE): no Match (varname=add_dog_url), 

=INFO REPORT==== 3-Dec-2019::05:19:13 ===
           ts_search:(5:<0.597.0>) Dyn Var (RE): no Match (varname=created_user_id), 

=INFO REPORT==== 3-Dec-2019::05:19:13 ===
           ts_search:(5:<0.597.0>) Dyn Var (RE): no Match (varname=add_dog_url), 

=INFO REPORT==== 3-Dec-2019::05:19:13 ===
           ts_search:(5:<0.571.0>) Dyn Var (RE): no Match (varname=created_user_id), 

=INFO REPORT==== 3-Dec-2019::05:19:13 ===
           ts_search:(5:<0.571.0>) Dyn Var (RE): no Match (varname=add_dog_url), 

=INFO REPORT==== 3-Dec-2019::05:19:13 ===
           ts_search:(5:<0.554.0>) Dyn Var (RE): no Match (varname=created_user_id), 

=INFO REPORT==== 3-Dec-2019::05:19:13 ===
           ts_search:(5:<0.554.0>) Dyn Var (RE): no Match (varname=add_dog_url), 

=INFO REPORT==== 3-Dec-2019::05:19:14 ===
           ts_search:(5:<0.583.0>) Dyn Var (RE): no Match (varname=created_user_id), 

=INFO REPORT==== 3-Dec-2019::05:19:14 ===
           ts_search:(5:<0.583.0>) Dyn Var (RE): no Match (varname=add_dog_url), 

=INFO REPORT==== 3-Dec-2019::05:19:30 ===
     ts_launcher_mgr:(5:<0.149.0>) No more active users 'tsung_controller@ip-172-31-30-204' "3136"

=INFO REPORT==== 3-Dec-2019::05:19:31 ===
              ts_mon:(5:<0.103.0>) stopping monitor (normal)
