# stats: dump at 1575350196
stats: users 11 11
stats: {freemem,"tsung_controller@ip-172-31-30-204"} 1 3523.78125 0 3523.78125 3523.78125 0 0
stats: {load,"tsung_controller@ip-172-31-30-204"} 1 0.0 0 0.0 0.0 0 0
stats: {cpu,"tsung_controller@ip-172-31-30-204"} 1 3.3007650599953795 0 3.3007650599953795 3.3007650599953795 0 0
stats: users_count 11 11
stats: finish_users_count 0 0
stats: request 32 91.6718125 131.22716611458483 441.041 5.233 0 0
stats: connect 11 2.388 3.278608130400349 12.734 0.914 0 0
stats: page 32 91.6718125 131.22716611458483 441.041 5.233 0 0
stats: 302 3 3
stats: 200 28 28
stats: size_rcv 156477 156477
stats: size_sent 19402 19402
stats: connected 11 11
stats: 404 1 1
# stats: dump at 1575350206
stats: users 8 13
stats: {freemem,"tsung_controller@ip-172-31-30-204"} 1 3522.75 0.0 3523.78125 3522.75 3523.78125 1
stats: {load,"tsung_controller@ip-172-31-30-204"} 1 0.0 0.0 0.0 0.0 0.0 1
stats: {recvpackets,"tsung_controller@ip-172-31-30-204"} 1 258 0 258 258 0 0
stats: {sentpackets,"tsung_controller@ip-172-31-30-204"} 1 220 0 220 220 0 0
stats: {cpu,"tsung_controller@ip-172-31-30-204"} 1 1.1952191235059761 0.0 3.3007650599953795 1.1952191235059761 3.3007650599953795 1
stats: session 13 7896.494692307692 3182.162692752365 14584.12 2476.13 0 0
stats: users_count 10 21
stats: finish_users_count 13 13
stats: request 67 176.425447761194 278.84916857686426 1275.488 3.641 91.6718125 32
stats: connect 8 2.3829999999999996 2.446652560131904 12.734 0.914 2.388 11
stats: page 67 176.425447761194 278.84916857686426 1275.488 3.641 91.6718125 32
stats: 302 14 17
stats: 200 26 54
stats: size_rcv 214640 371117
stats: 422 13 13
stats: size_sent 55664 75066
stats: connected -5 6
stats: 404 14 15
# stats: dump at 1575350216
stats: users 4 13
stats: {freemem,"tsung_controller@ip-172-31-30-204"} 1 3521.21484375 0.0 3523.78125 3521.21484375 3523.265625 2
stats: {load,"tsung_controller@ip-172-31-30-204"} 1 0.0 0.0 0.0 0.0 0.0 2
stats: {recvpackets,"tsung_controller@ip-172-31-30-204"} 1 438.0 0.0 438 258 258.0 1
stats: {sentpackets,"tsung_controller@ip-172-31-30-204"} 1 408.0 0.0 408 220 220.0 1
stats: {cpu,"tsung_controller@ip-172-31-30-204"} 1 1.6848364717542121 0.0 3.3007650599953795 1.1952191235059761 2.2479920917506777 2
stats: session 11 8377.201 3832.7122896704022 16827.138 2476.13 7896.494692307692 13
stats: users_count 7 28
stats: finish_users_count 11 24
stats: request 55 113.38609090909092 196.21235508863373 1275.488 3.553 149.0303333333333 99
stats: connect 9 1.6381111111111109 0.8017732353899414 12.734 0.914 2.385894736842105 19
stats: page 55 113.38609090909092 196.21235508863373 1275.488 3.553 149.0303333333333 99
stats: 302 8 25
stats: 200 27 81
stats: size_rcv 200335 571452
stats: 422 11 24
stats: size_sent 43839 118905
stats: connected -2 4
stats: 404 9 24
# stats: dump at 1575350226
stats: users 5 13
stats: {freemem,"tsung_controller@ip-172-31-30-204"} 1 3519.98046875 0.0 3523.78125 3519.98046875 3522.58203125 3
stats: {load,"tsung_controller@ip-172-31-30-204"} 1 0.0 0.0 0.0 0.0 0.0 3
stats: {recvpackets,"tsung_controller@ip-172-31-30-204"} 1 439.0 0.0 439 258 348.0 2
stats: {sentpackets,"tsung_controller@ip-172-31-30-204"} 1 519.0 0.0 519 220 314.0 2
stats: {cpu,"tsung_controller@ip-172-31-30-204"} 1 1.394422310756972 0.0 3.3007650599953795 1.1952191235059761 2.060273551751856 3
stats: session 5 6709.785800000001 2418.245553192595 16827.138 2476.13 8116.818416666666 24
stats: users_count 6 34
stats: finish_users_count 5 29
stats: request 34 91.66573529411767 150.27412926407857 1275.488 3.553 136.30024675324674 154
stats: connect 6 1.4591666666666667 0.23765199814481303 12.734 0.914 2.145535714285714 28
stats: page 34 91.66573529411767 150.27412926407857 1275.488 3.553 136.30024675324674 154
stats: 302 6 31
stats: 200 17 98
stats: size_rcv 123840 695292
stats: 422 5 29
stats: newphase 1 1
stats: size_sent 27118 146023
stats: connected 1 5
stats: 404 6 30
# stats: dump at 1575350236
stats: users 22 23
stats: {freemem,"tsung_controller@ip-172-31-30-204"} 1 3518.04296875 0.0 3523.78125 3518.04296875 3521.931640625 4
stats: {load,"tsung_controller@ip-172-31-30-204"} 1 0.0 0.0 0.0 0.0 0.0 4
stats: {recvpackets,"tsung_controller@ip-172-31-30-204"} 1 224.0 0.0 439 224 378.3333333333333 3
stats: {sentpackets,"tsung_controller@ip-172-31-30-204"} 1 218.0 0.0 519 218 382.3333333333333 3
stats: {cpu,"tsung_controller@ip-172-31-30-204"} 1 0.796812749003984 0.0 3.3007650599953795 0.796812749003984 1.8938107415031349 4
stats: session 10 5930.0281 2065.089061079374 16827.138 2476.13 7874.226586206896 29
stats: users_count 27 61
stats: finish_users_count 10 39
stats: request 95 113.88281052631577 153.30799504988883 1275.488 3.342 128.22804787234043 188
stats: connect 27 1.524925925925926 0.6944756575701383 12.734 0.914 2.024411764705882 34
stats: page 95 113.88281052631577 153.30799504988883 1275.488 3.342 128.22804787234043 188
stats: 302 14 45
stats: 200 62 160
stats: size_rcv 397303 1092595
stats: 422 9 38
stats: newphase 0 1
stats: size_sent 67756 213779
stats: connected 18 23
stats: 404 10 40
# stats: dump at 1575350246
stats: users 15 25
stats: {freemem,"tsung_controller@ip-172-31-30-204"} 1 3515.09375 0.0 3523.78125 3515.09375 3521.15390625 5
stats: {load,"tsung_controller@ip-172-31-30-204"} 1 0.0 0.0 0.0 0.0 0.0 5
stats: {recvpackets,"tsung_controller@ip-172-31-30-204"} 1 571.0 0.0 571 224 339.75 4
stats: {sentpackets,"tsung_controller@ip-172-31-30-204"} 1 521.0 0.0 521 218 341.25 4
stats: {cpu,"tsung_controller@ip-172-31-30-204"} 1 1.3916500994035785 0.0 3.3007650599953795 0.796812749003984 1.6744111430033048 5
stats: session 23 10125.12943478261 3552.0418837014295 17722.169 2476.13 7375.714153846154 39
stats: users_count 16 77
stats: finish_users_count 23 62
stats: request 126 276.4263968253968 331.35389550808395 1275.488 3.117 123.41250883392226 283
stats: connect 15 1.3066666666666664 0.27004756782627926 12.734 0.914 1.8033278688524588 61
stats: page 126 276.4263968253968 331.35389550808395 1275.488 3.117 123.41250883392226 283
stats: 302 23 68
stats: 200 55 215
stats: size_rcv 420742 1513337
stats: 422 23 61
stats: newphase 0 1
stats: size_sent 106114 319893
stats: connected -8 15
stats: 404 25 65
# stats: dump at 1575350256
stats: users 19 25
stats: {freemem,"tsung_controller@ip-172-31-30-204"} 1 3512.44140625 0.0 3523.78125 3512.44140625 3520.1438802083335 6
stats: {load,"tsung_controller@ip-172-31-30-204"} 1 0.0 0.0 0.0 0.0 0.0 6
stats: {recvpackets,"tsung_controller@ip-172-31-30-204"} 1 590.0 0.0 590 224 386.0 5
stats: {sentpackets,"tsung_controller@ip-172-31-30-204"} 1 546.0 0.0 546 218 377.2 5
stats: {cpu,"tsung_controller@ip-172-31-30-204"} 1 1.3902681231380336 0.0 3.3007650599953795 0.796812749003984 1.6272843024033505 6
stats: session 20 9367.929900000005 4442.370649751988 19773.245 2476.13 8395.658532258065 62
stats: users_count 24 101
stats: finish_users_count 20 82
stats: request 118 167.76319491525427 211.26168637478884 1275.488 3.117 170.5512616136919 409
stats: connect 24 1.7844999999999998 2.1341639658970286 12.734 0.914 1.705302631578947 76
stats: page 118 167.76319491525427 211.26168637478884 1275.488 3.117 170.5512616136919 409
stats: 302 18 86
stats: 200 61 276
stats: size_rcv 435160 1948497
stats: 422 21 82
stats: newphase 1 2
stats: size_sent 88757 408650
stats: connected 3 18
stats: 404 18 83
# stats: dump at 1575350266
stats: users 37 37
stats: {freemem,"tsung_controller@ip-172-31-30-204"} 1 3511.8203125 0.0 3523.78125 3511.8203125 3519.043526785714 7
stats: {load,"tsung_controller@ip-172-31-30-204"} 1 0.0 0.0 0.0 0.0 0.0 7
stats: {recvpackets,"tsung_controller@ip-172-31-30-204"} 1 636.0 0.0 636 224 420.0 6
stats: {sentpackets,"tsung_controller@ip-172-31-30-204"} 1 597.0 0.0 597 218 405.3333333333333 6
stats: {cpu,"tsung_controller@ip-172-31-30-204"} 1 1.4925373134328357 0.0 3.3007650599953795 0.796812749003984 1.593424848222591 7
stats: session 17 9017.52970588235 2056.269925240097 19773.245 2476.13 8632.797890243904 82
stats: users_count 35 136
stats: finish_users_count 17 99
stats: request 147 437.5986122448978 541.6531157009407 2902.006 3.117 169.92698861480073 527
stats: connect 36 1.9755833333333337 2.036928479830464 12.734 0.785 1.7243099999999998 100
stats: page 147 437.5986122448978 541.6531157009407 2902.006 3.117 169.92698861480073 527
stats: 302 18 104
stats: 200 95 371
stats: size_rcv 607913 2556410
stats: 422 17 99
stats: newphase 0 2
stats: size_sent 116218 524868
stats: connected 19 37
stats: 404 17 100
# stats: dump at 1575350276
stats: users 74 74
stats: {freemem,"tsung_controller@ip-172-31-30-204"} 1 3509.2421875 0.0 3523.78125 3509.2421875 3518.140625 8
stats: {load,"tsung_controller@ip-172-31-30-204"} 1 0.0 0.0 0.0 0.0 0.0 8
stats: {recvpackets,"tsung_controller@ip-172-31-30-204"} 1 885.0 0.0 885 224 450.85714285714283 7
stats: {sentpackets,"tsung_controller@ip-172-31-30-204"} 1 760.0 0.0 760 218 432.7142857142857 7
stats: {cpu,"tsung_controller@ip-172-31-30-204"} 1 2.075098814229249 0.0 3.3007650599953795 0.796812749003984 1.5808139063738715 8
stats: session 9 14527.589666666669 1888.5917695512353 19773.245 2476.13 8698.862949494951 99
stats: users_count 46 182
stats: finish_users_count 9 108
stats: request 150 1670.4784733333329 1862.4396268069315 9751.747 0.644 228.3064080118694 674
stats: connect 45 1.2224222222222223 0.23122547811258842 12.734 0.785 1.7908235294117647 136
stats: page 150 1670.4784733333329 1862.4396268069315 9751.747 0.644 228.3064080118694 674
stats: 302 9 113
stats: 200 110 481
stats: size_rcv 677998 3234408
stats: 422 9 108
stats: newphase 0 2
stats: size_sent 108132 633000
stats: connected 33 70
stats: 400 3 3
stats: 404 11 111
stats: 500 8 8
# stats: dump at 1575350286
stats: users 110 110
stats: {freemem,"tsung_controller@ip-172-31-30-204"} 1 3504.07421875 0.0 3523.78125 3504.07421875 3517.151909722222 9
stats: {load,"tsung_controller@ip-172-31-30-204"} 1 0.0 0.0 0.0 0.0 0.0 9
stats: {recvpackets,"tsung_controller@ip-172-31-30-204"} 1 1085.0 0.0 1085 224 505.125 8
stats: {sentpackets,"tsung_controller@ip-172-31-30-204"} 1 970.0 0.0 970 218 473.625 8
stats: {cpu,"tsung_controller@ip-172-31-30-204"} 1 2.376237623762376 0.0 3.3007650599953795 0.796812749003984 1.6357344516911358 9
stats: session 21 20027.238999999994 3978.3274868512985 28127.517 2476.13 9184.590175925927 108
stats: users_count 57 239
stats: finish_users_count 21 129
stats: request 195 2996.717620512821 2739.1851161738455 11684.07 0.615 490.83773058252416 824
stats: connect 74 1.318878378378379 0.29975250839527967 12.734 0.785 1.6495082872928175 181
stats: page 195 2996.717620512821 2739.1851161738455 11684.07 0.615 490.83773058252416 824
stats: 302 14 127
stats: 200 118 599
stats: size_rcv 748823 3983231
stats: 422 21 129
stats: newphase 1 3
stats: size_sent 138902 771902
stats: connected 36 106
stats: 400 17 20
stats: 404 8 119
stats: 500 17 25
# stats: dump at 1575350296
stats: users 150 151
stats: {freemem,"tsung_controller@ip-172-31-30-204"} 1 3497.67578125 0.0 3523.78125 3497.67578125 3515.844140625 10
stats: {load,"tsung_controller@ip-172-31-30-204"} 1 0.0 0.0 0.0 0.0 0.0 10
stats: {recvpackets,"tsung_controller@ip-172-31-30-204"} 1 1301.0 0.0 1301 224 569.5555555555555 9
stats: {sentpackets,"tsung_controller@ip-172-31-30-204"} 1 1241.0 0.0 1241 218 528.7777777777778 9
stats: {cpu,"tsung_controller@ip-172-31-30-204"} 1 2.9644268774703555 0.0 3.3007650599953795 0.796812749003984 1.7097847688982597 10
stats: session 29 23893.35348275862 3010.1926438484325 29834.806 2476.13 10949.672542635659 129
stats: users_count 69 308
stats: finish_users_count 29 158
stats: request 249 3188.764469879519 2361.8449605287515 12586.259 0.575 970.3731364082435 1019
stats: connect 88 1.3121477272727273 0.6718218368357641 12.734 0.785 1.5535607843137256 255
stats: page 249 3188.764469879519 2361.8449605287515 12586.259 0.575 970.3731364082435 1019
stats: 302 15 142
stats: 200 159 758
stats: size_rcv 998110 4981341
stats: 422 28 157
stats: newphase 0 3
stats: size_sent 199185 971087
stats: connected 43 149
stats: 400 17 37
stats: 404 16 135
stats: 500 14 39
# stats: dump at 1575350306
stats: users 206 207
stats: {freemem,"tsung_controller@ip-172-31-30-204"} 1 3490.1484375 0.0 3523.78125 3490.1484375 3514.192471590909 11
stats: {load,"tsung_controller@ip-172-31-30-204"} 1 0.0 0.0 0.0 0.0 0.0 11
stats: {recvpackets,"tsung_controller@ip-172-31-30-204"} 1 1531.0 0.0 1531 224 642.7 10
stats: {sentpackets,"tsung_controller@ip-172-31-30-204"} 1 1393.0 0.0 1393 218 600.0 10
stats: {cpu,"tsung_controller@ip-172-31-30-204"} 1 3.4448818897637796 0.0 3.4448818897637796 0.796812749003984 1.8238431424048138 11
stats: session 28 26551.19857142857 6268.275998479682 38031.221 2476.13 13325.411449367086 158
stats: users_count 84 392
stats: finish_users_count 28 186
stats: request 273 4628.626512820511 3546.2215996919813 13438.972 0.515 1406.0036111987386 1268
stats: connect 103 1.285805825242719 0.8359900479996254 12.734 0.763 1.4916239067055395 343
stats: page 273 4628.626512820511 3546.2215996919813 13438.972 0.515 1406.0036111987386 1268
stats: 302 15 157
stats: 200 124 882
stats: size_rcv 804549 5785890
stats: 422 20 177
stats: newphase 0 3
stats: 502 59 59
stats: size_sent 185023 1156110
stats: connected 48 197
stats: 400 27 64
stats: 404 11 146
stats: 500 17 56
# stats: dump at 1575350316
stats: users 190 221
stats: {freemem,"tsung_controller@ip-172-31-30-204"} 1 3481.76953125 0.0 3523.78125 3481.76953125 3512.1888020833335 12
stats: {load,"tsung_controller@ip-172-31-30-204"} 1 0.0 0.0 0.0 0.0 0.0 12
stats: {recvpackets,"tsung_controller@ip-172-31-30-204"} 1 1495.0 0.0 1531 224 723.4545454545455 11
stats: {sentpackets,"tsung_controller@ip-172-31-30-204"} 1 1447.0 0.0 1447 218 672.0909090909091 11
stats: {cpu,"tsung_controller@ip-172-31-30-204"} 1 3.0632411067193677 0.0 3.4448818897637796 0.796812749003984 1.9589297046847278 12
stats: session 44 26516.758909090913 8582.176604211518 41010.535 2476.13 15316.390155913976 186
stats: users_count 28 420
stats: finish_users_count 44 230
stats: request 370 4516.833081081082 4117.962974804706 17232.149 0.509 1976.9160395846852 1541
stats: connect 67 1.626179104477612 1.7045020275586171 12.734 0.752 1.444091928251121 446
stats: page 370 4516.833081081082 4117.962974804706 17232.149 0.509 1976.9160395846852 1541
stats: 302 17 174
stats: 200 150 1032
stats: size_rcv 986792 6772682
stats: 422 33 210
stats: newphase 0 3
stats: 502 110 169
stats: size_sent 236766 1392876
stats: connected -15 182
stats: 400 37 101
stats: 404 9 155
stats: 500 14 70
# stats: dump at 1575350326
stats: users 169 221
stats: {freemem,"tsung_controller@ip-172-31-30-204"} 1 3473.31640625 0.0 3523.78125 3473.31640625 3509.848858173077 13
stats: {load,"tsung_controller@ip-172-31-30-204"} 1 0.0 0.0 0.0 0.0 0.0 13
stats: {recvpackets,"tsung_controller@ip-172-31-30-204"} 1 1633.0 0.0 1633 224 787.75 12
stats: {sentpackets,"tsung_controller@ip-172-31-30-204"} 1 1561.0 0.0 1561 218 736.6666666666666 12
stats: {cpu,"tsung_controller@ip-172-31-30-204"} 1 3.8461538461538463 0.0 3.8461538461538463 0.796812749003984 2.0438767356104695 13
stats: session 21 28484.02961904762 8302.066819131507 43168.123 2476.13 17459.069395652175 230
stats: users_count 0 420
stats: finish_users_count 21 251
stats: request 140 6712.844978571428 4479.5133611658775 20849.084 0.488 2468.6843835688123 1911
stats: connect 23 1.6692608695652178 1.1551927457239146 12.734 0.752 1.4678732943469786 513
stats: page 140 6712.844978571428 4479.5133611658775 20849.084 0.488 2468.6843835688123 1911
stats: 302 8 182
stats: 200 62 1094
stats: size_rcv 451980 7224662
stats: 422 21 231
stats: newphase 0 3
stats: 502 0 169
stats: size_sent 127762 1520638
stats: connected -19 163
stats: 400 21 122
stats: 404 8 163
stats: 500 20 90
# stats: dump at 1575350336
stats: users 138 221
stats: {freemem,"tsung_controller@ip-172-31-30-204"} 1 3468.96875 0.0 3523.78125 3468.96875 3507.2393973214284 14
stats: {load,"tsung_controller@ip-172-31-30-204"} 1 0.0 0.0 0.0 0.0 0.0 14
stats: {recvpackets,"tsung_controller@ip-172-31-30-204"} 1 676.0 0.0 1633 224 852.7692307692307 13
stats: {sentpackets,"tsung_controller@ip-172-31-30-204"} 1 563.0 0.0 1561 218 800.0769230769231 13
stats: {cpu,"tsung_controller@ip-172-31-30-204"} 1 1.3958125623130608 0.0 3.8461538461538463 0.796812749003984 2.172610814934996 14
stats: session 31 44988.4769032258 5916.445233747174 53208.782 2476.13 18381.476426294823 251
stats: users_count 0 420
stats: finish_users_count 31 282
stats: request 138 10822.491072463768 5282.617788648502 20849.084 0.488 2758.3881784495375 2051
stats: connect 24 1.2635416666666668 0.2054778940191756 12.734 0.752 1.4765149253731344 536
stats: page 138 10822.491072463768 5282.617788648502 20849.084 0.488 2758.3881784495375 2051
stats: 302 10 192
stats: 200 44 1138
stats: size_rcv 374474 7599136
stats: 422 31 262
stats: newphase 0 3
stats: 502 0 169
stats: size_sent 100988 1621626
stats: connected -30 133
stats: 400 23 145
stats: 404 7 170
stats: 500 23 113
# stats: dump at 1575350346
stats: users 110 221
stats: {freemem,"tsung_controller@ip-172-31-30-204"} 1 3467.15234375 0.0 3523.78125 3467.15234375 3504.688020833333 15
stats: {load,"tsung_controller@ip-172-31-30-204"} 1 0.0 0.0 0.0 0.0 0.0 15
stats: {recvpackets,"tsung_controller@ip-172-31-30-204"} 1 589.0 0.0 1633 224 840.1428571428571 14
stats: {sentpackets,"tsung_controller@ip-172-31-30-204"} 1 508.0 0.0 1561 218 783.1428571428571 14
stats: {cpu,"tsung_controller@ip-172-31-30-204"} 1 1.694915254237288 0.0 3.8461538461538463 0.796812749003984 2.1208242647602003 15
stats: session 28 48784.73867857143 4877.262010181779 58041.957 2476.13 21306.35945744681 282
stats: users_count 0 420
stats: finish_users_count 28 310
stats: request 97 12253.403618556704 6716.7571271523175 24138.189 0.488 3266.7692654179996 2189
stats: connect 19 1.377578947368421 0.32293885942265876 12.734 0.752 1.4673875 560
stats: page 97 12253.403618556704 6716.7571271523175 24138.189 0.488 3266.7692654179996 2189
stats: 302 8 200
stats: 200 13 1151
stats: size_rcv 197381 7796517
stats: 422 28 290
stats: newphase 0 3
stats: 502 0 169
stats: size_sent 68157 1689783
stats: connected -27 106
stats: 400 18 163
stats: 404 6 176
stats: 500 24 137
# stats: dump at 1575350356
stats: users 26 221
stats: {freemem,"tsung_controller@ip-172-31-30-204"} 1 3466.70703125 0.0 3523.78125 3466.70703125 3502.342041015625 16
stats: {load,"tsung_controller@ip-172-31-30-204"} 1 0.0 0.0 0.0 0.0 0.0 16
stats: {recvpackets,"tsung_controller@ip-172-31-30-204"} 1 404.0 0.0 1633 224 823.4 15
stats: {sentpackets,"tsung_controller@ip-172-31-30-204"} 1 347.0 0.0 1561 218 764.8 15
stats: {cpu,"tsung_controller@ip-172-31-30-204"} 1 1.3972055888223553 0.0 3.8461538461538463 0.796812749003984 2.094204951602518 16
stats: session 84 52569.136142857096 5460.489756004783 67003.034 2476.13 23788.277580645165 310
stats: users_count 0 420
stats: finish_users_count 84 394
stats: request 199 7587.369145728639 7199.583292523955 24138.189 0.475 3648.0918954505696 2286
stats: connect 27 1.3152962962962964 0.2438251976792383 12.734 0.752 1.464440414507772 579
stats: page 199 7587.369145728639 7199.583292523955 24138.189 0.475 3648.0918954505696 2286
stats: 302 30 230
stats: 200 4 1155
stats: size_rcv 330989 8127506
stats: 422 84 374
stats: newphase 0 3
stats: 502 0 169
stats: size_sent 111537 1801320
stats: connected -84 22
stats: 400 27 190
stats: 404 36 212
stats: 500 18 155
# stats: dump at 1575350366
stats: users 1 221
stats: {freemem,"tsung_controller@ip-172-31-30-204"} 1 3466.015625 0.0 3523.78125 3466.015625 3500.2458639705883 17
stats: {load,"tsung_controller@ip-172-31-30-204"} 1 0.078125 0.0 0.078125 0.0 0.0 17
stats: {recvpackets,"tsung_controller@ip-172-31-30-204"} 1 647.0 0.0 1633 224 797.1875 16
stats: {sentpackets,"tsung_controller@ip-172-31-30-204"} 1 677.0 0.0 1561 218 738.6875 16
stats: {cpu,"tsung_controller@ip-172-31-30-204"} 1 2.277227722772277 0.0 3.8461538461538463 0.796812749003984 2.0532049890860375 17
stats: session 25 54126.409280000014 4032.9301324429457 67003.034 2476.13 29924.298187817254 394
stats: users_count 0 420
stats: finish_users_count 25 419
stats: request 34 5.652676470588234 1.49416493932797 24138.189 0.475 3963.551119919517 2485
stats: connect 4 1.3322500000000002 0.19361350030408517 12.734 0.752 1.457795379537954 606
stats: page 34 5.652676470588234 1.49416493932797 24138.189 0.475 3963.551119919517 2485
stats: 302 0 230
stats: 200 0 1155
stats: size_rcv 66694 8194200
stats: 422 25 399
stats: newphase 0 3
stats: 502 0 169
stats: size_sent 37002 1838322
stats: connected -21 1
stats: 400 0 190
stats: 404 9 221
stats: 500 0 155
# stats: dump at 1575350371
stats: users 0 221
stats: {freemem,"tsung_controller@ip-172-31-30-204"} 1 3466.09765625 0.0 3523.78125 3466.015625 3498.344184027778 18
stats: {load,"tsung_controller@ip-172-31-30-204"} 1 0.0703125 0.0 0.078125 0.0 0.004340277777777778 18
stats: {recvpackets,"tsung_controller@ip-172-31-30-204"} 1 98.0 0.0 1633 98 788.3529411764706 17
stats: {sentpackets,"tsung_controller@ip-172-31-30-204"} 1 130.0 0.0 1561 130 735.0588235294117 17
stats: {cpu,"tsung_controller@ip-172-31-30-204"} 1 0.2997002997002997 0.0 3.8461538461538463 0.2997002997002997 2.065650696513051 18
stats: session 1 61868.362 0.0 67003.034 2476.13 31368.33822911694 419
stats: users_count 0 420
stats: finish_users_count 1 420
stats: request 1 5.318 0.0 24138.189 0.475 3910.129703850734 2519
stats: connect 0 0 0 12.734 0.752 1.456972131147541 610
stats: page 1 5.318 0.0 24138.189 0.475 3910.129703850734 2519
stats: 302 0 230
stats: 200 0 1155
stats: size_rcv 1960 8196160
stats: 422 1 400
stats: newphase 0 3
stats: 502 0 169
stats: size_sent 922 1839244
stats: connected -1 0
stats: 400 0 190
stats: 404 0 221
stats: 500 0 155
EndMonitor:{1575,350371,109925}
