
=INFO REPORT==== 5-Dec-2019::19:04:26 ===
    ts_config_server:(5:<0.102.0>) Config server started, logdir is "/home/ec2-user/.tsung/log/20191205-1904"
 
=INFO REPORT==== 5-Dec-2019::19:04:26 ===
              ts_mon:(5:<0.83.0>) starting monitor, global 

=INFO REPORT==== 5-Dec-2019::19:04:26 ===
           ts_config:(5:<0.102.0>) Reading config file: new.xml

=INFO REPORT==== 5-Dec-2019::19:04:26 ===
      ts_config_http:(4:<0.102.0>) Get user agent: 100 "Mozilla/5.0 (Windows; U; Windows NT 5.2; fr-FR; rv:1.7.8) Gecko/20050511 Firefox/1.0.4" 

=INFO REPORT==== 5-Dec-2019::19:04:26 ===
           ts_config:(5:<0.102.0>) Session name for id 1 is "http-example"

=INFO REPORT==== 5-Dec-2019::19:04:26 ===
    ts_config_server:(4:<0.102.0>) SYSINFO:Tsung version: 1.7.0

=INFO REPORT==== 5-Dec-2019::19:04:26 ===
    ts_config_server:(4:<0.102.0>) SYSINFO:Erlang version: Erlang/OTP 20 [erts-9.1] [source] [64-bit] [smp:1:1] [ds:1:1:10] [async-threads:8] [hipe] [kernel-poll:true]


=INFO REPORT==== 5-Dec-2019::19:04:26 ===
    ts_config_server:(4:<0.102.0>) SYSINFO:System architecture x86_64-unknown-linux-gnu

=INFO REPORT==== 5-Dec-2019::19:04:26 ===
    ts_config_server:(4:<0.102.0>) SYSINFO:Current path: /usr/local/lib/tsung/tsung-1.7.0/ebin/tsung.beam

=INFO REPORT==== 5-Dec-2019::19:04:26 ===
              ts_mon:(5:<0.103.0>) Activate clients with text backend

=INFO REPORT==== 5-Dec-2019::19:04:26 ===
              ts_mon:(5:<0.103.0>) Starting tsung clients on hosts: [localhost]

=INFO REPORT==== 5-Dec-2019::19:04:26 ===
    ts_config_server:(5:<0.102.0>) Start a launcher on the controller beam localhost

=INFO REPORT==== 5-Dec-2019::19:04:26 ===
  ts_launcher_static:(5:<0.154.0>) Launch msg receive ("localhost")

=INFO REPORT==== 5-Dec-2019::19:04:26 ===
         ts_launcher:(5:<0.155.0>) Launch msg receive ("localhost")

=INFO REPORT==== 5-Dec-2019::19:04:26 ===
    ts_config_server:(5:<0.102.0>) New arrival phase 1 for client "localhost" (last ? true): will start 30 users

=INFO REPORT==== 5-Dec-2019::19:04:26 ===
    ts_config_server:(5:<0.102.0>) New arrival phase 2 for client "localhost" (last ? true): will start 60 users

=INFO REPORT==== 5-Dec-2019::19:04:26 ===
    ts_config_server:(5:<0.102.0>) New arrival phase 3 for client "localhost" (last ? true): will start 120 users

=INFO REPORT==== 5-Dec-2019::19:04:26 ===
    ts_config_server:(5:<0.102.0>) New arrival phase 4 for client "localhost" (last ? true): will start 240 users

=INFO REPORT==== 5-Dec-2019::19:04:26 ===
         ts_launcher:(5:<0.155.0>) Expected duration of first phase: 30.0 sec (30 users) 

=INFO REPORT==== 5-Dec-2019::19:04:26 ===
         ts_launcher:(5:<0.155.0>) Activate launcher (30 users) in 2558 msec 

=INFO REPORT==== 5-Dec-2019::19:04:58 ===
         ts_launcher:(5:<0.155.0>) Phase duration exceeded, but not all users were launched (1 users, 3.3% of phase)

=INFO REPORT==== 5-Dec-2019::19:04:58 ===
         ts_launcher:(5:<0.155.0>) Start a new arrival phase (60 users, 0.002); expected duration=30.0 sec

=INFO REPORT==== 5-Dec-2019::19:05:28 ===
           ts_search:(5:<0.239.0>) Dyn Var (RE): no Match (varname=created_user_id), 

=INFO REPORT==== 5-Dec-2019::19:05:28 ===
           ts_search:(5:<0.239.0>) Dyn Var (RE): no Match (varname=add_dog_url), 

=INFO REPORT==== 5-Dec-2019::19:05:28 ===
         ts_launcher:(5:<0.155.0>) Phase duration exceeded, but not all users were launched (7 users, 11.7% of phase)

=INFO REPORT==== 5-Dec-2019::19:05:28 ===
         ts_launcher:(5:<0.155.0>) Start a new arrival phase (120 users, 0.004); expected duration=30.0 sec

=INFO REPORT==== 5-Dec-2019::19:05:42 ===
           ts_search:(5:<0.289.0>) Dyn Var (RE): no Match (varname=created_user_id), 

=INFO REPORT==== 5-Dec-2019::19:05:42 ===
           ts_search:(5:<0.289.0>) Dyn Var (RE): no Match (varname=add_dog_url), 

=INFO REPORT==== 5-Dec-2019::19:05:43 ===
           ts_search:(5:<0.283.0>) Dyn Var (RE): no Match (varname=created_user_id), 

=INFO REPORT==== 5-Dec-2019::19:05:43 ===
           ts_search:(5:<0.283.0>) Dyn Var (RE): no Match (varname=add_dog_url), 

=INFO REPORT==== 5-Dec-2019::19:05:43 ===
           ts_search:(5:<0.293.0>) Dyn Var (RE): no Match (varname=created_user_id), 

=INFO REPORT==== 5-Dec-2019::19:05:43 ===
           ts_search:(5:<0.293.0>) Dyn Var (RE): no Match (varname=add_dog_url), 

=INFO REPORT==== 5-Dec-2019::19:05:44 ===
           ts_search:(5:<0.282.0>) Dyn Var (RE): no Match (varname=created_user_id), 

=INFO REPORT==== 5-Dec-2019::19:05:44 ===
           ts_search:(5:<0.282.0>) Dyn Var (RE): no Match (varname=add_dog_url), 

=INFO REPORT==== 5-Dec-2019::19:05:45 ===
           ts_search:(5:<0.296.0>) Dyn Var (RE): no Match (varname=created_user_id), 

=INFO REPORT==== 5-Dec-2019::19:05:45 ===
           ts_search:(5:<0.296.0>) Dyn Var (RE): no Match (varname=add_dog_url), 

=INFO REPORT==== 5-Dec-2019::19:05:48 ===
           ts_search:(5:<0.309.0>) Dyn Var (RE): no Match (varname=created_user_id), 

=INFO REPORT==== 5-Dec-2019::19:05:48 ===
           ts_search:(5:<0.309.0>) Dyn Var (RE): no Match (varname=add_dog_url), 

=INFO REPORT==== 5-Dec-2019::19:05:49 ===
           ts_search:(5:<0.290.0>) Dyn Var (RE): no Match (varname=created_user_id), 

=INFO REPORT==== 5-Dec-2019::19:05:49 ===
           ts_search:(5:<0.290.0>) Dyn Var (RE): no Match (varname=add_dog_url), 

=INFO REPORT==== 5-Dec-2019::19:05:49 ===
           ts_search:(5:<0.291.0>) Dyn Var (RE): no Match (varname=created_user_id), 

=INFO REPORT==== 5-Dec-2019::19:05:49 ===
           ts_search:(5:<0.291.0>) Dyn Var (RE): no Match (varname=add_dog_url), 

=INFO REPORT==== 5-Dec-2019::19:05:50 ===
           ts_search:(5:<0.321.0>) Dyn Var (RE): no Match (varname=created_user_id), 

=INFO REPORT==== 5-Dec-2019::19:05:50 ===
           ts_search:(5:<0.321.0>) Dyn Var (RE): no Match (varname=add_dog_url), 

=INFO REPORT==== 5-Dec-2019::19:05:52 ===
           ts_search:(5:<0.328.0>) Dyn Var (RE): no Match (varname=created_user_id), 

=INFO REPORT==== 5-Dec-2019::19:05:52 ===
           ts_search:(5:<0.328.0>) Dyn Var (RE): no Match (varname=add_dog_url), 

=INFO REPORT==== 5-Dec-2019::19:05:53 ===
           ts_search:(5:<0.326.0>) Dyn Var (RE): no Match (varname=created_user_id), 

=INFO REPORT==== 5-Dec-2019::19:05:53 ===
           ts_search:(5:<0.326.0>) Dyn Var (RE): no Match (varname=add_dog_url), 

=INFO REPORT==== 5-Dec-2019::19:05:54 ===
           ts_search:(5:<0.316.0>) Dyn Var (RE): no Match (varname=created_user_id), 

=INFO REPORT==== 5-Dec-2019::19:05:54 ===
           ts_search:(5:<0.316.0>) Dyn Var (RE): no Match (varname=add_dog_url), 

=INFO REPORT==== 5-Dec-2019::19:05:54 ===
         ts_launcher:(4:<0.155.0>) Need to wait 4.053 sec before changing phase, going to sleep

=INFO REPORT==== 5-Dec-2019::19:05:55 ===
           ts_search:(5:<0.332.0>) Dyn Var (RE): no Match (varname=created_user_id), 

=INFO REPORT==== 5-Dec-2019::19:05:55 ===
           ts_search:(5:<0.332.0>) Dyn Var (RE): no Match (varname=add_dog_url), 

=INFO REPORT==== 5-Dec-2019::19:05:56 ===
           ts_search:(5:<0.351.0>) Dyn Var (RE): no Match (varname=created_user_id), 

=INFO REPORT==== 5-Dec-2019::19:05:56 ===
           ts_search:(5:<0.351.0>) Dyn Var (RE): no Match (varname=add_dog_url), 

=INFO REPORT==== 5-Dec-2019::19:05:58 ===
         ts_launcher:(5:<0.155.0>) Waking up

=INFO REPORT==== 5-Dec-2019::19:05:58 ===
         ts_launcher:(5:<0.155.0>) Start a new arrival phase (240 users, 0.008); expected duration=30.0 sec

=INFO REPORT==== 5-Dec-2019::19:06:00 ===
           ts_search:(5:<0.349.0>) Dyn Var (RE): no Match (varname=created_user_id), 

=INFO REPORT==== 5-Dec-2019::19:06:00 ===
           ts_search:(5:<0.349.0>) Dyn Var (RE): no Match (varname=add_dog_url), 

=INFO REPORT==== 5-Dec-2019::19:06:00 ===
           ts_search:(5:<0.315.0>) Dyn Var (RE): no Match (varname=created_user_id), 

=INFO REPORT==== 5-Dec-2019::19:06:00 ===
           ts_search:(5:<0.315.0>) Dyn Var (RE): no Match (varname=add_dog_url), 

=INFO REPORT==== 5-Dec-2019::19:06:00 ===
           ts_search:(5:<0.338.0>) Dyn Var (RE): no Match (varname=created_user_id), 

=INFO REPORT==== 5-Dec-2019::19:06:00 ===
           ts_search:(5:<0.338.0>) Dyn Var (RE): no Match (varname=add_dog_url), 

=INFO REPORT==== 5-Dec-2019::19:06:00 ===
           ts_search:(5:<0.368.0>) Dyn Var (RE): no Match (varname=created_user_id), 

=INFO REPORT==== 5-Dec-2019::19:06:00 ===
           ts_search:(5:<0.368.0>) Dyn Var (RE): no Match (varname=add_dog_url), 

=INFO REPORT==== 5-Dec-2019::19:06:01 ===
           ts_search:(5:<0.372.0>) Dyn Var (RE): no Match (varname=created_user_id), 

=INFO REPORT==== 5-Dec-2019::19:06:01 ===
           ts_search:(5:<0.372.0>) Dyn Var (RE): no Match (varname=add_dog_url), 

=INFO REPORT==== 5-Dec-2019::19:06:02 ===
           ts_search:(5:<0.370.0>) Dyn Var (RE): no Match (varname=created_user_id), 

=INFO REPORT==== 5-Dec-2019::19:06:02 ===
           ts_search:(5:<0.370.0>) Dyn Var (RE): no Match (varname=add_dog_url), 

=INFO REPORT==== 5-Dec-2019::19:06:02 ===
           ts_search:(5:<0.366.0>) Dyn Var (RE): no Match (varname=created_user_id), 

=INFO REPORT==== 5-Dec-2019::19:06:02 ===
           ts_search:(5:<0.366.0>) Dyn Var (RE): no Match (varname=add_dog_url), 

=INFO REPORT==== 5-Dec-2019::19:06:02 ===
           ts_search:(5:<0.348.0>) Dyn Var (RE): no Match (varname=created_user_id), 

=INFO REPORT==== 5-Dec-2019::19:06:02 ===
           ts_search:(5:<0.348.0>) Dyn Var (RE): no Match (varname=add_dog_url), 

=INFO REPORT==== 5-Dec-2019::19:06:02 ===
           ts_search:(5:<0.373.0>) Dyn Var (RE): no Match (varname=created_user_id), 

=INFO REPORT==== 5-Dec-2019::19:06:02 ===
           ts_search:(5:<0.373.0>) Dyn Var (RE): no Match (varname=add_dog_url), 

=INFO REPORT==== 5-Dec-2019::19:06:03 ===
           ts_search:(5:<0.371.0>) Dyn Var (RE): no Match (varname=created_user_id), 

=INFO REPORT==== 5-Dec-2019::19:06:03 ===
           ts_search:(5:<0.371.0>) Dyn Var (RE): no Match (varname=add_dog_url), 

=INFO REPORT==== 5-Dec-2019::19:06:04 ===
           ts_search:(5:<0.352.0>) Dyn Var (RE): no Match (varname=created_user_id), 

=INFO REPORT==== 5-Dec-2019::19:06:04 ===
           ts_search:(5:<0.352.0>) Dyn Var (RE): no Match (varname=add_dog_url), 

=INFO REPORT==== 5-Dec-2019::19:06:07 ===
           ts_search:(5:<0.380.0>) Dyn Var (RE): no Match (varname=created_user_id), 

=INFO REPORT==== 5-Dec-2019::19:06:07 ===
           ts_search:(5:<0.380.0>) Dyn Var (RE): no Match (varname=add_dog_url), 

=INFO REPORT==== 5-Dec-2019::19:06:08 ===
           ts_search:(5:<0.381.0>) Dyn Var (RE): no Match (varname=created_user_id), 

=INFO REPORT==== 5-Dec-2019::19:06:08 ===
           ts_search:(5:<0.381.0>) Dyn Var (RE): no Match (varname=add_dog_url), 

=INFO REPORT==== 5-Dec-2019::19:06:08 ===
           ts_search:(5:<0.389.0>) Dyn Var (RE): no Match (varname=created_user_id), 

=INFO REPORT==== 5-Dec-2019::19:06:08 ===
           ts_search:(5:<0.389.0>) Dyn Var (RE): no Match (varname=add_dog_url), 

=INFO REPORT==== 5-Dec-2019::19:06:08 ===
           ts_search:(5:<0.404.0>) Dyn Var (RE): no Match (varname=created_user_id), 

=INFO REPORT==== 5-Dec-2019::19:06:08 ===
           ts_search:(5:<0.404.0>) Dyn Var (RE): no Match (varname=add_dog_url), 

=INFO REPORT==== 5-Dec-2019::19:06:09 ===
           ts_search:(5:<0.382.0>) Dyn Var (RE): no Match (varname=created_user_id), 

=INFO REPORT==== 5-Dec-2019::19:06:09 ===
           ts_search:(5:<0.382.0>) Dyn Var (RE): no Match (varname=add_dog_url), 

=INFO REPORT==== 5-Dec-2019::19:06:09 ===
           ts_search:(5:<0.402.0>) Dyn Var (RE): no Match (varname=created_user_id), 

=INFO REPORT==== 5-Dec-2019::19:06:09 ===
           ts_search:(5:<0.402.0>) Dyn Var (RE): no Match (varname=add_dog_url), 

=INFO REPORT==== 5-Dec-2019::19:06:10 ===
           ts_search:(5:<0.409.0>) Dyn Var (RE): no Match (varname=created_user_id), 

=INFO REPORT==== 5-Dec-2019::19:06:10 ===
           ts_search:(5:<0.409.0>) Dyn Var (RE): no Match (varname=add_dog_url), 

=INFO REPORT==== 5-Dec-2019::19:06:10 ===
           ts_search:(5:<0.396.0>) Dyn Var (RE): no Match (varname=created_user_id), 

=INFO REPORT==== 5-Dec-2019::19:06:10 ===
           ts_search:(5:<0.396.0>) Dyn Var (RE): no Match (varname=add_dog_url), 

=INFO REPORT==== 5-Dec-2019::19:06:10 ===
           ts_search:(5:<0.362.0>) Dyn Var (RE): no Match (varname=created_user_id), 

=INFO REPORT==== 5-Dec-2019::19:06:10 ===
           ts_search:(5:<0.362.0>) Dyn Var (RE): no Match (varname=add_dog_url), 

=INFO REPORT==== 5-Dec-2019::19:06:11 ===
           ts_search:(5:<0.419.0>) Dyn Var (RE): no Match (varname=created_user_id), 

=INFO REPORT==== 5-Dec-2019::19:06:11 ===
           ts_search:(5:<0.419.0>) Dyn Var (RE): no Match (varname=add_dog_url), 

=INFO REPORT==== 5-Dec-2019::19:06:11 ===
           ts_search:(5:<0.408.0>) Dyn Var (RE): no Match (varname=created_user_id), 

=INFO REPORT==== 5-Dec-2019::19:06:11 ===
           ts_search:(5:<0.408.0>) Dyn Var (RE): no Match (varname=add_dog_url), 

=INFO REPORT==== 5-Dec-2019::19:06:11 ===
           ts_search:(5:<0.401.0>) Dyn Var (RE): no Match (varname=created_user_id), 

=INFO REPORT==== 5-Dec-2019::19:06:11 ===
           ts_search:(5:<0.401.0>) Dyn Var (RE): no Match (varname=add_dog_url), 

=INFO REPORT==== 5-Dec-2019::19:06:11 ===
           ts_search:(5:<0.397.0>) Dyn Var (RE): no Match (varname=created_user_id), 

=INFO REPORT==== 5-Dec-2019::19:06:11 ===
           ts_search:(5:<0.397.0>) Dyn Var (RE): no Match (varname=add_dog_url), 

=INFO REPORT==== 5-Dec-2019::19:06:11 ===
           ts_search:(5:<0.422.0>) Dyn Var (RE): no Match (varname=created_user_id), 

=INFO REPORT==== 5-Dec-2019::19:06:11 ===
           ts_search:(5:<0.422.0>) Dyn Var (RE): no Match (varname=add_dog_url), 

=INFO REPORT==== 5-Dec-2019::19:06:13 ===
           ts_search:(5:<0.387.0>) Dyn Var (RE): no Match (varname=created_user_id), 

=INFO REPORT==== 5-Dec-2019::19:06:13 ===
           ts_search:(5:<0.387.0>) Dyn Var (RE): no Match (varname=add_dog_url), 

=INFO REPORT==== 5-Dec-2019::19:06:13 ===
           ts_search:(5:<0.407.0>) Dyn Var (RE): no Match (varname=created_user_id), 

=INFO REPORT==== 5-Dec-2019::19:06:13 ===
           ts_search:(5:<0.407.0>) Dyn Var (RE): no Match (varname=add_dog_url), 

=INFO REPORT==== 5-Dec-2019::19:06:13 ===
           ts_search:(5:<0.403.0>) Dyn Var (RE): no Match (varname=created_user_id), 

=INFO REPORT==== 5-Dec-2019::19:06:13 ===
           ts_search:(5:<0.403.0>) Dyn Var (RE): no Match (varname=add_dog_url), 

=INFO REPORT==== 5-Dec-2019::19:06:13 ===
           ts_search:(5:<0.411.0>) Dyn Var (RE): no Match (varname=created_user_id), 

=INFO REPORT==== 5-Dec-2019::19:06:13 ===
           ts_search:(5:<0.411.0>) Dyn Var (RE): no Match (varname=add_dog_url), 

=INFO REPORT==== 5-Dec-2019::19:06:14 ===
           ts_search:(5:<0.384.0>) Dyn Var (RE): no Match (varname=created_user_id), 

=INFO REPORT==== 5-Dec-2019::19:06:14 ===
           ts_search:(5:<0.384.0>) Dyn Var (RE): no Match (varname=add_dog_url), 

=INFO REPORT==== 5-Dec-2019::19:06:14 ===
           ts_search:(5:<0.356.0>) Dyn Var (RE): no Match (varname=created_user_id), 

=INFO REPORT==== 5-Dec-2019::19:06:14 ===
           ts_search:(5:<0.356.0>) Dyn Var (RE): no Match (varname=add_dog_url), 

=INFO REPORT==== 5-Dec-2019::19:06:15 ===
           ts_search:(5:<0.357.0>) Dyn Var (RE): no Match (varname=created_user_id), 

=INFO REPORT==== 5-Dec-2019::19:06:15 ===
           ts_search:(5:<0.357.0>) Dyn Var (RE): no Match (varname=add_dog_url), 

=INFO REPORT==== 5-Dec-2019::19:06:15 ===
           ts_search:(5:<0.443.0>) Dyn Var (RE): no Match (varname=created_user_id), 

=INFO REPORT==== 5-Dec-2019::19:06:15 ===
           ts_search:(5:<0.443.0>) Dyn Var (RE): no Match (varname=add_dog_url), 

=INFO REPORT==== 5-Dec-2019::19:06:15 ===
           ts_search:(5:<0.447.0>) Dyn Var (RE): no Match (varname=created_user_id), 

=INFO REPORT==== 5-Dec-2019::19:06:15 ===
           ts_search:(5:<0.447.0>) Dyn Var (RE): no Match (varname=add_dog_url), 

=INFO REPORT==== 5-Dec-2019::19:06:16 ===
           ts_search:(5:<0.433.0>) Dyn Var (RE): no Match (varname=created_user_id), 

=INFO REPORT==== 5-Dec-2019::19:06:16 ===
           ts_search:(5:<0.433.0>) Dyn Var (RE): no Match (varname=add_dog_url), 

=INFO REPORT==== 5-Dec-2019::19:06:16 ===
           ts_search:(5:<0.442.0>) Dyn Var (RE): no Match (varname=created_user_id), 

=INFO REPORT==== 5-Dec-2019::19:06:16 ===
           ts_search:(5:<0.442.0>) Dyn Var (RE): no Match (varname=add_dog_url), 

=INFO REPORT==== 5-Dec-2019::19:06:17 ===
           ts_search:(5:<0.452.0>) Dyn Var (RE): no Match (varname=created_user_id), 

=INFO REPORT==== 5-Dec-2019::19:06:17 ===
           ts_search:(5:<0.452.0>) Dyn Var (RE): no Match (varname=add_dog_url), 

=INFO REPORT==== 5-Dec-2019::19:06:17 ===
           ts_search:(5:<0.458.0>) Dyn Var (RE): no Match (varname=created_user_id), 

=INFO REPORT==== 5-Dec-2019::19:06:17 ===
           ts_search:(5:<0.458.0>) Dyn Var (RE): no Match (varname=add_dog_url), 

=INFO REPORT==== 5-Dec-2019::19:06:17 ===
           ts_search:(5:<0.434.0>) Dyn Var (RE): no Match (varname=created_user_id), 

=INFO REPORT==== 5-Dec-2019::19:06:17 ===
           ts_search:(5:<0.434.0>) Dyn Var (RE): no Match (varname=add_dog_url), 

=INFO REPORT==== 5-Dec-2019::19:06:17 ===
           ts_search:(5:<0.461.0>) Dyn Var (RE): no Match (varname=created_user_id), 

=INFO REPORT==== 5-Dec-2019::19:06:17 ===
           ts_search:(5:<0.461.0>) Dyn Var (RE): no Match (varname=add_dog_url), 

=INFO REPORT==== 5-Dec-2019::19:06:18 ===
           ts_search:(5:<0.423.0>) Dyn Var (RE): no Match (varname=created_user_id), 

=INFO REPORT==== 5-Dec-2019::19:06:18 ===
           ts_search:(5:<0.423.0>) Dyn Var (RE): no Match (varname=add_dog_url), 

=INFO REPORT==== 5-Dec-2019::19:06:18 ===
           ts_search:(5:<0.432.0>) Dyn Var (RE): no Match (varname=created_user_id), 

=INFO REPORT==== 5-Dec-2019::19:06:18 ===
           ts_search:(5:<0.432.0>) Dyn Var (RE): no Match (varname=add_dog_url), 

=INFO REPORT==== 5-Dec-2019::19:06:18 ===
           ts_search:(5:<0.448.0>) Dyn Var (RE): no Match (varname=created_user_id), 

=INFO REPORT==== 5-Dec-2019::19:06:18 ===
           ts_search:(5:<0.448.0>) Dyn Var (RE): no Match (varname=add_dog_url), 

=INFO REPORT==== 5-Dec-2019::19:06:18 ===
           ts_search:(5:<0.471.0>) Dyn Var (RE): no Match (varname=created_user_id), 

=INFO REPORT==== 5-Dec-2019::19:06:18 ===
           ts_search:(5:<0.471.0>) Dyn Var (RE): no Match (varname=add_dog_url), 

=INFO REPORT==== 5-Dec-2019::19:06:19 ===
           ts_search:(5:<0.456.0>) Dyn Var (RE): no Match (varname=created_user_id), 

=INFO REPORT==== 5-Dec-2019::19:06:19 ===
           ts_search:(5:<0.456.0>) Dyn Var (RE): no Match (varname=add_dog_url), 

=INFO REPORT==== 5-Dec-2019::19:06:19 ===
           ts_search:(5:<0.462.0>) Dyn Var (RE): no Match (varname=created_user_id), 

=INFO REPORT==== 5-Dec-2019::19:06:19 ===
           ts_search:(5:<0.462.0>) Dyn Var (RE): no Match (varname=add_dog_url), 

=INFO REPORT==== 5-Dec-2019::19:06:19 ===
           ts_search:(5:<0.473.0>) Dyn Var (RE): no Match (varname=created_user_id), 

=INFO REPORT==== 5-Dec-2019::19:06:19 ===
           ts_search:(5:<0.473.0>) Dyn Var (RE): no Match (varname=add_dog_url), 

=INFO REPORT==== 5-Dec-2019::19:06:19 ===
           ts_search:(5:<0.468.0>) Dyn Var (RE): no Match (varname=created_user_id), 

=INFO REPORT==== 5-Dec-2019::19:06:19 ===
           ts_search:(5:<0.468.0>) Dyn Var (RE): no Match (varname=add_dog_url), 

=INFO REPORT==== 5-Dec-2019::19:06:20 ===
           ts_search:(5:<0.469.0>) Dyn Var (RE): no Match (varname=created_user_id), 

=INFO REPORT==== 5-Dec-2019::19:06:20 ===
           ts_search:(5:<0.469.0>) Dyn Var (RE): no Match (varname=add_dog_url), 

=INFO REPORT==== 5-Dec-2019::19:06:20 ===
           ts_search:(5:<0.439.0>) Dyn Var (RE): no Match (varname=created_user_id), 

=INFO REPORT==== 5-Dec-2019::19:06:20 ===
           ts_search:(5:<0.439.0>) Dyn Var (RE): no Match (varname=add_dog_url), 

=INFO REPORT==== 5-Dec-2019::19:06:20 ===
           ts_search:(5:<0.482.0>) Dyn Var (RE): no Match (varname=created_user_id), 

=INFO REPORT==== 5-Dec-2019::19:06:20 ===
           ts_search:(5:<0.482.0>) Dyn Var (RE): no Match (varname=add_dog_url), 

=INFO REPORT==== 5-Dec-2019::19:06:20 ===
           ts_search:(5:<0.478.0>) Dyn Var (RE): no Match (varname=created_user_id), 

=INFO REPORT==== 5-Dec-2019::19:06:20 ===
           ts_search:(5:<0.478.0>) Dyn Var (RE): no Match (varname=add_dog_url), 

=INFO REPORT==== 5-Dec-2019::19:06:20 ===
           ts_search:(5:<0.464.0>) Dyn Var (RE): no Match (varname=created_user_id), 

=INFO REPORT==== 5-Dec-2019::19:06:20 ===
           ts_search:(5:<0.464.0>) Dyn Var (RE): no Match (varname=add_dog_url), 

=INFO REPORT==== 5-Dec-2019::19:06:21 ===
           ts_search:(5:<0.492.0>) Dyn Var (RE): no Match (varname=created_user_id), 

=INFO REPORT==== 5-Dec-2019::19:06:21 ===
           ts_search:(5:<0.492.0>) Dyn Var (RE): no Match (varname=add_dog_url), 

=INFO REPORT==== 5-Dec-2019::19:06:22 ===
           ts_search:(5:<0.498.0>) Dyn Var (RE): no Match (varname=created_user_id), 

=INFO REPORT==== 5-Dec-2019::19:06:22 ===
           ts_search:(5:<0.498.0>) Dyn Var (RE): no Match (varname=add_dog_url), 

=INFO REPORT==== 5-Dec-2019::19:06:22 ===
           ts_search:(5:<0.495.0>) Dyn Var (RE): no Match (varname=created_user_id), 

=INFO REPORT==== 5-Dec-2019::19:06:22 ===
           ts_search:(5:<0.495.0>) Dyn Var (RE): no Match (varname=add_dog_url), 

=INFO REPORT==== 5-Dec-2019::19:06:22 ===
           ts_search:(5:<0.489.0>) Dyn Var (RE): no Match (varname=created_user_id), 

=INFO REPORT==== 5-Dec-2019::19:06:22 ===
           ts_search:(5:<0.489.0>) Dyn Var (RE): no Match (varname=add_dog_url), 

=INFO REPORT==== 5-Dec-2019::19:06:23 ===
           ts_search:(5:<0.501.0>) Dyn Var (RE): no Match (varname=created_user_id), 

=INFO REPORT==== 5-Dec-2019::19:06:23 ===
           ts_search:(5:<0.501.0>) Dyn Var (RE): no Match (varname=add_dog_url), 

=INFO REPORT==== 5-Dec-2019::19:06:23 ===
           ts_search:(5:<0.516.0>) Dyn Var (RE): no Match (varname=created_user_id), 

=INFO REPORT==== 5-Dec-2019::19:06:23 ===
           ts_search:(5:<0.516.0>) Dyn Var (RE): no Match (varname=add_dog_url), 

=INFO REPORT==== 5-Dec-2019::19:06:23 ===
           ts_search:(5:<0.496.0>) Dyn Var (RE): no Match (varname=created_user_id), 

=INFO REPORT==== 5-Dec-2019::19:06:23 ===
           ts_search:(5:<0.496.0>) Dyn Var (RE): no Match (varname=add_dog_url), 

=INFO REPORT==== 5-Dec-2019::19:06:23 ===
           ts_search:(5:<0.502.0>) Dyn Var (RE): no Match (varname=created_user_id), 

=INFO REPORT==== 5-Dec-2019::19:06:23 ===
           ts_search:(5:<0.502.0>) Dyn Var (RE): no Match (varname=add_dog_url), 

=INFO REPORT==== 5-Dec-2019::19:06:23 ===
           ts_search:(5:<0.487.0>) Dyn Var (RE): no Match (varname=created_user_id), 

=INFO REPORT==== 5-Dec-2019::19:06:23 ===
           ts_search:(5:<0.487.0>) Dyn Var (RE): no Match (varname=add_dog_url), 

=INFO REPORT==== 5-Dec-2019::19:06:23 ===
           ts_search:(5:<0.499.0>) Dyn Var (RE): no Match (varname=created_user_id), 

=INFO REPORT==== 5-Dec-2019::19:06:23 ===
           ts_search:(5:<0.499.0>) Dyn Var (RE): no Match (varname=add_dog_url), 

=INFO REPORT==== 5-Dec-2019::19:06:25 ===
           ts_search:(5:<0.476.0>) Dyn Var (RE): no Match (varname=created_user_id), 

=INFO REPORT==== 5-Dec-2019::19:06:25 ===
           ts_search:(5:<0.476.0>) Dyn Var (RE): no Match (varname=add_dog_url), 

=INFO REPORT==== 5-Dec-2019::19:06:25 ===
           ts_search:(5:<0.517.0>) Dyn Var (RE): no Match (varname=created_user_id), 

=INFO REPORT==== 5-Dec-2019::19:06:25 ===
           ts_search:(5:<0.517.0>) Dyn Var (RE): no Match (varname=add_dog_url), 

=INFO REPORT==== 5-Dec-2019::19:06:25 ===
           ts_search:(5:<0.479.0>) Dyn Var (RE): no Match (varname=created_user_id), 

=INFO REPORT==== 5-Dec-2019::19:06:25 ===
           ts_search:(5:<0.479.0>) Dyn Var (RE): no Match (varname=add_dog_url), 

=INFO REPORT==== 5-Dec-2019::19:06:25 ===
           ts_search:(5:<0.481.0>) Dyn Var (RE): no Match (varname=created_user_id), 

=INFO REPORT==== 5-Dec-2019::19:06:25 ===
           ts_search:(5:<0.481.0>) Dyn Var (RE): no Match (varname=add_dog_url), 

=INFO REPORT==== 5-Dec-2019::19:06:26 ===
           ts_search:(5:<0.521.0>) Dyn Var (RE): no Match (varname=created_user_id), 

=INFO REPORT==== 5-Dec-2019::19:06:26 ===
           ts_search:(5:<0.521.0>) Dyn Var (RE): no Match (varname=add_dog_url), 

=INFO REPORT==== 5-Dec-2019::19:06:26 ===
           ts_search:(5:<0.528.0>) Dyn Var (RE): no Match (varname=created_user_id), 

=INFO REPORT==== 5-Dec-2019::19:06:26 ===
           ts_search:(5:<0.528.0>) Dyn Var (RE): no Match (varname=add_dog_url), 

=INFO REPORT==== 5-Dec-2019::19:06:26 ===
           ts_search:(5:<0.524.0>) Dyn Var (RE): no Match (varname=created_user_id), 

=INFO REPORT==== 5-Dec-2019::19:06:26 ===
           ts_search:(5:<0.524.0>) Dyn Var (RE): no Match (varname=add_dog_url), 

=INFO REPORT==== 5-Dec-2019::19:06:26 ===
           ts_search:(5:<0.534.0>) Dyn Var (RE): no Match (varname=created_user_id), 

=INFO REPORT==== 5-Dec-2019::19:06:26 ===
           ts_search:(5:<0.534.0>) Dyn Var (RE): no Match (varname=add_dog_url), 

=INFO REPORT==== 5-Dec-2019::19:06:26 ===
           ts_search:(5:<0.500.0>) Dyn Var (RE): no Match (varname=created_user_id), 

=INFO REPORT==== 5-Dec-2019::19:06:26 ===
           ts_search:(5:<0.500.0>) Dyn Var (RE): no Match (varname=add_dog_url), 

=INFO REPORT==== 5-Dec-2019::19:06:27 ===
           ts_search:(5:<0.525.0>) Dyn Var (RE): no Match (varname=created_user_id), 

=INFO REPORT==== 5-Dec-2019::19:06:27 ===
           ts_search:(5:<0.525.0>) Dyn Var (RE): no Match (varname=add_dog_url), 

=INFO REPORT==== 5-Dec-2019::19:06:27 ===
           ts_search:(5:<0.538.0>) Dyn Var (RE): no Match (varname=created_user_id), 

=INFO REPORT==== 5-Dec-2019::19:06:27 ===
           ts_search:(5:<0.538.0>) Dyn Var (RE): no Match (varname=add_dog_url), 

=INFO REPORT==== 5-Dec-2019::19:06:27 ===
           ts_search:(5:<0.451.0>) Dyn Var (RE): no Match (varname=created_user_id), 

=INFO REPORT==== 5-Dec-2019::19:06:27 ===
           ts_search:(5:<0.451.0>) Dyn Var (RE): no Match (varname=add_dog_url), 

=INFO REPORT==== 5-Dec-2019::19:06:27 ===
           ts_search:(5:<0.526.0>) Dyn Var (RE): no Match (varname=created_user_id), 

=INFO REPORT==== 5-Dec-2019::19:06:27 ===
           ts_search:(5:<0.526.0>) Dyn Var (RE): no Match (varname=add_dog_url), 

=INFO REPORT==== 5-Dec-2019::19:06:28 ===
           ts_search:(5:<0.544.0>) Dyn Var (RE): no Match (varname=created_user_id), 

=INFO REPORT==== 5-Dec-2019::19:06:28 ===
           ts_search:(5:<0.544.0>) Dyn Var (RE): no Match (varname=add_dog_url), 

=INFO REPORT==== 5-Dec-2019::19:06:28 ===
           ts_search:(5:<0.547.0>) Dyn Var (RE): no Match (varname=created_user_id), 

=INFO REPORT==== 5-Dec-2019::19:06:28 ===
           ts_search:(5:<0.547.0>) Dyn Var (RE): no Match (varname=add_dog_url), 

=INFO REPORT==== 5-Dec-2019::19:06:28 ===
           ts_search:(5:<0.503.0>) Dyn Var (RE): no Match (varname=created_user_id), 

=INFO REPORT==== 5-Dec-2019::19:06:28 ===
           ts_search:(5:<0.503.0>) Dyn Var (RE): no Match (varname=add_dog_url), 

=INFO REPORT==== 5-Dec-2019::19:06:28 ===
           ts_search:(5:<0.543.0>) Dyn Var (RE): no Match (varname=created_user_id), 

=INFO REPORT==== 5-Dec-2019::19:06:28 ===
           ts_search:(5:<0.543.0>) Dyn Var (RE): no Match (varname=add_dog_url), 

=INFO REPORT==== 5-Dec-2019::19:06:28 ===
           ts_search:(5:<0.510.0>) Dyn Var (RE): no Match (varname=created_user_id), 

=INFO REPORT==== 5-Dec-2019::19:06:28 ===
           ts_search:(5:<0.510.0>) Dyn Var (RE): no Match (varname=add_dog_url), 

=INFO REPORT==== 5-Dec-2019::19:06:28 ===
           ts_search:(5:<0.548.0>) Dyn Var (RE): no Match (varname=created_user_id), 

=INFO REPORT==== 5-Dec-2019::19:06:28 ===
           ts_search:(5:<0.548.0>) Dyn Var (RE): no Match (varname=add_dog_url), 

=INFO REPORT==== 5-Dec-2019::19:06:29 ===
         ts_launcher:(5:<0.155.0>) Phase duration exceeded, but not all users were launched (12 users, 5.0% of phase)

=INFO REPORT==== 5-Dec-2019::19:06:29 ===
         ts_launcher:(5:<0.155.0>) This was the last phase, wait for connected users to finish their session

=INFO REPORT==== 5-Dec-2019::19:06:29 ===
           ts_search:(5:<0.552.0>) Dyn Var (RE): no Match (varname=created_user_id), 

=INFO REPORT==== 5-Dec-2019::19:06:29 ===
           ts_search:(5:<0.552.0>) Dyn Var (RE): no Match (varname=add_dog_url), 

=INFO REPORT==== 5-Dec-2019::19:06:29 ===
           ts_search:(5:<0.540.0>) Dyn Var (RE): no Match (varname=created_user_id), 

=INFO REPORT==== 5-Dec-2019::19:06:29 ===
           ts_search:(5:<0.540.0>) Dyn Var (RE): no Match (varname=add_dog_url), 

=INFO REPORT==== 5-Dec-2019::19:06:29 ===
           ts_search:(5:<0.523.0>) Dyn Var (RE): no Match (varname=created_user_id), 

=INFO REPORT==== 5-Dec-2019::19:06:29 ===
           ts_search:(5:<0.523.0>) Dyn Var (RE): no Match (varname=add_dog_url), 

=INFO REPORT==== 5-Dec-2019::19:06:29 ===
           ts_search:(5:<0.532.0>) Dyn Var (RE): no Match (varname=created_user_id), 

=INFO REPORT==== 5-Dec-2019::19:06:29 ===
           ts_search:(5:<0.532.0>) Dyn Var (RE): no Match (varname=add_dog_url), 

=INFO REPORT==== 5-Dec-2019::19:06:29 ===
           ts_search:(5:<0.541.0>) Dyn Var (RE): no Match (varname=created_user_id), 

=INFO REPORT==== 5-Dec-2019::19:06:29 ===
           ts_search:(5:<0.541.0>) Dyn Var (RE): no Match (varname=add_dog_url), 

=INFO REPORT==== 5-Dec-2019::19:06:30 ===
           ts_search:(5:<0.557.0>) Dyn Var (RE): no Match (varname=created_user_id), 

=INFO REPORT==== 5-Dec-2019::19:06:30 ===
           ts_search:(5:<0.557.0>) Dyn Var (RE): no Match (varname=add_dog_url), 

=INFO REPORT==== 5-Dec-2019::19:06:30 ===
           ts_search:(5:<0.550.0>) Dyn Var (RE): no Match (varname=created_user_id), 

=INFO REPORT==== 5-Dec-2019::19:06:30 ===
           ts_search:(5:<0.550.0>) Dyn Var (RE): no Match (varname=add_dog_url), 

=INFO REPORT==== 5-Dec-2019::19:06:31 ===
           ts_search:(5:<0.564.0>) Dyn Var (RE): no Match (varname=created_user_id), 

=INFO REPORT==== 5-Dec-2019::19:06:31 ===
           ts_search:(5:<0.564.0>) Dyn Var (RE): no Match (varname=add_dog_url), 

=INFO REPORT==== 5-Dec-2019::19:06:31 ===
           ts_search:(5:<0.561.0>) Dyn Var (RE): no Match (varname=created_user_id), 

=INFO REPORT==== 5-Dec-2019::19:06:31 ===
           ts_search:(5:<0.561.0>) Dyn Var (RE): no Match (varname=add_dog_url), 

=INFO REPORT==== 5-Dec-2019::19:06:31 ===
           ts_search:(5:<0.542.0>) Dyn Var (RE): no Match (varname=created_user_id), 

=INFO REPORT==== 5-Dec-2019::19:06:31 ===
           ts_search:(5:<0.542.0>) Dyn Var (RE): no Match (varname=add_dog_url), 

=INFO REPORT==== 5-Dec-2019::19:06:31 ===
           ts_search:(5:<0.569.0>) Dyn Var (RE): no Match (varname=created_user_id), 

=INFO REPORT==== 5-Dec-2019::19:06:31 ===
           ts_search:(5:<0.569.0>) Dyn Var (RE): no Match (varname=add_dog_url), 

=INFO REPORT==== 5-Dec-2019::19:06:31 ===
           ts_search:(5:<0.556.0>) Dyn Var (RE): no Match (varname=created_user_id), 

=INFO REPORT==== 5-Dec-2019::19:06:31 ===
           ts_search:(5:<0.556.0>) Dyn Var (RE): no Match (varname=add_dog_url), 

=INFO REPORT==== 5-Dec-2019::19:06:31 ===
           ts_search:(5:<0.512.0>) Dyn Var (RE): no Match (varname=created_user_id), 

=INFO REPORT==== 5-Dec-2019::19:06:31 ===
           ts_search:(5:<0.512.0>) Dyn Var (RE): no Match (varname=add_dog_url), 

=INFO REPORT==== 5-Dec-2019::19:06:31 ===
           ts_search:(5:<0.536.0>) Dyn Var (RE): no Match (varname=created_user_id), 

=INFO REPORT==== 5-Dec-2019::19:06:31 ===
           ts_search:(5:<0.536.0>) Dyn Var (RE): no Match (varname=add_dog_url), 

=INFO REPORT==== 5-Dec-2019::19:06:32 ===
           ts_search:(5:<0.559.0>) Dyn Var (RE): no Match (varname=created_user_id), 

=INFO REPORT==== 5-Dec-2019::19:06:32 ===
           ts_search:(5:<0.559.0>) Dyn Var (RE): no Match (varname=add_dog_url), 

=INFO REPORT==== 5-Dec-2019::19:06:32 ===
           ts_search:(5:<0.558.0>) Dyn Var (RE): no Match (varname=created_user_id), 

=INFO REPORT==== 5-Dec-2019::19:06:32 ===
           ts_search:(5:<0.558.0>) Dyn Var (RE): no Match (varname=add_dog_url), 

=INFO REPORT==== 5-Dec-2019::19:06:32 ===
           ts_search:(5:<0.537.0>) Dyn Var (RE): no Match (varname=created_user_id), 

=INFO REPORT==== 5-Dec-2019::19:06:32 ===
           ts_search:(5:<0.537.0>) Dyn Var (RE): no Match (varname=add_dog_url), 

=INFO REPORT==== 5-Dec-2019::19:06:32 ===
           ts_search:(5:<0.474.0>) Dyn Var (RE): no Match (varname=created_user_id), 

=INFO REPORT==== 5-Dec-2019::19:06:32 ===
           ts_search:(5:<0.474.0>) Dyn Var (RE): no Match (varname=add_dog_url), 

=INFO REPORT==== 5-Dec-2019::19:06:32 ===
           ts_search:(5:<0.497.0>) Dyn Var (RE): no Match (varname=created_user_id), 

=INFO REPORT==== 5-Dec-2019::19:06:32 ===
           ts_search:(5:<0.497.0>) Dyn Var (RE): no Match (varname=add_dog_url), 

=INFO REPORT==== 5-Dec-2019::19:06:33 ===
           ts_search:(5:<0.477.0>) Dyn Var (RE): no Match (varname=created_user_id), 

=INFO REPORT==== 5-Dec-2019::19:06:33 ===
           ts_search:(5:<0.477.0>) Dyn Var (RE): no Match (varname=add_dog_url), 

=INFO REPORT==== 5-Dec-2019::19:06:33 ===
           ts_search:(5:<0.560.0>) Dyn Var (RE): no Match (varname=created_user_id), 

=INFO REPORT==== 5-Dec-2019::19:06:33 ===
           ts_search:(5:<0.560.0>) Dyn Var (RE): no Match (varname=add_dog_url), 

=INFO REPORT==== 5-Dec-2019::19:06:33 ===
           ts_search:(5:<0.539.0>) Dyn Var (RE): no Match (varname=created_user_id), 

=INFO REPORT==== 5-Dec-2019::19:06:33 ===
           ts_search:(5:<0.539.0>) Dyn Var (RE): no Match (varname=add_dog_url), 

=INFO REPORT==== 5-Dec-2019::19:06:33 ===
           ts_search:(5:<0.589.0>) Dyn Var (RE): no Match (varname=created_user_id), 

=INFO REPORT==== 5-Dec-2019::19:06:33 ===
           ts_search:(5:<0.589.0>) Dyn Var (RE): no Match (varname=add_dog_url), 

=INFO REPORT==== 5-Dec-2019::19:06:34 ===
           ts_search:(5:<0.574.0>) Dyn Var (RE): no Match (varname=created_user_id), 

=INFO REPORT==== 5-Dec-2019::19:06:34 ===
           ts_search:(5:<0.574.0>) Dyn Var (RE): no Match (varname=add_dog_url), 

=INFO REPORT==== 5-Dec-2019::19:06:34 ===
           ts_search:(5:<0.565.0>) Dyn Var (RE): no Match (varname=created_user_id), 

=INFO REPORT==== 5-Dec-2019::19:06:34 ===
           ts_search:(5:<0.565.0>) Dyn Var (RE): no Match (varname=add_dog_url), 

=INFO REPORT==== 5-Dec-2019::19:06:34 ===
           ts_search:(5:<0.522.0>) Dyn Var (RE): no Match (varname=created_user_id), 

=INFO REPORT==== 5-Dec-2019::19:06:34 ===
           ts_search:(5:<0.522.0>) Dyn Var (RE): no Match (varname=add_dog_url), 

=INFO REPORT==== 5-Dec-2019::19:06:34 ===
           ts_search:(5:<0.592.0>) Dyn Var (RE): no Match (varname=created_user_id), 

=INFO REPORT==== 5-Dec-2019::19:06:34 ===
           ts_search:(5:<0.592.0>) Dyn Var (RE): no Match (varname=add_dog_url), 

=INFO REPORT==== 5-Dec-2019::19:06:34 ===
           ts_search:(5:<0.577.0>) Dyn Var (RE): no Match (varname=created_user_id), 

=INFO REPORT==== 5-Dec-2019::19:06:34 ===
           ts_search:(5:<0.577.0>) Dyn Var (RE): no Match (varname=add_dog_url), 

=INFO REPORT==== 5-Dec-2019::19:06:34 ===
           ts_search:(5:<0.579.0>) Dyn Var (RE): no Match (varname=created_user_id), 

=INFO REPORT==== 5-Dec-2019::19:06:34 ===
           ts_search:(5:<0.579.0>) Dyn Var (RE): no Match (varname=add_dog_url), 

=INFO REPORT==== 5-Dec-2019::19:06:34 ===
           ts_search:(5:<0.591.0>) Dyn Var (RE): no Match (varname=created_user_id), 

=INFO REPORT==== 5-Dec-2019::19:06:34 ===
           ts_search:(5:<0.591.0>) Dyn Var (RE): no Match (varname=add_dog_url), 

=INFO REPORT==== 5-Dec-2019::19:06:34 ===
           ts_search:(5:<0.604.0>) Dyn Var (RE): no Match (varname=created_user_id), 

=INFO REPORT==== 5-Dec-2019::19:06:34 ===
           ts_search:(5:<0.604.0>) Dyn Var (RE): no Match (varname=add_dog_url), 

=INFO REPORT==== 5-Dec-2019::19:06:34 ===
           ts_search:(5:<0.599.0>) Dyn Var (RE): no Match (varname=created_user_id), 

=INFO REPORT==== 5-Dec-2019::19:06:34 ===
           ts_search:(5:<0.599.0>) Dyn Var (RE): no Match (varname=add_dog_url), 

=INFO REPORT==== 5-Dec-2019::19:06:35 ===
           ts_search:(5:<0.582.0>) Dyn Var (RE): no Match (varname=created_user_id), 

=INFO REPORT==== 5-Dec-2019::19:06:35 ===
           ts_search:(5:<0.582.0>) Dyn Var (RE): no Match (varname=add_dog_url), 

=INFO REPORT==== 5-Dec-2019::19:06:35 ===
           ts_search:(5:<0.566.0>) Dyn Var (RE): no Match (varname=created_user_id), 

=INFO REPORT==== 5-Dec-2019::19:06:35 ===
           ts_search:(5:<0.566.0>) Dyn Var (RE): no Match (varname=add_dog_url), 

=INFO REPORT==== 5-Dec-2019::19:06:35 ===
           ts_search:(5:<0.555.0>) Dyn Var (RE): no Match (varname=created_user_id), 

=INFO REPORT==== 5-Dec-2019::19:06:35 ===
           ts_search:(5:<0.555.0>) Dyn Var (RE): no Match (varname=add_dog_url), 

=INFO REPORT==== 5-Dec-2019::19:06:35 ===
           ts_search:(5:<0.546.0>) Dyn Var (RE): no Match (varname=created_user_id), 

=INFO REPORT==== 5-Dec-2019::19:06:35 ===
           ts_search:(5:<0.546.0>) Dyn Var (RE): no Match (varname=add_dog_url), 

=INFO REPORT==== 5-Dec-2019::19:06:35 ===
           ts_search:(5:<0.594.0>) Dyn Var (RE): no Match (varname=created_user_id), 

=INFO REPORT==== 5-Dec-2019::19:06:35 ===
           ts_search:(5:<0.594.0>) Dyn Var (RE): no Match (varname=add_dog_url), 

=INFO REPORT==== 5-Dec-2019::19:06:35 ===
           ts_search:(5:<0.583.0>) Dyn Var (RE): no Match (varname=created_user_id), 

=INFO REPORT==== 5-Dec-2019::19:06:35 ===
           ts_search:(5:<0.583.0>) Dyn Var (RE): no Match (varname=add_dog_url), 

=INFO REPORT==== 5-Dec-2019::19:06:36 ===
           ts_search:(5:<0.549.0>) Dyn Var (RE): no Match (varname=created_user_id), 

=INFO REPORT==== 5-Dec-2019::19:06:36 ===
           ts_search:(5:<0.549.0>) Dyn Var (RE): no Match (varname=add_dog_url), 

=INFO REPORT==== 5-Dec-2019::19:06:36 ===
           ts_search:(5:<0.590.0>) Dyn Var (RE): no Match (varname=created_user_id), 

=INFO REPORT==== 5-Dec-2019::19:06:36 ===
           ts_search:(5:<0.590.0>) Dyn Var (RE): no Match (varname=add_dog_url), 

=INFO REPORT==== 5-Dec-2019::19:06:36 ===
           ts_search:(5:<0.578.0>) Dyn Var (RE): no Match (varname=created_user_id), 

=INFO REPORT==== 5-Dec-2019::19:06:36 ===
           ts_search:(5:<0.578.0>) Dyn Var (RE): no Match (varname=add_dog_url), 

=INFO REPORT==== 5-Dec-2019::19:06:36 ===
           ts_search:(5:<0.593.0>) Dyn Var (RE): no Match (varname=created_user_id), 

=INFO REPORT==== 5-Dec-2019::19:06:36 ===
           ts_search:(5:<0.593.0>) Dyn Var (RE): no Match (varname=add_dog_url), 

=INFO REPORT==== 5-Dec-2019::19:06:36 ===
           ts_search:(5:<0.575.0>) Dyn Var (RE): no Match (varname=created_user_id), 

=INFO REPORT==== 5-Dec-2019::19:06:36 ===
           ts_search:(5:<0.575.0>) Dyn Var (RE): no Match (varname=add_dog_url), 

=INFO REPORT==== 5-Dec-2019::19:06:36 ===
           ts_search:(5:<0.607.0>) Dyn Var (RE): no Match (varname=created_user_id), 

=INFO REPORT==== 5-Dec-2019::19:06:36 ===
           ts_search:(5:<0.607.0>) Dyn Var (RE): no Match (varname=add_dog_url), 

=INFO REPORT==== 5-Dec-2019::19:06:37 ===
           ts_search:(5:<0.587.0>) Dyn Var (RE): no Match (varname=created_user_id), 

=INFO REPORT==== 5-Dec-2019::19:06:37 ===
           ts_search:(5:<0.587.0>) Dyn Var (RE): no Match (varname=add_dog_url), 

=INFO REPORT==== 5-Dec-2019::19:06:37 ===
           ts_search:(5:<0.586.0>) Dyn Var (RE): no Match (varname=created_user_id), 

=INFO REPORT==== 5-Dec-2019::19:06:37 ===
           ts_search:(5:<0.586.0>) Dyn Var (RE): no Match (varname=add_dog_url), 

=INFO REPORT==== 5-Dec-2019::19:06:37 ===
           ts_search:(5:<0.603.0>) Dyn Var (RE): no Match (varname=created_user_id), 

=INFO REPORT==== 5-Dec-2019::19:06:37 ===
           ts_search:(5:<0.603.0>) Dyn Var (RE): no Match (varname=add_dog_url), 

=INFO REPORT==== 5-Dec-2019::19:06:38 ===
           ts_search:(5:<0.596.0>) Dyn Var (RE): no Match (varname=created_user_id), 

=INFO REPORT==== 5-Dec-2019::19:06:38 ===
           ts_search:(5:<0.596.0>) Dyn Var (RE): no Match (varname=add_dog_url), 

=INFO REPORT==== 5-Dec-2019::19:06:38 ===
           ts_search:(5:<0.581.0>) Dyn Var (RE): no Match (varname=created_user_id), 

=INFO REPORT==== 5-Dec-2019::19:06:38 ===
           ts_search:(5:<0.581.0>) Dyn Var (RE): no Match (varname=add_dog_url), 

=INFO REPORT==== 5-Dec-2019::19:06:38 ===
           ts_search:(5:<0.588.0>) Dyn Var (RE): no Match (varname=created_user_id), 

=INFO REPORT==== 5-Dec-2019::19:06:38 ===
           ts_search:(5:<0.588.0>) Dyn Var (RE): no Match (varname=add_dog_url), 

=INFO REPORT==== 5-Dec-2019::19:06:39 ===
           ts_search:(5:<0.605.0>) Dyn Var (RE): no Match (varname=created_user_id), 

=INFO REPORT==== 5-Dec-2019::19:06:39 ===
           ts_search:(5:<0.605.0>) Dyn Var (RE): no Match (varname=add_dog_url), 

=INFO REPORT==== 5-Dec-2019::19:06:39 ===
           ts_search:(5:<0.584.0>) Dyn Var (RE): no Match (varname=created_user_id), 

=INFO REPORT==== 5-Dec-2019::19:06:39 ===
           ts_search:(5:<0.584.0>) Dyn Var (RE): no Match (varname=add_dog_url), 

=INFO REPORT==== 5-Dec-2019::19:06:40 ===
           ts_search:(5:<0.563.0>) Dyn Var (RE): no Match (varname=created_user_id), 

=INFO REPORT==== 5-Dec-2019::19:06:40 ===
           ts_search:(5:<0.563.0>) Dyn Var (RE): no Match (varname=add_dog_url), 

=INFO REPORT==== 5-Dec-2019::19:06:41 ===
           ts_search:(5:<0.597.0>) Dyn Var (RE): no Match (varname=created_user_id), 

=INFO REPORT==== 5-Dec-2019::19:06:41 ===
           ts_search:(5:<0.597.0>) Dyn Var (RE): no Match (varname=add_dog_url), 

=INFO REPORT==== 5-Dec-2019::19:06:42 ===
           ts_search:(5:<0.572.0>) Dyn Var (RE): no Match (varname=created_user_id), 

=INFO REPORT==== 5-Dec-2019::19:06:42 ===
           ts_search:(5:<0.572.0>) Dyn Var (RE): no Match (varname=add_dog_url), 

=INFO REPORT==== 5-Dec-2019::19:06:42 ===
           ts_search:(5:<0.610.0>) Dyn Var (RE): no Match (varname=created_user_id), 

=INFO REPORT==== 5-Dec-2019::19:06:42 ===
           ts_search:(5:<0.610.0>) Dyn Var (RE): no Match (varname=add_dog_url), 

=INFO REPORT==== 5-Dec-2019::19:06:44 ===
           ts_search:(5:<0.602.0>) Dyn Var (RE): no Match (varname=created_user_id), 

=INFO REPORT==== 5-Dec-2019::19:06:44 ===
           ts_search:(5:<0.602.0>) Dyn Var (RE): no Match (varname=add_dog_url), 

=INFO REPORT==== 5-Dec-2019::19:10:24 ===
     ts_launcher_mgr:(5:<0.149.0>) No more active users 'tsung_controller@ip-172-31-30-247' "3497"
