# stats: dump at 1575571571
stats: users 5 6
stats: {cpu,"tsung_controller@ip-172-31-17-57"} 1 7.068178471506406 0 7.068178471506406 7.068178471506406 0 0
stats: {load,"tsung_controller@ip-172-31-17-57"} 1 0.01171875 0 0.01171875 0.01171875 0 0
stats: {freemem,"tsung_controller@ip-172-31-17-57"} 1 3522.9765625 0 3522.9765625 3522.9765625 0 0
stats: session 1 5789.727 0 5789.727 5789.727 0 0
stats: users_count 6 6
stats: finish_users_count 1 1
stats: request 18 98.8725 112.58857807682409 328.572 6.748 0 0
stats: connect 6 3.048 3.680253297442084 11.272 1.264 0 0
stats: page 18 98.8725 112.58857807682409 328.572 6.748 0 0
stats: 302 3 3
stats: 200 13 13
stats: size_rcv 79971 79971
stats: 422 1 1
stats: size_sent 10383 10383
stats: connected 5 5
stats: 404 1 1
# stats: dump at 1575571581
stats: users 8 14
stats: {recvpackets,"tsung_controller@ip-172-31-17-57"} 1 111 0 111 111 0 0
stats: {sentpackets,"tsung_controller@ip-172-31-17-57"} 1 112 0 112 112 0 0
stats: {cpu,"tsung_controller@ip-172-31-17-57"} 1 0.6979062811565304 0.0 7.068178471506406 0.6979062811565304 7.068178471506406 1
stats: {load,"tsung_controller@ip-172-31-17-57"} 1 0.01171875 0.0 0.01171875 0.01171875 0.01171875 1
stats: {freemem,"tsung_controller@ip-172-31-17-57"} 1 3522.7109375 0.0 3522.9765625 3522.7109375 3522.9765625 1
stats: session 9 7513.752444444444 2678.0041764632238 12609.677 4635.829 5789.727 1
stats: users_count 12 18
stats: finish_users_count 9 10
stats: request 68 52.01083823529411 97.3650147254574 328.572 3.031 98.8725 18
stats: connect 12 1.48425 0.3431933675058421 11.272 1.192 3.048 6
stats: page 68 52.01083823529411 97.3650147254574 328.572 3.031 98.8725 18
stats: 302 11 14
stats: 200 37 50
stats: size_rcv 271835 351806
stats: 422 8 9
stats: size_sent 53057 63440
stats: connected 4 9
stats: 404 12 13
# stats: dump at 1575571591
stats: users 4 14
stats: {recvpackets,"tsung_controller@ip-172-31-17-57"} 1 508.0 0.0 508 111 111.0 1
stats: {sentpackets,"tsung_controller@ip-172-31-17-57"} 1 660.0 0.0 660 112 112.0 1
stats: {cpu,"tsung_controller@ip-172-31-17-57"} 1 2.8000000000000003 0.0 7.068178471506406 0.6979062811565304 3.8830423763314683 2
stats: {load,"tsung_controller@ip-172-31-17-57"} 1 0.0 0.0 0.01171875 0.0 0.01171875 2
stats: {freemem,"tsung_controller@ip-172-31-17-57"} 1 3519.15625 0.0 3522.9765625 3519.15625 3522.84375 2
stats: session 11 10981.429454545454 5129.211281833093 20512.67 4015.158 7341.349899999999 10
stats: users_count 7 25
stats: finish_users_count 11 21
stats: request 46 44.877413043478285 93.1297961411165 328.572 3.031 61.8190930232558 86
stats: connect 7 1.185 0.0940151963400446 11.272 0.976 2.0055 18
stats: page 46 44.877413043478285 93.1297961411165 328.572 3.031 61.8190930232558 86
stats: 302 7 21
stats: 200 20 70
stats: size_rcv 161918 513724
stats: 422 11 20
stats: size_sent 37910 101350
stats: connected -4 5
stats: 404 8 21
# stats: dump at 1575571601
stats: users 22 24
stats: {recvpackets,"tsung_controller@ip-172-31-17-57"} 1 216.0 0.0 508 111 309.5 2
stats: {sentpackets,"tsung_controller@ip-172-31-17-57"} 1 234.0 0.0 660 112 386.0 2
stats: {cpu,"tsung_controller@ip-172-31-17-57"} 1 0.5 0.0 7.068178471506406 0.5 3.5220282508876455 3
stats: {load,"tsung_controller@ip-172-31-17-57"} 1 0.0 0.0 0.01171875 0.0 0.0078125 3
stats: {freemem,"tsung_controller@ip-172-31-17-57"} 1 3518.9453125 0.0 3522.9765625 3518.9453125 3521.6145833333335 3
stats: session 7 7217.032857142856 1862.0270256462386 20512.67 4015.158 9248.058238095238 21
stats: users_count 25 50
stats: finish_users_count 7 28
stats: request 104 87.05183653846156 199.24915710125305 1037.101 3.031 55.91517424242424 132
stats: connect 25 1.19692 0.13776876859433715 11.272 0.94 1.7757600000000002 25
stats: page 104 87.05183653846156 199.24915710125305 1037.101 3.031 55.91517424242424 132
stats: 302 19 40
stats: 200 68 138
stats: size_rcv 458507 972231
stats: 422 8 28
stats: newphase 1 1
stats: size_sent 68248 169598
stats: connected 17 22
stats: 404 9 30
# stats: dump at 1575571611
stats: users 17 24
stats: {recvpackets,"tsung_controller@ip-172-31-17-57"} 1 645.0 0.0 645 111 278.3333333333333 3
stats: {sentpackets,"tsung_controller@ip-172-31-17-57"} 1 777.0 0.0 777 112 335.3333333333333 3
stats: {cpu,"tsung_controller@ip-172-31-17-57"} 1 2.788844621513944 0.0 7.068178471506406 0.5 2.766521188165734 4
stats: {load,"tsung_controller@ip-172-31-17-57"} 1 0.0 0.0 0.01171875 0.0 0.005859375 4
stats: {freemem,"tsung_controller@ip-172-31-17-57"} 1 3515.91015625 0.0 3522.9765625 3515.91015625 3520.947265625 4
stats: session 25 7783.0344000000005 3431.9355646220633 20512.67 2598.278 8740.301892857142 28
stats: users_count 20 70
stats: finish_users_count 25 53
stats: request 121 47.16257851239672 99.24061113963275 1037.101 3.031 69.6364152542373 236
stats: connect 19 1.270894736842105 0.18484841435102614 11.272 0.94 1.4863400000000002 50
stats: page 121 47.16257851239672 99.24061113963275 1037.101 3.031 69.6364152542373 236
stats: 302 18 58
stats: 200 53 191
stats: size_rcv 432108 1404339
stats: 422 24 52
stats: newphase 0 1
stats: size_sent 103900 273498
stats: connected -5 17
stats: 404 26 56
# stats: dump at 1575571621
stats: users 15 24
stats: {recvpackets,"tsung_controller@ip-172-31-17-57"} 1 593.0 0.0 645 111 370.0 4
stats: {sentpackets,"tsung_controller@ip-172-31-17-57"} 1 645.0 0.0 777 112 445.75 4
stats: {cpu,"tsung_controller@ip-172-31-17-57"} 1 0.999000999000999 0.0 7.068178471506406 0.5 2.770985874835376 5
stats: {load,"tsung_controller@ip-172-31-17-57"} 1 0.0 0.0 0.01171875 0.0 0.0046875 5
stats: {freemem,"tsung_controller@ip-172-31-17-57"} 1 3514.96875 0.0 3522.9765625 3514.96875 3519.93984375 5
stats: session 18 8049.872166666666 4140.407051337925 20512.67 2277.643 8288.760622641508 53
stats: users_count 16 86
stats: finish_users_count 18 71
stats: request 114 55.65516666666666 104.82193875220239 1037.101 2.67 62.01923249299721 357
stats: connect 17 1.3793529411764707 0.5066570880233401 11.272 0.94 1.4270144927536232 69
stats: page 114 55.65516666666666 104.82193875220239 1037.101 2.67 62.01923249299721 357
stats: 302 21 79
stats: 200 56 247
stats: size_rcv 431118 1835457
stats: 422 19 71
stats: newphase 0 1
stats: size_sent 89979 363477
stats: connected -2 15
stats: 404 18 74
# stats: dump at 1575571631
stats: users 27 28
stats: {recvpackets,"tsung_controller@ip-172-31-17-57"} 1 405.0 0.0 645 111 414.6 5
stats: {sentpackets,"tsung_controller@ip-172-31-17-57"} 1 443.0 0.0 777 112 485.6 5
stats: {cpu,"tsung_controller@ip-172-31-17-57"} 1 0.8991008991008992 0.0 7.068178471506406 0.5 2.475655062196313 6
stats: {load,"tsung_controller@ip-172-31-17-57"} 1 0.0 0.0 0.01171875 0.0 0.00390625 6
stats: {freemem,"tsung_controller@ip-172-31-17-57"} 1 3514.83984375 0.0 3522.9765625 3514.83984375 3519.111328125 6
stats: session 18 9310.336388888889 5698.839461260093 27332.44 2277.643 8228.197352112677 71
stats: users_count 30 116
stats: finish_users_count 18 89
stats: request 141 47.38632624113475 99.044663244911 1037.101 2.67 60.47888535031848 471
stats: connect 30 1.7027666666666663 2.0202300311818178 12.482 0.94 1.4175930232558138 86
stats: page 141 47.38632624113475 99.044663244911 1037.101 2.67 60.47888535031848 471
stats: 302 21 100
stats: 200 77 324
stats: size_rcv 562872 2398329
stats: 422 18 89
stats: newphase 1 2
stats: size_sent 109122 472599
stats: connected 12 27
stats: 404 25 99
# stats: dump at 1575571641
stats: users 28 31
stats: {recvpackets,"tsung_controller@ip-172-31-17-57"} 1 841.0 0.0 841 111 413.0 6
stats: {sentpackets,"tsung_controller@ip-172-31-17-57"} 1 975.0 0.0 975 112 478.5 6
stats: {cpu,"tsung_controller@ip-172-31-17-57"} 1 3.286852589641434 0.0 7.068178471506406 0.5 2.250433038896968 7
stats: {load,"tsung_controller@ip-172-31-17-57"} 1 0.0 0.0 0.01171875 0.0 0.0033482142857142855 7
stats: {freemem,"tsung_controller@ip-172-31-17-57"} 1 3514.45703125 0.0 3522.9765625 3514.45703125 3518.5011160714284 7
stats: session 34 8006.567470588237 3529.432896110209 27332.44 2277.643 8447.05693258427 89
stats: users_count 35 151
stats: finish_users_count 34 123
stats: request 199 63.24028140703522 132.77094507701761 1037.101 2.67 57.46246241830065 612
stats: connect 35 1.2424285714285714 0.21328134145359484 12.482 0.94 1.4913448275862067 116
stats: page 199 63.24028140703522 132.77094507701761 1037.101 2.67 57.46246241830065 612
stats: 302 33 133
stats: 200 106 430
stats: size_rcv 786987 3185316
stats: 422 33 122
stats: newphase 0 2
stats: size_sent 151625 624224
stats: connected 2 29
stats: 404 27 126
# stats: dump at 1575571651
stats: users 24 31
stats: {recvpackets,"tsung_controller@ip-172-31-17-57"} 1 881.0 0.0 881 111 474.14285714285717 7
stats: {sentpackets,"tsung_controller@ip-172-31-17-57"} 1 951.0 0.0 975 112 549.4285714285714 7
stats: {cpu,"tsung_controller@ip-172-31-17-57"} 1 1.2012012012012012 0.0 7.068178471506406 0.5 2.379985482740026 8
stats: {load,"tsung_controller@ip-172-31-17-57"} 1 0.0 0.0 0.01171875 0.0 0.0029296875 8
stats: {freemem,"tsung_controller@ip-172-31-17-57"} 1 3509.5703125 0.0 3522.9765625 3509.5703125 3517.99560546875 8
stats: session 28 10181.258785714288 4702.217579639118 27332.44 1966.184 8325.295617886179 123
stats: users_count 24 175
stats: finish_users_count 28 151
stats: request 157 61.00437579617832 121.45153747346178 1037.101 2.67 58.880200986436506 811
stats: connect 23 1.3633913043478258 0.7991082932070044 12.482 0.927 1.4336490066225165 151
stats: page 157 61.00437579617832 121.45153747346178 1037.101 2.67 58.880200986436506 811
stats: 302 28 161
stats: 200 75 505
stats: size_rcv 588648 3773964
stats: 422 27 149
stats: newphase 0 2
stats: size_sent 126691 750915
stats: connected -4 25
stats: 404 27 153
# stats: dump at 1575571661
stats: users 78 78
stats: {recvpackets,"tsung_controller@ip-172-31-17-57"} 1 817.0 0.0 881 111 525.0 8
stats: {sentpackets,"tsung_controller@ip-172-31-17-57"} 1 967.0 0.0 975 112 599.625 8
stats: {cpu,"tsung_controller@ip-172-31-17-57"} 1 3.0784508440913605 0.0 7.068178471506406 0.5 2.2490094514579346 9
stats: {load,"tsung_controller@ip-172-31-17-57"} 1 0.0 0.0 0.01171875 0.0 0.0026041666666666665 9
stats: {freemem,"tsung_controller@ip-172-31-17-57"} 1 3510.7734375 0.0 3522.9765625 3509.5703125 3517.0594618055557 9
stats: session 27 7213.1528148148145 2496.873272698966 27332.44 1966.184 8669.447728476822 151
stats: users_count 81 256
stats: finish_users_count 27 178
stats: request 302 243.73736092715228 572.8007297618785 4129.762 2.67 59.22472107438017 968
stats: connect 81 1.079740740740741 0.15926899195066865 12.482 0.805 1.4243620689655172 174
stats: page 302 243.73736092715228 572.8007297618785 4129.762 2.67 59.22472107438017 968
stats: 302 36 197
stats: 200 204 709
stats: size_rcv 1344221 5118185
stats: 422 29 178
stats: newphase 1 3
stats: size_sent 219765 970680
stats: connected 52 77
stats: 404 33 186
# stats: dump at 1575571671
stats: users 109 109
stats: {recvpackets,"tsung_controller@ip-172-31-17-57"} 1 1755.0 0.0 1755 111 557.4444444444445 9
stats: {sentpackets,"tsung_controller@ip-172-31-17-57"} 1 1788.0 0.0 1788 112 640.4444444444445 9
stats: {cpu,"tsung_controller@ip-172-31-17-57"} 1 2.68389662027833 0.0 7.068178471506406 0.5 2.331953590721277 10
stats: {load,"tsung_controller@ip-172-31-17-57"} 1 0.0 0.0 0.01171875 0.0 0.00234375 10
stats: {freemem,"tsung_controller@ip-172-31-17-57"} 1 3501.7890625 0.0 3522.9765625 3501.7890625 3516.430859375 10
stats: session 55 10689.658636363636 3744.2881363089878 27332.44 1966.184 8448.549061797752 178
stats: users_count 86 342
stats: finish_users_count 55 233
stats: request 406 834.9248620689659 1057.8706667310798 5525.665 2.67 103.10095511811022 1270
stats: connect 81 1.3743456790123456 2.4925014663021496 23.58 0.796 1.3148941176470588 255
stats: page 406 834.9248620689659 1057.8706667310798 5525.665 2.67 103.10095511811022 1270
stats: 302 68 265
stats: 200 218 927
stats: size_rcv 1577625 6695810
stats: 422 55 233
stats: newphase 0 3
stats: size_sent 327312 1297992
stats: connected 26 103
stats: 404 65 251
# stats: dump at 1575571681
stats: users 128 137
stats: {recvpackets,"tsung_controller@ip-172-31-17-57"} 1 2238.0 0.0 2238 111 677.2 10
stats: {sentpackets,"tsung_controller@ip-172-31-17-57"} 1 2211.0 0.0 2211 112 755.2 10
stats: {cpu,"tsung_controller@ip-172-31-17-57"} 1 2.788844621513944 0.0 7.068178471506406 0.5 2.3639484115901 11
stats: {load,"tsung_controller@ip-172-31-17-57"} 1 0.0 0.0 0.01171875 0.0 0.002130681818181818 11
stats: {freemem,"tsung_controller@ip-172-31-17-57"} 1 3496.10546875 0.0 3522.9765625 3496.10546875 3515.099786931818 11
stats: session 62 13925.099967741939 3832.997474207599 27332.44 1966.184 8977.566343347638 233
stats: users_count 81 423
stats: finish_users_count 62 295
stats: request 455 1198.7293450549446 1059.7213338579168 5525.665 2.67 280.38049343675425 1676
stats: connect 87 1.0678045977011492 0.16223077355084975 23.58 0.786 1.3292261904761904 336
stats: page 455 1198.7293450549446 1059.7213338579168 5525.665 2.67 280.38049343675425 1676
stats: 302 72 337
stats: 200 259 1186
stats: size_rcv 1828680 8524490
stats: 422 61 294
stats: newphase 0 3
stats: size_sent 356484 1654476
stats: connected 26 129
stats: 404 63 314
# stats: dump at 1575571691
stats: users 47 137
stats: {recvpackets,"tsung_controller@ip-172-31-17-57"} 1 2205.0 0.0 2238 111 819.0909090909091 11
stats: {sentpackets,"tsung_controller@ip-172-31-17-57"} 1 2213.0 0.0 2213 112 887.5454545454545 11
stats: {cpu,"tsung_controller@ip-172-31-17-57"} 1 4.095904095904096 0.0 7.068178471506406 0.5 2.399356429083754 12
stats: {load,"tsung_controller@ip-172-31-17-57"} 1 0.0 0.0 0.01171875 0.0 0.001953125 12
stats: {freemem,"tsung_controller@ip-172-31-17-57"} 1 3488.390625 0.0 3522.9765625 3488.390625 3513.5169270833335 12
stats: session 81 15958.04160493827 3375.664734365589 27332.44 1966.184 10017.386969491525 295
stats: users_count 0 423
stats: finish_users_count 81 376
stats: request 324 1782.9910956790131 1510.0093336023574 6715.29 2.67 476.46154809948376 2131
stats: connect 0 0 0 23.58 0.786 1.2754586288416072 423
stats: page 324 1782.9910956790131 1510.0093336023574 6715.29 2.67 476.46154809948376 2131
stats: 302 83 420
stats: 200 80 1266
stats: size_rcv 878362 9402852
stats: 422 79 373
stats: newphase 0 3
stats: size_sent 266343 1920819
stats: connected -79 50
stats: 404 82 396
# stats: dump at 1575571701
stats: users 3 137
stats: {recvpackets,"tsung_controller@ip-172-31-17-57"} 1 1242.0 0.0 2238 111 934.5833333333334 12
stats: {sentpackets,"tsung_controller@ip-172-31-17-57"} 1 1255.0 0.0 2213 112 998.0 12
stats: {cpu,"tsung_controller@ip-172-31-17-57"} 1 1.6983016983016983 0.0 7.068178471506406 0.5 2.5298600957622415 13
stats: {load,"tsung_controller@ip-172-31-17-57"} 1 0.078125 0.0 0.078125 0.0 0.0018028846153846155 13
stats: {freemem,"tsung_controller@ip-172-31-17-57"} 1 3488.640625 0.0 3522.9765625 3488.390625 3511.5841346153848 13
stats: session 44 17857.448409090903 3386.321764774935 27332.44 1966.184 11297.155654255319 376
stats: users_count 0 423
stats: finish_users_count 44 420
stats: request 80 14.116624999999999 49.226267619629404 6715.29 2.67 648.8915169042771 2455
stats: connect 0 0 0 23.58 0.786 1.2754586288416072 423
stats: page 80 14.116624999999999 49.226267619629404 6715.29 2.67 648.8915169042771 2455
stats: 302 3 423
stats: 200 3 1269
stats: size_rcv 167231 9570083
stats: 422 47 420
stats: newphase 0 3
stats: size_sent 91125 2011944
stats: connected -47 3
stats: 404 27 423
# stats: dump at 1575571711
stats: users 0 137
stats: {recvpackets,"tsung_controller@ip-172-31-17-57"} 1 169.0 0.0 2238 111 958.2307692307693 13
stats: {sentpackets,"tsung_controller@ip-172-31-17-57"} 1 211.0 0.0 2213 112 1017.7692307692307 13
stats: {cpu,"tsung_controller@ip-172-31-17-57"} 1 0.4995004995004995 0.0 7.068178471506406 0.4995004995004995 2.470463067372203 14
stats: {load,"tsung_controller@ip-172-31-17-57"} 1 0.0703125 0.0 0.078125 0.0 0.007254464285714286 14
stats: {freemem,"tsung_controller@ip-172-31-17-57"} 1 3488.7421875 0.0 3522.9765625 3488.390625 3509.9453125 14
stats: session 3 30300.400666666665 5815.396537075603 35697.835 1966.184 11984.424419047617 420
stats: users_count 0 423
stats: finish_users_count 3 423
stats: request 3 4.517666666666666 0.04870546398734161 6715.29 2.67 628.8591731755425 2535
stats: connect 0 0 0 23.58 0.786 1.2754586288416072 423
stats: page 3 4.517666666666666 0.04870546398734161 6715.29 2.67 628.8591731755425 2535
stats: 302 0 423
stats: 200 0 1269
stats: size_rcv 5880 9575963
stats: 422 3 423
stats: newphase 0 3
stats: size_sent 2780 2014724
stats: connected -3 0
stats: 404 0 423
EndMonitor:{1575,571711,91511}
