# stats: dump at 1575572380
stats: users 2 3
stats: {freemem,"tsung_controller@ip-172-31-29-192"} 1 3524.015625 0 3524.015625 3524.015625 0 0
stats: {load,"tsung_controller@ip-172-31-29-192"} 1 0.05078125 0 0.05078125 0.05078125 0 0
stats: {cpu,"tsung_controller@ip-172-31-29-192"} 1 11.446038090759464 0 11.446038090759464 11.446038090759464 0 0
stats: session 1 6767.718 0 6767.718 6767.718 0 0
stats: users_count 3 3
stats: finish_users_count 1 1
stats: request 12 73.901 98.71090671332458 279.005 4.469 0 0
stats: connect 3 5.800333333333334 5.974852875919949 14.25 1.55 0 0
stats: page 12 73.901 98.71090671332458 279.005 4.469 0 0
stats: 302 2 2
stats: 200 8 8
stats: size_rcv 51726 51726
stats: size_sent 8559 8559
stats: connected 3 3
stats: 404 2 2
# stats: dump at 1575572390
stats: users 5 6
stats: {freemem,"tsung_controller@ip-172-31-29-192"} 1 3523.21484375 0.0 3524.015625 3523.21484375 3524.015625 1
stats: {load,"tsung_controller@ip-172-31-29-192"} 1 0.0390625 0.0 0.05078125 0.0390625 0.05078125 1
stats: {recvpackets,"tsung_controller@ip-172-31-29-192"} 1 133 0 133 133 0 0
stats: {sentpackets,"tsung_controller@ip-172-31-29-192"} 1 194 0 194 194 0 0
stats: {cpu,"tsung_controller@ip-172-31-29-192"} 1 1.2 0.0 11.446038090759464 1.2 11.446038090759464 1
stats: session 3 3886.9176666666667 1534.2924365883518 6767.718 2223.376 6767.718 1
stats: users_count 6 9
stats: finish_users_count 3 4
stats: request 27 52.08881481481481 95.12833854794076 279.005 3.397 73.901 12
stats: connect 6 2.4181666666666666 1.487178695457349 14.25 1.188 5.800333333333334 3
stats: page 27 52.08881481481481 95.12833854794076 279.005 3.397 73.901 12
stats: 302 5 7
stats: 200 15 23
stats: size_rcv 110169 161895
stats: 422 4 4
stats: size_sent 19560 28119
stats: connected 2 5
stats: 404 3 5
# stats: dump at 1575572400
stats: users 8 11
stats: {freemem,"tsung_controller@ip-172-31-29-192"} 1 3520.96875 0.0 3524.015625 3520.96875 3523.615234375 2
stats: {load,"tsung_controller@ip-172-31-29-192"} 1 0.0390625 0.0 0.05078125 0.0390625 0.044921875 2
stats: {recvpackets,"tsung_controller@ip-172-31-29-192"} 1 351.0 0.0 351 133 133.0 1
stats: {sentpackets,"tsung_controller@ip-172-31-29-192"} 1 529.0 0.0 529 194 194.0 1
stats: {cpu,"tsung_controller@ip-172-31-29-192"} 1 3.681592039800995 0.0 11.446038090759464 1.2 6.3230190453797315 2
stats: session 10 7809.5416 5758.087499124813 20536.506 1389.478 4607.11775 4
stats: users_count 13 22
stats: finish_users_count 10 14
stats: request 63 48.00546031746032 89.95414126429996 279.005 3.143 58.80025641025641 39
stats: connect 12 1.4790833333333335 0.14500371163831943 14.25 1.188 3.5455555555555556 9
stats: page 63 48.00546031746032 89.95414126429996 279.005 3.143 58.80025641025641 39
stats: 302 9 16
stats: 200 34 57
stats: size_rcv 253247 415142
stats: 422 9 13
stats: size_sent 50470 78589
stats: connected 3 8
stats: 404 11 16
# stats: dump at 1575572410
stats: users 9 11
stats: {freemem,"tsung_controller@ip-172-31-29-192"} 1 3518.93359375 0.0 3524.015625 3518.93359375 3522.7330729166665 3
stats: {load,"tsung_controller@ip-172-31-29-192"} 1 0.03125 0.0 0.05078125 0.03125 0.04296875 3
stats: {recvpackets,"tsung_controller@ip-172-31-29-192"} 1 322.0 0.0 351 133 242.0 2
stats: {sentpackets,"tsung_controller@ip-172-31-29-192"} 1 335.0 0.0 529 194 361.5 2
stats: {cpu,"tsung_controller@ip-172-31-29-192"} 1 0.6006006006006006 0.0 11.446038090759464 0.6006006006006006 5.442543376853486 3
stats: session 10 8921.8609 4316.294937945168 20536.506 1389.478 6894.563357142857 14
stats: users_count 11 33
stats: finish_users_count 10 24
stats: request 62 50.088322580645176 94.75103378204858 340.025 3.143 52.13288235294118 102
stats: connect 11 1.998545454545455 0.9540045133909211 14.25 1.161 2.364714285714286 21
stats: page 62 50.088322580645176 94.75103378204858 340.025 3.143 52.13288235294118 102
stats: 302 10 26
stats: 200 32 89
stats: size_rcv 246905 662047
stats: 422 11 24
stats: newphase 1 1
stats: size_sent 47347 125936
stats: connected 0 8
stats: 404 9 25
# stats: dump at 1575572420
stats: users 14 16
stats: {freemem,"tsung_controller@ip-172-31-29-192"} 1 3517.84375 0.0 3524.015625 3517.84375 3521.783203125 4
stats: {load,"tsung_controller@ip-172-31-29-192"} 1 0.01953125 0.0 0.05078125 0.01953125 0.0400390625 4
stats: {recvpackets,"tsung_controller@ip-172-31-29-192"} 1 259.0 0.0 351 133 268.6666666666667 3
stats: {sentpackets,"tsung_controller@ip-172-31-29-192"} 1 268.0 0.0 529 194 352.6666666666667 3
stats: {cpu,"tsung_controller@ip-172-31-29-192"} 1 0.3009027081243731 0.0 11.446038090759464 0.3009027081243731 4.2320576827902645 4
stats: session 13 8444.265615384613 3948.717943671173 20536.506 1389.478 7739.270666666666 24
stats: users_count 18 51
stats: finish_users_count 13 37
stats: request 94 54.23641489361701 96.52105705596168 340.025 3.143 51.35993902439025 164
stats: connect 18 1.4698888888888888 0.24513531158862922 14.25 1.025 2.2388437500000005 32
stats: page 94 54.23641489361701 96.52105705596168 340.025 3.143 51.35993902439025 164
stats: 302 16 42
stats: 200 50 139
stats: size_rcv 378595 1040642
stats: 422 12 36
stats: newphase 0 1
stats: size_sent 74506 200442
stats: connected 6 14
stats: 404 16 41
# stats: dump at 1575572430
stats: users 18 21
stats: {freemem,"tsung_controller@ip-172-31-29-192"} 1 3516.87109375 0.0 3524.015625 3516.87109375 3520.9953125 5
stats: {load,"tsung_controller@ip-172-31-29-192"} 1 0.01953125 0.0 0.05078125 0.01953125 0.0359375 5
stats: {recvpackets,"tsung_controller@ip-172-31-29-192"} 1 478.0 0.0 478 133 266.25 4
stats: {sentpackets,"tsung_controller@ip-172-31-29-192"} 1 490.0 0.0 529 194 331.5 4
stats: {cpu,"tsung_controller@ip-172-31-29-192"} 1 0.30181086519114686 0.0 11.446038090759464 0.3009027081243731 3.4458266878570862 5
stats: session 16 9200.41875 3160.9566677839307 20536.506 1389.478 7986.971594594594 37
stats: users_count 20 71
stats: finish_users_count 16 53
stats: request 105 87.41351428571427 158.63151274153836 781.664 3.143 52.40795736434109 258
stats: connect 20 1.8357500000000002 1.6500013901509296 14.25 1.025 1.9620200000000003 50
stats: page 105 87.41351428571427 158.63151274153836 781.664 3.143 52.40795736434109 258
stats: 302 19 61
stats: 200 57 196
stats: size_rcv 425360 1466002
stats: 422 17 53
stats: newphase 0 1
stats: size_sent 77126 277568
stats: connected 3 17
stats: 404 12 53
# stats: dump at 1575572440
stats: users 24 25
stats: {freemem,"tsung_controller@ip-172-31-29-192"} 1 3516.45703125 0.0 3524.015625 3516.45703125 3520.3079427083335 6
stats: {load,"tsung_controller@ip-172-31-29-192"} 1 0.01953125 0.0 0.05078125 0.01953125 0.033203125 6
stats: {recvpackets,"tsung_controller@ip-172-31-29-192"} 1 554.0 0.0 554 133 308.6 5
stats: {sentpackets,"tsung_controller@ip-172-31-29-192"} 1 558.0 0.0 558 194 363.2 5
stats: {cpu,"tsung_controller@ip-172-31-29-192"} 1 0.8008008008008007 0.0 11.446038090759464 0.3009027081243731 2.921824050746096 6
stats: session 22 9037.709272727272 3776.808102676822 20536.506 1389.478 8353.295264150944 53
stats: users_count 28 99
stats: finish_users_count 22 75
stats: request 145 55.64977931034481 103.97935803374588 781.664 3.143 62.53353168044077 363
stats: connect 28 2.235285714285714 4.004203299187553 22.961 1.025 1.9259428571428576 70
stats: page 145 55.64977931034481 103.97935803374588 781.664 3.143 62.53353168044077 363
stats: 302 22 83
stats: 200 77 273
stats: size_rcv 581315 2047317
stats: 422 21 74
stats: newphase 1 2
stats: size_sent 116386 393954
stats: connected 7 24
stats: 404 25 78
# stats: dump at 1575572450
stats: users 28 34
stats: {freemem,"tsung_controller@ip-172-31-29-192"} 1 3516.33984375 0.0 3524.015625 3516.33984375 3519.7578125 7
stats: {load,"tsung_controller@ip-172-31-29-192"} 1 0.01171875 0.0 0.05078125 0.01171875 0.03125 7
stats: {recvpackets,"tsung_controller@ip-172-31-29-192"} 1 690.0 0.0 690 133 349.5 6
stats: {sentpackets,"tsung_controller@ip-172-31-29-192"} 1 711.0 0.0 711 194 395.6666666666667 6
stats: {cpu,"tsung_controller@ip-172-31-29-192"} 1 0.9018036072144289 0.0 11.446038090759464 0.3009027081243731 2.6188207293253396 7
stats: session 30 7958.6770333333325 3815.100370093221 20536.506 1389.478 8554.056706666666 75
stats: users_count 34 133
stats: finish_users_count 30 105
stats: request 196 71.98493877551017 125.2571146297639 781.664 2.766 60.5686811023622 508
stats: connect 35 1.4467142857142854 0.5481362485174426 22.961 0.946 2.0143265306122453 98
stats: page 196 71.98493877551017 125.2571146297639 781.664 2.766 60.5686811023622 508
stats: 302 33 116
stats: 200 99 372
stats: size_rcv 762459 2809776
stats: 422 30 104
stats: newphase 0 2
stats: size_sent 157094 551048
stats: connected 5 29
stats: 404 34 112
# stats: dump at 1575572460
stats: users 35 40
stats: {freemem,"tsung_controller@ip-172-31-29-192"} 1 3516.08984375 0.0 3524.015625 3516.08984375 3519.33056640625 8
stats: {load,"tsung_controller@ip-172-31-29-192"} 1 0.01171875 0.0 0.05078125 0.01171875 0.02880859375 8
stats: {recvpackets,"tsung_controller@ip-172-31-29-192"} 1 946.0 0.0 946 133 398.14285714285717 7
stats: {sentpackets,"tsung_controller@ip-172-31-29-192"} 1 961.0 0.0 961 194 440.7142857142857 7
stats: {cpu,"tsung_controller@ip-172-31-29-192"} 1 0.9027081243731194 0.0 11.446038090759464 0.3009027081243731 2.404193589061476 8
stats: session 33 8872.493999999999 3149.8652298503575 20536.506 1389.478 8383.94822857143 105
stats: users_count 40 173
stats: finish_users_count 33 138
stats: request 225 91.87902222222228 164.23641940861947 1067.16 2.766 63.747071022727255 704
stats: connect 39 1.4463846153846158 0.26674809161210167 22.961 0.946 1.8649548872180455 133
stats: page 225 91.87902222222228 164.23641940861947 1067.16 2.766 63.747071022727255 704
stats: 302 38 154
stats: 200 117 489
stats: size_rcv 879206 3688982
stats: 422 32 136
stats: newphase 0 2
stats: size_sent 177301 728349
stats: connected 7 36
stats: 404 38 150
# stats: dump at 1575572470
stats: users 53 53
stats: {freemem,"tsung_controller@ip-172-31-29-192"} 1 3509.74609375 0.0 3524.015625 3509.74609375 3518.9704861111113 9
stats: {load,"tsung_controller@ip-172-31-29-192"} 1 0.01171875 0.0 0.05078125 0.01171875 0.026909722222222224 9
stats: {recvpackets,"tsung_controller@ip-172-31-29-192"} 1 1057.0 0.0 1057 133 466.625 8
stats: {sentpackets,"tsung_controller@ip-172-31-29-192"} 1 1053.0 0.0 1053 194 505.75 8
stats: {cpu,"tsung_controller@ip-172-31-29-192"} 1 0.6066734074823054 0.0 11.446038090759464 0.3009027081243731 2.23736187076277 9
stats: session 38 8316.149473684214 2961.521354468259 20536.506 1389.478 8500.774391304349 138
stats: users_count 56 229
stats: finish_users_count 38 176
stats: request 257 85.08555252918289 144.684860077454 1067.16 2.766 70.56051453175456 929
stats: connect 54 1.4628703703703705 0.25292123252670146 22.961 0.946 1.7700465116279076 172
stats: page 257 85.08555252918289 144.684860077454 1067.16 2.766 70.56051453175456 929
stats: 302 38 192
stats: 200 145 634
stats: size_rcv 1053218 4742200
stats: 422 40 176
stats: newphase 1 3
stats: size_sent 194451 922800
stats: connected 14 50
stats: 404 34 184
# stats: dump at 1575572480
stats: users 85 86
stats: {freemem,"tsung_controller@ip-172-31-29-192"} 1 3506.89453125 0.0 3524.015625 3506.89453125 3518.048046875 10
stats: {load,"tsung_controller@ip-172-31-29-192"} 1 0.01171875 0.0 0.05078125 0.01171875 0.025390625 10
stats: {recvpackets,"tsung_controller@ip-172-31-29-192"} 1 1373.0 0.0 1373 133 532.2222222222222 9
stats: {sentpackets,"tsung_controller@ip-172-31-29-192"} 1 1359.0 0.0 1359 194 566.5555555555555 9
stats: {cpu,"tsung_controller@ip-172-31-29-192"} 1 1.6080402010050252 0.0 11.446038090759464 0.3009027081243731 2.074293024434723 10
stats: session 46 9190.167217391305 3357.2604183477056 20536.506 1389.478 8460.91219318182 176
stats: users_count 78 307
stats: finish_users_count 46 222
stats: request 371 522.6926037735843 630.7721360140498 3703.553 2.766 73.70801433389545 1186
stats: connect 80 1.4012624999999999 0.2683562344976355 22.961 0.924 1.6966504424778766 226
stats: page 371 522.6926037735843 630.7721360140498 3703.553 2.766 73.70801433389545 1186
stats: 302 52 244
stats: 200 220 854
stats: size_rcv 1502427 6244627
stats: 422 46 222
stats: newphase 0 3
stats: size_sent 295515 1218315
stats: connected 34 84
stats: 404 54 238
# stats: dump at 1575572490
stats: users 106 106
stats: {freemem,"tsung_controller@ip-172-31-29-192"} 1 3498.8203125 0.0 3524.015625 3498.8203125 3517.034090909091 11
stats: {load,"tsung_controller@ip-172-31-29-192"} 1 0.01171875 0.0 0.05078125 0.01171875 0.024147727272727272 11
stats: {recvpackets,"tsung_controller@ip-172-31-29-192"} 1 1999.0 0.0 1999 133 616.3 10
stats: {sentpackets,"tsung_controller@ip-172-31-29-192"} 1 1906.0 0.0 1906 194 645.8 10
stats: {cpu,"tsung_controller@ip-172-31-29-192"} 1 1.4155712841253791 0.0 11.446038090759464 0.3009027081243731 2.031906404122932 11
stats: session 57 11517.454456140355 3411.472593510315 23056.884 1389.478 8612.019090090093 222
stats: users_count 78 385
stats: finish_users_count 57 279
stats: request 387 762.3091421188634 964.8744219858621 5593.563 2.766 180.69149710982646 1557
stats: connect 77 1.3233506493506502 0.41800515022719686 22.961 0.888 1.6194248366013075 306
stats: page 387 762.3091421188634 964.8744219858621 5593.563 2.766 180.69149710982646 1557
stats: 302 57 301
stats: 200 219 1073
stats: size_rcv 1527897 7772524
stats: 422 57 279
stats: newphase 0 3
stats: size_sent 306625 1524940
stats: connected 20 104
stats: 404 53 291
# stats: dump at 1575572500
stats: users 98 123
stats: {freemem,"tsung_controller@ip-172-31-29-192"} 1 3490.14453125 0.0 3524.015625 3490.14453125 3515.5162760416665 12
stats: {load,"tsung_controller@ip-172-31-29-192"} 1 0.078125 0.0 0.078125 0.01171875 0.023111979166666668 12
stats: {recvpackets,"tsung_controller@ip-172-31-29-192"} 1 2028.0 0.0 2028 133 742.0 11
stats: {sentpackets,"tsung_controller@ip-172-31-29-192"} 1 1934.0 0.0 1934 194 760.3636363636364 11
stats: {cpu,"tsung_controller@ip-172-31-29-192"} 1 1.812688821752266 0.0 11.446038090759464 0.3009027081243731 1.9805451441231359 12
stats: session 45 15779.4994 3300.6419862115467 23056.884 1389.478 9205.60265949821 279
stats: users_count 37 422
stats: finish_users_count 45 324
stats: request 334 1718.9577994011988 2396.8902125332147 9085.696 0.684 296.47649125514397 1944
stats: connect 44 1.8609772727272733 2.149129141690952 22.961 0.888 1.5599007832898175 383
stats: page 334 1718.9577994011988 2396.8902125332147 9085.696 0.684 296.47649125514397 1944
stats: 302 43 344
stats: 200 178 1251
stats: size_rcv 1260709 9033233
stats: 422 45 324
stats: newphase 0 3
stats: size_sent 268313 1793253
stats: connected -15 89
stats: 400 14 14
stats: 404 39 330
stats: 500 15 15
# stats: dump at 1575572510
stats: users 6 123
stats: {freemem,"tsung_controller@ip-172-31-29-192"} 1 3482.58984375 0.0 3524.015625 3482.58984375 3513.5646033653848 13
stats: {load,"tsung_controller@ip-172-31-29-192"} 1 0.0703125 0.0 0.078125 0.01171875 0.02734375 13
stats: {recvpackets,"tsung_controller@ip-172-31-29-192"} 1 1662.0 0.0 2028 133 849.1666666666666 12
stats: {sentpackets,"tsung_controller@ip-172-31-29-192"} 1 1528.0 0.0 1934 194 858.1666666666666 12
stats: {cpu,"tsung_controller@ip-172-31-29-192"} 1 1.8054162487462388 0.0 11.446038090759464 0.3009027081243731 1.9676331193253769 13
stats: session 92 15957.641043478261 3944.6705643430737 29369.198 1389.478 10118.643873456793 324
stats: users_count 0 422
stats: finish_users_count 92 416
stats: request 247 1017.1562226720654 2018.188801362155 9085.696 0.684 505.0404758560142 2278
stats: connect 10 1.6517999999999997 0.41692464546965785 22.961 0.888 1.5909250585480097 427
stats: page 247 1017.1562226720654 2018.188801362155 9085.696 0.684 505.0404758560142 2278
stats: 302 63 407
stats: 200 15 1266
stats: size_rcv 494194 9527427
stats: 422 92 416
stats: newphase 0 3
stats: size_sent 222043 2015296
stats: connected -83 6
stats: 400 1 15
stats: 404 76 406
stats: 500 0 15
# stats: dump at 1575572516
stats: users 0 123
stats: {freemem,"tsung_controller@ip-172-31-29-192"} 1 3481.34375 0.0 3524.015625 3481.34375 3511.352120535714 14
stats: {load,"tsung_controller@ip-172-31-29-192"} 1 0.05859375 0.0 0.078125 0.01171875 0.030412946428571428 14
stats: {recvpackets,"tsung_controller@ip-172-31-29-192"} 1 654.0 0.0 2028 133 911.6923076923077 13
stats: {sentpackets,"tsung_controller@ip-172-31-29-192"} 1 728.0 0.0 1934 194 909.6923076923077 13
stats: {cpu,"tsung_controller@ip-172-31-29-192"} 1 0.6018054162487462 0.0 11.446038090759464 0.3009027081243731 1.9560461999982957 14
stats: session 6 21937.524666666664 4123.20494124266 29369.198 1389.478 11409.960555288464 416
stats: users_count 0 422
stats: finish_users_count 6 422
stats: request 7 4.384428571428571 0.5109042004532908 9085.696 0.684 555.1365508910893 2525
stats: connect 0 0 0 22.961 0.888 1.592318077803204 437
stats: page 7 4.384428571428571 0.5109042004532908 9085.696 0.684 555.1365508910893 2525
stats: 302 0 407
stats: 200 0 1266
stats: size_rcv 13726 9541153
stats: 422 6 422
stats: newphase 0 3
stats: size_sent 7209 2022505
stats: connected -6 0
stats: 400 0 15
stats: 404 1 407
stats: 500 0 15
EndMonitor:{1575,572516,326857}
