# stats: dump at 1575570563
stats: users 6 6
stats: {freemem,"tsung_controller@ip-172-31-30-247"} 1 3523.9296875 0 3523.9296875 3523.9296875 0 0
stats: {load,"tsung_controller@ip-172-31-30-247"} 1 0.0703125 0 0.0703125 0.0703125 0 0
stats: {cpu,"tsung_controller@ip-172-31-30-247"} 1 4.683549550296349 0 4.683549550296349 4.683549550296349 0 0
stats: users_count 6 6
stats: finish_users_count 0 0
stats: request 23 75.32086956521738 102.96889949642427 279.217 6.314 0 0
stats: connect 6 5.343833333333332 8.592197650905279 24.554 1.334 0 0
stats: page 23 75.32086956521738 102.96889949642427 279.217 6.314 0 0
stats: 302 5 5
stats: 200 16 16
stats: size_rcv 105386 105386
stats: size_sent 16314 16314
stats: connected 6 6
stats: 404 2 2
# stats: dump at 1575570573
stats: users 17 17
stats: {freemem,"tsung_controller@ip-172-31-30-247"} 1 3523.51953125 0.0 3523.9296875 3523.51953125 3523.9296875 1
stats: {load,"tsung_controller@ip-172-31-30-247"} 1 0.05859375 0.0 0.0703125 0.05859375 0.0703125 1
stats: {recvpackets,"tsung_controller@ip-172-31-30-247"} 1 195 0 195 195 0 0
stats: {sentpackets,"tsung_controller@ip-172-31-30-247"} 1 264 0 264 264 0 0
stats: {cpu,"tsung_controller@ip-172-31-30-247"} 1 1.3 0.0 4.683549550296349 1.3 4.683549550296349 1
stats: users_count 11 17
stats: finish_users_count 0 0
stats: request 46 63.76563043478261 121.11808938268159 522.304 3.156 75.32086956521738 23
stats: connect 11 1.6210000000000002 0.4599620537708419 24.554 1.096 5.343833333333332 6
stats: page 46 63.76563043478261 121.11808938268159 522.304 3.156 75.32086956521738 23
stats: 302 8 13
stats: 200 29 45
stats: size_rcv 198611 303997
stats: size_sent 43348 59662
stats: connected 11 17
stats: 404 9 11
# stats: dump at 1575570583
stats: users 28 28
stats: {freemem,"tsung_controller@ip-172-31-30-247"} 1 3519.96875 0.0 3523.9296875 3519.96875 3523.724609375 2
stats: {load,"tsung_controller@ip-172-31-30-247"} 1 0.05078125 0.0 0.0703125 0.05078125 0.064453125 2
stats: {recvpackets,"tsung_controller@ip-172-31-30-247"} 1 391.0 0.0 391 195 195.0 1
stats: {sentpackets,"tsung_controller@ip-172-31-30-247"} 1 608.0 0.0 608 264 264.0 1
stats: {cpu,"tsung_controller@ip-172-31-30-247"} 1 3.7773359840954273 0.0 4.683549550296349 1.3 2.9917747751481745 2
stats: users_count 11 28
stats: finish_users_count 0 0
stats: request 40 925.0379999999998 1952.8440993998342 5246.976 3.156 67.6173768115942 69
stats: connect 10 23.173100000000005 63.48878126952825 213.615 1.096 2.9349411764705877 17
stats: page 40 925.0379999999998 1952.8440993998342 5246.976 3.156 67.6173768115942 69
stats: 302 0 13
stats: 200 29 74
stats: size_rcv 192628 496625
stats: size_sent 27457 87119
stats: connected 9 26
stats: 400 1 1
stats: 404 2 13
stats: 500 8 8
# stats: dump at 1575570593
stats: users 44 44
stats: {freemem,"tsung_controller@ip-172-31-30-247"} 1 3518.515625 0.0 3523.9296875 3518.515625 3522.47265625 3
stats: {load,"tsung_controller@ip-172-31-30-247"} 1 0.0390625 0.0 0.0703125 0.0390625 0.059895833333333336 3
stats: {recvpackets,"tsung_controller@ip-172-31-30-247"} 1 232.0 0.0 391 195 293.0 2
stats: {sentpackets,"tsung_controller@ip-172-31-30-247"} 1 214.0 0.0 608 214 436.0 2
stats: {cpu,"tsung_controller@ip-172-31-30-247"} 1 0.3988035892323031 0.0 4.683549550296349 0.3988035892323031 3.253628511463925 3
stats: users_count 16 44
stats: finish_users_count 0 0
stats: request 81 780.7206419753089 1852.294935258803 5378.874 0.575 382.2671467889908 109
stats: connect 26 2.9319615384615383 2.3009752694951775 213.615 1.096 10.430555555555557 27
stats: page 81 780.7206419753089 1852.294935258803 5378.874 0.575 382.2671467889908 109
stats: 302 0 13
stats: 200 42 116
stats: size_rcv 297459 794084
stats: newphase 1 1
stats: size_sent 54244 141363
stats: connected 14 40
stats: 400 12 13
stats: 404 0 13
stats: 500 27 35
# stats: dump at 1575570603
stats: users 67 67
stats: {freemem,"tsung_controller@ip-172-31-30-247"} 1 3513.0390625 0.0 3523.9296875 3513.0390625 3521.4833984375 4
stats: {load,"tsung_controller@ip-172-31-30-247"} 1 0.03125 0.0 0.0703125 0.03125 0.0546875 4
stats: {recvpackets,"tsung_controller@ip-172-31-30-247"} 1 457.0 0.0 457 195 272.6666666666667 3
stats: {sentpackets,"tsung_controller@ip-172-31-30-247"} 1 425.0 0.0 608 214 362.0 3
stats: {cpu,"tsung_controller@ip-172-31-30-247"} 1 0.9881422924901186 0.0 4.683549550296349 0.3988035892323031 2.5399222809060196 4
stats: users_count 23 67
stats: finish_users_count 0 0
stats: request 132 1617.4984318181819 5801.240181010718 38398.209 0.575 552.1341631578948 190
stats: connect 33 1.761878787878788 0.7316722961435572 213.615 1.096 6.752000000000001 53
stats: page 132 1617.4984318181819 5801.240181010718 38398.209 0.575 552.1341631578948 190
stats: 302 11 24
stats: 200 67 183
stats: size_rcv 479852 1273936
stats: newphase 0 1
stats: size_sent 88197 229560
stats: connected 23 63
stats: 400 10 23
stats: 404 6 19
stats: 500 38 73
# stats: dump at 1575570613
stats: users 85 86
stats: {freemem,"tsung_controller@ip-172-31-30-247"} 1 3506.47265625 0.0 3523.9296875 3506.47265625 3519.79453125 5
stats: {load,"tsung_controller@ip-172-31-30-247"} 1 0.03125 0.0 0.0703125 0.03125 0.05 5
stats: {recvpackets,"tsung_controller@ip-172-31-30-247"} 1 667.0 0.0 667 195 318.75 4
stats: {sentpackets,"tsung_controller@ip-172-31-30-247"} 1 611.0 0.0 611 214 377.75 4
stats: {cpu,"tsung_controller@ip-172-31-30-247"} 1 1.1952191235059761 0.0 4.683549550296349 0.3988035892323031 2.2295662832228396 5
stats: session 3 31176.08733333334 5250.644299425952 37437.328 24588.366 0 0
stats: users_count 21 88
stats: finish_users_count 3 3
stats: request 199 1375.2962311557783 5230.8727178740655 43414.479 0.575 988.8673416149068 322
stats: connect 37 29.788297297297294 101.08940803388525 519.092 1.096 4.837186046511628 86
stats: page 186 1471.424317204302 5397.499900839576 43414.479 0.575 988.8673416149068 322
stats: 302 3 27
stats: 200 73 256
stats: size_rcv 609082 1883018
stats: newphase 0 1
stats: 422 3 3
stats: size_sent 154227 383787
stats: connected 18 81
stats: 400 29 52
stats: 404 7 26
stats: 500 84 157
# stats: dump at 1575570623
stats: users 104 104
stats: {freemem,"tsung_controller@ip-172-31-30-247"} 1 3502.68359375 0.0 3523.9296875 3502.68359375 3517.57421875 6
stats: {load,"tsung_controller@ip-172-31-30-247"} 1 0.1796875 0.0 0.1796875 0.03125 0.046875 6
stats: {recvpackets,"tsung_controller@ip-172-31-30-247"} 1 768.0 0.0 768 195 388.4 5
stats: {sentpackets,"tsung_controller@ip-172-31-30-247"} 1 759.0 0.0 759 214 424.4 5
stats: {cpu,"tsung_controller@ip-172-31-30-247"} 1 1.2 0.0 4.683549550296349 0.3988035892323031 2.057175089936696 6
stats: session 8 35130.9105 7021.24203977197 44909.224 24588.366 31176.08733333334 3
stats: users_count 27 115
stats: finish_users_count 8 11
stats: request 237 1323.760050632912 5801.942841443439 45354.253 0.575 1136.4668598848368 521
stats: connect 35 2.267571428571429 2.4338148337328294 519.092 0.998 12.34280487804878 123
stats: page 200 1568.6427399999998 6285.386442890669 45354.253 0.575 1165.5515885826776 508
stats: 302 8 35
stats: 200 71 327
stats: size_rcv 636358 2519376
stats: newphase 1 2
stats: 422 8 11
stats: size_sent 185834 569621
stats: connected 20 101
stats: 400 44 96
stats: 404 9 35
stats: 500 97 254
# stats: dump at 1575570633
stats: users 127 127
stats: {freemem,"tsung_controller@ip-172-31-30-247"} 1 3501.3984375 0.0 3523.9296875 3501.3984375 3515.4469866071427 7
stats: {load,"tsung_controller@ip-172-31-30-247"} 1 0.1484375 0.0 0.1796875 0.03125 0.06584821428571429 7
stats: {recvpackets,"tsung_controller@ip-172-31-30-247"} 1 910.0 0.0 910 195 451.6666666666667 6
stats: {sentpackets,"tsung_controller@ip-172-31-30-247"} 1 905.0 0.0 905 214 480.1666666666667 6
stats: {cpu,"tsung_controller@ip-172-31-30-247"} 1 1.2024048096192386 0.0 4.683549550296349 0.3988035892323031 1.934721505660025 7
stats: session 10 37912.62860000001 10126.991099391777 60038.33 24588.366 34052.32236363636 11
stats: users_count 33 148
stats: finish_users_count 10 21
stats: request 298 1015.7422718120791 2019.300475264346 45354.253 0.575 1195.0268680738789 758
stats: connect 58 1.5376034482758618 0.6751326291068008 519.092 0.914 10.110949367088608 158
stats: page 277 1092.7571768953067 2074.636499658517 45354.253 0.575 1279.4191454802262 708
stats: 302 0 35
stats: 200 106 433
stats: size_rcv 895600 3414976
stats: newphase 0 2
stats: 422 10 21
stats: size_sent 208938 778559
stats: connected 20 121
stats: 400 49 145
stats: 404 0 35
stats: 500 133 387
# stats: dump at 1575570643
stats: users 156 157
stats: {freemem,"tsung_controller@ip-172-31-30-247"} 1 3493.18359375 0.0 3523.9296875 3493.18359375 3513.69091796875 8
stats: {load,"tsung_controller@ip-172-31-30-247"} 1 0.12890625 0.0 0.1796875 0.03125 0.076171875 8
stats: {recvpackets,"tsung_controller@ip-172-31-30-247"} 1 1311.0 0.0 1311 195 517.1428571428571 7
stats: {sentpackets,"tsung_controller@ip-172-31-30-247"} 1 1317.0 0.0 1317 214 540.8571428571429 7
stats: {cpu,"tsung_controller@ip-172-31-30-247"} 1 3.9761431411530817 0.0 4.683549550296349 0.3988035892323031 1.8431819186549268 8
stats: session 11 42834.96936363636 16430.8952714495 73881.93 17366.281 35890.56342857143 21
stats: users_count 40 188
stats: finish_users_count 11 32
stats: request 381 705.9415800524939 1757.6724659778781 45354.253 0.54 1144.4332982954543 1056
stats: connect 76 1.4425526315789479 1.0744730090746426 519.092 0.894 7.808847222222223 216
stats: page 336 800.4589196428576 1851.498548008049 45354.253 0.54 1226.9263888324874 985
stats: 302 0 35
stats: 200 117 550
stats: size_rcv 1041193 4456169
stats: newphase 0 2
stats: 422 10 31
stats: size_sent 278519 1057078
stats: connected 29 150
stats: 400 82 227
stats: 404 0 35
stats: 500 172 559
# stats: dump at 1575570653
stats: users 202 202
stats: {freemem,"tsung_controller@ip-172-31-30-247"} 1 3485.40625 0.0 3523.9296875 3485.40625 3511.4123263888887 9
stats: {load,"tsung_controller@ip-172-31-30-247"} 1 0.109375 0.0 0.1796875 0.03125 0.08203125 9
stats: {recvpackets,"tsung_controller@ip-172-31-30-247"} 1 1540.0 0.0 1540 195 616.375 8
stats: {sentpackets,"tsung_controller@ip-172-31-30-247"} 1 1437.0 0.0 1437 214 637.875 8
stats: {cpu,"tsung_controller@ip-172-31-30-247"} 1 1.8962075848303395 0.0 4.683549550296349 0.3988035892323031 2.0801776100436107 9
stats: session 9 56652.87544444445 17734.147813630163 96356.744 17366.281 38277.70296875 32
stats: users_count 55 243
stats: finish_users_count 9 41
stats: request 438 831.0662191780818 1857.3006248108738 45354.253 0.54 1028.1734899095336 1437
stats: connect 86 1.3682790697674416 0.3396307040644599 519.092 0.888 6.151866438356166 292
stats: page 402 905.0941567164178 1922.5625920152622 45354.253 0.54 1118.4532096896291 1321
stats: 302 0 35
stats: 200 143 693
stats: size_rcv 1262076 5718245
stats: newphase 1 3
stats: 422 10 41
stats: size_sent 312026 1369104
stats: connected 40 190
stats: 400 72 299
stats: 404 0 35
stats: 500 213 772
# stats: dump at 1575570663
stats: users 258 258
stats: {freemem,"tsung_controller@ip-172-31-30-247"} 1 3481.15625 0.0 3523.9296875 3481.15625 3508.81171875 10
stats: {load,"tsung_controller@ip-172-31-30-247"} 1 0.08984375 0.0 0.1796875 0.03125 0.084765625 10
stats: {recvpackets,"tsung_controller@ip-172-31-30-247"} 1 1924.0 0.0 1924 195 719.0 9
stats: {sentpackets,"tsung_controller@ip-172-31-30-247"} 1 1779.0 0.0 1779 214 726.6666666666666 9
stats: {cpu,"tsung_controller@ip-172-31-30-247"} 1 1.9114688128772637 0.0 4.683549550296349 0.3988035892323031 2.0617806075222833 10
stats: session 17 46451.42194117648 15838.081157084032 96356.744 17366.281 42311.277414634154 41
stats: users_count 73 316
stats: finish_users_count 17 58
stats: request 575 1388.1369895652163 5688.682144152726 59715.268 0.54 982.1292314666664 1875
stats: connect 117 1.456923076923076 0.3805262023357088 519.092 0.888 5.063537037037038 378
stats: page 511 1552.819933463795 6015.793146000692 59715.268 0.54 1068.673558328497 1723
stats: 302 0 35
stats: 504 5 5
stats: 200 202 895
stats: size_rcv 1678451 7396696
stats: newphase 0 3
stats: 422 15 56
stats: size_sent 429215 1798319
stats: connected 57 247
stats: 400 109 408
stats: 404 0 35
stats: 500 244 1016
# stats: dump at 1575570673
stats: users 323 323
stats: {freemem,"tsung_controller@ip-172-31-30-247"} 1 3466.35546875 0.0 3523.9296875 3466.35546875 3506.2975852272725 11
stats: {load,"tsung_controller@ip-172-31-30-247"} 1 0.078125 0.0 0.1796875 0.03125 0.08522727272727272 11
stats: {recvpackets,"tsung_controller@ip-172-31-30-247"} 1 2622.0 0.0 2622 195 839.5 10
stats: {sentpackets,"tsung_controller@ip-172-31-30-247"} 1 2288.0 0.0 2288 214 831.9 10
stats: {cpu,"tsung_controller@ip-172-31-30-247"} 1 3.3165829145728645 0.0 4.683549550296349 0.3988035892323031 2.0481158989181907 11
stats: session 23 58129.71952173913 24204.719925331112 108478.442 17366.281 43524.76805172414 58
stats: users_count 88 404
stats: finish_users_count 23 81
stats: request 756 1609.5773320105814 5045.927819450994 59883.794 0.54 1077.4167665306118 2450
stats: connect 151 8.74945695364238 29.40260527938016 519.092 0.888 4.2110646464646475 495
stats: page 660 1827.2658212121205 5384.324241117408 59883.794 0.54 1179.4160819158458 2234
stats: 302 8 43
stats: 504 5 10
stats: 200 242 1137
stats: size_rcv 2061889 9458585
stats: newphase 0 3
stats: 422 23 79
stats: size_sent 554580 2352899
stats: connected 61 308
stats: 400 163 571
stats: 404 0 35
stats: 500 316 1332
# stats: dump at 1575570683
stats: users 334 346
stats: {freemem,"tsung_controller@ip-172-31-30-247"} 1 3450.55859375 0.0 3523.9296875 3450.55859375 3502.9690755208335 12
stats: {load,"tsung_controller@ip-172-31-30-247"} 1 0.140625 0.0 0.1796875 0.03125 0.08463541666666667 12
stats: {recvpackets,"tsung_controller@ip-172-31-30-247"} 1 3275.0 0.0 3275 195 1001.5454545454545 11
stats: {sentpackets,"tsung_controller@ip-172-31-30-247"} 1 2784.0 0.0 2784 214 964.2727272727273 11
stats: {cpu,"tsung_controller@ip-172-31-30-247"} 1 4.509018036072145 0.0 4.683549550296349 0.3988035892323031 2.1538214835560803 12
stats: session 19 58190.1147368421 19935.805409591576 113540.197 17366.281 47671.853037037035 81
stats: users_count 30 434
stats: finish_users_count 19 100
stats: request 650 1901.773149230769 1798.3977204404232 59883.794 0.54 1202.904410792264 3206
stats: connect 83 7.875265060240963 36.073027181680004 519.092 0.888 5.271896284829721 646
stats: page 574 2133.57120557491 1921.1711180736393 59883.794 0.54 1327.1634308914993 2894
stats: 302 20 63
stats: 504 0 10
stats: 200 157 1294
stats: size_rcv 1601866 11060451
stats: newphase 0 3
stats: 422 21 100
stats: size_sent 518907 2871806
stats: connected 19 327
stats: 400 119 690
stats: 404 29 64
stats: 500 303 1635
# stats: dump at 1575570693
stats: users 275 346
stats: {freemem,"tsung_controller@ip-172-31-30-247"} 1 3436.3046875 0.0 3523.9296875 3436.3046875 3498.9375 13
stats: {load,"tsung_controller@ip-172-31-30-247"} 1 0.12109375 0.0 0.1796875 0.03125 0.0889423076923077 13
stats: {recvpackets,"tsung_controller@ip-172-31-30-247"} 1 2638.0 0.0 3275 195 1191.0 12
stats: {sentpackets,"tsung_controller@ip-172-31-30-247"} 1 2155.0 0.0 2784 214 1115.9166666666667 12
stats: {cpu,"tsung_controller@ip-172-31-30-247"} 1 3.714565004887586 0.0 4.683549550296349 0.3988035892323031 2.334990449134239 13
stats: session 59 58212.895169491516 20486.535424480484 129579.612 17366.281 49670.322759999995 100
stats: users_count 0 434
stats: finish_users_count 59 159
stats: request 855 1106.788989473685 2030.6625441900494 59883.794 0.54 1320.7116410788376 3856
stats: connect 48 1.7727499999999994 1.0502744780135649 519.092 0.888 5.5683017832647455 729
stats: page 671 1450.9948524590181 2295.9989918441524 59883.794 0.54 1460.6346138984998 3468
stats: 302 5 68
stats: 504 0 10
stats: 200 18 1312
stats: size_rcv 1289674 12350125
stats: newphase 0 3
stats: 422 58 158
stats: size_sent 607631 3479437
stats: connected -62 265
stats: 400 236 926
stats: 404 9 73
stats: 500 529 2164
# stats: dump at 1575570703
stats: users 212 346
stats: {freemem,"tsung_controller@ip-172-31-30-247"} 1 3430.1640625 0.0 3523.9296875 3430.1640625 3494.4637276785716 14
stats: {load,"tsung_controller@ip-172-31-30-247"} 1 0.25 0.0 0.25 0.03125 0.09123883928571429 14
stats: {recvpackets,"tsung_controller@ip-172-31-30-247"} 1 2342.0 0.0 3275 195 1302.3076923076924 13
stats: {sentpackets,"tsung_controller@ip-172-31-30-247"} 1 2146.0 0.0 2784 214 1195.8461538461538 13
stats: {cpu,"tsung_controller@ip-172-31-30-247"} 1 3.9100684261974585 0.0 4.683549550296349 0.3988035892323031 2.4335314888309063 14
stats: session 63 53353.0509047619 21685.312242884458 143284.899 17366.281 52840.20811949684 159
stats: users_count 0 434
stats: finish_users_count 63 222
stats: request 586 261.3756331058019 1104.092532812506 59883.794 0.54 1281.886791339418 4711
stats: connect 23 1.3897391304347824 0.33512077218082126 519.092 0.888 5.3338275418275405 777
stats: page 428 357.90627803738306 1278.7755921379287 59883.794 0.54 1459.071849963759 4139
stats: 302 0 68
stats: 504 0 10
stats: 200 0 1312
stats: size_rcv 830264 13180389
stats: newphase 0 3
stats: 422 63 221
stats: size_sent 460940 3940377
stats: connected -52 213
stats: 400 170 1096
stats: 404 1 74
stats: 500 352 2516
# stats: dump at 1575570713
stats: users 159 346
stats: {freemem,"tsung_controller@ip-172-31-30-247"} 1 3429.6953125 0.0 3523.9296875 3429.6953125 3490.1770833333335 15
stats: {load,"tsung_controller@ip-172-31-30-247"} 1 0.2109375 0.0 0.25 0.03125 0.10182291666666667 15
stats: {recvpackets,"tsung_controller@ip-172-31-30-247"} 1 1150.0 0.0 3275 195 1376.5714285714287 14
stats: {sentpackets,"tsung_controller@ip-172-31-30-247"} 1 1335.0 0.0 2784 214 1263.7142857142858 14
stats: {cpu,"tsung_controller@ip-172-31-30-247"} 1 1.4042126379137412 0.0 4.683549550296349 0.3988035892323031 2.531967284655343 15
stats: session 53 53881.459735849065 17264.5242622314 143284.899 17366.281 52985.74458558557 222
stats: users_count 0 434
stats: finish_users_count 53 275
stats: request 498 225.82457028112464 1027.6022803204746 59883.794 0.54 1168.9890117047382 5297
stats: connect 0 0 0 519.092 0.888 5.220434999999998 800
stats: page 329 341.80673860182355 1248.761329002473 59883.794 0.54 1355.875251587475 4567
stats: 302 0 68
stats: 504 0 10
stats: 200 0 1312
stats: size_rcv 666863 13847252
stats: newphase 0 3
stats: 422 53 274
stats: size_sent 393456 4333833
stats: connected -54 159
stats: 400 169 1265
stats: 404 0 74
stats: 500 276 2792
# stats: dump at 1575570723
stats: users 113 346
stats: {freemem,"tsung_controller@ip-172-31-30-247"} 1 3429.53515625 0.0 3523.9296875 3429.53515625 3486.39697265625 16
stats: {load,"tsung_controller@ip-172-31-30-247"} 1 0.1796875 0.0 0.25 0.03125 0.108642578125 16
stats: {recvpackets,"tsung_controller@ip-172-31-30-247"} 1 925.0 0.0 3275 195 1361.4666666666667 15
stats: {sentpackets,"tsung_controller@ip-172-31-30-247"} 1 1067.0 0.0 2784 214 1268.4666666666667 15
stats: {cpu,"tsung_controller@ip-172-31-30-247"} 1 1.103309929789368 0.0 4.683549550296349 0.3988035892323031 2.461482619233993 16
stats: session 46 58579.64069565215 16306.691611603484 143284.899 17366.281 53158.373323636355 275
stats: users_count 0 434
stats: finish_users_count 46 321
stats: request 376 324.1294042553192 1222.32871538217 59883.794 0.54 1087.9370890422774 5795
stats: connect 0 0 0 519.092 0.888 5.220434999999998 800
stats: page 245 497.4457551020406 1485.975374354967 59883.794 0.54 1287.7321672794114 4896
stats: 302 0 68
stats: 504 0 10
stats: 200 0 1312
stats: size_rcv 498302 14345554
stats: newphase 0 3
stats: 422 46 320
stats: size_sent 305018 4638851
stats: connected -47 112
stats: 400 131 1396
stats: 404 0 74
stats: 500 199 2991
# stats: dump at 1575570733
stats: users 71 346
stats: {freemem,"tsung_controller@ip-172-31-30-247"} 1 3429.7578125 0.0 3523.9296875 3429.53515625 3483.0521599264707 17
stats: {load,"tsung_controller@ip-172-31-30-247"} 1 0.1484375 0.0 0.25 0.03125 0.11282169117647059 17
stats: {recvpackets,"tsung_controller@ip-172-31-30-247"} 1 677.0 0.0 3275 195 1334.1875 16
stats: {sentpackets,"tsung_controller@ip-172-31-30-247"} 1 781.0 0.0 2784 214 1255.875 16
stats: {cpu,"tsung_controller@ip-172-31-30-247"} 1 0.8032128514056224 0.0 4.683549550296349 0.3988035892323031 2.3815901080901916 17
stats: session 42 71805.71219047622 26619.286227008422 170678.172 17366.281 53935.2527601246 321
stats: users_count 0 434
stats: finish_users_count 42 363
stats: request 315 477.33195555555506 3532.701879218569 59883.794 0.54 1041.3981667476905 6171
stats: connect 1 1.138 0.0 519.092 0.888 5.220434999999998 800
stats: page 205 733.6319902439021 4357.794843470857 59883.794 0.54 1250.0702005446408 5141
stats: 302 0 68
stats: 504 1 11
stats: 200 0 1312
stats: size_rcv 164743 14510297
stats: newphase 0 3
stats: 422 10 330
stats: 502 260 260
stats: size_sent 247078 4885929
stats: connected -42 70
stats: 400 12 1408
stats: 404 0 74
stats: 500 32 3023
# stats: dump at 1575570743
stats: users 37 346
stats: {freemem,"tsung_controller@ip-172-31-30-247"} 1 3429.66796875 0.0 3523.9296875 3429.53515625 3480.091362847222 18
stats: {load,"tsung_controller@ip-172-31-30-247"} 1 0.12109375 0.0 0.25 0.03125 0.11480034722222222 18
stats: {recvpackets,"tsung_controller@ip-172-31-30-247"} 1 430.0 0.0 3275 195 1295.5294117647059 17
stats: {sentpackets,"tsung_controller@ip-172-31-30-247"} 1 713.0 0.0 2784 214 1227.9411764705883 17
stats: {cpu,"tsung_controller@ip-172-31-30-247"} 1 0.7014028056112225 0.0 4.683549550296349 0.3988035892323031 2.293902482718827 18
stats: session 34 77191.76917647057 21892.98430920269 180541.282 17366.281 56002.90922314049 363
stats: users_count 0 434
stats: finish_users_count 34 397
stats: request 211 1136.033786729858 8159.200806069051 59979.608 0.54 1014.0036467776747 6486
stats: connect 0 0 0 519.092 0.888 5.215338327091135 801
stats: page 136 1762.5569338235305 10108.46416485201 59979.608 0.54 1230.2666402918067 5346
stats: 302 0 68
stats: 504 4 15
stats: 200 0 1312
stats: size_rcv 65298 14575595
stats: newphase 0 3
stats: 422 0 330
stats: 502 207 467
stats: size_sent 173602 5059531
stats: connected -35 35
stats: 400 0 1408
stats: 404 0 74
stats: 500 0 3023
# stats: dump at 1575570753
stats: users 21 346
stats: {freemem,"tsung_controller@ip-172-31-30-247"} 1 3429.5390625 0.0 3523.9296875 3429.53515625 3477.4375 19
stats: {load,"tsung_controller@ip-172-31-30-247"} 1 0.1015625 0.0 0.25 0.03125 0.11513157894736842 19
stats: {recvpackets,"tsung_controller@ip-172-31-30-247"} 1 237.0 0.0 3275 195 1247.4444444444443 18
stats: {sentpackets,"tsung_controller@ip-172-31-30-247"} 1 428.0 0.0 2784 214 1199.3333333333333 18
stats: {cpu,"tsung_controller@ip-172-31-30-247"} 1 0.5005005005005005 0.0 4.683549550296349 0.3988035892323031 2.2100867102394792 19
stats: session 16 89382.17912500001 30482.274363967907 180541.282 17366.281 57817.57229219143 397
stats: users_count 0 434
stats: finish_users_count 16 413
stats: request 111 2133.4210990991 11024.162520372523 59979.608 0.54 1017.8484070479316 6697
stats: connect 1 17.533 0.0 519.092 0.888 5.215338327091135 801
stats: page 73 3244.000589041096 13460.783439920222 59979.608 0.54 1243.4719449106162 5482
stats: 302 0 68
stats: 504 2 17
stats: 200 2 1314
stats: size_rcv 44197 14619792
stats: newphase 0 3
stats: 422 1 331
stats: 502 105 572
stats: size_sent 89637 5149168
stats: connected -16 19
stats: 400 0 1408
stats: 404 0 74
stats: 500 1 3024
# stats: dump at 1575570763
stats: users 11 346
stats: {freemem,"tsung_controller@ip-172-31-30-247"} 1 3429.58203125 0.0 3523.9296875 3429.53515625 3475.042578125 20
stats: {load,"tsung_controller@ip-172-31-30-247"} 1 0.08984375 0.0 0.25 0.03125 0.114453125 20
stats: {recvpackets,"tsung_controller@ip-172-31-30-247"} 1 150.0 0.0 3275 150 1194.2631578947369 19
stats: {sentpackets,"tsung_controller@ip-172-31-30-247"} 1 250.0 0.0 2784 214 1158.7368421052631 19
stats: {cpu,"tsung_controller@ip-172-31-30-247"} 1 0.4 0.0 4.683549550296349 0.3988035892323031 2.1246073997525303 20
stats: session 10 107978.9161 32913.048795782575 180541.282 17366.281 59040.414203389824 413
stats: users_count 0 434
stats: finish_users_count 10 423
stats: request 69 854.7088840579712 7030.773915904694 59979.608 0.54 1036.037092244418 6808
stats: connect 2 1.4245 0.18050000000000005 519.092 0.888 5.230697007481296 802
stats: page 44 1340.375613636364 8767.383864692954 59979.608 0.54 1269.7615202520246 5555
stats: 302 0 68
stats: 504 0 17
stats: 200 1 1315
stats: size_rcv 24965 14644757
stats: newphase 0 3
stats: 422 0 331
stats: 502 68 640
stats: size_sent 59848 5209016
stats: connected -8 11
stats: 400 0 1408
stats: 404 0 74
stats: 500 0 3024
# stats: dump at 1575570773
stats: users 7 346
stats: {freemem,"tsung_controller@ip-172-31-30-247"} 1 3429.515625 0.0 3523.9296875 3429.515625 3472.8777901785716 21
stats: {load,"tsung_controller@ip-172-31-30-247"} 1 0.0703125 0.0 0.25 0.03125 0.11328125 21
stats: {recvpackets,"tsung_controller@ip-172-31-30-247"} 1 82.0 0.0 3275 82 1142.05 20
stats: {sentpackets,"tsung_controller@ip-172-31-30-247"} 1 155.0 0.0 2784 155 1113.3 20
stats: {cpu,"tsung_controller@ip-172-31-30-247"} 1 0.49800796812749004 0.0 4.683549550296349 0.3988035892323031 2.0424832378595528 21
stats: session 4 101438.53499999999 8879.21202931828 180541.282 17366.281 60197.3527825059 423
stats: users_count 0 434
stats: finish_users_count 4 427
stats: request 20 14.914999999999996 54.27172606155068 59979.608 0.54 1034.2177456739855 6877
stats: connect 0 0 0 519.092 0.888 5.221228855721392 804
stats: page 13 22.987769230769224 65.97306714124839 59979.608 0.54 1270.3164443650646 5599
stats: 302 0 68
stats: 504 0 17
stats: 200 0 1315
stats: size_rcv 6280 14651037
stats: newphase 0 3
stats: 422 0 331
stats: 502 20 660
stats: size_sent 17875 5226891
stats: connected -4 7
stats: 400 0 1408
stats: 404 0 74
stats: 500 0 3024
# stats: dump at 1575570783
stats: users 5 346
stats: {freemem,"tsung_controller@ip-172-31-30-247"} 1 3429.52734375 0.0 3523.9296875 3429.515625 3470.9067826704545 22
stats: {load,"tsung_controller@ip-172-31-30-247"} 1 0.05859375 0.0 0.25 0.03125 0.111328125 22
stats: {recvpackets,"tsung_controller@ip-172-31-30-247"} 1 26.0 0.0 3275 26 1091.5714285714287 21
stats: {sentpackets,"tsung_controller@ip-172-31-30-247"} 1 41.0 0.0 2784 41 1067.6666666666667 21
stats: {cpu,"tsung_controller@ip-172-31-30-247"} 1 0.1998001998001998 0.0 4.683549550296349 0.1998001998001998 1.9722798165080953 22
stats: session 2 109474.1 6985.693999999992 180541.282 17366.281 60583.68704215455 427
stats: users_count 0 434
stats: finish_users_count 2 429
stats: request 6 2.086666666666667 1.0025816120839683 59979.608 0.54 1031.2619598376102 6897
stats: connect 0 0 0 519.092 0.888 5.221228855721392 804
stats: page 4 3.16675 1.6362130629902696 59979.608 0.54 1267.427051496792 5612
stats: 302 0 68
stats: 504 0 17
stats: 200 0 1315
stats: size_rcv 1884 14652921
stats: newphase 0 3
stats: 422 0 331
stats: 502 6 666
stats: size_sent 5471 5232362
stats: connected -2 5
stats: 400 0 1408
stats: 404 0 74
stats: 500 0 3024
# stats: dump at 1575570793
stats: users 5 346
stats: {freemem,"tsung_controller@ip-172-31-30-247"} 1 3429.64453125 0.0 3523.9296875 3429.515625 3469.107676630435 23
stats: {load,"tsung_controller@ip-172-31-30-247"} 1 0.05078125 0.0 0.25 0.03125 0.10903532608695653 23
stats: {recvpackets,"tsung_controller@ip-172-31-30-247"} 1 16.0 0.0 3275 16 1043.1363636363637 22
stats: {sentpackets,"tsung_controller@ip-172-31-30-247"} 1 24.0 0.0 2784 24 1021.0 22
stats: {cpu,"tsung_controller@ip-172-31-30-247"} 1 0.0 0.0 4.683549550296349 0.0 1.8952154853468826 23
stats: session 0 0 0 180541.282 17366.281 60811.61437529136 429
stats: users_count 0 434
stats: finish_users_count 0 429
stats: request 5 2.3688 0.343126448995119 59979.608 0.54 1030.367413733159 6903
stats: connect 0 0 0 519.092 0.888 5.221228855721392 804
stats: page 3 3.9933333333333336 0.9745475303385096 59979.608 0.54 1266.5265811965808 5616
stats: 302 0 68
stats: 504 0 17
stats: 200 0 1315
stats: size_rcv 1570 14654491
stats: newphase 0 3
stats: 422 0 331
stats: 502 5 671
stats: size_sent 4561 5236923
stats: connected 0 5
stats: 400 0 1408
stats: 404 0 74
stats: 500 0 3024
# stats: dump at 1575570803
stats: users 4 346
stats: {freemem,"tsung_controller@ip-172-31-30-247"} 1 3437.63671875 0.0 3523.9296875 3429.515625 3467.46337890625 24
stats: {load,"tsung_controller@ip-172-31-30-247"} 1 0.0390625 0.0 0.25 0.03125 0.10660807291666667 24
stats: {recvpackets,"tsung_controller@ip-172-31-30-247"} 1 95.0 0.0 3275 16 998.4782608695654 23
stats: {sentpackets,"tsung_controller@ip-172-31-30-247"} 1 212.0 0.0 2784 24 977.6521739130435 23
stats: {cpu,"tsung_controller@ip-172-31-30-247"} 1 1.8924302788844622 0.0 4.683549550296349 0.0 1.816248173457429 24
stats: session 1 138422.446 0.0 180541.282 17366.281 60811.61437529136 429
stats: users_count 0 434
stats: finish_users_count 1 430
stats: request 3 2.263666666666667 0.2880466783160134 59979.608 0.54 1029.6233498841918 6908
stats: connect 0 0 0 519.092 0.888 5.221228855721392 804
stats: page 2 3.436 1.0499999999999998 59979.608 0.54 1265.8525111229753 5619
stats: 302 0 68
stats: 504 0 17
stats: 200 0 1315
stats: size_rcv 942 14655433
stats: newphase 0 3
stats: 422 0 331
stats: 502 3 674
stats: size_sent 2761 5239684
stats: connected -1 4
stats: 400 0 1408
stats: 404 0 74
stats: 500 0 3024
# stats: dump at 1575570813
stats: users 4 346
stats: {freemem,"tsung_controller@ip-172-31-30-247"} 1 3437.65625 0.0 3523.9296875 3429.515625 3466.2703125 25
stats: {load,"tsung_controller@ip-172-31-30-247"} 1 0.0390625 0.0 0.25 0.03125 0.10390625 25
stats: {recvpackets,"tsung_controller@ip-172-31-30-247"} 1 11.0 0.0 3275 11 960.8333333333335 24
stats: {sentpackets,"tsung_controller@ip-172-31-30-247"} 1 14.0 0.0 2784 14 945.75 24
stats: {cpu,"tsung_controller@ip-172-31-30-247"} 1 0.10010010010010009 0.0 4.683549550296349 0.0 1.8192954576745104 25
stats: session 0 0 0 180541.282 17366.281 60992.10468139533 430
stats: users_count 0 434
stats: finish_users_count 0 430
stats: request 5 21904.101399999996 26825.135608002412 59979.608 0.54 1029.1773827231946 6911
stats: connect 0 0 0 519.092 0.888 5.221228855721392 804
stats: page 4 27380.152749999997 27377.895915534828 59979.608 0.54 1265.403332503113 5621
stats: 302 0 68
stats: 504 0 17
stats: 200 2 1317
stats: size_rcv 8178 14663611
stats: newphase 0 3
stats: 422 0 331
stats: 502 3 677
stats: size_sent 2740 5242424
stats: connected 0 4
stats: 400 0 1408
stats: 404 0 74
stats: 500 0 3024
# stats: dump at 1575570823
stats: users 2 346
stats: {freemem,"tsung_controller@ip-172-31-30-247"} 1 3437.67578125 0.0 3523.9296875 3429.515625 3465.1697716346152 26
stats: {load,"tsung_controller@ip-172-31-30-247"} 1 0.03125 0.0 0.25 0.03125 0.10141225961538461 26
stats: {recvpackets,"tsung_controller@ip-172-31-30-247"} 1 11.0 0.0 3275 11 922.8400000000001 25
stats: {sentpackets,"tsung_controller@ip-172-31-30-247"} 1 11.0 0.0 2784 11 908.48 25
stats: {cpu,"tsung_controller@ip-172-31-30-247"} 1 0.0 0.0 4.683549550296349 0.0 1.7531725593062637 26
stats: session 2 155342.975 2102.3209999999963 180541.282 17366.281 60992.10468139533 430
stats: users_count 0 434
stats: finish_users_count 2 432
stats: request 14 3931.1614999999997 14161.932528873334 59979.608 0.54 1044.2691438692884 6916
stats: connect 0 0 0 519.092 0.888 5.221228855721392 804
stats: page 8 6879.588875 18185.059985473043 59979.608 0.54 1283.9738209777775 5625
stats: 302 0 68
stats: 504 0 17
stats: 200 1 1318
stats: size_rcv 11005 14674616
stats: newphase 0 3
stats: 422 0 331
stats: 502 11 688
stats: size_sent 12047 5254471
stats: connected -1 3
stats: 400 0 1408
stats: 404 2 76
stats: 500 0 3024
# stats: dump at 1575570833
stats: users 1 346
stats: {freemem,"tsung_controller@ip-172-31-30-247"} 1 3437.69140625 0.0 3523.9296875 3429.515625 3464.1514756944443 27
stats: {load,"tsung_controller@ip-172-31-30-247"} 1 0.03125 0.0 0.25 0.03125 0.09881365740740741 27
stats: {recvpackets,"tsung_controller@ip-172-31-30-247"} 1 24.0 0.0 3275 11 887.769230769231 26
stats: {sentpackets,"tsung_controller@ip-172-31-30-247"} 1 36.0 0.0 2784 11 873.9615384615385 26
stats: {cpu,"tsung_controller@ip-172-31-30-247"} 1 0.1 0.0 4.683549550296349 0.0 1.6882402422949208 27
stats: session 1 162495.548 0.0 180541.282 17366.281 61428.91426620368 432
stats: users_count 0 434
stats: finish_users_count 1 433
stats: request 9 4.829444444444444 3.8720922598946172 59979.608 0.54 1050.1012496392493 6930
stats: connect 0 0 0 519.092 0.888 5.221228855721392 804
stats: page 6 7.284833333333334 3.9889907418905963 59979.608 0.54 1291.920726788567 5633
stats: 302 0 68
stats: 504 0 17
stats: 200 0 1318
stats: size_rcv 4259 14678875
stats: newphase 0 3
stats: 422 1 332
stats: 502 5 693
stats: size_sent 8305 5262776
stats: connected -2 1
stats: 400 3 1411
stats: 404 0 76
stats: 500 0 3024
# stats: dump at 1575570838
stats: users 0 346
stats: {freemem,"tsung_controller@ip-172-31-30-247"} 1 3437.69140625 0.0 3523.9296875 3429.515625 3463.206473214286 28
stats: {load,"tsung_controller@ip-172-31-30-247"} 1 0.01953125 0.0 0.25 0.01953125 0.09640066964285714 28
stats: {recvpackets,"tsung_controller@ip-172-31-30-247"} 1 20.0 0.0 3275 11 855.7777777777779 27
stats: {sentpackets,"tsung_controller@ip-172-31-30-247"} 1 29.0 0.0 2784 11 842.925925925926 27
stats: {cpu,"tsung_controller@ip-172-31-30-247"} 1 0.0 0.0 4.683549550296349 0.0 1.6315173764986735 28
stats: session 1 176702.655 0.0 180541.282 17366.281 61662.32450577366 433
stats: users_count 0 434
stats: finish_users_count 1 434
stats: request 5 5.0192000000000005 2.6926792159483095 59979.608 0.54 1048.7455144833546 6939
stats: connect 0 0 0 519.092 0.888 5.221228855721392 804
stats: page 3 8.408000000000001 0.35400282484748613 59979.608 0.54 1290.5538505054085 5639
stats: 302 0 68
stats: 504 0 17
stats: 200 0 1318
stats: size_rcv 3074 14681949
stats: newphase 0 3
stats: 422 1 333
stats: 502 2 695
stats: size_sent 4646 5267422
stats: connected -1 0
stats: 400 2 1413
stats: 404 0 76
stats: 500 0 3024
EndMonitor:{1575,570838,40352}
