# stats: dump at 1574445471
stats: users 2 4
stats: {load,"tsung_controller@ip-172-31-22-251"} 1 0.16015625 0 0.16015625 0.16015625 0 0
stats: {cpu,"tsung_controller@ip-172-31-22-251"} 1 0.8384622474372497 0 0.8384622474372497 0.8384622474372497 0 0
stats: {freemem,"tsung_controller@ip-172-31-22-251"} 1 3517.078125 0 3517.078125 3517.078125 0 0
stats: session 6 1833.1905 937.929873366474 3008.065 682.05 0 0
stats: users_count 8 8
stats: finish_users_count 6 6
stats: request 19 8.353315789473683 2.6309389969248933 17.251 4.652 0 0
stats: connect 8 2.59625 3.299685846789054 11.308 0.949 0 0
stats: page 19 8.353315789473683 2.6309389969248933 17.251 4.652 0 0
stats: 200 15 15
stats: size_rcv 91494 91494
stats: 422 4 4
stats: size_sent 8156 8156
stats: connected 4 4
# stats: dump at 1574445481
stats: users 4 5
stats: {load,"tsung_controller@ip-172-31-22-251"} 1 0.12890625 0.0 0.16015625 0.12890625 0.16015625 1
stats: {recvpackets,"tsung_controller@ip-172-31-22-251"} 1 127 0 127 127 0 0
stats: {sentpackets,"tsung_controller@ip-172-31-22-251"} 1 131 0 131 131 0 0
stats: {cpu,"tsung_controller@ip-172-31-22-251"} 1 0.4008016032064128 0.0 0.8384622474372497 0.4008016032064128 0.8384622474372497 1
stats: {freemem,"tsung_controller@ip-172-31-22-251"} 1 3517.58984375 0.0 3517.58984375 3517.078125 3517.078125 1
stats: session 6 4344.531333333332 960.9593125978619 5861.887 682.05 1833.1905 6
stats: users_count 8 16
stats: finish_users_count 6 12
stats: request 21 7.421904761904761 1.8099219900253505 17.251 4.644 8.353315789473683 19
stats: connect 8 1.403875 0.29726647872742057 11.308 0.949 2.59625 8
stats: page 21 7.421904761904761 1.8099219900253505 17.251 4.644 8.353315789473683 19
stats: 200 13 28
stats: size_rcv 90734 182228
stats: 422 8 12
stats: size_sent 9840 17996
stats: connected 0 4
# stats: dump at 1574445491
stats: users 4 6
stats: {load,"tsung_controller@ip-172-31-22-251"} 1 0.109375 0.0 0.16015625 0.109375 0.14453125 2
stats: {recvpackets,"tsung_controller@ip-172-31-22-251"} 1 119.0 0.0 127 119 127.0 1
stats: {sentpackets,"tsung_controller@ip-172-31-22-251"} 1 118.0 0.0 131 118 131.0 1
stats: {cpu,"tsung_controller@ip-172-31-22-251"} 1 0.2004008016032064 0.0 0.8384622474372497 0.2004008016032064 0.6196319253218312 2
stats: {freemem,"tsung_controller@ip-172-31-22-251"} 1 3517.60546875 0.0 3517.60546875 3517.078125 3517.333984375 2
stats: session 10 3519.2838999999994 1758.5796105361535 6769.053 635.161 3088.860916666666 12
stats: users_count 10 26
stats: finish_users_count 10 22
stats: request 32 7.7700312500000015 1.855865995370743 17.251 4.644 7.864324999999999 40
stats: connect 10 1.4037000000000002 0.21608472875240395 11.308 0.949 2.0000625 16
stats: page 32 7.7700312500000015 1.855865995370743 17.251 4.644 7.864324999999999 40
stats: 200 22 50
stats: size_rcv 144369 326597
stats: 422 10 22
stats: size_sent 15508 33504
stats: connected 0 4
# stats: dump at 1574445501
stats: users 9 12
stats: {load,"tsung_controller@ip-172-31-22-251"} 1 0.1015625 0.0 0.16015625 0.1015625 0.1328125 3
stats: {recvpackets,"tsung_controller@ip-172-31-22-251"} 1 161.0 0.0 161 119 123.0 2
stats: {sentpackets,"tsung_controller@ip-172-31-22-251"} 1 170.0 0.0 170 118 124.5 2
stats: {cpu,"tsung_controller@ip-172-31-22-251"} 1 0.5005005005005005 0.0 0.8384622474372497 0.2004008016032064 0.47988821741562293 3
stats: {freemem,"tsung_controller@ip-172-31-22-251"} 1 3517.01953125 0.0 3517.60546875 3517.01953125 3517.4244791666665 3
stats: session 15 4313.721266666666 3524.9754339283645 14805.435 635.161 3284.5077272727267 22
stats: users_count 20 46
stats: finish_users_count 15 37
stats: request 53 7.286603773584906 1.5993672963597216 17.251 3.397 7.822416666666667 72
stats: connect 20 1.3795000000000002 0.2926039131659042 11.308 0.949 1.7706923076923076 26
stats: page 53 7.286603773584906 1.5993672963597216 17.251 3.397 7.822416666666667 72
stats: 200 39 89
stats: size_rcv 245252 571849
stats: 422 14 36
stats: newphase 1 1
stats: size_sent 24010 57514
stats: connected 6 10
# stats: dump at 1574445511
stats: users 7 12
stats: {load,"tsung_controller@ip-172-31-22-251"} 1 0.078125 0.0 0.16015625 0.078125 0.125 4
stats: {recvpackets,"tsung_controller@ip-172-31-22-251"} 1 338.0 0.0 338 119 135.66666666666666 3
stats: {sentpackets,"tsung_controller@ip-172-31-22-251"} 1 362.0 0.0 362 118 139.66666666666666 3
stats: {cpu,"tsung_controller@ip-172-31-22-251"} 1 0.7021063189568706 0.0 0.8384622474372497 0.2004008016032064 0.48504128818684233 4
stats: {freemem,"tsung_controller@ip-172-31-22-251"} 1 3516.6796875 0.0 3517.60546875 3516.6796875 3517.3232421875 4
stats: session 22 3404.9694545454545 2104.168649024656 14805.435 296.195 3701.7564594594587 37
stats: users_count 20 66
stats: finish_users_count 22 59
stats: request 58 7.439258620689657 2.429080616202742 17.251 3.397 7.595232 125
stats: connect 19 1.2657894736842104 0.25584567283862614 11.308 0.861 1.600608695652174 46
stats: page 58 7.439258620689657 2.429080616202742 17.251 3.397 7.595232 125
stats: 200 36 125
stats: size_rcv 245320 817169
stats: 422 22 58
stats: newphase 0 1
stats: size_sent 28353 85867
stats: connected -3 7
# stats: dump at 1574445521
stats: users 8 12
stats: {load,"tsung_controller@ip-172-31-22-251"} 1 0.0703125 0.0 0.16015625 0.0703125 0.115625 5
stats: {recvpackets,"tsung_controller@ip-172-31-22-251"} 1 410.0 0.0 410 119 186.25 4
stats: {sentpackets,"tsung_controller@ip-172-31-22-251"} 1 524.0 0.0 524 118 195.25 4
stats: {cpu,"tsung_controller@ip-172-31-22-251"} 1 2.8942115768463075 0.0 2.8942115768463075 0.2004008016032064 0.528454294340848 5
stats: {freemem,"tsung_controller@ip-172-31-22-251"} 1 3516.078125 0.0 3517.60546875 3516.078125 3517.19453125 5
stats: session 22 4114.417090909091 2838.720404081931 14805.435 296.195 3591.0901186440674 59
stats: users_count 23 89
stats: finish_users_count 22 81
stats: request 69 7.424666666666669 1.8149930863178632 17.251 3.397 7.545797814207651 183
stats: connect 22 1.4226818181818182 0.5019103855510134 11.308 0.861 1.5027384615384616 65
stats: page 69 7.424666666666669 1.8149930863178632 17.251 3.397 7.545797814207651 183
stats: 200 47 172
stats: size_rcv 311075 1128244
stats: 422 22 80
stats: newphase 0 1
stats: size_sent 33402 119269
stats: connected 0 7
# stats: dump at 1574445531
stats: users 11 14
stats: {load,"tsung_controller@ip-172-31-22-251"} 1 0.05859375 0.0 0.16015625 0.05859375 0.10807291666666667 6
stats: {recvpackets,"tsung_controller@ip-172-31-22-251"} 1 360.0 0.0 410 119 231.0 5
stats: {sentpackets,"tsung_controller@ip-172-31-22-251"} 1 394.0 0.0 524 118 261.0 5
stats: {cpu,"tsung_controller@ip-172-31-22-251"} 1 0.8016032064128256 0.0 2.8942115768463075 0.2004008016032064 0.9227471747584245 6
stats: {freemem,"tsung_controller@ip-172-31-22-251"} 1 3515.3515625 0.0 3517.60546875 3515.3515625 3517.0084635416665 6
stats: session 26 3415.9245000000005 2269.2012478582087 14805.435 296.195 3733.2283086419748 81
stats: users_count 29 118
stats: finish_users_count 26 107
stats: request 83 7.51853012048193 2.265265166197799 17.251 3.263 7.512630952380953 252
stats: connect 31 1.4250967741935483 1.0335644978809582 11.308 0.837 1.4824942528735632 87
stats: page 83 7.51853012048193 2.265265166197799 17.251 3.263 7.512630952380953 252
stats: 200 56 228
stats: size_rcv 372270 1500514
stats: 422 27 107
stats: newphase 1 2
stats: size_sent 38534 157803
stats: connected 4 11
# stats: dump at 1574445541
stats: users 14 18
stats: {load,"tsung_controller@ip-172-31-22-251"} 1 0.05078125 0.0 0.16015625 0.05078125 0.10100446428571429 7
stats: {recvpackets,"tsung_controller@ip-172-31-22-251"} 1 495.0 0.0 495 119 252.5 6
stats: {sentpackets,"tsung_controller@ip-172-31-22-251"} 1 542.0 0.0 542 118 283.1666666666667 6
stats: {cpu,"tsung_controller@ip-172-31-22-251"} 1 1.3013013013013013 0.0 2.8942115768463075 0.2004008016032064 0.9054408935661961 7
stats: {freemem,"tsung_controller@ip-172-31-22-251"} 1 3515.15625 0.0 3517.60546875 3515.15625 3516.7717633928573 7
stats: session 38 3318.5951315789466 2271.8508738688693 14805.435 110.268 3656.1264485981305 107
stats: users_count 41 159
stats: finish_users_count 38 145
stats: request 112 7.370839285714284 2.186663205473334 17.251 3.263 7.514092537313434 335
stats: connect 38 1.2741578947368424 0.23126238530882143 11.308 0.811 1.4674152542372882 118
stats: page 112 7.370839285714284 2.186663205473334 17.251 3.263 7.514092537313434 335
stats: 200 75 303
stats: size_rcv 500108 2000622
stats: 422 37 144
stats: newphase 0 2
stats: size_sent 53535 211338
stats: connected 1 12
# stats: dump at 1574445551
stats: users 16 21
stats: {load,"tsung_controller@ip-172-31-22-251"} 1 0.0390625 0.0 0.16015625 0.0390625 0.0947265625 8
stats: {recvpackets,"tsung_controller@ip-172-31-22-251"} 1 676.0 0.0 676 119 287.14285714285717 7
stats: {sentpackets,"tsung_controller@ip-172-31-22-251"} 1 701.0 0.0 701 118 320.14285714285717 7
stats: {cpu,"tsung_controller@ip-172-31-22-251"} 1 1.3039117352056169 0.0 2.8942115768463075 0.2004008016032064 0.9549234445330843 8
stats: {freemem,"tsung_controller@ip-172-31-22-251"} 1 3514.37109375 0.0 3517.60546875 3514.37109375 3516.56982421875 8
stats: session 44 3570.5640681818186 2533.581991128428 14805.435 110.268 3567.669965517241 145
stats: users_count 46 205
stats: finish_users_count 44 189
stats: request 138 7.491210144927536 2.2037777921760586 17.693 3.17 7.478199105145414 447
stats: connect 46 1.4843695652173914 1.0780248113361455 11.308 0.811 1.4203397435897436 156
stats: page 138 7.491210144927536 2.2037777921760586 17.693 3.17 7.478199105145414 447
stats: 200 94 397
stats: size_rcv 615443 2616065
stats: 422 44 188
stats: newphase 0 2
stats: size_sent 65928 277266
stats: connected 2 14
# stats: dump at 1574445561
stats: users 41 42
stats: {load,"tsung_controller@ip-172-31-22-251"} 1 0.03125 0.0 0.16015625 0.03125 0.08854166666666667 9
stats: {recvpackets,"tsung_controller@ip-172-31-22-251"} 1 723.0 0.0 723 119 335.75 8
stats: {sentpackets,"tsung_controller@ip-172-31-22-251"} 1 780.0 0.0 780 118 367.75 8
stats: {cpu,"tsung_controller@ip-172-31-22-251"} 1 1.8054162487462388 0.0 2.8942115768463075 0.2004008016032064 0.9936999212744768 9
stats: {freemem,"tsung_controller@ip-172-31-22-251"} 1 3511.83984375 0.0 3517.60546875 3511.83984375 3516.3255208333335 9
stats: session 53 3434.9191886792432 2538.7701524480794 14805.435 110.268 3568.3437248677246 189
stats: users_count 78 283
stats: finish_users_count 53 242
stats: request 194 7.900649484536078 2.9452651431979504 18.31 3.17 7.4812683760683765 585
stats: connect 79 1.2632658227848104 0.6153022867028785 11.308 0.798 1.4349207920792082 202
stats: page 194 7.900649484536078 2.9452651431979504 18.31 3.17 7.4812683760683765 585
stats: 200 143 540
stats: size_rcv 909080 3525145
stats: 422 51 239
stats: newphase 1 3
stats: size_sent 85706 362972
stats: connected 28 42
# stats: dump at 1574445571
stats: users 40 44
stats: {load,"tsung_controller@ip-172-31-22-251"} 1 0.03125 0.0 0.16015625 0.03125 0.0828125 10
stats: {recvpackets,"tsung_controller@ip-172-31-22-251"} 1 1230.0 0.0 1230 119 378.77777777777777 9
stats: {sentpackets,"tsung_controller@ip-172-31-22-251"} 1 1377.0 0.0 1377 118 413.55555555555554 9
stats: {cpu,"tsung_controller@ip-172-31-22-251"} 1 4.0241448692152915 0.0 4.0241448692152915 0.2004008016032064 1.074871554021653 10
stats: {freemem,"tsung_controller@ip-172-31-22-251"} 1 3510.390625 0.0 3517.60546875 3510.390625 3515.876953125 10
stats: session 89 4143.991471910113 2593.521668997136 14805.435 110.268 3539.12264876033 242
stats: users_count 88 371
stats: finish_users_count 89 331
stats: request 263 7.163372623574143 2.4513270802378795 18.31 3.161 7.585709884467266 779
stats: connect 88 1.2033068181818183 0.47780628820100457 11.308 0.746 1.3866619217081853 281
stats: page 263 7.163372623574143 2.4513270802378795 18.31 3.161 7.585709884467266 779
stats: 200 173 713
stats: size_rcv 1146375 4671520
stats: 422 90 329
stats: newphase 0 3
stats: size_sent 126384 489356
stats: connected -2 40
# stats: dump at 1574445581
stats: users 25 44
stats: {load,"tsung_controller@ip-172-31-22-251"} 1 0.01953125 0.0 0.16015625 0.01953125 0.078125 11
stats: {recvpackets,"tsung_controller@ip-172-31-22-251"} 1 1542.0 0.0 1542 119 463.9 10
stats: {sentpackets,"tsung_controller@ip-172-31-22-251"} 1 1671.0 0.0 1671 118 509.9 10
stats: {cpu,"tsung_controller@ip-172-31-22-251"} 1 3.510531594784353 0.0 4.0241448692152915 0.2004008016032064 1.3429873099483474 11
stats: {freemem,"tsung_controller@ip-172-31-22-251"} 1 3510.17578125 0.0 3517.60546875 3510.17578125 3515.3781960227275 11
stats: session 93 3969.0330537634422 2697.611338970151 14983.705 110.268 3701.7610936555893 331
stats: users_count 78 449
stats: finish_users_count 93 424
stats: request 271 7.330380073800743 2.446609446853585 19.484 3.161 7.479112284069098 1042
stats: connect 80 1.22775 0.518323029104438 11.308 0.746 1.3429349593495936 369
stats: page 271 7.330380073800743 2.446609446853585 19.484 3.161 7.479112284069098 1042
stats: 200 176 889
stats: size_rcv 1169376 5840896
stats: 422 95 424
stats: newphase 0 3
stats: size_sent 134701 624057
stats: connected -15 25
# stats: dump at 1574445590
stats: users 0 44
stats: {load,"tsung_controller@ip-172-31-22-251"} 1 0.01953125 0.0 0.16015625 0.01953125 0.0732421875 12
stats: {recvpackets,"tsung_controller@ip-172-31-22-251"} 1 1277.0 0.0 1542 119 561.9090909090909 11
stats: {sentpackets,"tsung_controller@ip-172-31-22-251"} 1 1407.0 0.0 1671 118 615.4545454545455 11
stats: {cpu,"tsung_controller@ip-172-31-22-251"} 1 3.1031031031031033 0.0 4.0241448692152915 0.2004008016032064 1.523616000351348 12
stats: {freemem,"tsung_controller@ip-172-31-22-251"} 1 3510.0625 0.0 3517.60546875 3510.0625 3514.9446614583335 12
stats: session 25 6559.54388 2879.7674543383578 14983.705 110.268 3760.3844245283026 424
stats: users_count 0 449
stats: finish_users_count 25 449
stats: request 34 6.132147058823529 1.454863671243156 19.484 3.161 7.448414318354914 1313
stats: connect 0 0 0 11.308 0.746 1.322412026726058 449
stats: page 34 6.132147058823529 1.454863671243156 19.484 3.161 7.448414318354914 1313
stats: 200 9 898
stats: size_rcv 99722 5940618
stats: 422 25 449
stats: newphase 0 3
stats: size_sent 22621 646678
stats: connected -25 0
EndMonitor:{1574,445590,819743}
