# stats: dump at 1575509986
stats: users 6 6
stats: {load,"tsung_controller@ip-172-31-22-181"} 1 0.08984375 0 0.08984375 0.08984375 0 0
stats: {cpu,"tsung_controller@ip-172-31-22-181"} 1 7.734972768886364 0 7.734972768886364 7.734972768886364 0 0
stats: {freemem,"tsung_controller@ip-172-31-22-181"} 1 3521.52734375 0 3521.52734375 3521.52734375 0 0
stats: users_count 6 6
stats: finish_users_count 0 0
stats: request 23 33.869173913043475 69.24956869974129 341.9 1.18 0 0
stats: connect 6 2.9036666666666666 3.1540769736256524 9.941 1.224 0 0
stats: page 23 33.869173913043475 69.24956869974129 341.9 1.18 0 0
stats: 302 1 1
stats: 200 9 9
stats: size_rcv 53528 53528
stats: 502 12 12
stats: size_sent 12405 12405
stats: connected 5 5
stats: 400 1 1
# stats: dump at 1575509996
stats: users 18 18
stats: {load,"tsung_controller@ip-172-31-22-181"} 1 0.1484375 0.0 0.1484375 0.08984375 0.08984375 1
stats: {recvpackets,"tsung_controller@ip-172-31-22-181"} 1 272 0 272 272 0 0
stats: {sentpackets,"tsung_controller@ip-172-31-22-181"} 1 408 0 408 408 0 0
stats: {cpu,"tsung_controller@ip-172-31-22-181"} 1 2.7860696517412937 0.0 7.734972768886364 2.7860696517412937 7.734972768886364 1
stats: {freemem,"tsung_controller@ip-172-31-22-181"} 1 3521.11328125 0.0 3521.52734375 3521.11328125 3521.52734375 1
stats: users_count 12 18
stats: finish_users_count 0 0
stats: request 51 19.78084313725491 46.41105698521847 341.9 0.655 33.869173913043475 23
stats: connect 17 1.3633529411764707 0.29580437517674146 9.941 0.934 2.9036666666666666 6
stats: page 51 19.78084313725491 46.41105698521847 341.9 0.655 33.869173913043475 23
stats: 302 1 2
stats: 200 16 25
stats: size_rcv 109461 162989
stats: 502 22 34
stats: 422 5 5
stats: size_sent 31046 43451
stats: connected 10 15
stats: 400 7 8
# stats: dump at 1575510006
stats: users 22 22
stats: {load,"tsung_controller@ip-172-31-22-181"} 1 0.12890625 0.0 0.1484375 0.08984375 0.119140625 2
stats: {recvpackets,"tsung_controller@ip-172-31-22-181"} 1 324.0 0.0 324 272 272.0 1
stats: {sentpackets,"tsung_controller@ip-172-31-22-181"} 1 390.0 0.0 408 390 408.0 1
stats: {cpu,"tsung_controller@ip-172-31-22-181"} 1 1.9 0.0 7.734972768886364 1.9 5.260521210313829 2
stats: {freemem,"tsung_controller@ip-172-31-22-181"} 1 3519.3671875 0.0 3521.52734375 3519.3671875 3521.3203125 2
stats: users_count 4 22
stats: finish_users_count 0 0
stats: request 62 19.752129032258065 38.981626963962704 341.9 0.634 24.159648648648652 74
stats: connect 16 1.5497499999999997 0.4316587917557106 9.941 0.934 1.7651739130434785 23
stats: page 61 20.0777868852459 39.28350539353333 341.9 0.634 24.159648648648652 74
stats: 302 1 3
stats: 200 6 31
stats: size_rcv 76538 239527
stats: 502 29 63
stats: 422 3 8
stats: size_sent 44347 87798
stats: connected 7 22
stats: 400 10 18
stats: 500 12 12
stats: 404 1 1
# stats: dump at 1575510016
stats: users 28 30
stats: {load,"tsung_controller@ip-172-31-22-181"} 1 0.109375 0.0 0.1484375 0.08984375 0.12239583333333333 3
stats: {recvpackets,"tsung_controller@ip-172-31-22-181"} 1 157.0 0.0 324 157 298.0 2
stats: {sentpackets,"tsung_controller@ip-172-31-22-181"} 1 181.0 0.0 408 181 399.0 2
stats: {cpu,"tsung_controller@ip-172-31-22-181"} 1 0.4012036108324975 0.0 7.734972768886364 0.4012036108324975 4.140347473542553 3
stats: {freemem,"tsung_controller@ip-172-31-22-181"} 1 3518.51953125 0.0 3521.52734375 3518.51953125 3520.6692708333335 3
stats: session 3 29236.478333333333 2593.290252823277 32853.452 26902.77 0 0
stats: users_count 9 31
stats: finish_users_count 3 3
stats: request 99 9.406060606060606 9.513580124443465 341.9 0.634 22.15033823529412 136
stats: connect 13 1.3183076923076924 0.31080847048535193 9.941 0.934 1.6767948717948717 39
stats: page 81 11.512135802469137 10.447443219327106 341.9 0.634 22.315251851851855 135
stats: 302 0 3
stats: 200 12 43
stats: size_rcv 128534 368061
stats: 502 53 116
stats: 422 3 11
stats: newphase 1 1
stats: size_sent 66340 154138
stats: connected 6 28
stats: 400 13 31
stats: 500 18 30
stats: 404 0 1
# stats: dump at 1575510026
stats: users 44 45
stats: {load,"tsung_controller@ip-172-31-22-181"} 1 0.08984375 0.0 0.1484375 0.08984375 0.119140625 4
stats: {recvpackets,"tsung_controller@ip-172-31-22-181"} 1 228.0 0.0 324 157 251.0 3
stats: {sentpackets,"tsung_controller@ip-172-31-22-181"} 1 286.0 0.0 408 181 326.3333333333333 3
stats: {cpu,"tsung_controller@ip-172-31-22-181"} 1 0.40040040040040037 0.0 7.734972768886364 0.40040040040040037 3.2055615078650392 4
stats: {freemem,"tsung_controller@ip-172-31-22-181"} 1 3518.04296875 0.0 3521.52734375 3518.04296875 3520.1318359375 4
stats: session 5 30277.2882 8183.152757185716 42468.707 16672.388 29236.478333333333 3
stats: users_count 21 52
stats: finish_users_count 5 8
stats: request 135 15.679911111111132 39.33070867391152 341.9 0.634 16.781472340425534 235
stats: connect 31 1.4189354838709678 0.34273359686251115 9.941 0.934 1.587173076923077 52
stats: page 125 16.940288000000013 41.04091180835359 341.9 0.634 18.264083333333335 216
stats: 302 2 5
stats: 200 17 60
stats: size_rcv 168507 536568
stats: 502 78 194
stats: 422 8 19
stats: newphase 0 1
stats: size_sent 80809 234947
stats: connected 14 42
stats: 400 15 46
stats: 500 13 43
stats: 404 2 3
# stats: dump at 1575510036
stats: users 52 52
stats: {load,"tsung_controller@ip-172-31-22-181"} 1 0.078125 0.0 0.1484375 0.078125 0.11328125 5
stats: {recvpackets,"tsung_controller@ip-172-31-22-181"} 1 368.0 0.0 368 157 245.25 4
stats: {sentpackets,"tsung_controller@ip-172-31-22-181"} 1 446.0 0.0 446 181 316.25 4
stats: {cpu,"tsung_controller@ip-172-31-22-181"} 1 1.002004008016032 0.0 7.734972768886364 0.40040040040040037 2.6445292863721113 5
stats: {freemem,"tsung_controller@ip-172-31-22-181"} 1 3516.5390625 0.0 3521.52734375 3516.5390625 3519.7140625 5
stats: session 4 36982.2045 8554.132815720757 49662.979 16672.388 29886.9845 8
stats: users_count 12 64
stats: finish_users_count 4 12
stats: request 142 249.2495633802817 2766.742119173399 33102.152 0.625 16.37955135135136 370
stats: connect 29 2.8968275862068973 6.535380478958838 36.555 0.805 1.5243373493975905 83
stats: page 132 268.1374545454547 2868.7544151557104 33102.152 0.625 17.778821114369507 341
stats: 302 0 5
stats: 200 8 68
stats: size_rcv 107063 643631
stats: 502 100 294
stats: 422 4 23
stats: newphase 0 1
stats: size_sent 83629 318576
stats: connected 7 49
stats: 400 19 65
stats: 500 11 54
stats: 404 0 3
# stats: dump at 1575510046
stats: users 70 70
stats: {load,"tsung_controller@ip-172-31-22-181"} 1 0.0703125 0.0 0.1484375 0.0703125 0.107421875 6
stats: {recvpackets,"tsung_controller@ip-172-31-22-181"} 1 397.0 0.0 397 157 269.8 5
stats: {sentpackets,"tsung_controller@ip-172-31-22-181"} 1 605.0 0.0 605 181 342.2 5
stats: {cpu,"tsung_controller@ip-172-31-22-181"} 1 2.7054108216432864 0.0 7.734972768886364 0.40040040040040037 2.370775073312765 6
stats: {freemem,"tsung_controller@ip-172-31-22-181"} 1 3515.42578125 0.0 3521.52734375 3515.42578125 3519.1848958333335 6
stats: session 4 40357.54125000001 9907.870691683263 50482.599 16672.388 32252.057833333336 12
stats: users_count 22 86
stats: finish_users_count 4 16
stats: request 178 14.892932584269671 12.06043731929045 33102.152 0.544 80.96459375 512
stats: connect 34 1.7181470588235297 1.9088303491675507 36.555 0.805 1.879714285714286 112
stats: page 162 16.37154938271605 13.028954833371342 33102.152 0.544 87.64634672304445 473
stats: 302 0 5
stats: 200 8 76
stats: size_rcv 131971 775602
stats: 502 127 421
stats: 422 4 27
stats: newphase 1 2
stats: size_sent 91009 409585
stats: connected 15 64
stats: 400 20 85
stats: 500 19 73
stats: 404 0 3
# stats: dump at 1575510056
stats: users 90 90
stats: {load,"tsung_controller@ip-172-31-22-181"} 1 0.05859375 0.0 0.1484375 0.05859375 0.10212053571428571 7
stats: {recvpackets,"tsung_controller@ip-172-31-22-181"} 1 446.0 0.0 446 157 291.0 6
stats: {sentpackets,"tsung_controller@ip-172-31-22-181"} 1 594.0 0.0 605 181 386.0 6
stats: {cpu,"tsung_controller@ip-172-31-22-181"} 1 1.4000000000000001 0.0 7.734972768886364 0.40040040040040037 2.4185801802171247 7
stats: {freemem,"tsung_controller@ip-172-31-22-181"} 1 3515.0234375 0.0 3521.52734375 3515.0234375 3518.647879464286 7
stats: session 9 32664.66811111111 16207.387024571655 70349.048 16411.222 34278.4286875 16
stats: users_count 29 115
stats: finish_users_count 9 25
stats: request 316 121.33375632911397 1874.6238421053702 33389.964 0.536 63.92002028985508 690
stats: connect 56 1.4005535714285713 1.0388733409606163 36.555 0.762 1.8420890410958908 146
stats: page 272 140.97311397058823 2019.9019080738299 33389.964 0.536 69.46285511811027 635
stats: 302 1 6
stats: 200 13 89
stats: size_rcv 227040 1002642
stats: 502 227 648
stats: 422 8 35
stats: newphase 0 2
stats: size_sent 154401 563986
stats: connected 22 86
stats: 400 35 120
stats: 500 31 104
stats: 404 1 4
# stats: dump at 1575510066
stats: users 107 107
stats: {load,"tsung_controller@ip-172-31-22-181"} 1 0.05078125 0.0 0.1484375 0.05078125 0.0966796875 8
stats: {recvpackets,"tsung_controller@ip-172-31-22-181"} 1 634.0 0.0 634 157 313.14285714285717 7
stats: {sentpackets,"tsung_controller@ip-172-31-22-181"} 1 868.0 0.0 868 181 415.7142857142857 7
stats: {cpu,"tsung_controller@ip-172-31-22-181"} 1 1.693227091633466 0.0 7.734972768886364 0.40040040040040037 2.291257657689984 8
stats: {freemem,"tsung_controller@ip-172-31-22-181"} 1 3510.0234375 0.0 3521.52734375 3510.0234375 3518.19482421875 8
stats: session 16 39507.232875 13922.41752635924 83478.401 16411.222 33697.47488 25
stats: users_count 33 148
stats: finish_users_count 16 41
stats: request 317 331.98529022081976 3227.4405527048984 33492.936 0.536 81.95455367793242 1006
stats: connect 61 2.3662622950819676 1.9004147597485508 36.555 0.762 1.7196831683168319 202
stats: page 279 377.21222939068076 3437.745254984646 33492.936 0.536 90.90804851157665 907
stats: 302 1 7
stats: 200 28 117
stats: size_rcv 355161 1357803
stats: 502 174 822
stats: 422 20 55
stats: newphase 0 2
stats: size_sent 171110 735096
stats: connected 20 106
stats: 400 43 163
stats: 500 49 153
stats: 404 2 6
# stats: dump at 1575510076
stats: users 148 148
stats: {load,"tsung_controller@ip-172-31-22-181"} 1 0.0390625 0.0 0.1484375 0.0390625 0.0915798611111111 9
stats: {recvpackets,"tsung_controller@ip-172-31-22-181"} 1 839.0 0.0 839 157 353.25 8
stats: {sentpackets,"tsung_controller@ip-172-31-22-181"} 1 1016.0 0.0 1016 181 472.25 8
stats: {cpu,"tsung_controller@ip-172-31-22-181"} 1 1.75609756097561 0.0 7.734972768886364 0.40040040040040037 2.2248098170170376 9
stats: {freemem,"tsung_controller@ip-172-31-22-181"} 1 3506.46484375 0.0 3521.52734375 3506.46484375 3517.2868923611113 9
stats: session 18 39744.041500000014 16894.172722179053 83478.401 16411.222 35964.697512195125 41
stats: users_count 59 207
stats: finish_users_count 18 59
stats: request 510 13.76197843137256 11.655064849270946 33492.936 0.536 141.8636568405139 1323
stats: connect 89 1.5121573033707867 1.0228223444417692 36.555 0.762 1.8696501901140687 263
stats: page 443 15.85394130925509 14.084120687518036 33492.936 0.536 158.25953794266437 1186
stats: 302 0 7
stats: 200 51 168
stats: size_rcv 554463 1912266
stats: 502 318 1140
stats: 422 20 75
stats: newphase 1 3
stats: size_sent 274471 1009567
stats: connected 28 134
stats: 400 64 227
stats: 500 57 210
stats: 404 0 6
# stats: dump at 1575510086
stats: users 197 197
stats: {load,"tsung_controller@ip-172-31-22-181"} 1 0.03125 0.0 0.1484375 0.03125 0.086328125 10
stats: {recvpackets,"tsung_controller@ip-172-31-22-181"} 1 1209.0 0.0 1209 157 407.22222222222223 9
stats: {sentpackets,"tsung_controller@ip-172-31-22-181"} 1 1561.0 0.0 1561 181 532.6666666666666 9
stats: {cpu,"tsung_controller@ip-172-31-22-181"} 1 2.2044088176352705 0.0 7.734972768886364 0.40040040040040037 2.1779385914128953 10
stats: {freemem,"tsung_controller@ip-172-31-22-181"} 1 3499.73046875 0.0 3521.52734375 3499.73046875 3516.2046875 10
stats: session 24 40114.848958333336 19468.084307916743 91508.997 14281.109 37117.71771186442 59
stats: users_count 73 280
stats: finish_users_count 24 83
stats: request 692 14.853523121387296 17.386197136629466 33492.936 0.522 106.22161865793775 1833
stats: connect 130 1.2597999999999991 0.43975222744002274 36.555 0.762 1.779261363636364 352
stats: page 609 16.887090311986867 19.026805790287938 33492.936 0.522 119.5329085328422 1629
stats: 302 1 8
stats: 200 58 226
stats: size_rcv 651485 2563751
stats: 502 474 1614
stats: 422 15 90
stats: newphase 0 3
stats: size_sent 373524 1383091
stats: connected 47 181
stats: 400 76 303
stats: 500 68 278
stats: 404 0 6
# stats: dump at 1575510096
stats: users 252 252
stats: {load,"tsung_controller@ip-172-31-22-181"} 1 0.03125 0.0 0.1484375 0.03125 0.08132102272727272 11
stats: {recvpackets,"tsung_controller@ip-172-31-22-181"} 1 1666.0 0.0 1666 157 487.4 10
stats: {sentpackets,"tsung_controller@ip-172-31-22-181"} 1 2170.0 0.0 2170 181 635.5 10
stats: {cpu,"tsung_controller@ip-172-31-22-181"} 1 4.208416833667335 0.0 7.734972768886364 0.40040040040040037 2.180344975614929 11
stats: {freemem,"tsung_controller@ip-172-31-22-181"} 1 3491.96484375 0.0 3521.52734375 3491.96484375 3514.70703125 11
stats: session 29 40918.61775862068 16205.266443782291 97175.525 14281.109 37984.358072289164 83
stats: users_count 84 364
stats: finish_users_count 29 112
stats: request 846 58.58872104018912 1181.5745122115452 34398.403 0.495 81.18133267326729 2525
stats: connect 168 1.130904761904762 0.5133062327195654 36.555 0.762 1.6391576763485476 482
stats: page 766 64.71461618798959 1241.6000479005722 34398.403 0.495 91.60113762287756 2238
stats: 302 3 11
stats: 200 35 261
stats: size_rcv 493953 3057704
stats: 502 667 2281
stats: 422 8 98
stats: newphase 0 3
stats: size_sent 440134 1823225
stats: connected 53 234
stats: 400 101 404
stats: 500 32 310
stats: 404 0 6
# stats: dump at 1575510106
stats: users 275 282
stats: {load,"tsung_controller@ip-172-31-22-181"} 1 0.01953125 0.0 0.1484375 0.01953125 0.07714843749999999 12
stats: {recvpackets,"tsung_controller@ip-172-31-22-181"} 1 1677.0 0.0 1677 157 594.5454545454545 11
stats: {sentpackets,"tsung_controller@ip-172-31-22-181"} 1 2366.0 0.0 2366 181 775.0 11
stats: {cpu,"tsung_controller@ip-172-31-22-181"} 1 3.6363636363636362 0.0 7.734972768886364 0.40040040040040037 2.349350963785963 12
stats: {freemem,"tsung_controller@ip-172-31-22-181"} 1 3489.54296875 0.0 3521.52734375 3489.54296875 3512.8118489583335 12
stats: session 35 36991.73045714286 13574.470298886696 97175.525 13731.263 38744.12174107144 112
stats: users_count 58 422
stats: finish_users_count 35 147
stats: request 938 91.28382409381653 1593.8476198271333 34791.894 0.495 75.51139810145354 3371
stats: connect 139 1.4068129496402877 1.944455199423767 36.555 0.762 1.5077938461538463 650
stats: page 814 105.19960933660936 1710.539207360184 34791.894 0.495 84.7452536617843 3004
stats: 302 5 16
stats: 200 52 313
stats: size_rcv 743965 3801669
stats: 502 651 2932
stats: 422 24 122
stats: newphase 0 3
stats: size_sent 497100 2320325
stats: connected 24 258
stats: 400 113 517
stats: 500 92 402
stats: 404 1 7
# stats: dump at 1575510116
stats: users 223 282
stats: {load,"tsung_controller@ip-172-31-22-181"} 1 0.01953125 0.0 0.1484375 0.01953125 0.07271634615384613 13
stats: {recvpackets,"tsung_controller@ip-172-31-22-181"} 1 1853.0 0.0 1853 157 684.75 12
stats: {sentpackets,"tsung_controller@ip-172-31-22-181"} 1 2546.0 0.0 2546 181 907.5833333333334 12
stats: {cpu,"tsung_controller@ip-172-31-22-181"} 1 3.939393939393939 0.0 7.734972768886364 0.40040040040040037 2.44835193859963 13
stats: {freemem,"tsung_controller@ip-172-31-22-181"} 1 3482.671875 0.0 3521.52734375 3482.671875 3511.021935096154 13
stats: session 52 35598.36613461538 11597.75729587166 97175.525 13731.263 38326.885721088445 147
stats: users_count 0 422
stats: finish_users_count 52 199
stats: request 649 72.02376425269647 1396.5433033693857 35620.572 0.495 78.94480157809231 4309
stats: connect 35 1.390457142857143 0.6474492078415833 36.555 0.762 1.4900038022813689 789
stats: page 493 94.8386572008114 1601.7145696162859 35620.572 0.495 89.10613514929284 3818
stats: 302 0 16
stats: 200 6 319
stats: size_rcv 350717 4152386
stats: 502 524 3456
stats: 422 4 126
stats: newphase 0 3
stats: size_sent 389486 2709811
stats: connected -37 221
stats: 400 42 559
stats: 500 72 474
stats: 404 1 8
# stats: dump at 1575510126
stats: users 171 282
stats: {load,"tsung_controller@ip-172-31-22-181"} 1 0.01953125 0.0 0.1484375 0.01953125 0.06891741071428568 14
stats: {recvpackets,"tsung_controller@ip-172-31-22-181"} 1 983.0 0.0 1853 157 774.6153846153846 13
stats: {sentpackets,"tsung_controller@ip-172-31-22-181"} 1 1630.0 0.0 2546 181 1033.6153846153845 13
stats: {cpu,"tsung_controller@ip-172-31-22-181"} 1 2.7327935222672064 0.0 7.734972768886364 0.40040040040040037 2.5548549386563666 14
stats: {freemem,"tsung_controller@ip-172-31-22-181"} 1 3480.6171875 0.0 3521.52734375 3480.6171875 3508.9969308035716 14
stats: session 52 38249.718576923064 10442.754831762977 97175.525 13731.263 37613.90572864322 199
stats: users_count 0 422
stats: finish_users_count 52 251
stats: request 572 141.1795506993007 2076.7036543081954 35620.572 0.495 78.03884086325127 4958
stats: connect 5 1.1442 0.23551594425855757 36.555 0.762 1.4857754854368932 824
stats: page 395 204.43071645569614 2496.5088815357763 35620.572 0.495 89.76169844583626 4311
stats: 302 0 16
stats: 200 2 321
stats: size_rcv 227764 4380150
stats: 502 527 3983
stats: 422 2 128
stats: newphase 0 3
stats: size_sent 319560 3029371
stats: connected -48 173
stats: 400 16 575
stats: 500 23 497
stats: 404 2 10
# stats: dump at 1575510136
stats: users 107 282
stats: {load,"tsung_controller@ip-172-31-22-181"} 1 0.01171875 0.0 0.1484375 0.01171875 0.06562499999999998 15
stats: {recvpackets,"tsung_controller@ip-172-31-22-181"} 1 694.0 0.0 1853 157 789.5 14
stats: {sentpackets,"tsung_controller@ip-172-31-22-181"} 1 1254.0 0.0 2546 181 1076.2142857142856 14
stats: {cpu,"tsung_controller@ip-172-31-22-181"} 1 0.9072580645161291 0.0 7.734972768886364 0.40040040040040037 2.5667175108970897 15
stats: {freemem,"tsung_controller@ip-172-31-22-181"} 1 3484.01171875 0.0 3521.52734375 3480.6171875 3507.104947916667 15
stats: session 64 45745.71190624999 15270.63835309129 116845.014 13731.263 37745.6279123506 251
stats: users_count 0 422
stats: finish_users_count 64 315
stats: request 500 87.18447200000006 1614.1019693179146 36142.326 0.495 84.56985099457502 5530
stats: connect 0 0 0 36.555 0.762 1.4837153196622437 829
stats: page 322 135.47732919254634 2009.7648986074526 36142.326 0.495 99.38648852528688 4706
stats: 302 0 16
stats: 200 1 322
stats: size_rcv 290418 4670568
stats: 502 371 4354
stats: 422 11 139
stats: newphase 0 3
stats: size_sent 291282 3320653
stats: connected -66 107
stats: 400 44 619
stats: 500 73 570
stats: 404 0 10
# stats: dump at 1575510146
stats: users 60 282
stats: {load,"tsung_controller@ip-172-31-22-181"} 1 0.01171875 0.0 0.1484375 0.01171875 0.06225585937499998 16
stats: {recvpackets,"tsung_controller@ip-172-31-22-181"} 1 645.0 0.0 1853 157 783.1333333333333 15
stats: {sentpackets,"tsung_controller@ip-172-31-22-181"} 1 1074.0 0.0 2546 181 1088.0666666666666 15
stats: {cpu,"tsung_controller@ip-172-31-22-181"} 1 0.9072580645161291 0.0 7.734972768886364 0.40040040040040037 2.4630012954982794 16
stats: {freemem,"tsung_controller@ip-172-31-22-181"} 1 3484.00390625 0.0 3521.52734375 3480.6171875 3505.66162109375 16
stats: session 47 49331.444638297886 9509.834724412764 116845.014 13731.263 39371.0418031746 315
stats: users_count 0 422
stats: finish_users_count 47 362
stats: request 325 127.14040923076921 2001.7492444283107 36157.957 0.495 84.78665207296847 6030
stats: connect 0 0 0 36.555 0.762 1.4837153196622437 829
stats: page 205 201.60863902439021 2517.5054107586475 36157.957 0.495 101.69779534606204 5028
stats: 302 0 16
stats: 200 1 323
stats: size_rcv 160510 4831078
stats: 502 274 4628
stats: 422 14 153
stats: newphase 0 3
stats: size_sent 185461 3506114
stats: connected -45 62
stats: 400 15 634
stats: 500 20 590
stats: 404 1 11
# stats: dump at 1575510156
stats: users 36 282
stats: {load,"tsung_controller@ip-172-31-22-181"} 1 0.01171875 0.0 0.1484375 0.01171875 0.059283088235294094 17
stats: {recvpackets,"tsung_controller@ip-172-31-22-181"} 1 355.0 0.0 1853 157 774.5 16
stats: {sentpackets,"tsung_controller@ip-172-31-22-181"} 1 626.0 0.0 2546 181 1087.1875 16
stats: {cpu,"tsung_controller@ip-172-31-22-181"} 1 0.7014028056112225 0.0 7.734972768886364 0.40040040040040037 2.371486987793447 17
stats: {freemem,"tsung_controller@ip-172-31-22-181"} 1 3485.25390625 0.0 3521.52734375 3480.6171875 3504.387637867647 17
stats: session 24 63951.07816666668 15383.722731647062 117363.331 13731.263 40664.24327624309 362
stats: users_count 0 422
stats: finish_users_count 24 386
stats: request 181 418.9265303867401 3813.4939576356514 36501.776 0.495 86.95265853658535 6355
stats: connect 0 0 0 36.555 0.762 1.4837153196622437 829
stats: page 118 642.6328559322034 4707.8151811066045 36501.776 0.495 105.61174966558377 5233
stats: 302 0 16
stats: 200 2 325
stats: size_rcv 89961 4921039
stats: 502 153 4781
stats: 422 4 157
stats: newphase 0 3
stats: size_sent 106493 3612607
stats: connected -26 36
stats: 400 9 643
stats: 500 12 602
stats: 404 1 12
# stats: dump at 1575510166
stats: users 19 282
stats: {load,"tsung_controller@ip-172-31-22-181"} 1 0.01171875 0.0 0.1484375 0.01171875 0.05664062499999997 18
stats: {recvpackets,"tsung_controller@ip-172-31-22-181"} 1 235.0 0.0 1853 157 749.8235294117648 17
stats: {sentpackets,"tsung_controller@ip-172-31-22-181"} 1 400.0 0.0 2546 181 1060.0588235294117 17
stats: {cpu,"tsung_controller@ip-172-31-22-181"} 1 0.5015045135406219 0.0 7.734972768886364 0.40040040040040037 2.278704533227768 18
stats: {freemem,"tsung_controller@ip-172-31-22-181"} 1 3485.32421875 0.0 3521.52734375 3480.6171875 3503.324652777778 18
stats: session 17 72432.58611764705 19384.036799936905 147304.59 13731.263 42112.12938341969 386
stats: users_count 0 422
stats: finish_users_count 17 403
stats: request 108 15.898703703703696 12.248849965109544 36501.776 0.495 96.14593742350058 6536
stats: connect 1 12.485 0.0 36.555 0.762 1.4837153196622437 829
stats: page 66 26.06169696969697 16.56462978665019 36501.776 0.495 117.45411381050269 5351
stats: 302 0 16
stats: 200 0 325
stats: size_rcv 62223 4983262
stats: 502 84 4865
stats: 422 4 161
stats: newphase 0 3
stats: size_sent 66800 3679407
stats: connected -17 19
stats: 400 6 649
stats: 500 13 615
stats: 404 1 13
# stats: dump at 1575510176
stats: users 8 282
stats: {load,"tsung_controller@ip-172-31-22-181"} 1 0.0 0.0 0.1484375 0.0 0.05427631578947366 19
stats: {recvpackets,"tsung_controller@ip-172-31-22-181"} 1 142.0 0.0 1853 142 721.2222222222222 18
stats: {sentpackets,"tsung_controller@ip-172-31-22-181"} 1 218.0 0.0 2546 181 1023.3888888888889 18
stats: {cpu,"tsung_controller@ip-172-31-22-181"} 1 0.3003003003003003 0.0 7.734972768886364 0.3003003003003003 2.1851676900863395 19
stats: {freemem,"tsung_controller@ip-172-31-22-181"} 1 3485.3671875 0.0 3521.52734375 3480.6171875 3502.377261513158 19
stats: session 11 84335.54981818184 14447.890832128449 147304.59 13731.263 43391.15609429281 403
stats: users_count 0 422
stats: finish_users_count 11 414
stats: request 62 1194.8636290322577 6457.953627339543 36594.934 0.495 94.84149714027693 6644
stats: connect 0 0 0 36.555 0.762 1.4969698795180721 830
stats: page 40 1852.0789500000005 7964.041381265507 36594.934 0.495 116.3406008860993 5417
stats: 302 0 16
stats: 200 2 327
stats: size_rcv 46494 5029756
stats: 502 41 4906
stats: 422 3 164
stats: newphase 0 3
stats: size_sent 38873 3718280
stats: connected -11 8
stats: 400 6 655
stats: 500 8 623
stats: 404 2 15
# stats: dump at 1575510186
stats: users 6 282
stats: {load,"tsung_controller@ip-172-31-22-181"} 1 0.0 0.0 0.1484375 0.0 0.051562499999999976 20
stats: {recvpackets,"tsung_controller@ip-172-31-22-181"} 1 99.0 0.0 1853 99 690.7368421052631 19
stats: {sentpackets,"tsung_controller@ip-172-31-22-181"} 1 138.0 0.0 2546 138 981.0 19
stats: {cpu,"tsung_controller@ip-172-31-22-181"} 1 0.0 0.0 7.734972768886364 0.0 2.0909243205970376 20
stats: {freemem,"tsung_controller@ip-172-31-22-181"} 1 3485.37890625 0.0 3521.52734375 3480.6171875 3501.5267578125 20
stats: session 2 77218.4675 1434.786500000002 147304.59 13731.263 44479.05061352658 414
stats: users_count 0 422
stats: finish_users_count 2 416
stats: request 22 3331.697318181818 10473.519297689303 36594.934 0.495 105.0116987772144 6706
stats: connect 1 1.218 0.0 36.555 0.762 1.4969698795180721 830
stats: page 14 5235.575714285716 12743.998957359328 36594.934 0.495 129.06362341946124 5457
stats: 302 0 16
stats: 200 2 329
stats: size_rcv 19609 5049365
stats: 502 12 4918
stats: 422 0 164
stats: newphase 0 3
stats: size_sent 11353 3729633
stats: connected -2 6
stats: 400 4 659
stats: 500 3 626
stats: 404 1 16
# stats: dump at 1575510196
stats: users 1 282
stats: {load,"tsung_controller@ip-172-31-22-181"} 1 0.0 0.0 0.1484375 0.0 0.049107142857142835 21
stats: {recvpackets,"tsung_controller@ip-172-31-22-181"} 1 144.0 0.0 1853 99 661.15 20
stats: {sentpackets,"tsung_controller@ip-172-31-22-181"} 1 239.0 0.0 2546 138 938.85 20
stats: {cpu,"tsung_controller@ip-172-31-22-181"} 1 2.19560878243513 0.0 7.734972768886364 0.0 1.9913564958067025 21
stats: {freemem,"tsung_controller@ip-172-31-22-181"} 1 3485.21484375 0.0 3521.52734375 3480.6171875 3500.7578125 21
stats: session 5 105064.9246 8271.450281542617 147304.59 13731.263 44636.45165625001 416
stats: users_count 0 422
stats: finish_users_count 5 421
stats: request 19 14.309421052631574 9.935911143109488 36594.934 0.495 115.56269218192625 6728
stats: connect 0 0 0 36.555 0.762 1.4966341756919375 831
stats: page 12 22.701499999999996 13.853012022059799 36594.934 0.495 142.13091811369037 5471
stats: 302 0 16
stats: 200 0 329
stats: size_rcv 15497 5064862
stats: 502 10 4928
stats: 422 3 167
stats: newphase 0 3
stats: size_sent 13056 3742689
stats: connected -5 1
stats: 400 3 662
stats: 500 2 628
stats: 404 1 17
# stats: dump at 1575510206
stats: users 1 282
stats: {load,"tsung_controller@ip-172-31-22-181"} 1 0.0 0.0 0.1484375 0.0 0.04687499999999998 22
stats: {recvpackets,"tsung_controller@ip-172-31-22-181"} 1 25.0 0.0 1853 25 636.5238095238095 21
stats: {sentpackets,"tsung_controller@ip-172-31-22-181"} 1 34.0 0.0 2546 34 905.5238095238095 21
stats: {cpu,"tsung_controller@ip-172-31-22-181"} 1 0.1998001998001998 0.0 7.734972768886364 0.0 2.0006406906534493 22
stats: {freemem,"tsung_controller@ip-172-31-22-181"} 1 3485.65234375 0.0 3521.52734375 3480.6171875 3500.0513139204545 22
stats: session 0 0 0 147304.59 13731.263 45354.12948218528 421
stats: users_count 0 422
stats: finish_users_count 0 421
stats: request 2 19.2075 12.810500000000001 36594.934 0.495 115.27755624722096 6747
stats: connect 0 0 0 36.555 0.762 1.4966341756919375 831
stats: page 1 38.505 0.0 36594.934 0.495 141.8695369323363 5483
stats: 302 0 16
stats: 200 0 329
stats: size_rcv 557 5065419
stats: 502 1 4929
stats: 422 0 167
stats: newphase 0 3
stats: size_sent 1841 3744530
stats: connected 0 1
stats: 400 1 663
stats: 500 0 628
stats: 404 0 17
# stats: dump at 1575510209
stats: users 0 282
stats: {load,"tsung_controller@ip-172-31-22-181"} 1 0.0 0.0 0.1484375 0.0 0.044836956521739114 23
stats: {recvpackets,"tsung_controller@ip-172-31-22-181"} 1 8.0 0.0 1853 8 608.7272727272727 22
stats: {sentpackets,"tsung_controller@ip-172-31-22-181"} 1 12.0 0.0 2546 12 865.9090909090909 22
stats: {cpu,"tsung_controller@ip-172-31-22-181"} 1 0.10010010010010009 0.0 7.734972768886364 0.0 1.922343278007656 23
stats: {freemem,"tsung_controller@ip-172-31-22-181"} 1 3485.66015625 0.0 3521.52734375 3480.6171875 3499.4252717391305 23
stats: session 1 224414.401 0.0 224414.401 13731.263 45354.12948218528 421
stats: users_count 0 422
stats: finish_users_count 1 422
stats: request 3 17.388 16.398247711264766 36594.934 0.495 115.24908682767816 6749
stats: connect 0 0 0 36.555 0.762 1.4966341756919375 831
stats: page 2 26.1205 19.8445 36594.934 0.495 141.85068854850473 5484
stats: 302 0 16
stats: 200 0 329
stats: size_rcv 2517 5067936
stats: 502 1 4930
stats: 422 1 168
stats: newphase 0 3
stats: size_sent 2763 3747293
stats: connected -1 0
stats: 400 1 664
stats: 500 0 628
stats: 404 0 17
EndMonitor:{1575,510209,896005}
