# stats: dump at 1575526261
stats: users 8 8
stats: {load,"tsung_controller@ip-172-31-17-70"} 1 0.0703125 0 0.0703125 0.0703125 0 0
stats: {freemem,"tsung_controller@ip-172-31-17-70"} 1 3522.0234375 0 3522.0234375 3522.0234375 0 0
stats: {cpu,"tsung_controller@ip-172-31-17-70"} 1 12.32222823679937 0 12.32222823679937 12.32222823679937 0 0
stats: users_count 8 8
stats: finish_users_count 0 0
stats: request 29 8.1893448275862 5.754489930815114 32.629 0.991 0 0
stats: connect 10 3.8693 7.0651091576846845 25.06 1.28 0 0
stats: page 29 8.1893448275862 5.754489930815114 32.629 0.991 0 0
stats: 200 8 8
stats: size_rcv 79632 79632
stats: 422 5 5
stats: size_sent 16529 16529
stats: connected 7 7
stats: 400 3 3
stats: 500 13 13
# stats: dump at 1575526271
stats: users 20 20
stats: {load,"tsung_controller@ip-172-31-17-70"} 1 0.05859375 0.0 0.0703125 0.05859375 0.0703125 1
stats: {freemem,"tsung_controller@ip-172-31-17-70"} 1 3521.97265625 0.0 3522.0234375 3521.97265625 3522.0234375 1
stats: {recvpackets,"tsung_controller@ip-172-31-17-70"} 1 131 0 131 131 0 0
stats: {sentpackets,"tsung_controller@ip-172-31-17-70"} 1 131 0 131 131 0 0
stats: {cpu,"tsung_controller@ip-172-31-17-70"} 1 0.7007007007007007 0.0 12.32222823679937 0.7007007007007007 12.32222823679937 1
stats: users_count 12 20
stats: finish_users_count 0 0
stats: request 61 6.365786885245902 2.7991865979816004 32.629 0.8 8.1893448275862 29
stats: connect 17 1.8880000000000001 0.7064421211877413 25.06 1.147 3.8693 10
stats: page 61 6.365786885245902 2.7991865979816004 32.629 0.8 8.1893448275862 29
stats: 200 10 18
stats: size_rcv 141829 221461
stats: 422 9 14
stats: size_sent 39626 56155
stats: connected 9 16
stats: 400 8 11
stats: 500 34 47
# stats: dump at 1575526281
stats: users 30 30
stats: {load,"tsung_controller@ip-172-31-17-70"} 1 0.05078125 0.0 0.0703125 0.05078125 0.064453125 2
stats: {freemem,"tsung_controller@ip-172-31-17-70"} 1 3521.359375 0.0 3522.0234375 3521.359375 3521.998046875 2
stats: {recvpackets,"tsung_controller@ip-172-31-17-70"} 1 274.0 0.0 274 131 131.0 1
stats: {sentpackets,"tsung_controller@ip-172-31-17-70"} 1 364.0 0.0 364 131 131.0 1
stats: {cpu,"tsung_controller@ip-172-31-17-70"} 1 2.0874751491053676 0.0 12.32222823679937 0.7007007007007007 6.511464468750035 2
stats: users_count 10 30
stats: finish_users_count 0 0
stats: request 76 6.85019736842105 4.650418427749376 38.212 0.8 6.953377777777776 90
stats: connect 25 1.6879600000000001 0.501538152486927 25.06 1.147 2.621814814814815 27
stats: page 76 6.85019736842105 4.650418427749376 38.212 0.8 6.953377777777776 90
stats: 200 12 30
stats: size_rcv 167855 389316
stats: 422 10 24
stats: size_sent 49832 105987
stats: connected 13 29
stats: 400 12 23
stats: 500 42 89
# stats: dump at 1575526291
stats: users 44 44
stats: {load,"tsung_controller@ip-172-31-17-70"} 1 0.0390625 0.0 0.0703125 0.0390625 0.059895833333333336 3
stats: {freemem,"tsung_controller@ip-172-31-17-70"} 1 3519.640625 0.0 3522.0234375 3519.640625 3521.78515625 3
stats: {recvpackets,"tsung_controller@ip-172-31-17-70"} 1 271.0 0.0 274 131 202.5 2
stats: {sentpackets,"tsung_controller@ip-172-31-17-70"} 1 298.0 0.0 364 131 247.5 2
stats: {cpu,"tsung_controller@ip-172-31-17-70"} 1 1.098901098901099 0.0 12.32222823679937 0.7007007007007007 5.036801362201813 3
stats: session 3 31858.559333333335 1570.382628174067 33881.943 30054.03 0 0
stats: users_count 17 47
stats: finish_users_count 3 3
stats: request 113 6.066345132743361 2.3067768716871266 38.212 0.8 6.906138554216866 166
stats: connect 23 1.647086956521739 0.2556777715667632 25.06 1.147 2.172846153846154 52
stats: page 102 6.729901960784312 2.7506838062839973 38.212 0.8 6.906138554216866 166
stats: 200 16 46
stats: size_rcv 240036 629352
stats: 422 15 39
stats: newphase 1 1
stats: size_sent 75599 181586
stats: connected 10 39
stats: 400 21 44
stats: 500 61 150
# stats: dump at 1575526301
stats: users 59 59
stats: {load,"tsung_controller@ip-172-31-17-70"} 1 0.03125 0.0 0.0703125 0.03125 0.0546875 4
stats: {freemem,"tsung_controller@ip-172-31-17-70"} 1 3517.3984375 0.0 3522.0234375 3517.3984375 3521.2490234375 4
stats: {recvpackets,"tsung_controller@ip-172-31-17-70"} 1 492.0 0.0 492 131 225.33333333333334 3
stats: {sentpackets,"tsung_controller@ip-172-31-17-70"} 1 628.0 0.0 628 131 264.3333333333333 3
stats: {cpu,"tsung_controller@ip-172-31-17-70"} 1 3.869047619047619 0.0 12.32222823679937 0.7007007007007007 4.052326296376634 4
stats: session 3 40752.18866666666 2663.137325356237 43695.847 30054.03 31858.559333333335 3
stats: users_count 18 65
stats: finish_users_count 3 6
stats: request 170 6.208129411764705 3.032285776491295 38.212 0.724 6.566007168458779 279
stats: connect 36 1.5864722222222225 0.9053859669933012 25.06 0.998 2.011613333333333 75
stats: page 157 6.72784713375796 3.396316556944577 38.212 0.724 6.839063432835819 268
stats: 200 17 63
stats: size_rcv 337583 966935
stats: 422 22 61
stats: newphase 0 1
stats: size_sent 119687 301273
stats: connected 14 53
stats: 400 32 76
stats: 500 99 249
# stats: dump at 1575526311
stats: users 70 71
stats: {load,"tsung_controller@ip-172-31-17-70"} 1 0.03125 0.0 0.0703125 0.03125 0.05 5
stats: {freemem,"tsung_controller@ip-172-31-17-70"} 1 3512.43359375 0.0 3522.0234375 3512.43359375 3520.47890625 5
stats: {recvpackets,"tsung_controller@ip-172-31-17-70"} 1 519.0 0.0 519 131 292.0 4
stats: {sentpackets,"tsung_controller@ip-172-31-17-70"} 1 590.0 0.0 628 131 355.25 4
stats: {cpu,"tsung_controller@ip-172-31-17-70"} 1 2.288557213930348 0.0 12.32222823679937 0.7007007007007007 4.015670560910832 5
stats: session 8 34184.775125 6668.026951540904 43695.847 20247.548 36305.374 6
stats: users_count 19 84
stats: finish_users_count 8 14
stats: request 247 5.822315789473685 2.387569956469998 38.212 0.724 6.430507795100222 449
stats: connect 42 1.5948571428571423 1.2186063775482878 25.06 0.998 1.8737297297297295 111
stats: page 215 6.699116279069768 2.7507051274367966 38.212 0.724 6.79797882352941 425
stats: 200 21 84
stats: size_rcv 467811 1434746
stats: 422 29 90
stats: newphase 0 1
stats: size_sent 174084 475357
stats: connected 15 68
stats: 400 51 127
stats: 500 146 395
# stats: dump at 1575526321
stats: users 83 83
stats: {load,"tsung_controller@ip-172-31-17-70"} 1 0.01953125 0.0 0.0703125 0.01953125 0.046875 6
stats: {freemem,"tsung_controller@ip-172-31-17-70"} 1 3509.90234375 0.0 3522.0234375 3509.90234375 3519.1380208333335 6
stats: {recvpackets,"tsung_controller@ip-172-31-17-70"} 1 675.0 0.0 675 131 337.4 5
stats: {sentpackets,"tsung_controller@ip-172-31-17-70"} 1 767.0 0.0 767 131 402.2 5
stats: {cpu,"tsung_controller@ip-172-31-17-70"} 1 2.584493041749503 0.0 12.32222823679937 0.7007007007007007 3.7278183364140838 6
stats: session 15 36085.56573333333 12273.580054821005 53208.485 16896.132 35093.603214285715 14
stats: users_count 28 112
stats: finish_users_count 15 29
stats: request 275 6.017458181818179 3.4783033242550845 38.212 0.595 6.214669540229885 696
stats: connect 43 2.2417209302325585 4.068253429744967 25.06 0.998 1.797176470588235 153
stats: page 235 7.0535446808510605 4.00079711540612 38.212 0.595 6.764767187499999 640
stats: 200 24 108
stats: size_rcv 512024 1946770
stats: 422 38 128
stats: newphase 1 2
stats: size_sent 196659 672016
stats: connected 5 73
stats: 400 64 191
stats: 500 149 544
# stats: dump at 1575526331
stats: users 116 116
stats: {load,"tsung_controller@ip-172-31-17-70"} 1 0.1796875 0.0 0.1796875 0.01953125 0.04296875 7
stats: {freemem,"tsung_controller@ip-172-31-17-70"} 1 3508.28125 0.0 3522.0234375 3508.28125 3517.8186383928573 7
stats: {recvpackets,"tsung_controller@ip-172-31-17-70"} 1 822.0 0.0 822 131 393.6666666666667 6
stats: {sentpackets,"tsung_controller@ip-172-31-17-70"} 1 929.0 0.0 929 131 463.0 6
stats: {cpu,"tsung_controller@ip-172-31-17-70"} 1 2.7695351137487636 0.0 12.32222823679937 0.7007007007007007 3.564486151462001 7
stats: session 10 40437.71820000001 15620.104471898685 63072.563 16862.32 35606.68727586207 29
stats: users_count 43 155
stats: finish_users_count 10 39
stats: request 359 6.215657381615591 2.6200224035583095 38.212 0.595 6.158816683831101 971
stats: connect 76 1.5754473684210524 0.45356710159685254 25.06 0.998 1.8947040816326528 196
stats: page 325 6.873279999999995 2.9781262408123967 38.212 0.595 6.842324571428569 875
stats: 200 44 152
stats: size_rcv 752303 2699073
stats: 422 46 174
stats: newphase 0 2
stats: size_sent 244720 916736
stats: connected 33 106
stats: 400 66 257
stats: 500 203 747
# stats: dump at 1575526341
stats: users 129 131
stats: {load,"tsung_controller@ip-172-31-17-70"} 1 0.23046875 0.0 0.23046875 0.01953125 0.06005859375 8
stats: {freemem,"tsung_controller@ip-172-31-17-70"} 1 3501.16015625 0.0 3522.0234375 3501.16015625 3516.62646484375 8
stats: {recvpackets,"tsung_controller@ip-172-31-17-70"} 1 1129.0 0.0 1129 131 454.85714285714283 7
stats: {sentpackets,"tsung_controller@ip-172-31-17-70"} 1 1277.0 0.0 1277 131 529.5714285714286 7
stats: {cpu,"tsung_controller@ip-172-31-17-70"} 1 3.270564915758176 0.0 12.32222823679937 0.7007007007007007 3.4651172717478462 8
stats: session 16 33296.372875 14528.32242860014 66379.693 14692.751 36845.41315384616 39
stats: users_count 29 184
stats: finish_users_count 16 55
stats: request 442 5.749830316742084 2.697319291089844 38.212 0.595 6.174159398496237 1330
stats: connect 72 1.4434444444444443 0.3447611044416154 25.06 0.989 1.8054999999999999 272
stats: page 381 6.681249343832027 3.358228316540825 38.212 0.595 6.850708333333331 1200
stats: 200 32 184
stats: size_rcv 801212 3500285
stats: 422 48 222
stats: newphase 0 2
stats: size_sent 318680 1235416
stats: connected 18 124
stats: 400 100 357
stats: 500 262 1009
# stats: dump at 1575526351
stats: users 170 170
stats: {load,"tsung_controller@ip-172-31-17-70"} 1 0.19921875 0.0 0.23046875 0.01953125 0.07899305555555555 9
stats: {freemem,"tsung_controller@ip-172-31-17-70"} 1 3492.81640625 0.0 3522.0234375 3492.81640625 3514.9079861111113 9
stats: {recvpackets,"tsung_controller@ip-172-31-17-70"} 1 1203.0 0.0 1203 131 539.125 8
stats: {sentpackets,"tsung_controller@ip-172-31-17-70"} 1 1460.0 0.0 1460 131 623.0 8
stats: {cpu,"tsung_controller@ip-172-31-17-70"} 1 4.586241276171486 0.0 12.32222823679937 0.7007007007007007 3.4435003433045495 9
stats: session 22 32412.726181818187 11777.212360016478 66379.693 14692.751 35812.965072727275 55
stats: users_count 63 247
stats: finish_users_count 22 77
stats: request 489 5.960351738241312 2.8497907918410084 38.212 0.595 6.06831659142212 1772
stats: connect 86 1.4071627906976742 0.5941109609865022 25.06 0.926 1.7297209302325578 344
stats: page 425 6.867656470588231 3.2615624952195583 38.212 0.595 6.809870967741935 1581
stats: 200 60 244
stats: size_rcv 1009742 4510027
stats: 422 64 286
stats: newphase 1 3
stats: size_sent 335533 1570949
stats: connected 30 154
stats: 400 97 454
stats: 500 268 1277
# stats: dump at 1575526361
stats: users 234 235
stats: {load,"tsung_controller@ip-172-31-17-70"} 1 0.171875 0.0 0.23046875 0.01953125 0.091015625 10
stats: {freemem,"tsung_controller@ip-172-31-17-70"} 1 3489.8984375 0.0 3522.0234375 3489.8984375 3512.698828125 10
stats: {recvpackets,"tsung_controller@ip-172-31-17-70"} 1 1579.0 0.0 1579 131 612.8888888888889 9
stats: {sentpackets,"tsung_controller@ip-172-31-17-70"} 1 1777.0 0.0 1777 131 716.0 9
stats: {cpu,"tsung_controller@ip-172-31-17-70"} 1 4.274353876739562 0.0 12.32222823679937 0.7007007007007007 3.557774436591243 10
stats: session 21 45148.31090476191 14320.417197006496 83001.881 14692.751 34841.46824675325 77
stats: users_count 85 332
stats: finish_users_count 21 98
stats: request 822 6.044569343065697 3.9826756047518392 84.491 0.563 6.044966386554621 2261
stats: connect 174 1.3745689655172422 0.7721177351724898 25.06 0.789 1.665209302325581 430
stats: page 745 6.675970469798659 4.35451888886595 84.491 0.563 6.822113659022929 2006
stats: 200 85 329
stats: size_rcv 1640035 6150062
stats: 422 111 397
stats: newphase 0 3
stats: size_sent 571592 2142541
stats: connected 71 225
stats: 400 160 614
stats: 500 466 1743
# stats: dump at 1575526371
stats: users 260 263
stats: {load,"tsung_controller@ip-172-31-17-70"} 1 0.140625 0.0 0.23046875 0.01953125 0.09836647727272728 11
stats: {freemem,"tsung_controller@ip-172-31-17-70"} 1 3469.77734375 0.0 3522.0234375 3469.77734375 3510.626065340909 11
stats: {recvpackets,"tsung_controller@ip-172-31-17-70"} 1 2464.0 0.0 2464 131 709.5 10
stats: {sentpackets,"tsung_controller@ip-172-31-17-70"} 1 2773.0 0.0 2773 131 822.1 10
stats: {cpu,"tsung_controller@ip-172-31-17-70"} 1 8.708414872798434 0.0 12.32222823679937 0.7007007007007007 3.622918022059272 11
stats: session 40 46497.244025000015 20587.845853581483 105690.977 13136.812 37050.077387755104 98
stats: users_count 66 398
stats: finish_users_count 40 138
stats: request 942 6.283591295116765 3.520457080987491 84.491 0.563 6.044860525462212 3083
stats: connect 134 1.5029701492537313 1.2925847120846288 25.06 0.789 1.58148178807947 604
stats: page 791 7.496584070796448 4.252742075206205 84.491 0.563 6.782536532170119 2751
stats: 200 69 398
stats: size_rcv 1696035 7846097
stats: 422 111 508
stats: newphase 0 3
stats: size_sent 680048 2822589
stats: connected 19 244
stats: 400 226 840
stats: 500 536 2279
# stats: dump at 1575526381
stats: users 248 281
stats: {load,"tsung_controller@ip-172-31-17-70"} 1 0.12109375 0.0 0.23046875 0.01953125 0.10188802083333333 12
stats: {freemem,"tsung_controller@ip-172-31-17-70"} 1 3465.37890625 0.0 3522.0234375 3465.37890625 3507.2220052083335 12
stats: {recvpackets,"tsung_controller@ip-172-31-17-70"} 1 2574.0 0.0 2574 131 869.0 11
stats: {sentpackets,"tsung_controller@ip-172-31-17-70"} 1 3007.0 0.0 3007 131 999.4545454545455 11
stats: {cpu,"tsung_controller@ip-172-31-17-70"} 1 10.186092066601372 0.0 12.32222823679937 0.7007007007007007 4.046709426287536 12
stats: session 51 38615.5043529412 16223.205821115633 105690.977 13136.812 39788.38655797102 138
stats: users_count 39 437
stats: finish_users_count 51 189
stats: request 882 5.997561224489796 3.0520612586453204 84.491 0.563 6.100732422360247 4025
stats: connect 115 1.5241130434782606 2.179379910873004 25.06 0.789 1.5672262872628724 738
stats: page 740 7.161335135135124 3.9545014905846 84.491 0.563 6.941997741389042 3542
stats: 200 39 437
stats: size_rcv 1479385 9325482
stats: 422 109 617
stats: newphase 0 3
stats: size_sent 655184 3477773
stats: connected -3 241
stats: 400 210 1050
stats: 500 524 2803
# stats: dump at 1575526391
stats: users 197 281
stats: {load,"tsung_controller@ip-172-31-17-70"} 1 0.1015625 0.0 0.23046875 0.01953125 0.10336538461538461 13
stats: {freemem,"tsung_controller@ip-172-31-17-70"} 1 3467.15234375 0.0 3522.0234375 3465.37890625 3504.0033052884614 13
stats: {recvpackets,"tsung_controller@ip-172-31-17-70"} 1 2148.0 0.0 2574 131 1011.0833333333334 12
stats: {sentpackets,"tsung_controller@ip-172-31-17-70"} 1 2614.0 0.0 3007 131 1166.75 12
stats: {cpu,"tsung_controller@ip-172-31-17-70"} 1 7.433102081268583 0.0 12.32222823679937 0.7007007007007007 4.518969629388601 13
stats: session 51 37941.86425490196 14507.137195944106 105690.977 13136.812 39471.89453439154 189
stats: users_count 0 437
stats: finish_users_count 51 240
stats: request 670 5.909649253731338 3.382469615879821 84.491 0.563 6.082188098634602 4907
stats: connect 21 1.614047619047619 0.42272274784065045 25.06 0.789 1.5614138335287218 853
stats: page 477 8.329505241090157 4.925783199915739 84.491 0.563 6.979902849135914 4282
stats: 200 0 437
stats: size_rcv 931077 10256559
stats: 422 59 676
stats: newphase 0 3
stats: size_sent 523332 4001105
stats: connected -45 196
stats: 400 205 1255
stats: 500 406 3209
# stats: dump at 1575526401
stats: users 126 281
stats: {load,"tsung_controller@ip-172-31-17-70"} 1 0.078125 0.0 0.23046875 0.01953125 0.10323660714285714 14
stats: {freemem,"tsung_controller@ip-172-31-17-70"} 1 3466.79296875 0.0 3522.0234375 3465.37890625 3501.37109375 14
stats: {recvpackets,"tsung_controller@ip-172-31-17-70"} 1 1187.0 0.0 2574 131 1098.5384615384614 13
stats: {sentpackets,"tsung_controller@ip-172-31-17-70"} 1 1447.0 0.0 3007 131 1278.076923076923 13
stats: {cpu,"tsung_controller@ip-172-31-17-70"} 1 3.081510934393638 0.0 12.32222823679937 0.7007007007007007 4.727121947380028 14
stats: session 71 41521.79661971827 15863.40515985037 121425.813 13136.812 39146.763100000004 240
stats: users_count 0 437
stats: finish_users_count 71 311
stats: request 475 5.321094736842105 1.87761590642963 84.491 0.563 6.061459924690692 5577
stats: connect 2 1.5899999999999999 0.05099999999999999 25.06 0.789 1.5626784897025168 874
stats: page 325 7.809156923076935 3.2272530605630556 84.491 0.563 7.1151750367724285 4759
stats: 200 0 437
stats: size_rcv 655855 10912414
stats: 422 70 746
stats: newphase 0 3
stats: size_sent 369130 4370235
stats: connected -69 127
stats: 400 150 1405
stats: 500 255 3464
# stats: dump at 1575526411
stats: users 85 281
stats: {load,"tsung_controller@ip-172-31-17-70"} 1 0.0703125 0.0 0.23046875 0.01953125 0.1015625 15
stats: {freemem,"tsung_controller@ip-172-31-17-70"} 1 3466.5546875 0.0 3522.0234375 3465.37890625 3499.065885416667 15
stats: {recvpackets,"tsung_controller@ip-172-31-17-70"} 1 862.0 0.0 2574 131 1104.8571428571427 14
stats: {sentpackets,"tsung_controller@ip-172-31-17-70"} 1 1059.0 0.0 3007 131 1290.142857142857 14
stats: {cpu,"tsung_controller@ip-172-31-17-70"} 1 1.8018018018018018 0.0 12.32222823679937 0.7007007007007007 4.617414546514269 15
stats: session 41 46070.76707317072 13092.017861893006 121425.813 13136.812 39688.97332475884 311
stats: users_count 0 437
stats: finish_users_count 41 352
stats: request 355 5.333 1.3378325523129444 84.491 0.563 6.003351288830136 6052
stats: connect 0 0 0 25.06 0.789 1.5627408675799084 876
stats: page 228 8.346517543859655 3.0235598564990522 84.491 0.563 7.159538552321005 5084
stats: 200 0 437
stats: size_rcv 464976 11377390
stats: 422 43 789
stats: newphase 0 3
stats: size_sent 277881 4648116
stats: connected -43 84
stats: 400 127 1532
stats: 500 185 3649
# stats: dump at 1575526421
stats: users 50 281
stats: {load,"tsung_controller@ip-172-31-17-70"} 1 0.05859375 0.0 0.23046875 0.01953125 0.099609375 16
stats: {freemem,"tsung_controller@ip-172-31-17-70"} 1 3466.29296875 0.0 3522.0234375 3465.37890625 3497.033935546875 16
stats: {recvpackets,"tsung_controller@ip-172-31-17-70"} 1 633.0 0.0 2574 131 1088.6666666666665 15
stats: {sentpackets,"tsung_controller@ip-172-31-17-70"} 1 857.0 0.0 3007 131 1274.7333333333333 15
stats: {cpu,"tsung_controller@ip-172-31-17-70"} 1 4.063429137760158 0.0 12.32222823679937 0.7007007007007007 4.441438749969739 16
stats: session 35 54239.24159999999 10609.552040388926 121425.813 13136.812 40432.30725568181 352
stats: users_count 0 437
stats: finish_users_count 35 387
stats: request 255 5.512529411764707 1.9087198538568984 84.491 0.563 5.96620836584985 6407
stats: connect 0 0 0 25.06 0.789 1.5627408675799084 876
stats: page 163 8.666226993865031 3.3920570957918486 84.491 0.563 7.2104856927710825 5312
stats: 200 0 437
stats: size_rcv 333004 11710394
stats: 422 35 824
stats: newphase 0 3
stats: size_sent 199527 4847643
stats: connected -36 48
stats: 400 92 1624
stats: 500 128 3777
# stats: dump at 1575526431
stats: users 30 281
stats: {load,"tsung_controller@ip-172-31-17-70"} 1 0.05078125 0.0 0.23046875 0.01953125 0.09719669117647059 17
stats: {freemem,"tsung_controller@ip-172-31-17-70"} 1 3466.37890625 0.0 3522.0234375 3465.37890625 3495.225643382353 17
stats: {recvpackets,"tsung_controller@ip-172-31-17-70"} 1 445.0 0.0 2574 131 1060.1875 16
stats: {sentpackets,"tsung_controller@ip-172-31-17-70"} 1 522.0 0.0 3007 131 1248.625 16
stats: {cpu,"tsung_controller@ip-172-31-17-70"} 1 1.9860973187686197 0.0 12.32222823679937 0.7007007007007007 4.419202890427999 17
stats: session 20 61701.971 11482.833560951907 121425.813 13136.812 41680.99640826872 387
stats: users_count 0 437
stats: finish_users_count 20 407
stats: request 146 5.327123287671231 1.4018819341880722 84.491 0.563 5.9488429900930635 6662
stats: connect 0 0 0 25.06 0.789 1.5627408675799084 876
stats: page 90 8.689377777777777 2.8936485449564184 84.491 0.563 7.253825570776255 5475
stats: 200 0 437
stats: size_rcv 185178 11895572
stats: 422 20 844
stats: newphase 0 3
stats: size_sent 114589 4962232
stats: connected -20 28
stats: 400 56 1680
stats: 500 70 3847
# stats: dump at 1575526441
stats: users 18 281
stats: {load,"tsung_controller@ip-172-31-17-70"} 1 0.0390625 0.0 0.23046875 0.01953125 0.09461805555555555 18
stats: {freemem,"tsung_controller@ip-172-31-17-70"} 1 3466.36328125 0.0 3522.0234375 3465.37890625 3493.623046875 18
stats: {recvpackets,"tsung_controller@ip-172-31-17-70"} 1 313.0 0.0 2574 131 1024.0 17
stats: {sentpackets,"tsung_controller@ip-172-31-17-70"} 1 456.0 0.0 3007 131 1205.8823529411766 17
stats: {cpu,"tsung_controller@ip-172-31-17-70"} 1 2.8942115768463075 0.0 12.32222823679937 0.7007007007007007 4.284030358669145 18
stats: session 12 74020.16358333333 8411.166579263712 121425.813 13136.812 42664.828083538065 407
stats: users_count 0 437
stats: finish_users_count 12 419
stats: request 68 5.58255882352941 1.0542510497749369 84.491 0.563 5.935509988249117 6808
stats: connect 0 0 0 25.06 0.789 1.5627408675799084 876
stats: page 43 8.877720930232558 2.577640595272959 84.491 0.563 7.27704204851752 5565
stats: 200 0 437
stats: size_rcv 88147 11983719
stats: 422 11 855
stats: newphase 0 3
stats: size_sent 53103 5015335
stats: connected -11 17
stats: 400 25 1705
stats: 500 32 3879
# stats: dump at 1575526451
stats: users 10 281
stats: {load,"tsung_controller@ip-172-31-17-70"} 1 0.03125 0.0 0.23046875 0.01953125 0.09169407894736842 19
stats: {freemem,"tsung_controller@ip-172-31-17-70"} 1 3466.17578125 0.0 3522.0234375 3465.37890625 3492.1883223684213 19
stats: {recvpackets,"tsung_controller@ip-172-31-17-70"} 1 190.0 0.0 2574 131 984.5 18
stats: {sentpackets,"tsung_controller@ip-172-31-17-70"} 1 321.0 0.0 3007 131 1164.2222222222222 18
stats: {cpu,"tsung_controller@ip-172-31-17-70"} 1 2.8855721393034823 0.0 12.32222823679937 0.7007007007007007 4.2108820017311 19
stats: session 8 80134.04125 9047.596230228639 121425.813 13136.812 43562.8329188544 419
stats: users_count 0 437
stats: finish_users_count 8 427
stats: request 50 6.335120000000001 3.7474364231565027 84.491 0.563 5.93201948807446 6876
stats: connect 2 12.5465 10.8315 25.06 0.789 1.5627408675799084 876
stats: page 32 9.94475 4.656155415146707 84.491 0.563 7.289315442225391 5608
stats: 200 0 437
stats: size_rcv 65507 12049226
stats: 422 9 864
stats: newphase 0 3
stats: size_sent 39066 5054401
stats: connected -10 7
stats: 400 18 1723
stats: 500 23 3902
# stats: dump at 1575526461
stats: users 3 281
stats: {load,"tsung_controller@ip-172-31-17-70"} 1 0.03125 0.0 0.23046875 0.01953125 0.088671875 20
stats: {freemem,"tsung_controller@ip-172-31-17-70"} 1 3466.13671875 0.0 3522.0234375 3465.37890625 3490.8876953125 20
stats: {recvpackets,"tsung_controller@ip-172-31-17-70"} 1 270.0 0.0 2574 131 942.6842105263158 19
stats: {sentpackets,"tsung_controller@ip-172-31-17-70"} 1 480.0 0.0 3007 131 1119.842105263158 19
stats: {cpu,"tsung_controller@ip-172-31-17-70"} 1 4.581673306772909 0.0 12.32222823679937 0.7007007007007007 4.144616508609719 20
stats: session 7 96402.64471428572 18281.333505481605 137692.096 13136.812 44248.007782201385 427
stats: users_count 0 437
stats: finish_users_count 7 434
stats: request 52 5.4729230769230774 0.8973019782863996 84.491 0.563 5.934929540860525 6926
stats: connect 2 1.733 0.123 25.06 0.789 1.587760820045558 878
stats: page 32 8.950968749999998 2.5315121775874267 84.491 0.563 7.304381737588652 5640
stats: 200 0 437
stats: size_rcv 65855 12115081
stats: 422 7 871
stats: newphase 0 3
stats: size_sent 40686 5095087
stats: connected -5 2
stats: 400 20 1743
stats: 500 25 3927
# stats: dump at 1575526471
stats: users 1 281
stats: {load,"tsung_controller@ip-172-31-17-70"} 1 0.01953125 0.0 0.23046875 0.01953125 0.0859375 21
stats: {freemem,"tsung_controller@ip-172-31-17-70"} 1 3474.01953125 0.0 3522.0234375 3465.37890625 3489.7090773809523 21
stats: {recvpackets,"tsung_controller@ip-172-31-17-70"} 1 79.0 0.0 2574 79 909.05 20
stats: {sentpackets,"tsung_controller@ip-172-31-17-70"} 1 90.0 0.0 3007 90 1087.85 20
stats: {cpu,"tsung_controller@ip-172-31-17-70"} 1 0.3996003996003996 0.0 12.32222823679937 0.3996003996003996 4.165428737093681 21
stats: session 2 91816.5065 1782.5354999999981 137692.096 13136.812 45089.211603686614 434
stats: users_count 0 437
stats: finish_users_count 2 436
stats: request 6 5.425 0.3106262491591251 84.491 0.563 5.931486672398966 6978
stats: connect 0 0 0 25.06 0.789 1.5880909090909088 880
stats: page 4 8.17725 2.8839319838546817 84.491 0.563 7.313671368124117 5672
stats: 200 0 437
stats: size_rcv 8188 12123269
stats: 422 2 873
stats: newphase 0 3
stats: size_sent 4615 5099702
stats: connected -2 0
stats: 400 2 1745
stats: 500 2 3929
# stats: dump at 1575526481
stats: users 1 281
stats: {load,"tsung_controller@ip-172-31-17-70"} 1 0.01953125 0.0 0.23046875 0.01953125 0.08291903409090909 22
stats: {freemem,"tsung_controller@ip-172-31-17-70"} 1 3474.390625 0.0 3522.0234375 3465.37890625 3488.995916193182 22
stats: {recvpackets,"tsung_controller@ip-172-31-17-70"} 1 12.0 0.0 2574 12 869.5238095238095 21
stats: {sentpackets,"tsung_controller@ip-172-31-17-70"} 1 14.0 0.0 3007 14 1040.3333333333333 21
stats: {cpu,"tsung_controller@ip-172-31-17-70"} 1 0.2997002997002997 0.0 12.32222823679937 0.2997002997002997 3.994254721753077 22
stats: session 0 0 0 137692.096 13136.812 45303.55699311925 436
stats: users_count 0 437
stats: finish_users_count 0 436
stats: request 5 4.934 1.0993166968621921 84.491 0.563 5.9310515463917515 6984
stats: connect 1 1.491 0.0 25.06 0.789 1.5880909090909088 880
stats: page 3 8.292333333333334 0.823845589631671 84.491 0.563 7.314279950669484 5676
stats: 200 0 437
stats: size_rcv 6159 12129428
stats: 422 0 873
stats: newphase 0 3
stats: size_sent 3981 5103683
stats: connected 1 1
stats: 400 2 1747
stats: 500 3 3932
# stats: dump at 1575526485
stats: users 0 281
stats: {load,"tsung_controller@ip-172-31-17-70"} 1 0.01953125 0.0 0.23046875 0.01953125 0.08016304347826086 23
stats: {freemem,"tsung_controller@ip-172-31-17-70"} 1 3474.30859375 0.0 3522.0234375 3465.37890625 3488.3609035326085 23
stats: {recvpackets,"tsung_controller@ip-172-31-17-70"} 1 15.0 0.0 2574 12 830.5454545454545 22
stats: {sentpackets,"tsung_controller@ip-172-31-17-70"} 1 17.0 0.0 3007 14 993.6818181818181 22
stats: {cpu,"tsung_controller@ip-172-31-17-70"} 1 0.10010010010010009 0.0 12.32222823679937 0.10010010010010009 3.833621920794261 23
stats: session 1 131244.217 0.0 137692.096 13136.812 45303.55699311925 436
stats: users_count 0 437
stats: finish_users_count 1 437
stats: request 3 4.6450000000000005 0.2391707897437868 84.491 0.563 5.930338245814851 6989
stats: connect 0 0 0 25.06 0.789 1.5879807037457432 881
stats: page 2 7.009 2.032 84.491 0.563 7.314796619123085 5679
stats: 200 0 437
stats: size_rcv 4094 12133522
stats: 422 1 874
stats: newphase 0 3
stats: size_sent 2314 5105997
stats: connected -1 0
stats: 400 1 1748
stats: 500 1 3933
EndMonitor:{1575,526485,399596}
