# stats: dump at 1575517583
stats: users 15 15
stats: {load,"tsung_controller@ip-172-31-22-181"} 1 0.0 0 0.0 0.0 0 0
stats: {cpu,"tsung_controller@ip-172-31-22-181"} 1 0.46392745446896083 0 0.46392745446896083 0.46392745446896083 0 0
stats: {freemem,"tsung_controller@ip-172-31-22-181"} 1 3519.96484375 0 3519.96484375 3519.96484375 0 0
stats: users_count 15 15
stats: finish_users_count 0 0
stats: request 39 121.39666666666669 195.6140582144987 783.135 4.622 0 0
stats: connect 14 2.058357142857143 2.1182954942642938 9.661 1.116 0 0
stats: page 39 121.39666666666669 195.6140582144987 783.135 4.622 0 0
stats: 302 6 6
stats: 200 29 29
stats: size_rcv 179377 179377
stats: size_sent 23907 23907
stats: connected 14 14
stats: 404 4 4
# stats: dump at 1575517593
stats: users 24 24
stats: {load,"tsung_controller@ip-172-31-22-181"} 1 0.0 0.0 0.0 0.0 0.0 1
stats: {recvpackets,"tsung_controller@ip-172-31-22-181"} 1 238 0 238 238 0 0
stats: {sentpackets,"tsung_controller@ip-172-31-22-181"} 1 207 0 207 207 0 0
stats: {cpu,"tsung_controller@ip-172-31-22-181"} 1 0.9970089730807578 0.0 0.9970089730807578 0.46392745446896083 0.46392745446896083 1
stats: {freemem,"tsung_controller@ip-172-31-22-181"} 1 3519.609375 0.0 3519.96484375 3519.609375 3519.96484375 1
stats: users_count 9 24
stats: finish_users_count 0 0
stats: request 56 133.55916071428572 245.3478415019594 799.425 3.579 121.39666666666669 39
stats: connect 9 2.37 1.794233293390553 9.661 1.047 2.058357142857143 14
stats: page 56 133.55916071428572 245.3478415019594 799.425 3.579 121.39666666666669 39
stats: 302 12 18
stats: 200 33 62
stats: size_rcv 227969 407346
stats: size_sent 56191 80098
stats: connected 9 23
stats: 404 11 15
# stats: dump at 1575517603
stats: users 30 30
stats: {load,"tsung_controller@ip-172-31-22-181"} 1 0.0 0.0 0.0 0.0 0.0 2
stats: {recvpackets,"tsung_controller@ip-172-31-22-181"} 1 428.0 0.0 428 238 238.0 1
stats: {sentpackets,"tsung_controller@ip-172-31-22-181"} 1 531.0 0.0 531 207 207.0 1
stats: {cpu,"tsung_controller@ip-172-31-22-181"} 1 2.8827037773359843 0.0 2.8827037773359843 0.46392745446896083 0.7304682137748593 2
stats: {freemem,"tsung_controller@ip-172-31-22-181"} 1 3511.1640625 0.0 3519.96484375 3511.1640625 3519.787109375 2
stats: users_count 6 30
stats: finish_users_count 0 0
stats: request 36 143.78780555555556 212.57267703068044 799.425 3.579 128.56613684210527 95
stats: connect 7 6.433714285714287 6.042962535386236 16.585 1.047 2.180304347826087 23
stats: page 36 143.78780555555556 212.57267703068044 799.425 3.579 128.56613684210527 95
stats: 302 8 26
stats: 200 20 82
stats: size_rcv 143533 550879
stats: size_sent 42873 122971
stats: connected 7 30
stats: 404 8 23
# stats: dump at 1575517613
stats: users 49 49
stats: {load,"tsung_controller@ip-172-31-22-181"} 1 0.0 0.0 0.0 0.0 0.0 3
stats: {recvpackets,"tsung_controller@ip-172-31-22-181"} 1 141.0 0.0 428 141 333.0 2
stats: {sentpackets,"tsung_controller@ip-172-31-22-181"} 1 111.0 0.0 531 111 369.0 2
stats: {cpu,"tsung_controller@ip-172-31-22-181"} 1 0.39920159680638717 0.0 2.8827037773359843 0.39920159680638717 1.4478800682952342 3
stats: {freemem,"tsung_controller@ip-172-31-22-181"} 1 3509.015625 0.0 3519.96484375 3509.015625 3516.9127604166665 3
stats: users_count 19 49
stats: finish_users_count 0 0
stats: request 0 0 0 799.425 3.579 132.74919083969465 131
stats: connect 17 1.762941176470588 1.1303986007332956 16.585 0.875 3.1727666666666674 30
stats: page 0 0 0 799.425 3.579 132.74919083969465 131
stats: 302 0 26
stats: 200 0 82
stats: size_rcv 0 550879
stats: newphase 1 1
stats: size_sent 3111 126082
stats: connected 17 47
stats: 404 0 23
# stats: dump at 1575517623
stats: users 75 75
stats: {load,"tsung_controller@ip-172-31-22-181"} 1 0.0 0.0 0.0 0.0 0.0 4
stats: {recvpackets,"tsung_controller@ip-172-31-22-181"} 1 66.0 0.0 428 66 269.0 3
stats: {sentpackets,"tsung_controller@ip-172-31-22-181"} 1 88.0 0.0 531 88 283.0 3
stats: {cpu,"tsung_controller@ip-172-31-22-181"} 1 0.2004008016032064 0.0 2.8827037773359843 0.2004008016032064 1.1857104504230225 4
stats: {freemem,"tsung_controller@ip-172-31-22-181"} 1 3508.91015625 0.0 3519.96484375 3508.91015625 3514.9384765625 4
stats: users_count 26 75
stats: finish_users_count 0 0
stats: request 41 11505.492243902438 10083.61631725187 35068.521 3.579 132.74919083969465 131
stats: connect 28 2.2433214285714285 2.018459685955241 16.585 0.875 2.662829787234043 47
stats: page 41 11505.492243902438 10083.61631725187 35068.521 3.579 132.74919083969465 131
stats: 302 0 26
stats: 200 38 120
stats: size_rcv 206950 757829
stats: newphase 0 1
stats: size_sent 28451 154533
stats: connected 28 75
stats: 404 3 26
# stats: dump at 1575517633
stats: users 90 90
stats: {load,"tsung_controller@ip-172-31-22-181"} 1 0.0 0.0 0.0 0.0 0.0 5
stats: {recvpackets,"tsung_controller@ip-172-31-22-181"} 1 311.0 0.0 428 66 218.25 4
stats: {sentpackets,"tsung_controller@ip-172-31-22-181"} 1 269.0 0.0 531 88 234.25 4
stats: {cpu,"tsung_controller@ip-172-31-22-181"} 1 0.6 0.0 2.8827037773359843 0.2004008016032064 0.9886485206590592 5
stats: {freemem,"tsung_controller@ip-172-31-22-181"} 1 3505.77734375 0.0 3519.96484375 3505.77734375 3513.7328125 5
stats: users_count 15 90
stats: finish_users_count 0 0
stats: request 118 5799.401525423726 8594.689787087862 40367.839 3.579 2843.693755813953 172
stats: connect 15 1.6506666666666665 0.5297246664279682 16.585 0.875 2.5062133333333336 75
stats: page 118 5799.401525423726 8594.689787087862 40367.839 3.579 2843.693755813953 172
stats: 302 18 44
stats: 200 100 220
stats: size_rcv 562046 1319875
stats: newphase 0 1
stats: size_sent 88967 243500
stats: connected 15 90
stats: 404 0 26
# stats: dump at 1575517643
stats: users 125 125
stats: {load,"tsung_controller@ip-172-31-22-181"} 1 0.0 0.0 0.0 0.0 0.0 6
stats: {recvpackets,"tsung_controller@ip-172-31-22-181"} 1 829.0 0.0 829 66 236.8 5
stats: {sentpackets,"tsung_controller@ip-172-31-22-181"} 1 624.0 0.0 624 88 241.2 5
stats: {cpu,"tsung_controller@ip-172-31-22-181"} 1 0.9970089730807578 0.0 2.8827037773359843 0.2004008016032064 0.9238737672158827 6
stats: {freemem,"tsung_controller@ip-172-31-22-181"} 1 3490.6953125 0.0 3519.96484375 3490.6953125 3512.4069010416665 6
stats: users_count 35 125
stats: finish_users_count 0 0
stats: request 80 6672.222937500001 6744.538567791013 43001.295 3.579 4046.3610551724123 290
stats: connect 35 2.8503142857142856 3.525961273358584 21.589 0.875 2.3636222222222223 90
stats: page 80 6672.222937500001 6744.538567791013 43001.295 3.579 4046.3610551724123 290
stats: 302 20 64
stats: 200 46 266
stats: size_rcv 309304 1629179
stats: newphase 1 2
stats: size_sent 92353 335853
stats: connected 35 125
stats: 404 14 40
# stats: dump at 1575517653
stats: users 154 154
stats: {load,"tsung_controller@ip-172-31-22-181"} 1 0.0 0.0 0.0 0.0 0.0 7
stats: {recvpackets,"tsung_controller@ip-172-31-22-181"} 1 351.0 0.0 829 66 335.5 6
stats: {sentpackets,"tsung_controller@ip-172-31-22-181"} 1 328.0 0.0 624 88 305.0 6
stats: {cpu,"tsung_controller@ip-172-31-22-181"} 1 0.6958250497017893 0.0 2.8827037773359843 0.2004008016032064 0.9343216537680076 7
stats: {freemem,"tsung_controller@ip-172-31-22-181"} 1 3489.2421875 0.0 3519.96484375 3489.2421875 3509.305245535714 7
stats: users_count 29 154
stats: finish_users_count 0 0
stats: request 19 13636.494684210527 14447.397091062745 47463.568 2.182 4614.114975675675 370
stats: connect 28 1.4855000000000003 0.25431666143946274 21.589 0.875 2.4998959999999997 125
stats: page 19 13636.494684210527 14447.397091062745 47463.568 2.182 4614.114975675675 370
stats: 302 6 70
stats: 200 4 270
stats: size_rcv 35703 1664882
stats: newphase 0 2
stats: 502 4 4
stats: size_sent 27525 363378
stats: connected 28 153
stats: 404 5 45
# stats: dump at 1575517663
stats: users 198 198
stats: {load,"tsung_controller@ip-172-31-22-181"} 1 0.0 0.0 0.0 0.0 0.0 8
stats: {recvpackets,"tsung_controller@ip-172-31-22-181"} 1 144.0 0.0 829 66 337.7142857142857 7
stats: {sentpackets,"tsung_controller@ip-172-31-22-181"} 1 170.0 0.0 624 88 308.2857142857143 7
stats: {cpu,"tsung_controller@ip-172-31-22-181"} 1 0.5 0.0 2.8827037773359843 0.2004008016032064 0.9045095782597303 8
stats: {freemem,"tsung_controller@ip-172-31-22-181"} 1 3488.6796875 0.0 3519.96484375 3488.6796875 3506.79736328125 8
stats: users_count 44 198
stats: finish_users_count 0 0
stats: request 180 3666.7510888888887 10802.073575790113 54809.135 0.582 5054.796760925449 389
stats: connect 55 1.433018181818182 0.3016098919832518 21.589 0.875 2.314254901960784 153
stats: page 180 3666.7510888888887 10802.073575790113 54809.135 0.582 5054.796760925449 389
stats: 302 1 71
stats: 200 19 289
stats: size_rcv 147344 1812226
stats: newphase 0 2
stats: 502 141 145
stats: size_sent 74264 437642
stats: connected 38 191
stats: 400 17 17
stats: 404 2 47
# stats: dump at 1575517673
stats: users 254 254
stats: {load,"tsung_controller@ip-172-31-22-181"} 1 0.0 0.0 0.0 0.0 0.0 9
stats: {recvpackets,"tsung_controller@ip-172-31-22-181"} 1 514.0 0.0 829 66 313.5 8
stats: {sentpackets,"tsung_controller@ip-172-31-22-181"} 1 636.0 0.0 636 88 291.0 8
stats: {cpu,"tsung_controller@ip-172-31-22-181"} 1 0.9045226130653266 0.0 2.8827037773359843 0.2004008016032064 0.8595640695642047 9
stats: {freemem,"tsung_controller@ip-172-31-22-181"} 1 3487.5078125 0.0 3519.96484375 3487.5078125 3504.7842881944443 9
stats: users_count 56 254
stats: finish_users_count 0 0
stats: request 342 2625.494438596494 8778.00877676529 54809.135 0.518 4615.696196836555 569
stats: connect 91 1.2052307692307689 0.44355526872746287 21.589 0.761 2.081235576923077 208
stats: page 335 2680.3568626865695 8860.951173605534 54809.135 0.518 4615.696196836555 569
stats: 302 0 71
stats: 200 21 310
stats: size_rcv 216888 2029114
stats: newphase 1 3
stats: 502 276 421
stats: size_sent 154275 591917
stats: connected 54 245
stats: 400 37 54
stats: 404 8 55
# stats: dump at 1575517683
stats: users 339 339
stats: {load,"tsung_controller@ip-172-31-22-181"} 1 0.0 0.0 0.0 0.0 0.0 10
stats: {recvpackets,"tsung_controller@ip-172-31-22-181"} 1 861.0 0.0 861 66 335.77777777777777 9
stats: {sentpackets,"tsung_controller@ip-172-31-22-181"} 1 1118.0 0.0 1118 88 329.3333333333333 9
stats: {cpu,"tsung_controller@ip-172-31-22-181"} 1 3.389830508474576 0.0 3.389830508474576 0.2004008016032064 0.864059923914317 10
stats: {freemem,"tsung_controller@ip-172-31-22-181"} 1 3482.3046875 0.0 3519.96484375 3482.3046875 3503.056640625 10
stats: session 5 37065.5262 31759.736781672775 99561.953 15231.98 0 0
stats: users_count 90 344
stats: finish_users_count 5 5
stats: request 609 92.75652380952387 2236.035500944124 55228.142 0.468 3868.551299670693 911
stats: connect 153 1.2230196078431375 0.6328359085870773 21.589 0.755 1.8146254180602006 299
stats: page 591 95.58394247038918 2269.7718787342897 55228.142 0.468 3898.507394911505 904
stats: 302 0 71
stats: 200 1 311
stats: size_rcv 175175 2204289
stats: newphase 0 3
stats: 502 530 951
stats: size_sent 248357 840274
stats: connected 71 316
stats: 400 78 132
stats: 404 0 55
# stats: dump at 1575517693
stats: users 411 411
stats: {load,"tsung_controller@ip-172-31-22-181"} 1 0.0 0.0 0.0 0.0 0.0 11
stats: {recvpackets,"tsung_controller@ip-172-31-22-181"} 1 1334.0 0.0 1334 66 388.3 10
stats: {sentpackets,"tsung_controller@ip-172-31-22-181"} 1 1.9e3 0.0 1900 88 408.2 10
stats: {cpu,"tsung_controller@ip-172-31-22-181"} 1 6.132542037586548 0.0 6.132542037586548 0.2004008016032064 1.0936754316016133 11
stats: {freemem,"tsung_controller@ip-172-31-22-181"} 1 3475.9140625 0.0 3519.96484375 3475.9140625 3501.170099431818 11
stats: session 16 51275.1350625 27319.64740784622 113261.811 15231.98 37065.5262 5
stats: users_count 88 432
stats: finish_users_count 16 21
stats: request 915 2203.3127136612025 10070.58873703369 59211.583 0.468 2355.74931381579 1520
stats: connect 186 1.228682795698925 0.569696817524515 21.589 0.751 1.6143694690265489 452
stats: page 848 2377.4001250000006 10441.060886121877 59211.583 0.468 2395.1443444816055 1495
stats: 302 1 72
stats: 504 1 1
stats: 200 30 341
stats: size_rcv 443391 2647680
stats: newphase 0 3
stats: 502 774 1725
stats: size_sent 419560 1259834
stats: connected 70 386
stats: 400 99 231
stats: 404 10 65
# stats: dump at 1575517703
stats: users 392 420
stats: {load,"tsung_controller@ip-172-31-22-181"} 1 0.0 0.0 0.0 0.0 0.0 12
stats: {recvpackets,"tsung_controller@ip-172-31-22-181"} 1 1873.0 0.0 1873 66 474.27272727272725 11
stats: {sentpackets,"tsung_controller@ip-172-31-22-181"} 1 2606.0 0.0 2606 88 543.8181818181819 11
stats: {cpu,"tsung_controller@ip-172-31-22-181"} 1 6.752730883813307 0.0 6.752730883813307 0.2004008016032064 1.5135809821003576 12
stats: {freemem,"tsung_controller@ip-172-31-22-181"} 1 3471.08203125 0.0 3519.96484375 3471.08203125 3499.0654296875 12
stats: session 29 40755.683448275864 26584.92717508778 116578.497 14523.634 47891.894857142855 21
stats: users_count 10 442
stats: finish_users_count 29 50
stats: request 816 1503.240925245096 9248.262821257598 59888.253 0.468 2298.4682094455857 2435
stats: connect 91 1.3032087912087906 1.05727759998933 21.589 0.73 1.5019278996865206 638
stats: page 689 1780.336454281566 10040.040904457866 59888.253 0.468 2388.7221941954763 2343
stats: 302 1 73
stats: 504 18 19
stats: 200 2 343
stats: size_rcv 249407 2897087
stats: newphase 0 3
stats: 502 734 2459
stats: size_sent 394724 1654558
stats: connected 2 388
stats: 400 61 292
stats: 404 0 65
# stats: dump at 1575517713
stats: users 340 420
stats: {load,"tsung_controller@ip-172-31-22-181"} 1 0.0 0.0 0.0 0.0 0.0 13
stats: {recvpackets,"tsung_controller@ip-172-31-22-181"} 1 1151.0 0.0 1873 66 590.8333333333334 12
stats: {sentpackets,"tsung_controller@ip-172-31-22-181"} 1 1869.0 0.0 2606 88 715.6666666666666 12
stats: {cpu,"tsung_controller@ip-172-31-22-181"} 1 2.3069207622868606 0.0 6.752730883813307 0.2004008016032064 1.9165925130013537 13
stats: {freemem,"tsung_controller@ip-172-31-22-181"} 1 3469.53515625 0.0 3519.96484375 3469.53515625 3496.912860576923 13
stats: session 52 50429.593923076936 32474.908414128124 132222.905 13183.818 43752.89224 50
stats: users_count 0 442
stats: finish_users_count 52 102
stats: request 624 3244.2217131410266 13504.348021595688 59978.154 0.468 2098.866405721316 3251
stats: connect 8 1.2985000000000002 0.30883369311006204 21.589 0.73 1.4771220850480111 729
stats: page 463 4372.36167170625 15519.334363733296 59978.154 0.468 2250.470949208443 3032
stats: 302 0 73
stats: 504 32 51
stats: 200 2 345
stats: size_rcv 198594 3095681
stats: newphase 0 3
stats: 502 584 3043
stats: size_sent 303921 1958479
stats: connected -51 337
stats: 400 6 298
stats: 404 0 65
# stats: dump at 1575517723
stats: users 306 420
stats: {load,"tsung_controller@ip-172-31-22-181"} 1 0.0 0.0 0.0 0.0 0.0 14
stats: {recvpackets,"tsung_controller@ip-172-31-22-181"} 1 775.0 0.0 1873 66 633.9230769230769 13
stats: {sentpackets,"tsung_controller@ip-172-31-22-181"} 1 1345.0 0.0 2606 88 804.3846153846154 13
stats: {cpu,"tsung_controller@ip-172-31-22-181"} 1 1.0060362173038229 0.0 6.752730883813307 0.2004008016032064 1.9444731022360329 14
stats: {freemem,"tsung_controller@ip-172-31-22-181"} 1 3469.3125 0.0 3519.96484375 3469.3125 3494.9573102678573 14
stats: session 34 50783.1250882353 31070.898779374693 141259.11 13183.818 47156.70094117648 102
stats: users_count 0 442
stats: finish_users_count 34 136
stats: request 542 3920.701324723251 14478.943353033947 59978.154 0.468 2283.30555716129 3875
stats: connect 21 1.185238095238095 0.22380112446245126 21.589 0.73 1.4751831750339213 737
stats: page 411 5170.384019464716 16431.614934330733 59978.154 0.468 2531.568346781114 3495
stats: 302 3 76
stats: 504 15 66
stats: 200 12 357
stats: size_rcv 239528 3335209
stats: newphase 0 3
stats: 502 482 3525
stats: size_sent 295651 2254130
stats: connected -36 301
stats: 400 23 321
stats: 404 0 65
stats: 500 7 7
# stats: dump at 1575517733
stats: users 258 420
stats: {load,"tsung_controller@ip-172-31-22-181"} 1 0.0 0.0 0.0 0.0 0.0 15
stats: {recvpackets,"tsung_controller@ip-172-31-22-181"} 1 811.0 0.0 1873 66 644.0 14
stats: {sentpackets,"tsung_controller@ip-172-31-22-181"} 1 1243.0 0.0 2606 88 843.0 14
stats: {cpu,"tsung_controller@ip-172-31-22-181"} 1 1.60481444332999 0.0 6.752730883813307 0.2004008016032064 1.8819106432405521 15
stats: {freemem,"tsung_controller@ip-172-31-22-181"} 1 3468.59765625 0.0 3519.96484375 3468.59765625 3493.24765625 15
stats: session 48 69606.13177083335 37683.73876670301 153862.128 13183.818 48063.30697794119 136
stats: users_count 0 442
stats: finish_users_count 48 184
stats: request 537 1553.4659087523298 9480.28413111908 59978.154 0.468 2484.2266588182024 4417
stats: connect 13 1.2761538461538462 0.33975077883056626 21.589 0.73 1.4671503957783643 758
stats: page 383 2178.1206370757222 11164.849302768587 59978.154 0.468 2809.2317470558096 3906
stats: 302 0 76
stats: 504 14 80
stats: 200 0 357
stats: size_rcv 162792 3498001
stats: newphase 0 3
stats: 502 513 4038
stats: size_sent 305878 2560008
stats: connected -45 256
stats: 400 10 331
stats: 404 0 65
stats: 500 0 7
# stats: dump at 1575517743
stats: users 219 420
stats: {load,"tsung_controller@ip-172-31-22-181"} 1 0.0 0.0 0.0 0.0 0.0 16
stats: {recvpackets,"tsung_controller@ip-172-31-22-181"} 1 656.0 0.0 1873 66 655.1333333333333 15
stats: {sentpackets,"tsung_controller@ip-172-31-22-181"} 1 1181.0 0.0 2606 88 869.6666666666666 15
stats: {cpu,"tsung_controller@ip-172-31-22-181"} 1 1.402805611222445 0.0 6.752730883813307 0.2004008016032064 1.864592130746142 16
stats: {freemem,"tsung_controller@ip-172-31-22-181"} 1 3469.33203125 0.0 3519.96484375 3468.59765625 3491.70703125 16
stats: session 39 83973.60941025642 33167.89569972926 154680.053 13183.818 53683.17431521741 184
stats: users_count 0 442
stats: finish_users_count 39 223
stats: request 324 2814.3978456790123 12308.118368168665 60000.848 0.468 2383.3347486879293 4954
stats: connect 7 2.4497142857142857 2.6656528395919246 21.589 0.73 1.4639299610894942 771
stats: page 227 3775.72960352423 14144.011919750394 60000.848 0.468 2752.8746579622275 4289
stats: 302 1 77
stats: 504 1 81
stats: 200 7 364
stats: size_rcv 149214 3647215
stats: newphase 0 3
stats: 502 305 4343
stats: size_sent 186025 2746033
stats: connected -36 220
stats: 400 4 335
stats: 404 0 65
stats: 500 6 13
# stats: dump at 1575517753
stats: users 207 420
stats: {load,"tsung_controller@ip-172-31-22-181"} 1 0.078125 0.0 0.078125 0.0 0.0 17
stats: {recvpackets,"tsung_controller@ip-172-31-22-181"} 1 439.0 0.0 1873 66 655.1875 16
stats: {sentpackets,"tsung_controller@ip-172-31-22-181"} 1 688.0 0.0 2606 88 889.125 16
stats: {cpu,"tsung_controller@ip-172-31-22-181"} 1 13.043478260869565 0.0 13.043478260869565 0.2004008016032064 1.8374282178329833 17
stats: {freemem,"tsung_controller@ip-172-31-22-181"} 1 3460.71875 0.0 3519.96484375 3460.71875 3490.3908547794117 17
stats: session 12 89200.22674999999 28424.29098193092 154680.053 13183.818 58980.60466816145 223
stats: users_count 0 442
stats: finish_users_count 12 235
stats: request 218 10280.039275229361 21226.711389903005 60000.848 0.468 2409.79637116332 5278
stats: connect 8 2.28975 2.3423862165535385 21.589 0.73 1.4727994858611824 778
stats: page 170 11745.720658823535 22441.948903627876 60000.848 0.468 2804.2892001771465 4516
stats: 302 1 78
stats: 504 16 97
stats: 200 9 373
stats: size_rcv 130744 3777959
stats: newphase 0 3
stats: 502 166 4509
stats: 422 2 2
stats: size_sent 139728 2885761
stats: connected -16 204
stats: 400 14 349
stats: 404 0 65
stats: 500 10 23
# stats: dump at 1575517763
stats: users 193 420
stats: {load,"tsung_controller@ip-172-31-22-181"} 1 0.0703125 0.0 0.078125 0.0 0.004340277777777778 18
stats: {recvpackets,"tsung_controller@ip-172-31-22-181"} 1 406.0 0.0 1873 66 642.4705882352941 17
stats: {sentpackets,"tsung_controller@ip-172-31-22-181"} 1 507.0 0.0 2606 88 877.2941176470588 17
stats: {cpu,"tsung_controller@ip-172-31-22-181"} 1 5.205205205205205 0.0 13.043478260869565 0.2004008016032064 2.459986553557238 18
stats: {freemem,"tsung_controller@ip-172-31-22-181"} 1 3463.47265625 0.0 3519.96484375 3460.71875 3488.7424045138887 18
stats: session 14 98307.80757142858 28444.506051729335 170283.277 13183.818 60523.73430638299 235
stats: users_count 0 442
stats: finish_users_count 14 249
stats: request 220 5700.47628636364 14656.910903245602 60000.848 0.468 2721.9712170669586 5496
stats: connect 8 2.20075 2.195209998496727 21.589 0.73 1.4811145038167939 786
stats: page 150 5159.701099999997 13993.02047108266 60000.848 0.468 3128.66891591976 4686
stats: 302 0 78
stats: 504 0 97
stats: 200 3 376
stats: size_rcv 107322 3885281
stats: newphase 0 3
stats: 502 187 4696
stats: 422 1 3
stats: size_sent 126515 3012276
stats: connected -11 193
stats: 400 15 364
stats: 404 0 65
stats: 500 14 37
# stats: dump at 1575517773
stats: users 173 420
stats: {load,"tsung_controller@ip-172-31-22-181"} 1 0.05859375 0.0 0.078125 0.0 0.0078125 19
stats: {recvpackets,"tsung_controller@ip-172-31-22-181"} 1 378.0 0.0 1873 66 629.3333333333334 18
stats: {sentpackets,"tsung_controller@ip-172-31-22-181"} 1 532.0 0.0 2606 88 856.7222222222222 18
stats: {cpu,"tsung_controller@ip-172-31-22-181"} 1 0.7007007007007007 0.0 13.043478260869565 0.2004008016032064 2.604471745749236 19
stats: {freemem,"tsung_controller@ip-172-31-22-181"} 1 3463.33984375 0.0 3519.96484375 3460.71875 3487.412417763158 19
stats: session 20 102685.70445 25492.00669515344 170283.277 13183.818 62648.140032128525 249
stats: users_count 0 442
stats: finish_users_count 20 269
stats: request 199 4717.583115577887 14164.244662994357 60000.848 0.468 2836.6092708187552 5716
stats: connect 0 0 0 21.589 0.73 1.4883652392947102 794
stats: page 126 4962.944301587305 14695.525396296505 60000.848 0.468 3191.6661921009086 4836
stats: 302 2 80
stats: 504 2 99
stats: 200 1 377
stats: size_rcv 81957 3967238
stats: newphase 0 3
stats: 502 179 4875
stats: 422 2 5
stats: size_sent 101893 3114169
stats: connected -21 172
stats: 400 7 371
stats: 404 0 65
stats: 500 6 43
# stats: dump at 1575517783
stats: users 156 420
stats: {load,"tsung_controller@ip-172-31-22-181"} 1 0.05078125 0.0 0.078125 0.0 0.0103515625 20
stats: {recvpackets,"tsung_controller@ip-172-31-22-181"} 1 256.0 0.0 1873 66 616.1052631578947 19
stats: {sentpackets,"tsung_controller@ip-172-31-22-181"} 1 426.0 0.0 2606 88 839.6315789473684 19
stats: {cpu,"tsung_controller@ip-172-31-22-181"} 1 0.40040040040040037 0.0 13.043478260869565 0.2004008016032064 2.509283193496809 20
stats: {freemem,"tsung_controller@ip-172-31-22-181"} 1 3463.36328125 0.0 3519.96484375 3460.71875 3486.2087890625 20
stats: session 17 116237.67752941175 33913.05557529535 186983.466 13183.818 65624.91062081786 269
stats: users_count 0 442
stats: finish_users_count 17 286
stats: request 160 24193.26573749998 16109.21949559572 60000.848 0.468 2899.8914001690628 5915
stats: connect 0 0 0 21.589 0.73 1.4883652392947102 794
stats: page 110 32381.849445454536 25430.14806657832 90408.978 0.468 3236.6442335751703 4962
stats: 302 8 88
stats: 504 8 107
stats: 200 5 382
stats: size_rcv 179151 4146389
stats: newphase 0 3
stats: 502 38 4913
stats: 422 11 16
stats: size_sent 78613 3192782
stats: connected -17 155
stats: 400 40 411
stats: 404 3 68
stats: 500 47 90
# stats: dump at 1575517793
stats: users 152 420
stats: {load,"tsung_controller@ip-172-31-22-181"} 1 0.0390625 0.0 0.078125 0.0 0.012276785714285714 21
stats: {recvpackets,"tsung_controller@ip-172-31-22-181"} 1 416.0 0.0 1873 66 598.0999999999999 20
stats: {sentpackets,"tsung_controller@ip-172-31-22-181"} 1 360.0 0.0 2606 88 818.95 20
stats: {cpu,"tsung_controller@ip-172-31-22-181"} 1 0.5934718100890208 0.0 13.043478260869565 0.2004008016032064 2.408860203349361 21
stats: {freemem,"tsung_controller@ip-172-31-22-181"} 1 3463.078125 0.0 3519.96484375 3460.71875 3485.1209077380954 21
stats: session 4 117116.66575 6707.648589511435 186983.466 13183.818 68633.3618006993 286
stats: users_count 0 442
stats: finish_users_count 4 290
stats: request 39 7328.673076923073 6457.2705886022495 60000.848 0.468 3460.7045514403294 6075
stats: connect 2 3.202 1.454 21.589 0.73 1.4883652392947102 794
stats: page 31 25862.848806451613 24456.835706396596 90408.978 0.468 3868.736617902207 5072
stats: 302 1 89
stats: 504 0 107
stats: 200 0 382
stats: size_rcv 44964 4191353
stats: newphase 0 3
stats: 502 13 4926
stats: 422 4 20
stats: size_sent 41476 3234258
stats: connected -3 152
stats: 400 5 416
stats: 404 4 72
stats: 500 12 102
# stats: dump at 1575517803
stats: users 148 420
stats: {load,"tsung_controller@ip-172-31-22-181"} 1 0.03125 0.0 0.078125 0.0 0.013494318181818182 22
stats: {recvpackets,"tsung_controller@ip-172-31-22-181"} 1 143.0 0.0 1873 66 589.4285714285713 21
stats: {sentpackets,"tsung_controller@ip-172-31-22-181"} 1 259.0 0.0 2606 88 797.0952380952381 21
stats: {cpu,"tsung_controller@ip-172-31-22-181"} 1 2.091633466135458 0.0 13.043478260869565 0.2004008016032064 2.326342549110255 22
stats: {freemem,"tsung_controller@ip-172-31-22-181"} 1 3462.3515625 0.0 3519.96484375 3460.71875 3484.118963068182 22
stats: session 4 140114.2825 19181.19573083498 186983.466 13183.818 69302.0970275862 290
stats: users_count 0 442
stats: finish_users_count 4 294
stats: request 38 3170.5116578947363 13274.112204029416 60000.848 0.468 3485.3775596990517 6114
stats: connect 0 0 0 21.589 0.73 1.4926708542713567 796
stats: page 27 4462.232814814815 15563.549893570193 90408.978 0.468 4002.3477246717607 5103
stats: 302 0 89
stats: 504 2 109
stats: 200 0 382
stats: size_rcv 11454 4202807
stats: newphase 0 3
stats: 502 36 4962
stats: 422 0 20
stats: size_sent 20384 3254642
stats: connected -4 148
stats: 400 0 416
stats: 404 0 72
stats: 500 0 102
# stats: dump at 1575517813
stats: users 148 420
stats: {load,"tsung_controller@ip-172-31-22-181"} 1 0.03125 0.0 0.078125 0.0 0.014266304347826086 23
stats: {recvpackets,"tsung_controller@ip-172-31-22-181"} 1 54.0 0.0 1873 54 569.1363636363635 22
stats: {sentpackets,"tsung_controller@ip-172-31-22-181"} 1 79.0 0.0 2606 79 772.6363636363636 22
stats: {cpu,"tsung_controller@ip-172-31-22-181"} 1 0.2997002997002997 0.0 13.043478260869565 0.2004008016032064 2.31613780637222 23
stats: {freemem,"tsung_controller@ip-172-31-22-181"} 1 3462.359375 0.0 3519.96484375 3460.71875 3483.172554347826 23
stats: session 0 0 0 186983.466 13183.818 70265.52812244897 294
stats: users_count 0 442
stats: finish_users_count 0 294
stats: request 24 4303.14 11473.708716248822 60000.848 0.468 3483.432679291288 6152
stats: connect 0 0 0 21.589 0.73 1.4926708542713567 796
stats: page 14 7376.901714285715 14412.052736400454 90408.978 0.468 4004.7681725146185 5130
stats: 302 0 89
stats: 504 1 110
stats: 200 0 382
stats: size_rcv 7297 4210104
stats: newphase 0 3
stats: 502 23 4985
stats: 422 0 20
stats: size_sent 17741 3272383
stats: connected 0 148
stats: 400 0 416
stats: 404 0 72
stats: 500 0 102
# stats: dump at 1575517823
stats: users 145 420
stats: {load,"tsung_controller@ip-172-31-22-181"} 1 0.01953125 0.0 0.078125 0.0 0.014973958333333334 24
stats: {recvpackets,"tsung_controller@ip-172-31-22-181"} 1 52.0 0.0 1873 52 546.7391304347824 23
stats: {sentpackets,"tsung_controller@ip-172-31-22-181"} 1 51.0 0.0 2606 51 742.4782608695652 23
stats: {cpu,"tsung_controller@ip-172-31-22-181"} 1 0.1002004008016032 0.0 13.043478260869565 0.1002004008016032 2.232119576927557 24
stats: {freemem,"tsung_controller@ip-172-31-22-181"} 1 3462.375 0.0 3519.96484375 3460.71875 3482.3053385416665 24
stats: session 3 155550.63133333332 22773.774980273916 186987.976 13183.818 70265.52812244897 294
stats: users_count 0 442
stats: finish_users_count 3 297
stats: request 16 9848.17125 18881.184344142373 60000.848 0.468 3486.618070433938 6176
stats: connect 0 0 0 21.589 0.73 1.4926708542713567 796
stats: page 11 14324.665727272724 21467.904741982515 90408.978 0.468 4013.9458298989107 5144
stats: 302 0 89
stats: 504 2 112
stats: 200 0 382
stats: size_rcv 4546 4214650
stats: newphase 0 3
stats: 502 14 4999
stats: 422 0 20
stats: size_sent 13266 3285649
stats: connected -3 145
stats: 400 0 416
stats: 404 0 72
stats: 500 0 102
# stats: dump at 1575517833
stats: users 145 420
stats: {load,"tsung_controller@ip-172-31-22-181"} 1 0.01953125 0.0 0.078125 0.0 0.01515625 25
stats: {recvpackets,"tsung_controller@ip-172-31-22-181"} 1 36.0 0.0 1873 36 526.1249999999998 24
stats: {sentpackets,"tsung_controller@ip-172-31-22-181"} 1 38.0 0.0 2606 38 713.6666666666666 24
stats: {cpu,"tsung_controller@ip-172-31-22-181"} 1 0.1002004008016032 0.0 13.043478260869565 0.1002004008016032 2.1468428098825187 25
stats: {freemem,"tsung_controller@ip-172-31-22-181"} 1 3462.3828125 0.0 3519.96484375 3460.71875 3481.508125 25
stats: session 0 0 0 186987.976 13183.818 71126.99381144781 297
stats: users_count 0 442
stats: finish_users_count 0 297
stats: request 11 5446.521454545455 4075.3561787891817 60000.848 0.468 3503.0561923449613 6192
stats: connect 1 22.443 0.0 22.443 0.73 1.4926708542713567 796
stats: page 6 8724.252333333332 5343.284421472111 90408.978 0.468 4035.9473660523754 5155
stats: 302 0 89
stats: 504 0 112
stats: 200 0 382
stats: size_rcv 3454 4218104
stats: newphase 0 3
stats: 502 11 5010
stats: 422 0 20
stats: size_sent 7083 3292732
stats: connected 0 145
stats: 400 0 416
stats: 404 0 72
stats: 500 0 102
# stats: dump at 1575517843
stats: users 116 420
stats: {load,"tsung_controller@ip-172-31-22-181"} 1 0.01953125 0.0 0.078125 0.0 0.01532451923076923 26
stats: {recvpackets,"tsung_controller@ip-172-31-22-181"} 1 24.0 0.0 1873 24 506.51999999999975 25
stats: {sentpackets,"tsung_controller@ip-172-31-22-181"} 1 25.0 0.0 2606 25 686.64 25
stats: {cpu,"tsung_controller@ip-172-31-22-181"} 1 0.29940119760479045 0.0 13.043478260869565 0.1002004008016032 2.0681257941486377 26
stats: {freemem,"tsung_controller@ip-172-31-22-181"} 1 3462.390625 0.0 3519.96484375 3460.71875 3480.7725360576924 26
stats: session 29 182091.12203448272 29634.675838878702 234364.535 13183.818 71126.99381144781 297
stats: users_count 0 442
stats: finish_users_count 29 326
stats: request 229 21681.507602620102 27669.796250559906 60000.848 0.468 3506.5026082540708 6203
stats: connect 4 1.48875 0.4803646401432979 22.443 0.73 1.518957340025094 797
stats: page 162 35768.49632098765 35284.185837019664 94871.025 0.468 4041.397827165277 5161
stats: 302 0 89
stats: 504 79 191
stats: 200 0 382
stats: size_rcv 51785 4269889
stats: newphase 0 3
stats: 502 145 5155
stats: 422 0 20
stats: size_sent 91262 3383994
stats: connected -23 122
stats: 400 5 421
stats: 404 0 72
stats: 500 0 102
# stats: dump at 1575517853
stats: users 39 420
stats: {load,"tsung_controller@ip-172-31-22-181"} 1 0.01171875 0.0 0.078125 0.0 0.015480324074074073 27
stats: {recvpackets,"tsung_controller@ip-172-31-22-181"} 1 631.0 0.0 1873 24 487.9615384615382 26
stats: {sentpackets,"tsung_controller@ip-172-31-22-181"} 1 640.0 0.0 2606 25 661.1923076923077 26
stats: {cpu,"tsung_controller@ip-172-31-22-181"} 1 0.9018036072144289 0.0 13.043478260869565 0.1002004008016032 2.0026174757581248 27
stats: {freemem,"tsung_controller@ip-172-31-22-181"} 1 3462.28125 0.0 3519.96484375 3460.71875 3480.091724537037 27
stats: session 77 192129.65884415593 26666.61346607097 269856.19 13183.818 80998.03589263803 326
stats: users_count 0 442
stats: finish_users_count 77 403
stats: request 396 7802.359356060616 19871.777921572702 60000.848 0.468 4153.591560945274 6432
stats: connect 2 1.3090000000000002 0.2049999999999999 22.443 0.73 1.5188064918851434 801
stats: page 264 11945.460613636369 23987.478823451125 94871.025 0.468 5006.979257937252 5323
stats: 302 0 89
stats: 504 51 242
stats: 200 0 382
stats: size_rcv 112155 4382044
stats: newphase 0 3
stats: 502 345 5500
stats: 422 0 20
stats: size_sent 217737 3601731
stats: connected -81 41
stats: 400 0 421
stats: 404 0 72
stats: 500 0 102
# stats: dump at 1575517863
stats: users 36 420
stats: {load,"tsung_controller@ip-172-31-22-181"} 1 0.01171875 0.0 0.078125 0.0 0.015345982142857142 28
stats: {recvpackets,"tsung_controller@ip-172-31-22-181"} 1 688.0 0.0 1873 24 493.25925925925907 27
stats: {sentpackets,"tsung_controller@ip-172-31-22-181"} 1 889.0 0.0 2606 25 660.4074074074074 27
stats: {cpu,"tsung_controller@ip-172-31-22-181"} 1 2.6026026026026026 0.0 13.043478260869565 0.1002004008016032 1.9633026947387069 28
stats: {freemem,"tsung_controller@ip-172-31-22-181"} 1 3468.44921875 0.0 3519.96484375 3460.71875 3479.455636160714 28
stats: session 3 215023.02333333335 26669.831850666436 269856.19 13183.818 102231.62141935485 403
stats: users_count 0 442
stats: finish_users_count 3 406
stats: request 34 1967.6497352941176 9962.51583978829 60000.848 0.468 4365.207267867605 6828
stats: connect 0 0 0 22.443 0.73 1.518283935242839 803
stats: page 22 3040.9682727272725 12253.906464124975 94871.025 0.468 5334.8401990334705 5587
stats: 302 0 89
stats: 504 1 243
stats: 200 0 382
stats: size_rcv 10437 4392481
stats: newphase 0 3
stats: 502 33 5533
stats: 422 0 20
stats: size_sent 37419 3639150
stats: connected -5 36
stats: 400 0 421
stats: 404 0 72
stats: 500 0 102
# stats: dump at 1575517873
stats: users 36 420
stats: {load,"tsung_controller@ip-172-31-22-181"} 1 0.01171875 0.0 0.078125 0.0 0.015220905172413793 29
stats: {recvpackets,"tsung_controller@ip-172-31-22-181"} 1 70.0 0.0 1873 24 500.2142857142855 28
stats: {sentpackets,"tsung_controller@ip-172-31-22-181"} 1 74.0 0.0 2606 25 668.5714285714286 28
stats: {cpu,"tsung_controller@ip-172-31-22-181"} 1 0.20020020020020018 0.0 13.043478260869565 0.1002004008016032 1.9853475191478067 29
stats: {freemem,"tsung_controller@ip-172-31-22-181"} 1 3468.484375 0.0 3519.96484375 3460.71875 3479.076104525862 29
stats: session 0 0 0 269856.19 13183.818 103065.05542364533 406
stats: users_count 0 442
stats: finish_users_count 0 406
stats: request 0 0 0 60000.848 0.468 4353.327793063248 6862
stats: connect 0 0 0 22.443 0.73 1.518283935242839 803
stats: page 0 0 0 94871.025 0.468 5325.843019076485 5609
stats: 302 0 89
stats: 504 0 243
stats: 200 0 382
stats: size_rcv 0 4392481
stats: newphase 0 3
stats: 502 0 5533
stats: 422 0 20
stats: size_sent 3849 3642999
stats: connected 0 36
stats: 400 0 421
stats: 404 0 72
stats: 500 0 102
# stats: dump at 1575517883
stats: users 36 420
stats: {load,"tsung_controller@ip-172-31-22-181"} 1 0.01171875 0.0 0.078125 0.0 0.015104166666666667 30
stats: {recvpackets,"tsung_controller@ip-172-31-22-181"} 1 4.0 0.0 1873 4 485.3793103448274 29
stats: {sentpackets,"tsung_controller@ip-172-31-22-181"} 1 5.0 0.0 2606 5 648.0689655172414 29
stats: {cpu,"tsung_controller@ip-172-31-22-181"} 1 0.1 0.0 13.043478260869565 0.1 1.92584260851622 30
stats: {freemem,"tsung_controller@ip-172-31-22-181"} 1 3468.50390625 0.0 3519.96484375 3460.71875 3478.723046875 30
stats: session 0 0 0 269856.19 13183.818 103065.05542364533 406
stats: users_count 0 442
stats: finish_users_count 0 406
stats: request 0 0 0 60000.848 0.468 4353.327793063248 6862
stats: connect 0 0 0 22.443 0.73 1.518283935242839 803
stats: page 0 0 0 94871.025 0.468 5325.843019076485 5609
stats: 302 0 89
stats: 504 0 243
stats: 200 0 382
stats: size_rcv 0 4392481
stats: newphase 0 3
stats: 502 0 5533
stats: 422 0 20
stats: size_sent 2372 3645371
stats: connected 0 36
stats: 400 0 421
stats: 404 0 72
stats: 500 0 102
# stats: dump at 1575517893
stats: users 36 420
stats: {load,"tsung_controller@ip-172-31-22-181"} 1 0.0 0.0 0.078125 0.0 0.014994959677419355 31
stats: {recvpackets,"tsung_controller@ip-172-31-22-181"} 1 3.0 0.0 1873 3 469.33333333333314 30
stats: {sentpackets,"tsung_controller@ip-172-31-22-181"} 1 3.0 0.0 2606 3 626.6333333333333 30
stats: {cpu,"tsung_controller@ip-172-31-22-181"} 1 0.1 0.0 13.043478260869565 0.1 1.8669444598544065 31
stats: {freemem,"tsung_controller@ip-172-31-22-181"} 1 3468.50390625 0.0 3519.96484375 3460.71875 3478.3933971774195 31
stats: session 0 0 0 269856.19 13183.818 103065.05542364533 406
stats: users_count 0 442
stats: finish_users_count 0 406
stats: request 0 0 0 60000.848 0.468 4353.327793063248 6862
stats: connect 0 0 0 22.443 0.73 1.518283935242839 803
stats: page 0 0 0 94871.025 0.468 5325.843019076485 5609
stats: 302 0 89
stats: 504 0 243
stats: 200 0 382
stats: size_rcv 0 4392481
stats: newphase 0 3
stats: 502 0 5533
stats: 422 0 20
stats: size_sent 740 3646111
stats: connected 0 36
stats: 400 0 421
stats: 404 0 72
stats: 500 0 102
# stats: dump at 1575517903
stats: users 36 420
stats: {load,"tsung_controller@ip-172-31-22-181"} 1 0.0 0.0 0.078125 0.0 0.0145263671875 32
stats: {recvpackets,"tsung_controller@ip-172-31-22-181"} 1 7.0 0.0 1873 3 454.290322580645 31
stats: {sentpackets,"tsung_controller@ip-172-31-22-181"} 1 7.0 0.0 2606 3 606.516129032258 31
stats: {cpu,"tsung_controller@ip-172-31-22-181"} 1 0.0 0.0 13.043478260869565 0.0 1.8117274454839563 32
stats: {freemem,"tsung_controller@ip-172-31-22-181"} 1 3468.52734375 0.0 3519.96484375 3460.71875 3478.0843505859375 32
stats: session 0 0 0 269856.19 13183.818 103065.05542364533 406
stats: users_count 0 442
stats: finish_users_count 0 406
stats: request 1 59703.919 0.0 60000.848 0.468 4353.327793063248 6862
stats: connect 0 0 0 22.443 0.73 1.518283935242839 803
stats: page 0 0 0 94871.025 0.468 5325.843019076485 5609
stats: 302 0 89
stats: 504 1 244
stats: 200 0 382
stats: size_rcv 75 4392556
stats: newphase 0 3
stats: 502 0 5533
stats: 422 0 20
stats: size_sent 1459 3647570
stats: connected 0 36
stats: 400 0 421
stats: 404 0 72
stats: 500 0 102
# stats: dump at 1575517913
stats: users 35 420
stats: {load,"tsung_controller@ip-172-31-22-181"} 1 0.0 0.0 0.078125 0.0 0.014086174242424242 33
stats: {recvpackets,"tsung_controller@ip-172-31-22-181"} 1 3.0 0.0 1873 3 440.31249999999983 32
stats: {sentpackets,"tsung_controller@ip-172-31-22-181"} 1 3.0 0.0 2606 3 587.78125 32
stats: {cpu,"tsung_controller@ip-172-31-22-181"} 1 0.19960079840319359 0.0 13.043478260869565 0.0 1.7568266138026243 33
stats: {freemem,"tsung_controller@ip-172-31-22-181"} 1 3468.53125 0.0 3519.96484375 3460.71875 3477.794744318182 33
stats: session 1 222523.759 0.0 269856.19 13183.818 103065.05542364533 406
stats: users_count 0 442
stats: finish_users_count 1 407
stats: request 2 59631.493 235.8130000000001 60000.848 0.468 4361.392865365001 6863
stats: connect 0 0 0 22.443 0.73 1.518283935242839 803
stats: page 1 59395.68 0.0 94871.025 0.468 5325.843019076485 5609
stats: 302 0 89
stats: 504 2 246
stats: 200 0 382
stats: size_rcv 150 4392706
stats: newphase 0 3
stats: 502 0 5533
stats: 422 0 20
stats: size_sent 1090 3648660
stats: connected -2 34
stats: 400 0 421
stats: 404 0 72
stats: 500 0 102
# stats: dump at 1575517923
stats: users 30 420
stats: {load,"tsung_controller@ip-172-31-22-181"} 1 0.0 0.0 0.078125 0.0 0.013671875 34
stats: {recvpackets,"tsung_controller@ip-172-31-22-181"} 1 14.0 0.0 1873 3 427.0606060606059 33
stats: {sentpackets,"tsung_controller@ip-172-31-22-181"} 1 15.0 0.0 2606 3 570.060606060606 33
stats: {cpu,"tsung_controller@ip-172-31-22-181"} 1 0.0 0.0 13.043478260869565 0.0 1.7110258545261705 34
stats: {freemem,"tsung_controller@ip-172-31-22-181"} 1 3468.5546875 0.0 3519.96484375 3460.71875 3477.522288602941 34
stats: session 5 267868.16260000004 25036.24084260161 300319.446 13183.818 103358.56575184278 407
stats: users_count 0 442
stats: finish_users_count 5 412
stats: request 22 59585.10981818181 300.49754278145923 60000.848 0.468 4377.494861034233 6865
stats: connect 0 0 0 22.443 0.73 1.518283935242839 803
stats: page 13 59562.57907692307 344.6693230471257 94871.025 0.468 5335.481136185384 5610
stats: 302 0 89
stats: 504 22 268
stats: 200 0 382
stats: size_rcv 1650 4394356
stats: newphase 0 3
stats: 502 0 5533
stats: 422 0 20
stats: size_sent 9459 3658119
stats: connected -5 29
stats: 400 0 421
stats: 404 0 72
stats: 500 0 102
# stats: dump at 1575517933
stats: users 30 420
stats: {load,"tsung_controller@ip-172-31-22-181"} 1 0.0 0.0 0.078125 0.0 0.01328125 35
stats: {recvpackets,"tsung_controller@ip-172-31-22-181"} 1 37.0 0.0 1873 3 414.9117647058822 34
stats: {sentpackets,"tsung_controller@ip-172-31-22-181"} 1 40.0 0.0 2606 3 553.7352941176471 34
stats: {cpu,"tsung_controller@ip-172-31-22-181"} 1 0.2997002997002997 0.0 13.043478260869565 0.0 1.6621394015397084 35
stats: {freemem,"tsung_controller@ip-172-31-22-181"} 1 3474.40234375 0.0 3519.96484375 3460.71875 3477.2660714285716 35
stats: session 0 0 0 300319.446 13183.818 105355.0414417476 412
stats: users_count 0 442
stats: finish_users_count 0 412
stats: request 4 59310.10825 212.7413896182111 60000.848 0.468 4553.851406563092 6887
stats: connect 1 10.982 0.0 22.443 0.73 1.518283935242839 803
stats: page 4 59310.10825 212.7413896182111 94871.025 0.468 5460.850560554864 5623
stats: 302 0 89
stats: 504 4 272
stats: 200 0 382
stats: size_rcv 300 4394656
stats: newphase 0 3
stats: 502 0 5533
stats: 422 0 20
stats: size_sent 4389 3662508
stats: connected 1 30
stats: 400 0 421
stats: 404 0 72
stats: 500 0 102
# stats: dump at 1575517943
stats: users 30 420
stats: {load,"tsung_controller@ip-172-31-22-181"} 1 0.0 0.0 0.078125 0.0 0.012912326388888888 36
stats: {recvpackets,"tsung_controller@ip-172-31-22-181"} 1 11.0 0.0 1873 3 404.1142857142856 35
stats: {sentpackets,"tsung_controller@ip-172-31-22-181"} 1 12.0 0.0 2606 3 539.0571428571428 35
stats: {cpu,"tsung_controller@ip-172-31-22-181"} 1 0.1 0.0 13.043478260869565 0.0 1.624293870933058 36
stats: {freemem,"tsung_controller@ip-172-31-22-181"} 1 3474.4296875 0.0 3519.96484375 3460.71875 3477.1865234375005 36
stats: session 0 0 0 300319.446 13183.818 105355.0414417476 412
stats: users_count 0 442
stats: finish_users_count 0 412
stats: request 3 59766.20733333333 258.2365718875262 60000.848 0.468 4585.635621825571 6891
stats: connect 0 0 0 22.443 0.73 1.530054726368159 804
stats: page 3 59766.20733333333 258.2365718875262 94871.025 0.468 5499.129755642439 5627
stats: 302 0 89
stats: 504 3 275
stats: 200 0 382
stats: size_rcv 225 4394881
stats: newphase 0 3
stats: 502 0 5533
stats: 422 0 20
stats: size_sent 4259 3666767
stats: connected 0 30
stats: 400 0 421
stats: 404 0 72
stats: 500 0 102
# stats: dump at 1575517953
stats: users 30 420
stats: {load,"tsung_controller@ip-172-31-22-181"} 1 0.0 0.0 0.078125 0.0 0.012563344594594595 37
stats: {recvpackets,"tsung_controller@ip-172-31-22-181"} 1 87.0 0.0 1873 3 393.19444444444434 36
stats: {sentpackets,"tsung_controller@ip-172-31-22-181"} 1 194.0 0.0 2606 3 524.4166666666666 36
stats: {cpu,"tsung_controller@ip-172-31-22-181"} 1 2.293120638085743 0.0 13.043478260869565 0.0 1.5830967392862187 37
stats: {freemem,"tsung_controller@ip-172-31-22-181"} 1 3474.17578125 0.0 3519.96484375 3460.71875 3477.1120143581084 37
stats: session 0 0 0 300319.446 13183.818 105355.0414417476 412
stats: users_count 0 442
stats: finish_users_count 0 412
stats: request 1 59032.968 0.0 60000.848 0.468 4609.648055120397 6894
stats: connect 0 0 0 22.443 0.73 1.530054726368159 804
stats: page 1 59032.968 0.0 94871.025 0.468 5528.046493250445 5630
stats: 302 0 89
stats: 504 1 276
stats: 200 0 382
stats: size_rcv 75 4394956
stats: newphase 0 3
stats: 502 0 5533
stats: 422 0 20
stats: size_sent 1740 3668507
stats: connected 0 30
stats: 400 0 421
stats: 404 0 72
stats: 500 0 102
# stats: dump at 1575517963
stats: users 30 420
stats: {load,"tsung_controller@ip-172-31-22-181"} 1 0.0 0.0 0.078125 0.0 0.012232730263157895 38
stats: {recvpackets,"tsung_controller@ip-172-31-22-181"} 1 3.0 0.0 1873 3 384.91891891891885 37
stats: {sentpackets,"tsung_controller@ip-172-31-22-181"} 1 3.0 0.0 2606 3 515.4864864864865 37
stats: {cpu,"tsung_controller@ip-172-31-22-181"} 1 0.09980039920159679 0.0 13.043478260869565 0.0 1.6017815787283116 38
stats: {freemem,"tsung_controller@ip-172-31-22-181"} 1 3474.1796875 0.0 3519.96484375 3460.71875 3477.0347450657896 38
stats: session 0 0 0 300319.446 13183.818 105355.0414417476 412
stats: users_count 0 442
stats: finish_users_count 0 412
stats: request 2 59854.4765 144.70850000000064 60000.848 0.468 4617.541212472808 6895
stats: connect 0 0 0 22.443 0.73 1.530054726368159 804
stats: page 2 89706.4995 29996.731499999998 119703.231 0.468 5537.548343988635 5631
stats: 302 0 89
stats: 504 2 278
stats: 200 0 382
stats: size_rcv 150 4395106
stats: newphase 0 3
stats: 502 0 5533
stats: 422 0 20
stats: size_sent 1739 3670246
stats: connected 0 30
stats: 400 0 421
stats: 404 0 72
stats: 500 0 102
# stats: dump at 1575517973
stats: users 30 420
stats: {load,"tsung_controller@ip-172-31-22-181"} 1 0.0 0.0 0.078125 0.0 0.011919070512820512 39
stats: {recvpackets,"tsung_controller@ip-172-31-22-181"} 1 3.0 0.0 1873 3 374.8684210526315 38
stats: {sentpackets,"tsung_controller@ip-172-31-22-181"} 1 3.0 0.0 2606 3 502.0 38
stats: {cpu,"tsung_controller@ip-172-31-22-181"} 1 0.1 0.0 13.043478260869565 0.0 1.5632692407917292 39
stats: {freemem,"tsung_controller@ip-172-31-22-181"} 1 3474.21484375 0.0 3519.96484375 3460.71875 3476.9615384615386 39
stats: session 0 0 0 300319.446 13183.818 105355.0414417476 412
stats: users_count 0 442
stats: finish_users_count 0 412
stats: request 3 59995.19266666666 6.739455434645635 60000.848 0.468 4633.558882557636 6897
stats: connect 0 0 0 22.443 0.73 1.530054726368159 804
stats: page 3 99805.12766666665 28156.889986332706 119867.491 0.468 5567.432580152672 5633
stats: 302 0 89
stats: 504 3 281
stats: 200 0 382
stats: size_rcv 225 4395331
stats: newphase 0 3
stats: 502 0 5533
stats: 422 0 20
stats: size_sent 1190 3671436
stats: connected 0 30
stats: 400 0 421
stats: 404 0 72
stats: 500 0 102
# stats: dump at 1575517983
stats: users 30 420
stats: {load,"tsung_controller@ip-172-31-22-181"} 1 0.0 0.0 0.078125 0.0 0.01162109375 40
stats: {recvpackets,"tsung_controller@ip-172-31-22-181"} 1 7.0 0.0 1873 3 365.33333333333326 39
stats: {sentpackets,"tsung_controller@ip-172-31-22-181"} 1 7.0 0.0 2606 3 489.20512820512823 39
stats: {cpu,"tsung_controller@ip-172-31-22-181"} 1 0.2 0.0 13.043478260869565 0.0 1.5266875097719361 40
stats: {freemem,"tsung_controller@ip-172-31-22-181"} 1 3474.375 0.0 3519.96484375 3460.71875 3476.89287109375 40
stats: session 0 0 0 300319.446 13183.818 105355.0414417476 412
stats: users_count 0 442
stats: finish_users_count 0 412
stats: request 13 59819.83746153846 275.8847575432743 60000.848 0.468 4657.629158115945 6900
stats: connect 0 0 0 22.443 0.73 1.530054726368159 804
stats: page 10 107561.93769999998 24126.151375732683 119939.492 0.468 5617.594589602556 5636
stats: 302 0 89
stats: 504 13 294
stats: 200 0 382
stats: size_rcv 975 4396306
stats: newphase 0 3
stats: 502 0 5533
stats: 422 0 20
stats: size_sent 9295 3680731
stats: connected 0 30
stats: 400 0 421
stats: 404 0 72
stats: 500 0 102
# stats: dump at 1575517993
stats: users 30 420
stats: {load,"tsung_controller@ip-172-31-22-181"} 1 0.0 0.0 0.078125 0.0 0.01133765243902439 41
stats: {recvpackets,"tsung_controller@ip-172-31-22-181"} 1 25.0 0.0 1873 3 356.3749999999999 40
stats: {sentpackets,"tsung_controller@ip-172-31-22-181"} 1 26.0 0.0 2606 3 477.15 40
stats: {cpu,"tsung_controller@ip-172-31-22-181"} 1 0.10010010010010009 0.0 13.043478260869565 0.0 1.4943292778262791 41
stats: {freemem,"tsung_controller@ip-172-31-22-181"} 1 3474.30078125 0.0 3519.96484375 3460.71875 3476.8314596036585 41
stats: session 0 0 0 300319.446 13183.818 105355.0414417476 412
stats: users_count 0 442
stats: finish_users_count 0 412
stats: request 5 59515.62320000001 203.80582994743142 60000.848 0.468 4761.362516707654 6913
stats: connect 0 0 0 22.443 0.73 1.530054726368159 804
stats: page 2 59619.4905 219.2885000000024 119939.492 0.468 5798.154885582714 5646
stats: 302 0 89
stats: 504 5 299
stats: 200 0 382
stats: size_rcv 375 4396681
stats: newphase 0 3
stats: 502 0 5533
stats: 422 0 20
stats: size_sent 3673 3684404
stats: connected 0 30
stats: 400 0 421
stats: 404 0 72
stats: 500 0 102
# stats: dump at 1575518003
stats: users 30 420
stats: {load,"tsung_controller@ip-172-31-22-181"} 1 0.0 0.0 0.078125 0.0 0.011067708333333334 42
stats: {recvpackets,"tsung_controller@ip-172-31-22-181"} 1 51.0 0.0 1873 3 348.2926829268292 41
stats: {sentpackets,"tsung_controller@ip-172-31-22-181"} 1 46.0 0.0 2606 3 466.1463414634146 41
stats: {cpu,"tsung_controller@ip-172-31-22-181"} 1 0.29940119760479045 0.0 13.043478260869565 0.0 1.4611333450232749 42
stats: {freemem,"tsung_controller@ip-172-31-22-181"} 1 3474.30859375 0.0 3519.96484375 3460.71875 3476.7712053571427 42
stats: session 0 0 0 300319.446 13183.818 105355.0414417476 412
stats: users_count 0 442
stats: finish_users_count 0 412
stats: request 6 59327.1745 239.87873240921203 60000.848 0.468 4800.936281295174 6918
stats: connect 0 0 0 22.443 0.73 1.530054726368159 804
stats: page 3 59324.73466666666 228.3305303886348 119939.492 0.468 5817.213432188386 5648
stats: 302 0 89
stats: 504 6 305
stats: 200 0 382
stats: size_rcv 450 4397131
stats: newphase 0 3
stats: 502 0 5533
stats: 422 0 20
stats: size_sent 5791 3690195
stats: connected 0 30
stats: 400 0 421
stats: 404 0 72
stats: 500 0 102
# stats: dump at 1575518013
stats: users 30 420
stats: {load,"tsung_controller@ip-172-31-22-181"} 1 0.078125 0.0 0.078125 0.0 0.01081031976744186 43
stats: {recvpackets,"tsung_controller@ip-172-31-22-181"} 1 96.0 0.0 1873 3 341.2142857142856 42
stats: {sentpackets,"tsung_controller@ip-172-31-22-181"} 1 203.0 0.0 2606 3 456.14285714285717 42
stats: {cpu,"tsung_controller@ip-172-31-22-181"} 1 2.0895522388059704 0.0 13.043478260869565 0.0 1.434116318339124 43
stats: {freemem,"tsung_controller@ip-172-31-22-181"} 1 3473.81640625 0.0 3519.96484375 3460.71875 3476.7139353197676 43
stats: session 0 0 0 300319.446 13183.818 105355.0414417476 412
stats: users_count 0 442
stats: finish_users_count 0 412
stats: request 1 59747.372 0.0 60000.848 0.468 4848.186054448297 6924
stats: connect 0 0 0 22.443 0.73 1.530054726368159 804
stats: page 0 0 0 119939.492 0.468 5845.619477791542 5651
stats: 302 0 89
stats: 504 1 306
stats: 200 0 382
stats: size_rcv 75 4397206
stats: newphase 0 3
stats: 502 0 5533
stats: 422 0 20
stats: size_sent 713 3690908
stats: connected 0 30
stats: 400 0 421
stats: 404 0 72
stats: 500 0 102
