# stats: dump at 1574736275
stats: users 10 10
stats: {freemem,"tsung_controller@ip-172-31-25-125"} 1 3523.04296875 0 3523.04296875 3523.04296875 0 0
stats: {load,"tsung_controller@ip-172-31-25-125"} 1 0.0 0 0.0 0.0 0 0
stats: {cpu,"tsung_controller@ip-172-31-25-125"} 1 2.0259871519030956 0 2.0259871519030956 2.0259871519030956 0 0
stats: session 3 4026.494666666667 1257.4334993261293 5753.44 2795.662 0 0
stats: users_count 13 13
stats: finish_users_count 3 3
stats: request 47 171.7645531914894 260.99764606436736 1250.228 4.073 0 0
stats: connect 12 3.543833333333333 6.969629770575256 26.628 0.988 0 0
stats: page 47 171.7645531914894 260.99764606436736 1250.228 4.073 0 0
stats: 302 9 9
stats: 200 30 30
stats: size_rcv 191909 191909
stats: 422 3 3
stats: size_sent 31129 31129
stats: connected 9 9
stats: 404 5 5
# stats: dump at 1574736285
stats: users 8 11
stats: {freemem,"tsung_controller@ip-172-31-25-125"} 1 3520.76171875 0.0 3523.04296875 3520.76171875 3523.04296875 1
stats: {load,"tsung_controller@ip-172-31-25-125"} 1 0.0 0.0 0.0 0.0 0.0 1
stats: {recvpackets,"tsung_controller@ip-172-31-25-125"} 1 311 0 311 311 0 0
stats: {sentpackets,"tsung_controller@ip-172-31-25-125"} 1 235 0 235 235 0 0
stats: {cpu,"tsung_controller@ip-172-31-25-125"} 1 0.8 0.0 2.0259871519030956 0.8 2.0259871519030956 1
stats: session 12 6636.954833333332 1842.6712226765994 10859.504 2795.662 4026.494666666667 3
stats: users_count 10 23
stats: finish_users_count 12 15
stats: request 67 95.79222388059704 137.43869836249448 1250.228 3.911 171.7645531914894 47
stats: connect 11 1.3888181818181815 0.2823987568160308 26.628 0.838 3.543833333333333 12
stats: page 67 95.79222388059704 137.43869836249448 1250.228 3.911 171.7645531914894 47
stats: 302 10 19
stats: 200 36 66
stats: size_rcv 246373 438282
stats: 422 11 14
stats: size_sent 54221 85350
stats: connected 0 9
stats: 404 10 15
# stats: dump at 1574736295
stats: users 5 11
stats: {freemem,"tsung_controller@ip-172-31-25-125"} 1 3520.52734375 0.0 3523.04296875 3520.52734375 3521.90234375 2
stats: {load,"tsung_controller@ip-172-31-25-125"} 1 0.0 0.0 0.0 0.0 0.0 2
stats: {recvpackets,"tsung_controller@ip-172-31-25-125"} 1 317.0 0.0 317 311 311.0 1
stats: {sentpackets,"tsung_controller@ip-172-31-25-125"} 1 264.0 0.0 264 235 235.0 1
stats: {cpu,"tsung_controller@ip-172-31-25-125"} 1 0.4012036108324975 0.0 2.0259871519030956 0.4012036108324975 1.412993575951548 2
stats: session 10 9455.7983 4840.54125401844 17073.118 2795.662 6114.862799999999 15
stats: users_count 7 30
stats: finish_users_count 10 25
stats: request 49 108.51165306122451 142.18883913340076 1250.228 3.911 127.11414912280704 114
stats: connect 7 1.967857142857143 1.293809152251204 26.628 0.838 2.5131739130434783 23
stats: page 49 108.51165306122451 142.18883913340076 1250.228 3.911 127.11414912280704 114
stats: 302 8 27
stats: 200 22 88
stats: size_rcv 163911 602193
stats: 422 10 24
stats: size_sent 39135 124485
stats: connected -3 6
stats: 404 9 24
# stats: dump at 1574736305
stats: users 16 17
stats: {freemem,"tsung_controller@ip-172-31-25-125"} 1 3520.4140625 0.0 3523.04296875 3520.4140625 3521.4440104166665 3
stats: {load,"tsung_controller@ip-172-31-25-125"} 1 0.0 0.0 0.0 0.0 0.0 3
stats: {recvpackets,"tsung_controller@ip-172-31-25-125"} 1 232.0 0.0 317 232 314.0 2
stats: {sentpackets,"tsung_controller@ip-172-31-25-125"} 1 193.0 0.0 264 193 249.5 2
stats: {cpu,"tsung_controller@ip-172-31-25-125"} 1 0.4008016032064128 0.0 2.0259871519030956 0.4008016032064128 1.0757302542451979 3
stats: session 9 7265.635555555556 3861.4154055703493 17073.118 2795.662 7451.236999999999 25
stats: users_count 20 50
stats: finish_users_count 9 34
stats: request 72 99.54556944444442 177.7468626463884 1250.228 3.833 121.52198773006137 163
stats: connect 20 2.6796 3.736299712282193 26.628 0.838 2.3859333333333335 30
stats: page 72 99.54556944444442 177.7468626463884 1250.228 3.833 121.52198773006137 163
stats: 302 9 36
stats: 200 44 132
stats: size_rcv 286223 888416
stats: 422 9 33
stats: newphase 1 1
stats: size_sent 55017 179502
stats: connected 11 17
stats: 404 10 34
# stats: dump at 1574736315
stats: users 23 25
stats: {freemem,"tsung_controller@ip-172-31-25-125"} 1 3517.5 0.0 3523.04296875 3517.5 3521.1865234375 4
stats: {load,"tsung_controller@ip-172-31-25-125"} 1 0.0 0.0 0.0 0.0 0.0 4
stats: {recvpackets,"tsung_controller@ip-172-31-25-125"} 1 505.0 0.0 505 232 286.6666666666667 3
stats: {sentpackets,"tsung_controller@ip-172-31-25-125"} 1 390.0 0.0 390 193 230.66666666666666 3
stats: {cpu,"tsung_controller@ip-172-31-25-125"} 1 0.7014028056112225 0.0 2.0259871519030956 0.4008016032064128 0.9069980914855016 4
stats: session 17 7350.824882352941 3297.723395317208 17073.118 1269.484 7402.107205882353 34
stats: users_count 24 74
stats: finish_users_count 17 51
stats: request 131 337.5711603053436 474.30992279883037 2552.081 3.484 114.78878723404256 235
stats: connect 24 1.3339583333333334 0.30991752655164384 26.628 0.782 2.5034000000000005 50
stats: page 131 337.5711603053436 474.30992279883037 2552.081 3.484 114.78878723404256 235
stats: 302 24 60
stats: 200 69 201
stats: size_rcv 486377 1374793
stats: 422 17 50
stats: newphase 0 1
stats: size_sent 96883 276385
stats: connected 7 24
stats: 404 21 55
# stats: dump at 1574736325
stats: users 19 25
stats: {freemem,"tsung_controller@ip-172-31-25-125"} 1 3514.62109375 0.0 3523.04296875 3514.62109375 3520.44921875 5
stats: {load,"tsung_controller@ip-172-31-25-125"} 1 0.0 0.0 0.0 0.0 0.0 5
stats: {recvpackets,"tsung_controller@ip-172-31-25-125"} 1 767.0 0.0 767 232 341.25 4
stats: {sentpackets,"tsung_controller@ip-172-31-25-125"} 1 706.0 0.0 706 193 270.5 4
stats: {cpu,"tsung_controller@ip-172-31-25-125"} 1 2.708124373119358 0.0 2.708124373119358 0.4008016032064128 0.8658790343106457 5
stats: session 17 10964.331999999999 3066.7234803404835 17270.289 1269.484 7385.013098039216 51
stats: users_count 13 87
stats: finish_users_count 17 68
stats: request 97 226.33962886597934 264.92301636740143 2552.081 3.484 194.52783333333338 366
stats: connect 12 3.383416666666667 6.384630196264741 26.628 0.782 2.124121621621622 74
stats: page 97 226.33962886597934 264.92301636740143 2552.081 3.484 194.52783333333338 366
stats: 302 18 78
stats: 200 45 246
stats: size_rcv 334144 1708937
stats: 422 18 68
stats: newphase 0 1
stats: size_sent 75238 351623
stats: connected -6 18
stats: 404 16 71
# stats: dump at 1574736335
stats: users 36 38
stats: {freemem,"tsung_controller@ip-172-31-25-125"} 1 3514.6328125 0.0 3523.04296875 3514.62109375 3519.4778645833335 6
stats: {load,"tsung_controller@ip-172-31-25-125"} 1 0.0 0.0 0.0 0.0 0.0 6
stats: {recvpackets,"tsung_controller@ip-172-31-25-125"} 1 466.0 0.0 767 232 426.4 5
stats: {sentpackets,"tsung_controller@ip-172-31-25-125"} 1 374.0 0.0 706 193 357.6 5
stats: {cpu,"tsung_controller@ip-172-31-25-125"} 1 0.5020080321285141 0.0 2.708124373119358 0.4008016032064128 1.1729199241120976 6
stats: session 21 10725.455523809522 5363.570329571779 20123.965 1269.484 8279.84282352941 68
stats: users_count 38 125
stats: finish_users_count 21 89
stats: request 142 272.3683591549295 300.0388580644589 2552.081 3.484 201.1925075593953 463
stats: connect 37 1.607756756756757 1.7030363092319714 26.628 0.782 2.299837209302326 86
stats: page 142 272.3683591549295 300.0388580644589 2552.081 3.484 201.1925075593953 463
stats: 302 16 94
stats: 200 84 330
stats: size_rcv 563693 2272630
stats: 422 21 89
stats: newphase 1 2
stats: size_sent 111891 463514
stats: connected 16 34
stats: 404 21 92
# stats: dump at 1574736345
stats: users 58 58
stats: {freemem,"tsung_controller@ip-172-31-25-125"} 1 3507.56640625 0.0 3523.04296875 3507.56640625 3518.785714285714 7
stats: {load,"tsung_controller@ip-172-31-25-125"} 1 0.0 0.0 0.0 0.0 0.0 7
stats: {recvpackets,"tsung_controller@ip-172-31-25-125"} 1 977.0 0.0 977 232 433.0 6
stats: {sentpackets,"tsung_controller@ip-172-31-25-125"} 1 903.0 0.0 903 193 360.3333333333333 6
stats: {cpu,"tsung_controller@ip-172-31-25-125"} 1 3.196803196803197 0.0 3.196803196803197 0.4008016032064128 1.077075368114443 7
stats: session 16 12256.270124999997 4044.9471290944716 21017.545 1269.484 8856.897505617977 89
stats: users_count 38 163
stats: finish_users_count 16 105
stats: request 164 929.7514085365851 1156.8239023529288 6173.322 3.484 217.8982446280992 605
stats: connect 39 1.1995128205128207 0.2445759146783727 26.628 0.782 2.091650406504065 123
stats: page 164 929.7514085365851 1156.8239023529288 6173.322 3.484 217.8982446280992 605
stats: 302 22 116
stats: 200 109 439
stats: size_rcv 688111 2960741
stats: 422 16 105
stats: newphase 0 2
stats: size_sent 120600 584114
stats: connected 23 57
stats: 404 17 109
# stats: dump at 1574736355
stats: users 75 75
stats: {freemem,"tsung_controller@ip-172-31-25-125"} 1 3499.45703125 0.0 3523.04296875 3499.45703125 3517.38330078125 8
stats: {load,"tsung_controller@ip-172-31-25-125"} 1 0.078125 0.0 0.078125 0.0 0.0 8
stats: {recvpackets,"tsung_controller@ip-172-31-25-125"} 1 1033.0 0.0 1033 232 510.7142857142857 7
stats: {sentpackets,"tsung_controller@ip-172-31-25-125"} 1 940.0 0.0 940 193 437.85714285714283 7
stats: {cpu,"tsung_controller@ip-172-31-25-125"} 1 2.6052104208416833 0.0 3.196803196803197 0.4008016032064128 1.3420413467005372 8
stats: session 18 16723.36177777778 4995.951592243758 28612.325 1269.484 9374.897142857142 105
stats: users_count 35 198
stats: finish_users_count 18 123
stats: request 170 2299.562429411767 2579.0540348821623 12710.179 0.425 369.71088296488944 769
stats: connect 41 1.2559268292682926 0.2534715445850613 26.628 0.777 1.8768765432098766 162
stats: page 170 2299.562429411767 2579.0540348821623 12710.179 0.425 369.71088296488944 769
stats: 302 12 128
stats: 200 100 539
stats: size_rcv 660023 3620764
stats: 422 18 123
stats: newphase 0 2
stats: size_sent 121289 705403
stats: connected 13 70
stats: 400 10 10
stats: 404 14 123
stats: 500 16 16
# stats: dump at 1574736365
stats: users 107 107
stats: {freemem,"tsung_controller@ip-172-31-25-125"} 1 3497.24609375 0.0 3523.04296875 3497.24609375 3515.3914930555557 9
stats: {load,"tsung_controller@ip-172-31-25-125"} 1 0.0703125 0.0 0.078125 0.0 0.008680555555555556 9
stats: {recvpackets,"tsung_controller@ip-172-31-25-125"} 1 1022.0 0.0 1033 232 576.0 8
stats: {sentpackets,"tsung_controller@ip-172-31-25-125"} 1 833.0 0.0 940 193 500.625 8
stats: {cpu,"tsung_controller@ip-172-31-25-125"} 1 1.5045135406218655 0.0 3.196803196803197 0.4008016032064128 1.4823934660495535 9
stats: session 27 20761.970444444447 3829.974950975241 28612.325 1269.484 10450.282211382115 123
stats: users_count 59 257
stats: finish_users_count 27 150
stats: request 189 2150.6324761904775 2474.824761007401 12710.179 0.41 719.0982768903092 939
stats: connect 76 1.5546315789473681 1.6945782726568477 26.628 0.733 1.7514630541871923 203
stats: page 189 2150.6324761904775 2474.824761007401 12710.179 0.41 719.0982768903092 939
stats: 302 12 140
stats: 200 105 644
stats: size_rcv 694461 4315225
stats: 422 27 150
stats: newphase 1 3
stats: size_sent 151645 857048
stats: connected 31 101
stats: 400 18 28
stats: 404 13 136
stats: 500 14 30
# stats: dump at 1574736375
stats: users 170 170
stats: {freemem,"tsung_controller@ip-172-31-25-125"} 1 3488.66796875 0.0 3523.04296875 3488.66796875 3513.576953125 10
stats: {load,"tsung_controller@ip-172-31-25-125"} 1 0.12890625 0.0 0.12890625 0.0 0.01484375 10
stats: {recvpackets,"tsung_controller@ip-172-31-25-125"} 1 1332.0 0.0 1332 232 625.5555555555555 9
stats: {sentpackets,"tsung_controller@ip-172-31-25-125"} 1 1350.0 0.0 1350 193 537.5555555555555 9
stats: {cpu,"tsung_controller@ip-172-31-25-125"} 1 4.924623115577889 0.0 4.924623115577889 0.4008016032064128 1.4846054735067846 10
stats: session 26 23996.723884615385 5082.054036835184 35911.987 1269.484 12306.386093333334 150
stats: users_count 89 346
stats: finish_users_count 26 176
stats: request 265 3144.3988000000013 2400.692195872082 15000.436 0.41 958.9564007092204 1128
stats: connect 106 1.2064528301886794 0.28895906650359937 26.628 0.717 1.6978458781362007 279
stats: page 265 3144.3988000000013 2400.692195872082 15000.436 0.41 958.9564007092204 1128
stats: 302 16 156
stats: 200 179 823
stats: size_rcv 1099530 5414755
stats: 422 26 176
stats: newphase 0 3
stats: size_sent 192991 1050039
stats: connected 64 165
stats: 400 16 44
stats: 404 11 147
stats: 500 17 47
# stats: dump at 1574736385
stats: users 216 216
stats: {freemem,"tsung_controller@ip-172-31-25-125"} 1 3479.65625 0.0 3523.04296875 3479.65625 3511.3125 11
stats: {load,"tsung_controller@ip-172-31-25-125"} 1 0.109375 0.0 0.12890625 0.0 0.02521306818181818 11
stats: {recvpackets,"tsung_controller@ip-172-31-25-125"} 1 1853.0 0.0 1853 232 696.2 10
stats: {sentpackets,"tsung_controller@ip-172-31-25-125"} 1 1750.0 0.0 1750 193 618.8 10
stats: {cpu,"tsung_controller@ip-172-31-25-125"} 1 4.5592705167173255 0.0 4.924623115577889 0.4008016032064128 1.797334350058703 11
stats: session 25 25087.860959999998 5063.402009817854 44226.866 1269.484 14033.367812500002 176
stats: users_count 71 417
stats: finish_users_count 25 201
stats: request 285 3591.2551859649093 3259.217174577768 15000.436 0.402 1374.7081852117738 1393
stats: connect 88 1.23021590909091 0.5999238294238173 26.628 0.717 1.562553246753247 385
stats: page 285 3591.2551859649093 3259.217174577768 15000.436 0.402 1374.7081852117738 1393
stats: 302 14 170
stats: 200 124 947
stats: size_rcv 806981 6221736
stats: 422 15 191
stats: newphase 0 3
stats: 502 90 90
stats: size_sent 188143 1238182
stats: connected 42 207
stats: 400 21 65
stats: 404 9 156
stats: 500 12 59
# stats: dump at 1574736395
stats: users 192 224
stats: {freemem,"tsung_controller@ip-172-31-25-125"} 1 3465.390625 0.0 3523.04296875 3465.390625 3508.6744791666665 12
stats: {load,"tsung_controller@ip-172-31-25-125"} 1 0.08984375 0.0 0.12890625 0.0 0.0322265625 12
stats: {recvpackets,"tsung_controller@ip-172-31-25-125"} 1 1563.0 0.0 1853 232 801.3636363636364 11
stats: {sentpackets,"tsung_controller@ip-172-31-25-125"} 1 1522.0 0.0 1750 193 721.6363636363636 11
stats: {cpu,"tsung_controller@ip-172-31-25-125"} 1 4.408817635270541 0.0 4.924623115577889 0.4008016032064128 2.027495697280255 12
stats: session 43 24921.461953488375 10045.140840269994 44226.866 1269.484 15408.304771144281 201
stats: users_count 19 436
stats: finish_users_count 43 244
stats: request 353 4493.502583569401 4807.571857106249 17011.009 0.402 1751.1777294398094 1678
stats: connect 70 1.3309999999999997 1.1755303727011297 26.628 0.688 1.5007230443974633 473
stats: page 353 4493.502583569401 4807.571857106249 17011.009 0.402 1751.1777294398094 1678
stats: 302 14 184
stats: 200 114 1061
stats: size_rcv 773391 6995127
stats: 422 17 208
stats: newphase 0 3
stats: 502 132 222
stats: size_sent 231908 1470090
stats: connected -18 189
stats: 400 46 111
stats: 404 11 167
stats: 500 19 78
# stats: dump at 1574736405
stats: users 153 224
stats: {freemem,"tsung_controller@ip-172-31-25-125"} 1 3457.8046875 0.0 3523.04296875 3457.8046875 3505.344951923077 13
stats: {load,"tsung_controller@ip-172-31-25-125"} 1 0.078125 0.0 0.12890625 0.0 0.03665865384615385 13
stats: {recvpackets,"tsung_controller@ip-172-31-25-125"} 1 1521.0 0.0 1853 232 864.8333333333334 12
stats: {sentpackets,"tsung_controller@ip-172-31-25-125"} 1 1411.0 0.0 1750 193 788.3333333333334 12
stats: {cpu,"tsung_controller@ip-172-31-25-125"} 1 3.911735205616851 0.0 4.924623115577889 0.4008016032064128 2.2106743078948923 13
stats: session 39 30238.08705128205 8711.063239778223 44664.592 1269.484 17084.803782786887 244
stats: users_count 0 436
stats: finish_users_count 39 283
stats: request 183 7949.091207650273 3980.486303212911 18865.957 0.402 2227.8102619399306 2031
stats: connect 25 1.2253200000000002 0.25592291339385764 26.628 0.688 1.4788434622467772 543
stats: page 183 7949.091207650273 3980.486303212911 18865.957 0.402 2227.8102619399306 2031
stats: 302 13 197
stats: 200 79 1140
stats: size_rcv 575173 7570300
stats: 422 41 249
stats: newphase 0 3
stats: 502 0 222
stats: size_sent 150003 1620093
stats: connected -40 149
stats: 400 25 136
stats: 404 9 176
stats: 500 16 94
# stats: dump at 1574736415
stats: users 130 224
stats: {freemem,"tsung_controller@ip-172-31-25-125"} 1 3450.90625 0.0 3523.04296875 3450.90625 3501.94921875 14
stats: {load,"tsung_controller@ip-172-31-25-125"} 1 0.0703125 0.0 0.12890625 0.0 0.03962053571428571 14
stats: {recvpackets,"tsung_controller@ip-172-31-25-125"} 1 847.0 0.0 1853 232 915.3076923076923 13
stats: {sentpackets,"tsung_controller@ip-172-31-25-125"} 1 678.0 0.0 1750 193 836.2307692307693 13
stats: {cpu,"tsung_controller@ip-172-31-25-125"} 1 1.4970059880239521 0.0 4.924623115577889 0.4008016032064128 2.3321786577321753 14
stats: session 23 40120.08186956522 8653.067447773328 52756.247 1269.484 18897.447060070674 283
stats: users_count 0 436
stats: finish_users_count 23 306
stats: request 110 10094.935890909079 5535.317276304772 19588.779 0.398 2700.707467479674 2214
stats: connect 20 1.31645 0.29038379345273385 26.628 0.688 1.4676848591549299 568
stats: page 110 10094.935890909079 5535.317276304772 19588.779 0.398 2700.707467479674 2214
stats: 302 12 209
stats: 200 22 1162
stats: size_rcv 244165 7814465
stats: 422 23 272
stats: newphase 0 3
stats: 502 0 222
stats: size_sent 82727 1702820
stats: connected -24 125
stats: 400 21 157
stats: 404 12 188
stats: 500 20 114
# stats: dump at 1574736425
stats: users 109 224
stats: {freemem,"tsung_controller@ip-172-31-25-125"} 1 3449.11328125 0.0 3523.04296875 3449.11328125 3498.546354166667 15
stats: {load,"tsung_controller@ip-172-31-25-125"} 1 0.05859375 0.0 0.12890625 0.0 0.041666666666666664 15
stats: {recvpackets,"tsung_controller@ip-172-31-25-125"} 1 460.0 0.0 1853 232 910.4285714285714 14
stats: {sentpackets,"tsung_controller@ip-172-31-25-125"} 1 365.0 0.0 1750 193 824.9285714285714 14
stats: {cpu,"tsung_controller@ip-172-31-25-125"} 1 0.7035175879396985 0.0 4.924623115577889 0.4008016032064128 2.276500479751627 15
stats: session 21 51733.60885714285 5400.904748970716 59284.48 1269.484 20492.612421568632 306
stats: users_count 0 436
stats: finish_users_count 21 327
stats: request 90 12801.017922222221 7487.329546826762 22530.851 0.398 3050.6924617039576 2324
stats: connect 23 1.518695652173913 0.5248447749641633 26.628 0.688 1.462540816326531 588
stats: page 90 12801.017922222221 7487.329546826762 22530.851 0.398 3050.6924617039576 2324
stats: 302 6 215
stats: 200 9 1171
stats: size_rcv 165839 7980304
stats: 422 21 293
stats: newphase 0 3
stats: 502 0 222
stats: size_sent 67871 1770691
stats: connected -19 106
stats: 400 21 178
stats: 404 9 197
stats: 500 24 138
# stats: dump at 1574736435
stats: users 8 224
stats: {freemem,"tsung_controller@ip-172-31-25-125"} 1 3447.8046875 0.0 3523.04296875 3447.8046875 3495.456787109375 16
stats: {load,"tsung_controller@ip-172-31-25-125"} 1 0.05078125 0.0 0.12890625 0.0 0.042724609375 16
stats: {recvpackets,"tsung_controller@ip-172-31-25-125"} 1 413.0 0.0 1853 232 880.4 15
stats: {sentpackets,"tsung_controller@ip-172-31-25-125"} 1 336.0 0.0 1750 193 794.2666666666667 15
stats: {cpu,"tsung_controller@ip-172-31-25-125"} 1 1.0030090270812437 0.0 4.924623115577889 0.4008016032064128 2.1781890490133815 16
stats: session 101 52814.70701980197 6203.749020722221 66434.944 1269.484 22498.914944954133 327
stats: users_count 0 436
stats: finish_users_count 101 428
stats: request 189 7298.325560846561 7577.492885860674 27452.965 0.398 3414.2091524440752 2414
stats: connect 18 1.4178333333333333 0.3223719814817107 26.628 0.688 1.464654664484452 611
stats: page 189 7298.325560846561 7577.492885860674 27452.965 0.398 3414.2091524440752 2414
stats: 302 27 242
stats: 200 1 1172
stats: size_rcv 325218 8305522
stats: 422 99 392
stats: newphase 0 3
stats: 502 0 222
stats: size_sent 101874 1872565
stats: connected -97 9
stats: 400 16 194
stats: 404 37 234
stats: 500 9 147
# stats: dump at 1574736443
stats: users 0 224
stats: {freemem,"tsung_controller@ip-172-31-25-125"} 1 3454.9375 0.0 3523.04296875 3447.8046875 3492.6537224264707 17
stats: {load,"tsung_controller@ip-172-31-25-125"} 1 0.0390625 0.0 0.12890625 0.0 0.043198529411764705 17
stats: {recvpackets,"tsung_controller@ip-172-31-25-125"} 1 548.0 0.0 1853 232 851.1875 16
stats: {sentpackets,"tsung_controller@ip-172-31-25-125"} 1 557.0 0.0 1750 193 765.625 16
stats: {cpu,"tsung_controller@ip-172-31-25-125"} 1 0.8032128514056224 0.0 4.924623115577889 0.4008016032064128 2.109060812429138 17
stats: session 8 53861.98099999999 3578.0298438206214 66434.944 1269.484 29652.875224299067 428
stats: users_count 0 436
stats: finish_users_count 8 436
stats: request 13 8.390076923076924 10.057504029418787 27452.965 0.398 3696.229129850172 2603
stats: connect 1 1.142 0.0 26.628 0.688 1.4633147853736093 629
stats: page 13 8.390076923076924 10.057504029418787 27452.965 0.398 3696.229129850172 2603
stats: 302 0 242
stats: 200 0 1172
stats: size_rcv 25498 8331020
stats: 422 10 402
stats: newphase 0 3
stats: 502 0 222
stats: size_sent 12900 1885465
stats: connected -9 0
stats: 400 0 194
stats: 404 3 237
stats: 500 0 147
EndMonitor:{1574,736443,466312}
