
=INFO REPORT==== 26-Nov-2019::02:44:25 ===
    ts_config_server:(5:<0.102.0>) Config server started, logdir is "/home/ec2-user/.tsung/log/20191126-0244"
 
=INFO REPORT==== 26-Nov-2019::02:44:25 ===
              ts_mon:(5:<0.83.0>) starting monitor, global 

=INFO REPORT==== 26-Nov-2019::02:44:25 ===
           ts_config:(5:<0.102.0>) Reading config file: tsung2.xml

=INFO REPORT==== 26-Nov-2019::02:44:25 ===
      ts_config_http:(4:<0.102.0>) Get user agent: 100 "Mozilla/5.0 (Windows; U; Windows NT 5.2; fr-FR; rv:1.7.8) Gecko/20050511 Firefox/1.0.4" 

=INFO REPORT==== 26-Nov-2019::02:44:25 ===
           ts_config:(5:<0.102.0>) Session name for id 1 is "http-example"

=INFO REPORT==== 26-Nov-2019::02:44:25 ===
    ts_config_server:(4:<0.102.0>) SYSINFO:Tsung version: 1.7.0

=INFO REPORT==== 26-Nov-2019::02:44:25 ===
    ts_config_server:(4:<0.102.0>) SYSINFO:Erlang version: Erlang/OTP 20 [erts-9.1] [source] [64-bit] [smp:1:1] [ds:1:1:10] [async-threads:8] [hipe] [kernel-poll:true]


=INFO REPORT==== 26-Nov-2019::02:44:25 ===
    ts_config_server:(4:<0.102.0>) SYSINFO:System architecture x86_64-unknown-linux-gnu

=INFO REPORT==== 26-Nov-2019::02:44:25 ===
    ts_config_server:(4:<0.102.0>) SYSINFO:Current path: /usr/local/lib/tsung/tsung-1.7.0/ebin/tsung.beam

=INFO REPORT==== 26-Nov-2019::02:44:25 ===
              ts_mon:(5:<0.103.0>) Activate clients with text backend

=INFO REPORT==== 26-Nov-2019::02:44:25 ===
              ts_mon:(5:<0.103.0>) Starting tsung clients on hosts: [localhost]

=INFO REPORT==== 26-Nov-2019::02:44:25 ===
    ts_config_server:(5:<0.102.0>) Start a launcher on the controller beam localhost

=INFO REPORT==== 26-Nov-2019::02:44:25 ===
  ts_launcher_static:(5:<0.154.0>) Launch msg receive ("localhost")

=INFO REPORT==== 26-Nov-2019::02:44:25 ===
         ts_launcher:(5:<0.155.0>) Launch msg receive ("localhost")

=INFO REPORT==== 26-Nov-2019::02:44:25 ===
    ts_config_server:(5:<0.102.0>) New arrival phase 1 for client "localhost" (last ? true): will start 30 users

=INFO REPORT==== 26-Nov-2019::02:44:25 ===
    ts_config_server:(5:<0.102.0>) New arrival phase 2 for client "localhost" (last ? true): will start 60 users

=INFO REPORT==== 26-Nov-2019::02:44:25 ===
    ts_config_server:(5:<0.102.0>) New arrival phase 3 for client "localhost" (last ? true): will start 120 users

=INFO REPORT==== 26-Nov-2019::02:44:25 ===
    ts_config_server:(5:<0.102.0>) New arrival phase 4 for client "localhost" (last ? true): will start 240 users

=INFO REPORT==== 26-Nov-2019::02:44:25 ===
         ts_launcher:(5:<0.155.0>) Expected duration of first phase: 30.0 sec (30 users) 

=INFO REPORT==== 26-Nov-2019::02:44:25 ===
         ts_launcher:(5:<0.155.0>) Activate launcher (30 users) in 1503 msec 

=INFO REPORT==== 26-Nov-2019::02:44:53 ===
         ts_launcher:(4:<0.155.0>) Need to wait 3.706 sec before changing phase, going to sleep

=INFO REPORT==== 26-Nov-2019::02:44:56 ===
         ts_launcher:(5:<0.155.0>) Waking up

=INFO REPORT==== 26-Nov-2019::02:44:56 ===
         ts_launcher:(5:<0.155.0>) Start a new arrival phase (60 users, 0.002); expected duration=30.0 sec

=INFO REPORT==== 26-Nov-2019::02:45:26 ===
         ts_launcher:(4:<0.155.0>) Need to wait 0.107 sec before changing phase, going to sleep

=INFO REPORT==== 26-Nov-2019::02:45:26 ===
         ts_launcher:(5:<0.155.0>) Waking up

=INFO REPORT==== 26-Nov-2019::02:45:26 ===
         ts_launcher:(5:<0.155.0>) Start a new arrival phase (120 users, 0.004); expected duration=30.0 sec

=INFO REPORT==== 26-Nov-2019::02:45:48 ===
           ts_search:(5:<0.323.0>) Dyn Var (RE): no Match (varname=created_user_id), 

=INFO REPORT==== 26-Nov-2019::02:45:48 ===
           ts_search:(5:<0.323.0>) Dyn Var (RE): no Match (varname=add_dog_url), 

=INFO REPORT==== 26-Nov-2019::02:45:49 ===
           ts_search:(5:<0.316.0>) Dyn Var (RE): no Match (varname=created_user_id), 

=INFO REPORT==== 26-Nov-2019::02:45:49 ===
           ts_search:(5:<0.316.0>) Dyn Var (RE): no Match (varname=add_dog_url), 

=INFO REPORT==== 26-Nov-2019::02:45:49 ===
           ts_search:(5:<0.314.0>) Dyn Var (RE): no Match (varname=created_user_id), 

=INFO REPORT==== 26-Nov-2019::02:45:49 ===
           ts_search:(5:<0.314.0>) Dyn Var (RE): no Match (varname=add_dog_url), 

=INFO REPORT==== 26-Nov-2019::02:45:49 ===
           ts_search:(5:<0.305.0>) Dyn Var (RE): no Match (varname=created_user_id), 

=INFO REPORT==== 26-Nov-2019::02:45:49 ===
           ts_search:(5:<0.305.0>) Dyn Var (RE): no Match (varname=add_dog_url), 

=INFO REPORT==== 26-Nov-2019::02:45:50 ===
           ts_search:(5:<0.315.0>) Dyn Var (RE): no Match (varname=created_user_id), 

=INFO REPORT==== 26-Nov-2019::02:45:50 ===
           ts_search:(5:<0.315.0>) Dyn Var (RE): no Match (varname=add_dog_url), 

=INFO REPORT==== 26-Nov-2019::02:45:51 ===
           ts_search:(5:<0.286.0>) Dyn Var (RE): no Match (varname=created_user_id), 

=INFO REPORT==== 26-Nov-2019::02:45:51 ===
           ts_search:(5:<0.286.0>) Dyn Var (RE): no Match (varname=add_dog_url), 

=INFO REPORT==== 26-Nov-2019::02:45:51 ===
           ts_search:(5:<0.321.0>) Dyn Var (RE): no Match (varname=created_user_id), 

=INFO REPORT==== 26-Nov-2019::02:45:51 ===
           ts_search:(5:<0.321.0>) Dyn Var (RE): no Match (varname=add_dog_url), 

=INFO REPORT==== 26-Nov-2019::02:45:51 ===
           ts_search:(5:<0.304.0>) Dyn Var (RE): no Match (varname=created_user_id), 

=INFO REPORT==== 26-Nov-2019::02:45:51 ===
           ts_search:(5:<0.304.0>) Dyn Var (RE): no Match (varname=add_dog_url), 

=INFO REPORT==== 26-Nov-2019::02:45:52 ===
           ts_search:(5:<0.287.0>) Dyn Var (RE): no Match (varname=created_user_id), 

=INFO REPORT==== 26-Nov-2019::02:45:52 ===
           ts_search:(5:<0.287.0>) Dyn Var (RE): no Match (varname=add_dog_url), 

=INFO REPORT==== 26-Nov-2019::02:45:52 ===
           ts_search:(5:<0.312.0>) Dyn Var (RE): no Match (varname=created_user_id), 

=INFO REPORT==== 26-Nov-2019::02:45:52 ===
           ts_search:(5:<0.312.0>) Dyn Var (RE): no Match (varname=add_dog_url), 

=INFO REPORT==== 26-Nov-2019::02:45:53 ===
           ts_search:(5:<0.310.0>) Dyn Var (RE): no Match (varname=created_user_id), 

=INFO REPORT==== 26-Nov-2019::02:45:53 ===
           ts_search:(5:<0.310.0>) Dyn Var (RE): no Match (varname=add_dog_url), 

=INFO REPORT==== 26-Nov-2019::02:45:54 ===
           ts_search:(5:<0.311.0>) Dyn Var (RE): no Match (varname=created_user_id), 

=INFO REPORT==== 26-Nov-2019::02:45:54 ===
           ts_search:(5:<0.311.0>) Dyn Var (RE): no Match (varname=add_dog_url), 

=INFO REPORT==== 26-Nov-2019::02:45:54 ===
           ts_search:(5:<0.320.0>) Dyn Var (RE): no Match (varname=created_user_id), 

=INFO REPORT==== 26-Nov-2019::02:45:54 ===
           ts_search:(5:<0.320.0>) Dyn Var (RE): no Match (varname=add_dog_url), 

=INFO REPORT==== 26-Nov-2019::02:45:55 ===
           ts_search:(5:<0.334.0>) Dyn Var (RE): no Match (varname=created_user_id), 

=INFO REPORT==== 26-Nov-2019::02:45:55 ===
           ts_search:(5:<0.334.0>) Dyn Var (RE): no Match (varname=add_dog_url), 

=INFO REPORT==== 26-Nov-2019::02:45:55 ===
           ts_search:(5:<0.303.0>) Dyn Var (RE): no Match (varname=created_user_id), 

=INFO REPORT==== 26-Nov-2019::02:45:55 ===
           ts_search:(5:<0.303.0>) Dyn Var (RE): no Match (varname=add_dog_url), 

=INFO REPORT==== 26-Nov-2019::02:45:55 ===
           ts_search:(5:<0.328.0>) Dyn Var (RE): no Match (varname=created_user_id), 

=INFO REPORT==== 26-Nov-2019::02:45:55 ===
           ts_search:(5:<0.328.0>) Dyn Var (RE): no Match (varname=add_dog_url), 

=INFO REPORT==== 26-Nov-2019::02:45:57 ===
           ts_search:(5:<0.327.0>) Dyn Var (RE): no Match (varname=created_user_id), 

=INFO REPORT==== 26-Nov-2019::02:45:57 ===
           ts_search:(5:<0.327.0>) Dyn Var (RE): no Match (varname=add_dog_url), 

=INFO REPORT==== 26-Nov-2019::02:45:57 ===
           ts_search:(5:<0.324.0>) Dyn Var (RE): no Match (varname=created_user_id), 

=INFO REPORT==== 26-Nov-2019::02:45:57 ===
           ts_search:(5:<0.324.0>) Dyn Var (RE): no Match (varname=add_dog_url), 

=INFO REPORT==== 26-Nov-2019::02:45:57 ===
         ts_launcher:(5:<0.155.0>) Phase duration exceeded, but not all users were launched (7 users, 5.8% of phase)

=INFO REPORT==== 26-Nov-2019::02:45:57 ===
         ts_launcher:(5:<0.155.0>) Start a new arrival phase (240 users, 0.008); expected duration=30.0 sec

=INFO REPORT==== 26-Nov-2019::02:45:59 ===
           ts_search:(5:<0.317.0>) Dyn Var (RE): no Match (varname=created_user_id), 

=INFO REPORT==== 26-Nov-2019::02:45:59 ===
           ts_search:(5:<0.317.0>) Dyn Var (RE): no Match (varname=add_dog_url), 

=INFO REPORT==== 26-Nov-2019::02:46:00 ===
           ts_search:(5:<0.337.0>) Dyn Var (RE): no Match (varname=created_user_id), 

=INFO REPORT==== 26-Nov-2019::02:46:00 ===
           ts_search:(5:<0.337.0>) Dyn Var (RE): no Match (varname=add_dog_url), 

=INFO REPORT==== 26-Nov-2019::02:46:00 ===
           ts_search:(5:<0.326.0>) Dyn Var (RE): no Match (varname=created_user_id), 

=INFO REPORT==== 26-Nov-2019::02:46:00 ===
           ts_search:(5:<0.326.0>) Dyn Var (RE): no Match (varname=add_dog_url), 

=INFO REPORT==== 26-Nov-2019::02:46:00 ===
           ts_search:(5:<0.340.0>) Dyn Var (RE): no Match (varname=created_user_id), 

=INFO REPORT==== 26-Nov-2019::02:46:00 ===
           ts_search:(5:<0.340.0>) Dyn Var (RE): no Match (varname=add_dog_url), 

=INFO REPORT==== 26-Nov-2019::02:46:01 ===
           ts_search:(5:<0.319.0>) Dyn Var (RE): no Match (varname=created_user_id), 

=INFO REPORT==== 26-Nov-2019::02:46:01 ===
           ts_search:(5:<0.319.0>) Dyn Var (RE): no Match (varname=add_dog_url), 

=INFO REPORT==== 26-Nov-2019::02:46:01 ===
           ts_search:(5:<0.330.0>) Dyn Var (RE): no Match (varname=created_user_id), 

=INFO REPORT==== 26-Nov-2019::02:46:01 ===
           ts_search:(5:<0.330.0>) Dyn Var (RE): no Match (varname=add_dog_url), 

=INFO REPORT==== 26-Nov-2019::02:46:02 ===
           ts_search:(5:<0.342.0>) Dyn Var (RE): no Match (varname=created_user_id), 

=INFO REPORT==== 26-Nov-2019::02:46:02 ===
           ts_search:(5:<0.342.0>) Dyn Var (RE): no Match (varname=add_dog_url), 

=INFO REPORT==== 26-Nov-2019::02:46:02 ===
           ts_search:(5:<0.341.0>) Dyn Var (RE): no Match (varname=created_user_id), 

=INFO REPORT==== 26-Nov-2019::02:46:02 ===
           ts_search:(5:<0.341.0>) Dyn Var (RE): no Match (varname=add_dog_url), 

=INFO REPORT==== 26-Nov-2019::02:46:02 ===
           ts_search:(5:<0.358.0>) Dyn Var (RE): no Match (varname=created_user_id), 

=INFO REPORT==== 26-Nov-2019::02:46:02 ===
           ts_search:(5:<0.358.0>) Dyn Var (RE): no Match (varname=add_dog_url), 

=INFO REPORT==== 26-Nov-2019::02:46:03 ===
           ts_search:(5:<0.344.0>) Dyn Var (RE): no Match (varname=created_user_id), 

=INFO REPORT==== 26-Nov-2019::02:46:03 ===
           ts_search:(5:<0.344.0>) Dyn Var (RE): no Match (varname=add_dog_url), 

=INFO REPORT==== 26-Nov-2019::02:46:04 ===
           ts_search:(5:<0.348.0>) Dyn Var (RE): no Match (varname=created_user_id), 

=INFO REPORT==== 26-Nov-2019::02:46:04 ===
           ts_search:(5:<0.348.0>) Dyn Var (RE): no Match (varname=add_dog_url), 

=INFO REPORT==== 26-Nov-2019::02:46:05 ===
           ts_search:(5:<0.357.0>) Dyn Var (RE): no Match (varname=created_user_id), 

=INFO REPORT==== 26-Nov-2019::02:46:05 ===
           ts_search:(5:<0.357.0>) Dyn Var (RE): no Match (varname=add_dog_url), 

=INFO REPORT==== 26-Nov-2019::02:46:05 ===
           ts_search:(5:<0.353.0>) Dyn Var (RE): no Match (varname=created_user_id), 

=INFO REPORT==== 26-Nov-2019::02:46:05 ===
           ts_search:(5:<0.353.0>) Dyn Var (RE): no Match (varname=add_dog_url), 

=INFO REPORT==== 26-Nov-2019::02:46:06 ===
           ts_search:(5:<0.359.0>) Dyn Var (RE): no Match (varname=created_user_id), 

=INFO REPORT==== 26-Nov-2019::02:46:06 ===
           ts_search:(5:<0.359.0>) Dyn Var (RE): no Match (varname=add_dog_url), 

=INFO REPORT==== 26-Nov-2019::02:46:06 ===
           ts_search:(5:<0.360.0>) Dyn Var (RE): no Match (varname=created_user_id), 

=INFO REPORT==== 26-Nov-2019::02:46:06 ===
           ts_search:(5:<0.360.0>) Dyn Var (RE): no Match (varname=add_dog_url), 

=INFO REPORT==== 26-Nov-2019::02:46:07 ===
           ts_search:(5:<0.346.0>) Dyn Var (RE): no Match (varname=created_user_id), 

=INFO REPORT==== 26-Nov-2019::02:46:07 ===
           ts_search:(5:<0.346.0>) Dyn Var (RE): no Match (varname=add_dog_url), 

=INFO REPORT==== 26-Nov-2019::02:46:07 ===
           ts_search:(5:<0.361.0>) Dyn Var (RE): no Match (varname=created_user_id), 

=INFO REPORT==== 26-Nov-2019::02:46:07 ===
           ts_search:(5:<0.361.0>) Dyn Var (RE): no Match (varname=add_dog_url), 

=INFO REPORT==== 26-Nov-2019::02:46:10 ===
           ts_search:(5:<0.366.0>) Dyn Var (RE): no Match (varname=created_user_id), 

=INFO REPORT==== 26-Nov-2019::02:46:10 ===
           ts_search:(5:<0.366.0>) Dyn Var (RE): no Match (varname=add_dog_url), 

=INFO REPORT==== 26-Nov-2019::02:46:10 ===
           ts_search:(5:<0.354.0>) Dyn Var (RE): no Match (varname=created_user_id), 

=INFO REPORT==== 26-Nov-2019::02:46:10 ===
           ts_search:(5:<0.354.0>) Dyn Var (RE): no Match (varname=add_dog_url), 

=INFO REPORT==== 26-Nov-2019::02:46:10 ===
           ts_search:(5:<0.351.0>) Dyn Var (RE): no Match (varname=created_user_id), 

=INFO REPORT==== 26-Nov-2019::02:46:10 ===
           ts_search:(5:<0.351.0>) Dyn Var (RE): no Match (varname=add_dog_url), 

=INFO REPORT==== 26-Nov-2019::02:46:10 ===
           ts_search:(5:<0.377.0>) Dyn Var (RE): no Match (varname=created_user_id), 

=INFO REPORT==== 26-Nov-2019::02:46:10 ===
           ts_search:(5:<0.377.0>) Dyn Var (RE): no Match (varname=add_dog_url), 

=INFO REPORT==== 26-Nov-2019::02:46:10 ===
           ts_search:(5:<0.362.0>) Dyn Var (RE): no Match (varname=created_user_id), 

=INFO REPORT==== 26-Nov-2019::02:46:10 ===
           ts_search:(5:<0.362.0>) Dyn Var (RE): no Match (varname=add_dog_url), 

=INFO REPORT==== 26-Nov-2019::02:46:10 ===
           ts_search:(5:<0.375.0>) Dyn Var (RE): no Match (varname=created_user_id), 

=INFO REPORT==== 26-Nov-2019::02:46:10 ===
           ts_search:(5:<0.375.0>) Dyn Var (RE): no Match (varname=add_dog_url), 

=INFO REPORT==== 26-Nov-2019::02:46:13 ===
           ts_search:(5:<0.386.0>) Dyn Var (RE): no Match (varname=created_user_id), 

=INFO REPORT==== 26-Nov-2019::02:46:13 ===
           ts_search:(5:<0.386.0>) Dyn Var (RE): no Match (varname=add_dog_url), 

=INFO REPORT==== 26-Nov-2019::02:46:13 ===
           ts_search:(5:<0.394.0>) Dyn Var (RE): no Match (varname=created_user_id), 

=INFO REPORT==== 26-Nov-2019::02:46:13 ===
           ts_search:(5:<0.394.0>) Dyn Var (RE): no Match (varname=add_dog_url), 

=INFO REPORT==== 26-Nov-2019::02:46:13 ===
           ts_search:(5:<0.391.0>) Dyn Var (RE): no Match (varname=created_user_id), 

=INFO REPORT==== 26-Nov-2019::02:46:13 ===
           ts_search:(5:<0.391.0>) Dyn Var (RE): no Match (varname=add_dog_url), 

=INFO REPORT==== 26-Nov-2019::02:46:15 ===
           ts_search:(5:<0.383.0>) Dyn Var (RE): no Match (varname=created_user_id), 

=INFO REPORT==== 26-Nov-2019::02:46:15 ===
           ts_search:(5:<0.383.0>) Dyn Var (RE): no Match (varname=add_dog_url), 

=INFO REPORT==== 26-Nov-2019::02:46:15 ===
           ts_search:(5:<0.398.0>) Dyn Var (RE): no Match (varname=created_user_id), 

=INFO REPORT==== 26-Nov-2019::02:46:15 ===
           ts_search:(5:<0.398.0>) Dyn Var (RE): no Match (varname=add_dog_url), 

=INFO REPORT==== 26-Nov-2019::02:46:15 ===
           ts_search:(5:<0.384.0>) Dyn Var (RE): no Match (varname=created_user_id), 

=INFO REPORT==== 26-Nov-2019::02:46:15 ===
           ts_search:(5:<0.384.0>) Dyn Var (RE): no Match (varname=add_dog_url), 

=INFO REPORT==== 26-Nov-2019::02:46:17 ===
           ts_search:(5:<0.380.0>) Dyn Var (RE): no Match (varname=created_user_id), 

=INFO REPORT==== 26-Nov-2019::02:46:17 ===
           ts_search:(5:<0.380.0>) Dyn Var (RE): no Match (varname=add_dog_url), 

=INFO REPORT==== 26-Nov-2019::02:46:18 ===
           ts_search:(5:<0.403.0>) Dyn Var (RE): no Match (varname=created_user_id), 

=INFO REPORT==== 26-Nov-2019::02:46:18 ===
           ts_search:(5:<0.403.0>) Dyn Var (RE): no Match (varname=add_dog_url), 

=INFO REPORT==== 26-Nov-2019::02:46:18 ===
           ts_search:(5:<0.408.0>) Dyn Var (RE): no Match (varname=created_user_id), 

=INFO REPORT==== 26-Nov-2019::02:46:18 ===
           ts_search:(5:<0.408.0>) Dyn Var (RE): no Match (varname=add_dog_url), 

=INFO REPORT==== 26-Nov-2019::02:46:20 ===
           ts_search:(5:<0.456.0>) Dyn Var (RE): no Match (varname=authenticity_token), 

=INFO REPORT==== 26-Nov-2019::02:46:20 ===
           ts_search:(5:<0.456.0>) Dyn Var (RE): no Match (varname=created_user_id), 

=INFO REPORT==== 26-Nov-2019::02:46:20 ===
           ts_search:(5:<0.456.0>) Dyn Var (RE): no Match (varname=add_dog_url), 

=INFO REPORT==== 26-Nov-2019::02:46:20 ===
           ts_search:(5:<0.409.0>) Dyn Var (RE): no Match (varname=created_user_id), 

=INFO REPORT==== 26-Nov-2019::02:46:20 ===
           ts_search:(5:<0.409.0>) Dyn Var (RE): no Match (varname=add_dog_url), 

=INFO REPORT==== 26-Nov-2019::02:46:21 ===
           ts_search:(5:<0.411.0>) Dyn Var (RE): no Match (varname=created_user_id), 

=INFO REPORT==== 26-Nov-2019::02:46:21 ===
           ts_search:(5:<0.411.0>) Dyn Var (RE): no Match (varname=add_dog_url), 

=INFO REPORT==== 26-Nov-2019::02:46:21 ===
           ts_search:(5:<0.396.0>) Dyn Var (RE): no Match (varname=created_user_id), 

=INFO REPORT==== 26-Nov-2019::02:46:21 ===
           ts_search:(5:<0.396.0>) Dyn Var (RE): no Match (varname=add_dog_url), 

=INFO REPORT==== 26-Nov-2019::02:46:21 ===
           ts_search:(5:<0.393.0>) Dyn Var (RE): no Match (varname=created_user_id), 

=INFO REPORT==== 26-Nov-2019::02:46:21 ===
           ts_search:(5:<0.393.0>) Dyn Var (RE): no Match (varname=add_dog_url), 

=INFO REPORT==== 26-Nov-2019::02:46:21 ===
           ts_search:(5:<0.407.0>) Dyn Var (RE): no Match (varname=created_user_id), 

=INFO REPORT==== 26-Nov-2019::02:46:21 ===
           ts_search:(5:<0.407.0>) Dyn Var (RE): no Match (varname=add_dog_url), 

=INFO REPORT==== 26-Nov-2019::02:46:21 ===
           ts_search:(5:<0.378.0>) Dyn Var (RE): no Match (varname=created_user_id), 

=INFO REPORT==== 26-Nov-2019::02:46:21 ===
           ts_search:(5:<0.378.0>) Dyn Var (RE): no Match (varname=add_dog_url), 

=INFO REPORT==== 26-Nov-2019::02:46:22 ===
           ts_search:(5:<0.478.0>) Dyn Var (RE): no Match (varname=authenticity_token), 

=INFO REPORT==== 26-Nov-2019::02:46:22 ===
           ts_search:(5:<0.478.0>) Dyn Var (RE): no Match (varname=created_user_id), 

=INFO REPORT==== 26-Nov-2019::02:46:22 ===
           ts_search:(5:<0.478.0>) Dyn Var (RE): no Match (varname=add_dog_url), 

=INFO REPORT==== 26-Nov-2019::02:46:22 ===
           ts_search:(5:<0.531.0>) Dyn Var (RE): no Match (varname=authenticity_token), 

=INFO REPORT==== 26-Nov-2019::02:46:22 ===
           ts_search:(5:<0.531.0>) Dyn Var (RE): no Match (varname=created_user_id), 

=INFO REPORT==== 26-Nov-2019::02:46:22 ===
           ts_search:(5:<0.531.0>) Dyn Var (RE): no Match (varname=add_dog_url), 

=INFO REPORT==== 26-Nov-2019::02:46:23 ===
           ts_search:(5:<0.485.0>) Dyn Var (RE): no Match (varname=authenticity_token), 

=INFO REPORT==== 26-Nov-2019::02:46:23 ===
           ts_search:(5:<0.485.0>) Dyn Var (RE): no Match (varname=created_user_id), 

=INFO REPORT==== 26-Nov-2019::02:46:23 ===
           ts_search:(5:<0.485.0>) Dyn Var (RE): no Match (varname=add_dog_url), 

=INFO REPORT==== 26-Nov-2019::02:46:23 ===
           ts_search:(5:<0.397.0>) Dyn Var (RE): no Match (varname=created_user_id), 

=INFO REPORT==== 26-Nov-2019::02:46:23 ===
           ts_search:(5:<0.397.0>) Dyn Var (RE): no Match (varname=add_dog_url), 

=INFO REPORT==== 26-Nov-2019::02:46:23 ===
           ts_search:(5:<0.402.0>) Dyn Var (RE): no Match (varname=created_user_id), 

=INFO REPORT==== 26-Nov-2019::02:46:23 ===
           ts_search:(5:<0.402.0>) Dyn Var (RE): no Match (varname=add_dog_url), 

=INFO REPORT==== 26-Nov-2019::02:46:23 ===
           ts_search:(5:<0.442.0>) Dyn Var (RE): no Match (varname=authenticity_token), 

=INFO REPORT==== 26-Nov-2019::02:46:23 ===
           ts_search:(5:<0.442.0>) Dyn Var (RE): no Match (varname=created_user_id), 

=INFO REPORT==== 26-Nov-2019::02:46:23 ===
           ts_search:(5:<0.442.0>) Dyn Var (RE): no Match (varname=add_dog_url), 

=INFO REPORT==== 26-Nov-2019::02:46:23 ===
           ts_search:(5:<0.484.0>) Dyn Var (RE): no Match (varname=authenticity_token), 

=INFO REPORT==== 26-Nov-2019::02:46:23 ===
           ts_search:(5:<0.484.0>) Dyn Var (RE): no Match (varname=created_user_id), 

=INFO REPORT==== 26-Nov-2019::02:46:23 ===
           ts_search:(5:<0.484.0>) Dyn Var (RE): no Match (varname=add_dog_url), 

=INFO REPORT==== 26-Nov-2019::02:46:24 ===
           ts_search:(5:<0.520.0>) Dyn Var (RE): no Match (varname=authenticity_token), 

=INFO REPORT==== 26-Nov-2019::02:46:24 ===
           ts_search:(5:<0.520.0>) Dyn Var (RE): no Match (varname=created_user_id), 

=INFO REPORT==== 26-Nov-2019::02:46:24 ===
           ts_search:(5:<0.520.0>) Dyn Var (RE): no Match (varname=add_dog_url), 

=INFO REPORT==== 26-Nov-2019::02:46:24 ===
           ts_search:(5:<0.578.0>) Dyn Var (RE): no Match (varname=authenticity_token), 

=INFO REPORT==== 26-Nov-2019::02:46:24 ===
           ts_search:(5:<0.472.0>) Dyn Var (RE): no Match (varname=authenticity_token), 

=INFO REPORT==== 26-Nov-2019::02:46:24 ===
           ts_search:(5:<0.472.0>) Dyn Var (RE): no Match (varname=created_user_id), 

=INFO REPORT==== 26-Nov-2019::02:46:24 ===
           ts_search:(5:<0.472.0>) Dyn Var (RE): no Match (varname=add_dog_url), 

=INFO REPORT==== 26-Nov-2019::02:46:24 ===
           ts_search:(5:<0.481.0>) Dyn Var (RE): no Match (varname=authenticity_token), 

=INFO REPORT==== 26-Nov-2019::02:46:24 ===
           ts_search:(5:<0.481.0>) Dyn Var (RE): no Match (varname=created_user_id), 

=INFO REPORT==== 26-Nov-2019::02:46:24 ===
           ts_search:(5:<0.481.0>) Dyn Var (RE): no Match (varname=add_dog_url), 

=INFO REPORT==== 26-Nov-2019::02:46:24 ===
           ts_search:(5:<0.457.0>) Dyn Var (RE): no Match (varname=authenticity_token), 

=INFO REPORT==== 26-Nov-2019::02:46:24 ===
           ts_search:(5:<0.457.0>) Dyn Var (RE): no Match (varname=created_user_id), 

=INFO REPORT==== 26-Nov-2019::02:46:24 ===
           ts_search:(5:<0.457.0>) Dyn Var (RE): no Match (varname=add_dog_url), 

=INFO REPORT==== 26-Nov-2019::02:46:24 ===
           ts_search:(5:<0.417.0>) Dyn Var (RE): no Match (varname=created_user_id), 

=INFO REPORT==== 26-Nov-2019::02:46:24 ===
           ts_search:(5:<0.417.0>) Dyn Var (RE): no Match (varname=add_dog_url), 

=INFO REPORT==== 26-Nov-2019::02:46:24 ===
           ts_search:(5:<0.487.0>) Dyn Var (RE): no Match (varname=authenticity_token), 

=INFO REPORT==== 26-Nov-2019::02:46:24 ===
           ts_search:(5:<0.487.0>) Dyn Var (RE): no Match (varname=created_user_id), 

=INFO REPORT==== 26-Nov-2019::02:46:24 ===
           ts_search:(5:<0.487.0>) Dyn Var (RE): no Match (varname=add_dog_url), 

=INFO REPORT==== 26-Nov-2019::02:46:25 ===
           ts_search:(5:<0.509.0>) Dyn Var (RE): no Match (varname=authenticity_token), 

=INFO REPORT==== 26-Nov-2019::02:46:25 ===
           ts_search:(5:<0.509.0>) Dyn Var (RE): no Match (varname=created_user_id), 

=INFO REPORT==== 26-Nov-2019::02:46:25 ===
           ts_search:(5:<0.509.0>) Dyn Var (RE): no Match (varname=add_dog_url), 

=INFO REPORT==== 26-Nov-2019::02:46:25 ===
           ts_search:(5:<0.536.0>) Dyn Var (RE): no Match (varname=authenticity_token), 

=INFO REPORT==== 26-Nov-2019::02:46:25 ===
           ts_search:(5:<0.536.0>) Dyn Var (RE): no Match (varname=created_user_id), 

=INFO REPORT==== 26-Nov-2019::02:46:25 ===
           ts_search:(5:<0.536.0>) Dyn Var (RE): no Match (varname=add_dog_url), 

=INFO REPORT==== 26-Nov-2019::02:46:25 ===
           ts_search:(5:<0.515.0>) Dyn Var (RE): no Match (varname=authenticity_token), 

=INFO REPORT==== 26-Nov-2019::02:46:25 ===
           ts_search:(5:<0.515.0>) Dyn Var (RE): no Match (varname=created_user_id), 

=INFO REPORT==== 26-Nov-2019::02:46:25 ===
           ts_search:(5:<0.515.0>) Dyn Var (RE): no Match (varname=add_dog_url), 

=INFO REPORT==== 26-Nov-2019::02:46:25 ===
           ts_search:(5:<0.538.0>) Dyn Var (RE): no Match (varname=authenticity_token), 

=INFO REPORT==== 26-Nov-2019::02:46:25 ===
           ts_search:(5:<0.538.0>) Dyn Var (RE): no Match (varname=created_user_id), 

=INFO REPORT==== 26-Nov-2019::02:46:25 ===
           ts_search:(5:<0.538.0>) Dyn Var (RE): no Match (varname=add_dog_url), 

=INFO REPORT==== 26-Nov-2019::02:46:25 ===
           ts_search:(5:<0.577.0>) Dyn Var (RE): no Match (varname=authenticity_token), 

=INFO REPORT==== 26-Nov-2019::02:46:25 ===
           ts_search:(5:<0.577.0>) Dyn Var (RE): no Match (varname=created_user_id), 

=INFO REPORT==== 26-Nov-2019::02:46:25 ===
           ts_search:(5:<0.577.0>) Dyn Var (RE): no Match (varname=add_dog_url), 

=INFO REPORT==== 26-Nov-2019::02:46:25 ===
           ts_search:(5:<0.415.0>) Dyn Var (RE): no Match (varname=created_user_id), 

=INFO REPORT==== 26-Nov-2019::02:46:25 ===
           ts_search:(5:<0.415.0>) Dyn Var (RE): no Match (varname=add_dog_url), 

=INFO REPORT==== 26-Nov-2019::02:46:25 ===
           ts_search:(5:<0.424.0>) Dyn Var (RE): no Match (varname=created_user_id), 

=INFO REPORT==== 26-Nov-2019::02:46:25 ===
           ts_search:(5:<0.424.0>) Dyn Var (RE): no Match (varname=add_dog_url), 

=INFO REPORT==== 26-Nov-2019::02:46:26 ===
           ts_search:(5:<0.544.0>) Dyn Var (RE): no Match (varname=authenticity_token), 

=INFO REPORT==== 26-Nov-2019::02:46:26 ===
           ts_search:(5:<0.544.0>) Dyn Var (RE): no Match (varname=created_user_id), 

=INFO REPORT==== 26-Nov-2019::02:46:26 ===
           ts_search:(5:<0.544.0>) Dyn Var (RE): no Match (varname=add_dog_url), 

=INFO REPORT==== 26-Nov-2019::02:46:26 ===
           ts_search:(5:<0.449.0>) Dyn Var (RE): no Match (varname=created_user_id), 

=INFO REPORT==== 26-Nov-2019::02:46:26 ===
           ts_search:(5:<0.449.0>) Dyn Var (RE): no Match (varname=add_dog_url), 

=INFO REPORT==== 26-Nov-2019::02:46:26 ===
           ts_search:(5:<0.494.0>) Dyn Var (RE): no Match (varname=authenticity_token), 

=INFO REPORT==== 26-Nov-2019::02:46:26 ===
           ts_search:(5:<0.494.0>) Dyn Var (RE): no Match (varname=created_user_id), 

=INFO REPORT==== 26-Nov-2019::02:46:26 ===
           ts_search:(5:<0.494.0>) Dyn Var (RE): no Match (varname=add_dog_url), 

=INFO REPORT==== 26-Nov-2019::02:46:26 ===
           ts_search:(5:<0.543.0>) Dyn Var (RE): no Match (varname=authenticity_token), 

=INFO REPORT==== 26-Nov-2019::02:46:26 ===
           ts_search:(5:<0.543.0>) Dyn Var (RE): no Match (varname=created_user_id), 

=INFO REPORT==== 26-Nov-2019::02:46:26 ===
           ts_search:(5:<0.543.0>) Dyn Var (RE): no Match (varname=add_dog_url), 

=INFO REPORT==== 26-Nov-2019::02:46:26 ===
           ts_search:(5:<0.596.0>) Dyn Var (RE): no Match (varname=authenticity_token), 

=INFO REPORT==== 26-Nov-2019::02:46:26 ===
           ts_search:(5:<0.596.0>) Dyn Var (RE): no Match (varname=created_user_id), 

=INFO REPORT==== 26-Nov-2019::02:46:26 ===
           ts_search:(5:<0.596.0>) Dyn Var (RE): no Match (varname=add_dog_url), 

=INFO REPORT==== 26-Nov-2019::02:46:26 ===
           ts_search:(5:<0.541.0>) Dyn Var (RE): no Match (varname=authenticity_token), 

=INFO REPORT==== 26-Nov-2019::02:46:26 ===
           ts_search:(5:<0.541.0>) Dyn Var (RE): no Match (varname=created_user_id), 

=INFO REPORT==== 26-Nov-2019::02:46:26 ===
           ts_search:(5:<0.541.0>) Dyn Var (RE): no Match (varname=add_dog_url), 

=INFO REPORT==== 26-Nov-2019::02:46:26 ===
           ts_search:(5:<0.491.0>) Dyn Var (RE): no Match (varname=authenticity_token), 

=INFO REPORT==== 26-Nov-2019::02:46:26 ===
           ts_search:(5:<0.491.0>) Dyn Var (RE): no Match (varname=created_user_id), 

=INFO REPORT==== 26-Nov-2019::02:46:26 ===
           ts_search:(5:<0.491.0>) Dyn Var (RE): no Match (varname=add_dog_url), 

=INFO REPORT==== 26-Nov-2019::02:46:26 ===
           ts_search:(5:<0.441.0>) Dyn Var (RE): no Match (varname=created_user_id), 

=INFO REPORT==== 26-Nov-2019::02:46:26 ===
           ts_search:(5:<0.441.0>) Dyn Var (RE): no Match (varname=add_dog_url), 

=INFO REPORT==== 26-Nov-2019::02:46:26 ===
           ts_search:(5:<0.432.0>) Dyn Var (RE): no Match (varname=created_user_id), 

=INFO REPORT==== 26-Nov-2019::02:46:26 ===
           ts_search:(5:<0.432.0>) Dyn Var (RE): no Match (varname=add_dog_url), 

=INFO REPORT==== 26-Nov-2019::02:46:27 ===
           ts_search:(5:<0.506.0>) Dyn Var (RE): no Match (varname=authenticity_token), 

=INFO REPORT==== 26-Nov-2019::02:46:27 ===
           ts_search:(5:<0.506.0>) Dyn Var (RE): no Match (varname=created_user_id), 

=INFO REPORT==== 26-Nov-2019::02:46:27 ===
           ts_search:(5:<0.506.0>) Dyn Var (RE): no Match (varname=add_dog_url), 

=INFO REPORT==== 26-Nov-2019::02:46:27 ===
           ts_search:(5:<0.501.0>) Dyn Var (RE): no Match (varname=authenticity_token), 

=INFO REPORT==== 26-Nov-2019::02:46:27 ===
           ts_search:(5:<0.501.0>) Dyn Var (RE): no Match (varname=created_user_id), 

=INFO REPORT==== 26-Nov-2019::02:46:27 ===
           ts_search:(5:<0.501.0>) Dyn Var (RE): no Match (varname=add_dog_url), 

=INFO REPORT==== 26-Nov-2019::02:46:27 ===
           ts_search:(5:<0.588.0>) Dyn Var (RE): no Match (varname=authenticity_token), 

=INFO REPORT==== 26-Nov-2019::02:46:27 ===
           ts_search:(5:<0.588.0>) Dyn Var (RE): no Match (varname=created_user_id), 

=INFO REPORT==== 26-Nov-2019::02:46:27 ===
           ts_search:(5:<0.588.0>) Dyn Var (RE): no Match (varname=add_dog_url), 

=INFO REPORT==== 26-Nov-2019::02:46:27 ===
           ts_search:(5:<0.507.0>) Dyn Var (RE): no Match (varname=authenticity_token), 

=INFO REPORT==== 26-Nov-2019::02:46:27 ===
           ts_search:(5:<0.507.0>) Dyn Var (RE): no Match (varname=created_user_id), 

=INFO REPORT==== 26-Nov-2019::02:46:27 ===
           ts_search:(5:<0.507.0>) Dyn Var (RE): no Match (varname=add_dog_url), 

=INFO REPORT==== 26-Nov-2019::02:46:27 ===
           ts_search:(5:<0.575.0>) Dyn Var (RE): no Match (varname=authenticity_token), 

=INFO REPORT==== 26-Nov-2019::02:46:27 ===
           ts_search:(5:<0.575.0>) Dyn Var (RE): no Match (varname=created_user_id), 

=INFO REPORT==== 26-Nov-2019::02:46:27 ===
           ts_search:(5:<0.575.0>) Dyn Var (RE): no Match (varname=add_dog_url), 

=INFO REPORT==== 26-Nov-2019::02:46:27 ===
           ts_search:(5:<0.530.0>) Dyn Var (RE): no Match (varname=authenticity_token), 

=INFO REPORT==== 26-Nov-2019::02:46:27 ===
           ts_search:(5:<0.530.0>) Dyn Var (RE): no Match (varname=created_user_id), 

=INFO REPORT==== 26-Nov-2019::02:46:27 ===
           ts_search:(5:<0.530.0>) Dyn Var (RE): no Match (varname=add_dog_url), 

=INFO REPORT==== 26-Nov-2019::02:46:27 ===
           ts_search:(5:<0.610.0>) Dyn Var (RE): no Match (varname=authenticity_token), 

=INFO REPORT==== 26-Nov-2019::02:46:27 ===
           ts_search:(5:<0.610.0>) Dyn Var (RE): no Match (varname=created_user_id), 

=INFO REPORT==== 26-Nov-2019::02:46:27 ===
           ts_search:(5:<0.610.0>) Dyn Var (RE): no Match (varname=add_dog_url), 

=INFO REPORT==== 26-Nov-2019::02:46:27 ===
           ts_search:(5:<0.430.0>) Dyn Var (RE): no Match (varname=created_user_id), 

=INFO REPORT==== 26-Nov-2019::02:46:27 ===
           ts_search:(5:<0.430.0>) Dyn Var (RE): no Match (varname=add_dog_url), 

=INFO REPORT==== 26-Nov-2019::02:46:27 ===
           ts_search:(5:<0.425.0>) Dyn Var (RE): no Match (varname=created_user_id), 

=INFO REPORT==== 26-Nov-2019::02:46:27 ===
           ts_search:(5:<0.425.0>) Dyn Var (RE): no Match (varname=add_dog_url), 

=INFO REPORT==== 26-Nov-2019::02:46:27 ===
         ts_launcher:(5:<0.155.0>) Phase duration exceeded, but not all users were launched (7 users, 2.9% of phase)

=INFO REPORT==== 26-Nov-2019::02:46:27 ===
         ts_launcher:(5:<0.155.0>) This was the last phase, wait for connected users to finish their session

=INFO REPORT==== 26-Nov-2019::02:46:28 ===
           ts_search:(5:<0.453.0>) Dyn Var (RE): no Match (varname=created_user_id), 

=INFO REPORT==== 26-Nov-2019::02:46:28 ===
           ts_search:(5:<0.453.0>) Dyn Var (RE): no Match (varname=add_dog_url), 

=INFO REPORT==== 26-Nov-2019::02:46:29 ===
           ts_search:(5:<0.508.0>) Dyn Var (RE): no Match (varname=authenticity_token), 

=INFO REPORT==== 26-Nov-2019::02:46:29 ===
           ts_search:(5:<0.508.0>) Dyn Var (RE): no Match (varname=created_user_id), 

=INFO REPORT==== 26-Nov-2019::02:46:29 ===
           ts_search:(5:<0.508.0>) Dyn Var (RE): no Match (varname=add_dog_url), 

=INFO REPORT==== 26-Nov-2019::02:46:29 ===
           ts_search:(5:<0.477.0>) Dyn Var (RE): no Match (varname=authenticity_token), 

=INFO REPORT==== 26-Nov-2019::02:46:29 ===
           ts_search:(5:<0.477.0>) Dyn Var (RE): no Match (varname=created_user_id), 

=INFO REPORT==== 26-Nov-2019::02:46:29 ===
           ts_search:(5:<0.477.0>) Dyn Var (RE): no Match (varname=add_dog_url), 

=INFO REPORT==== 26-Nov-2019::02:46:30 ===
           ts_search:(5:<0.546.0>) Dyn Var (RE): no Match (varname=authenticity_token), 

=INFO REPORT==== 26-Nov-2019::02:46:30 ===
           ts_search:(5:<0.546.0>) Dyn Var (RE): no Match (varname=created_user_id), 

=INFO REPORT==== 26-Nov-2019::02:46:30 ===
           ts_search:(5:<0.546.0>) Dyn Var (RE): no Match (varname=add_dog_url), 

=INFO REPORT==== 26-Nov-2019::02:46:30 ===
           ts_search:(5:<0.505.0>) Dyn Var (RE): no Match (varname=authenticity_token), 

=INFO REPORT==== 26-Nov-2019::02:46:30 ===
           ts_search:(5:<0.505.0>) Dyn Var (RE): no Match (varname=created_user_id), 

=INFO REPORT==== 26-Nov-2019::02:46:30 ===
           ts_search:(5:<0.505.0>) Dyn Var (RE): no Match (varname=add_dog_url), 

=INFO REPORT==== 26-Nov-2019::02:46:30 ===
           ts_search:(5:<0.504.0>) Dyn Var (RE): no Match (varname=authenticity_token), 

=INFO REPORT==== 26-Nov-2019::02:46:30 ===
           ts_search:(5:<0.504.0>) Dyn Var (RE): no Match (varname=created_user_id), 

=INFO REPORT==== 26-Nov-2019::02:46:30 ===
           ts_search:(5:<0.504.0>) Dyn Var (RE): no Match (varname=add_dog_url), 

=INFO REPORT==== 26-Nov-2019::02:46:30 ===
           ts_search:(5:<0.445.0>) Dyn Var (RE): no Match (varname=created_user_id), 

=INFO REPORT==== 26-Nov-2019::02:46:30 ===
           ts_search:(5:<0.445.0>) Dyn Var (RE): no Match (varname=add_dog_url), 

=INFO REPORT==== 26-Nov-2019::02:46:30 ===
           ts_search:(5:<0.434.0>) Dyn Var (RE): no Match (varname=created_user_id), 

=INFO REPORT==== 26-Nov-2019::02:46:30 ===
           ts_search:(5:<0.434.0>) Dyn Var (RE): no Match (varname=add_dog_url), 

=INFO REPORT==== 26-Nov-2019::02:46:31 ===
           ts_search:(5:<0.433.0>) Dyn Var (RE): no Match (varname=created_user_id), 

=INFO REPORT==== 26-Nov-2019::02:46:31 ===
           ts_search:(5:<0.433.0>) Dyn Var (RE): no Match (varname=add_dog_url), 

=INFO REPORT==== 26-Nov-2019::02:46:31 ===
           ts_search:(5:<0.401.0>) Dyn Var (RE): no Match (varname=created_user_id), 

=INFO REPORT==== 26-Nov-2019::02:46:31 ===
           ts_search:(5:<0.401.0>) Dyn Var (RE): no Match (varname=add_dog_url), 

=INFO REPORT==== 26-Nov-2019::02:46:32 ===
           ts_search:(5:<0.578.0>) Dyn Var (RE): no Match (varname=created_user_id), 

=INFO REPORT==== 26-Nov-2019::02:46:32 ===
           ts_search:(5:<0.578.0>) Dyn Var (RE): no Match (varname=add_dog_url), 

=INFO REPORT==== 26-Nov-2019::02:46:32 ===
           ts_search:(5:<0.562.0>) Dyn Var (RE): no Match (varname=authenticity_token), 

=INFO REPORT==== 26-Nov-2019::02:46:32 ===
           ts_search:(5:<0.562.0>) Dyn Var (RE): no Match (varname=created_user_id), 

=INFO REPORT==== 26-Nov-2019::02:46:32 ===
           ts_search:(5:<0.562.0>) Dyn Var (RE): no Match (varname=add_dog_url), 

=INFO REPORT==== 26-Nov-2019::02:46:32 ===
           ts_search:(5:<0.570.0>) Dyn Var (RE): no Match (varname=authenticity_token), 

=INFO REPORT==== 26-Nov-2019::02:46:32 ===
           ts_search:(5:<0.570.0>) Dyn Var (RE): no Match (varname=created_user_id), 

=INFO REPORT==== 26-Nov-2019::02:46:32 ===
           ts_search:(5:<0.570.0>) Dyn Var (RE): no Match (varname=add_dog_url), 

=INFO REPORT==== 26-Nov-2019::02:46:32 ===
           ts_search:(5:<0.448.0>) Dyn Var (RE): no Match (varname=created_user_id), 

=INFO REPORT==== 26-Nov-2019::02:46:32 ===
           ts_search:(5:<0.448.0>) Dyn Var (RE): no Match (varname=add_dog_url), 

=INFO REPORT==== 26-Nov-2019::02:46:32 ===
           ts_search:(5:<0.389.0>) Dyn Var (RE): no Match (varname=created_user_id), 

=INFO REPORT==== 26-Nov-2019::02:46:32 ===
           ts_search:(5:<0.389.0>) Dyn Var (RE): no Match (varname=add_dog_url), 

=INFO REPORT==== 26-Nov-2019::02:46:33 ===
           ts_search:(5:<0.510.0>) Dyn Var (RE): no Match (varname=authenticity_token), 

=INFO REPORT==== 26-Nov-2019::02:46:33 ===
           ts_search:(5:<0.510.0>) Dyn Var (RE): no Match (varname=created_user_id), 

=INFO REPORT==== 26-Nov-2019::02:46:33 ===
           ts_search:(5:<0.510.0>) Dyn Var (RE): no Match (varname=add_dog_url), 

=INFO REPORT==== 26-Nov-2019::02:46:33 ===
           ts_search:(5:<0.572.0>) Dyn Var (RE): no Match (varname=authenticity_token), 

=INFO REPORT==== 26-Nov-2019::02:46:33 ===
           ts_search:(5:<0.572.0>) Dyn Var (RE): no Match (varname=created_user_id), 

=INFO REPORT==== 26-Nov-2019::02:46:33 ===
           ts_search:(5:<0.572.0>) Dyn Var (RE): no Match (varname=add_dog_url), 

=INFO REPORT==== 26-Nov-2019::02:46:33 ===
           ts_search:(5:<0.443.0>) Dyn Var (RE): no Match (varname=created_user_id), 

=INFO REPORT==== 26-Nov-2019::02:46:33 ===
           ts_search:(5:<0.443.0>) Dyn Var (RE): no Match (varname=add_dog_url), 

=INFO REPORT==== 26-Nov-2019::02:46:33 ===
           ts_search:(5:<0.412.0>) Dyn Var (RE): no Match (varname=created_user_id), 

=INFO REPORT==== 26-Nov-2019::02:46:33 ===
           ts_search:(5:<0.412.0>) Dyn Var (RE): no Match (varname=add_dog_url), 

=INFO REPORT==== 26-Nov-2019::02:46:34 ===
           ts_search:(5:<0.540.0>) Dyn Var (RE): no Match (varname=authenticity_token), 

=INFO REPORT==== 26-Nov-2019::02:46:34 ===
           ts_search:(5:<0.540.0>) Dyn Var (RE): no Match (varname=created_user_id), 

=INFO REPORT==== 26-Nov-2019::02:46:34 ===
           ts_search:(5:<0.540.0>) Dyn Var (RE): no Match (varname=add_dog_url), 

=INFO REPORT==== 26-Nov-2019::02:46:34 ===
           ts_search:(5:<0.611.0>) Dyn Var (RE): no Match (varname=authenticity_token), 

=INFO REPORT==== 26-Nov-2019::02:46:34 ===
           ts_search:(5:<0.611.0>) Dyn Var (RE): no Match (varname=created_user_id), 

=INFO REPORT==== 26-Nov-2019::02:46:34 ===
           ts_search:(5:<0.611.0>) Dyn Var (RE): no Match (varname=add_dog_url), 

=INFO REPORT==== 26-Nov-2019::02:46:34 ===
           ts_search:(5:<0.532.0>) Dyn Var (RE): no Match (varname=authenticity_token), 

=INFO REPORT==== 26-Nov-2019::02:46:34 ===
           ts_search:(5:<0.532.0>) Dyn Var (RE): no Match (varname=created_user_id), 

=INFO REPORT==== 26-Nov-2019::02:46:34 ===
           ts_search:(5:<0.532.0>) Dyn Var (RE): no Match (varname=add_dog_url), 

=INFO REPORT==== 26-Nov-2019::02:46:34 ===
           ts_search:(5:<0.616.0>) Dyn Var (RE): no Match (varname=authenticity_token), 

=INFO REPORT==== 26-Nov-2019::02:46:34 ===
           ts_search:(5:<0.616.0>) Dyn Var (RE): no Match (varname=created_user_id), 

=INFO REPORT==== 26-Nov-2019::02:46:34 ===
           ts_search:(5:<0.616.0>) Dyn Var (RE): no Match (varname=add_dog_url), 

=INFO REPORT==== 26-Nov-2019::02:46:34 ===
           ts_search:(5:<0.525.0>) Dyn Var (RE): no Match (varname=authenticity_token), 

=INFO REPORT==== 26-Nov-2019::02:46:34 ===
           ts_search:(5:<0.525.0>) Dyn Var (RE): no Match (varname=created_user_id), 

=INFO REPORT==== 26-Nov-2019::02:46:34 ===
           ts_search:(5:<0.525.0>) Dyn Var (RE): no Match (varname=add_dog_url), 

=INFO REPORT==== 26-Nov-2019::02:46:35 ===
           ts_search:(5:<0.566.0>) Dyn Var (RE): no Match (varname=authenticity_token), 

=INFO REPORT==== 26-Nov-2019::02:46:35 ===
           ts_search:(5:<0.566.0>) Dyn Var (RE): no Match (varname=created_user_id), 

=INFO REPORT==== 26-Nov-2019::02:46:35 ===
           ts_search:(5:<0.566.0>) Dyn Var (RE): no Match (varname=add_dog_url), 

=INFO REPORT==== 26-Nov-2019::02:46:35 ===
           ts_search:(5:<0.606.0>) Dyn Var (RE): no Match (varname=authenticity_token), 

=INFO REPORT==== 26-Nov-2019::02:46:35 ===
           ts_search:(5:<0.414.0>) Dyn Var (RE): no Match (varname=created_user_id), 

=INFO REPORT==== 26-Nov-2019::02:46:35 ===
           ts_search:(5:<0.414.0>) Dyn Var (RE): no Match (varname=add_dog_url), 

=INFO REPORT==== 26-Nov-2019::02:46:35 ===
           ts_search:(5:<0.440.0>) Dyn Var (RE): no Match (varname=created_user_id), 

=INFO REPORT==== 26-Nov-2019::02:46:35 ===
           ts_search:(5:<0.440.0>) Dyn Var (RE): no Match (varname=add_dog_url), 

=INFO REPORT==== 26-Nov-2019::02:46:35 ===
           ts_search:(5:<0.600.0>) Dyn Var (RE): no Match (varname=authenticity_token), 

=INFO REPORT==== 26-Nov-2019::02:46:35 ===
           ts_search:(5:<0.600.0>) Dyn Var (RE): no Match (varname=created_user_id), 

=INFO REPORT==== 26-Nov-2019::02:46:35 ===
           ts_search:(5:<0.600.0>) Dyn Var (RE): no Match (varname=add_dog_url), 

=INFO REPORT==== 26-Nov-2019::02:46:35 ===
           ts_search:(5:<0.458.0>) Dyn Var (RE): no Match (varname=created_user_id), 

=INFO REPORT==== 26-Nov-2019::02:46:35 ===
           ts_search:(5:<0.458.0>) Dyn Var (RE): no Match (varname=add_dog_url), 

=INFO REPORT==== 26-Nov-2019::02:46:36 ===
           ts_search:(5:<0.444.0>) Dyn Var (RE): no Match (varname=created_user_id), 

=INFO REPORT==== 26-Nov-2019::02:46:36 ===
           ts_search:(5:<0.444.0>) Dyn Var (RE): no Match (varname=add_dog_url), 

=INFO REPORT==== 26-Nov-2019::02:46:37 ===
           ts_search:(5:<0.474.0>) Dyn Var (RE): no Match (varname=created_user_id), 

=INFO REPORT==== 26-Nov-2019::02:46:37 ===
           ts_search:(5:<0.474.0>) Dyn Var (RE): no Match (varname=add_dog_url), 

=INFO REPORT==== 26-Nov-2019::02:46:37 ===
           ts_search:(5:<0.429.0>) Dyn Var (RE): no Match (varname=created_user_id), 

=INFO REPORT==== 26-Nov-2019::02:46:37 ===
           ts_search:(5:<0.429.0>) Dyn Var (RE): no Match (varname=add_dog_url), 

=INFO REPORT==== 26-Nov-2019::02:46:39 ===
           ts_search:(5:<0.464.0>) Dyn Var (RE): no Match (varname=created_user_id), 

=INFO REPORT==== 26-Nov-2019::02:46:39 ===
           ts_search:(5:<0.464.0>) Dyn Var (RE): no Match (varname=add_dog_url), 

=INFO REPORT==== 26-Nov-2019::02:46:39 ===
           ts_search:(5:<0.460.0>) Dyn Var (RE): no Match (varname=created_user_id), 

=INFO REPORT==== 26-Nov-2019::02:46:39 ===
           ts_search:(5:<0.460.0>) Dyn Var (RE): no Match (varname=add_dog_url), 

=INFO REPORT==== 26-Nov-2019::02:46:40 ===
           ts_search:(5:<0.470.0>) Dyn Var (RE): no Match (varname=created_user_id), 

=INFO REPORT==== 26-Nov-2019::02:46:40 ===
           ts_search:(5:<0.470.0>) Dyn Var (RE): no Match (varname=add_dog_url), 

=INFO REPORT==== 26-Nov-2019::02:46:40 ===
           ts_search:(5:<0.463.0>) Dyn Var (RE): no Match (varname=created_user_id), 

=INFO REPORT==== 26-Nov-2019::02:46:40 ===
           ts_search:(5:<0.463.0>) Dyn Var (RE): no Match (varname=add_dog_url), 

=INFO REPORT==== 26-Nov-2019::02:46:41 ===
           ts_search:(5:<0.471.0>) Dyn Var (RE): no Match (varname=created_user_id), 

=INFO REPORT==== 26-Nov-2019::02:46:41 ===
           ts_search:(5:<0.471.0>) Dyn Var (RE): no Match (varname=add_dog_url), 

=INFO REPORT==== 26-Nov-2019::02:46:41 ===
           ts_search:(5:<0.461.0>) Dyn Var (RE): no Match (varname=created_user_id), 

=INFO REPORT==== 26-Nov-2019::02:46:41 ===
           ts_search:(5:<0.461.0>) Dyn Var (RE): no Match (varname=add_dog_url), 

=INFO REPORT==== 26-Nov-2019::02:46:41 ===
           ts_search:(5:<0.476.0>) Dyn Var (RE): no Match (varname=created_user_id), 

=INFO REPORT==== 26-Nov-2019::02:46:41 ===
           ts_search:(5:<0.476.0>) Dyn Var (RE): no Match (varname=add_dog_url), 

=INFO REPORT==== 26-Nov-2019::02:46:41 ===
           ts_search:(5:<0.465.0>) Dyn Var (RE): no Match (varname=created_user_id), 

=INFO REPORT==== 26-Nov-2019::02:46:41 ===
           ts_search:(5:<0.465.0>) Dyn Var (RE): no Match (varname=add_dog_url), 

=INFO REPORT==== 26-Nov-2019::02:46:43 ===
           ts_search:(5:<0.606.0>) Dyn Var (RE): no Match (varname=created_user_id), 

=INFO REPORT==== 26-Nov-2019::02:46:43 ===
           ts_search:(5:<0.606.0>) Dyn Var (RE): no Match (varname=add_dog_url), 

=INFO REPORT==== 26-Nov-2019::02:46:43 ===
           ts_search:(5:<0.486.0>) Dyn Var (RE): no Match (varname=created_user_id), 

=INFO REPORT==== 26-Nov-2019::02:46:43 ===
           ts_search:(5:<0.486.0>) Dyn Var (RE): no Match (varname=add_dog_url), 

=INFO REPORT==== 26-Nov-2019::02:46:43 ===
           ts_search:(5:<0.467.0>) Dyn Var (RE): no Match (varname=created_user_id), 

=INFO REPORT==== 26-Nov-2019::02:46:43 ===
           ts_search:(5:<0.467.0>) Dyn Var (RE): no Match (varname=add_dog_url), 

=INFO REPORT==== 26-Nov-2019::02:46:44 ===
           ts_search:(5:<0.513.0>) Dyn Var (RE): no Match (varname=created_user_id), 

=INFO REPORT==== 26-Nov-2019::02:46:44 ===
           ts_search:(5:<0.513.0>) Dyn Var (RE): no Match (varname=add_dog_url), 

=INFO REPORT==== 26-Nov-2019::02:46:44 ===
           ts_search:(5:<0.496.0>) Dyn Var (RE): no Match (varname=created_user_id), 

=INFO REPORT==== 26-Nov-2019::02:46:44 ===
           ts_search:(5:<0.496.0>) Dyn Var (RE): no Match (varname=add_dog_url), 

=INFO REPORT==== 26-Nov-2019::02:46:45 ===
           ts_search:(5:<0.492.0>) Dyn Var (RE): no Match (varname=created_user_id), 

=INFO REPORT==== 26-Nov-2019::02:46:45 ===
           ts_search:(5:<0.492.0>) Dyn Var (RE): no Match (varname=add_dog_url), 

=INFO REPORT==== 26-Nov-2019::02:46:46 ===
           ts_search:(5:<0.493.0>) Dyn Var (RE): no Match (varname=created_user_id), 

=INFO REPORT==== 26-Nov-2019::02:46:46 ===
           ts_search:(5:<0.493.0>) Dyn Var (RE): no Match (varname=add_dog_url), 

=INFO REPORT==== 26-Nov-2019::02:46:47 ===
           ts_search:(5:<0.454.0>) Dyn Var (RE): no Match (varname=created_user_id), 

=INFO REPORT==== 26-Nov-2019::02:46:47 ===
           ts_search:(5:<0.454.0>) Dyn Var (RE): no Match (varname=add_dog_url), 

=INFO REPORT==== 26-Nov-2019::02:46:47 ===
           ts_search:(5:<0.475.0>) Dyn Var (RE): no Match (varname=created_user_id), 

=INFO REPORT==== 26-Nov-2019::02:46:47 ===
           ts_search:(5:<0.475.0>) Dyn Var (RE): no Match (varname=add_dog_url), 

=INFO REPORT==== 26-Nov-2019::02:46:47 ===
           ts_search:(5:<0.488.0>) Dyn Var (RE): no Match (varname=created_user_id), 

=INFO REPORT==== 26-Nov-2019::02:46:47 ===
           ts_search:(5:<0.488.0>) Dyn Var (RE): no Match (varname=add_dog_url), 

=INFO REPORT==== 26-Nov-2019::02:46:47 ===
           ts_search:(5:<0.589.0>) Dyn Var (RE): no Match (varname=created_user_id), 

=INFO REPORT==== 26-Nov-2019::02:46:47 ===
           ts_search:(5:<0.589.0>) Dyn Var (RE): no Match (varname=add_dog_url), 

=INFO REPORT==== 26-Nov-2019::02:46:47 ===
           ts_search:(5:<0.599.0>) Dyn Var (RE): no Match (varname=created_user_id), 

=INFO REPORT==== 26-Nov-2019::02:46:47 ===
           ts_search:(5:<0.599.0>) Dyn Var (RE): no Match (varname=add_dog_url), 

=INFO REPORT==== 26-Nov-2019::02:46:48 ===
           ts_search:(5:<0.502.0>) Dyn Var (RE): no Match (varname=created_user_id), 

=INFO REPORT==== 26-Nov-2019::02:46:48 ===
           ts_search:(5:<0.502.0>) Dyn Var (RE): no Match (varname=add_dog_url), 

=INFO REPORT==== 26-Nov-2019::02:46:50 ===
           ts_search:(5:<0.545.0>) Dyn Var (RE): no Match (varname=created_user_id), 

=INFO REPORT==== 26-Nov-2019::02:46:50 ===
           ts_search:(5:<0.545.0>) Dyn Var (RE): no Match (varname=add_dog_url), 

=INFO REPORT==== 26-Nov-2019::02:46:50 ===
           ts_search:(5:<0.500.0>) Dyn Var (RE): no Match (varname=created_user_id), 

=INFO REPORT==== 26-Nov-2019::02:46:50 ===
           ts_search:(5:<0.500.0>) Dyn Var (RE): no Match (varname=add_dog_url), 

=INFO REPORT==== 26-Nov-2019::02:46:51 ===
           ts_search:(5:<0.497.0>) Dyn Var (RE): no Match (varname=created_user_id), 

=INFO REPORT==== 26-Nov-2019::02:46:51 ===
           ts_search:(5:<0.497.0>) Dyn Var (RE): no Match (varname=add_dog_url), 

=INFO REPORT==== 26-Nov-2019::02:46:51 ===
           ts_search:(5:<0.584.0>) Dyn Var (RE): no Match (varname=created_user_id), 

=INFO REPORT==== 26-Nov-2019::02:46:51 ===
           ts_search:(5:<0.584.0>) Dyn Var (RE): no Match (varname=add_dog_url), 

=INFO REPORT==== 26-Nov-2019::02:46:51 ===
           ts_search:(5:<0.597.0>) Dyn Var (RE): no Match (varname=created_user_id), 

=INFO REPORT==== 26-Nov-2019::02:46:51 ===
           ts_search:(5:<0.597.0>) Dyn Var (RE): no Match (varname=add_dog_url), 

=INFO REPORT==== 26-Nov-2019::02:46:51 ===
           ts_search:(5:<0.579.0>) Dyn Var (RE): no Match (varname=created_user_id), 

=INFO REPORT==== 26-Nov-2019::02:46:51 ===
           ts_search:(5:<0.579.0>) Dyn Var (RE): no Match (varname=add_dog_url), 

=INFO REPORT==== 26-Nov-2019::02:46:51 ===
           ts_search:(5:<0.587.0>) Dyn Var (RE): no Match (varname=created_user_id), 

=INFO REPORT==== 26-Nov-2019::02:46:51 ===
           ts_search:(5:<0.587.0>) Dyn Var (RE): no Match (varname=add_dog_url), 

=INFO REPORT==== 26-Nov-2019::02:46:53 ===
           ts_search:(5:<0.619.0>) Dyn Var (RE): no Match (varname=created_user_id), 

=INFO REPORT==== 26-Nov-2019::02:46:53 ===
           ts_search:(5:<0.619.0>) Dyn Var (RE): no Match (varname=add_dog_url), 

=INFO REPORT==== 26-Nov-2019::02:46:53 ===
           ts_search:(5:<0.554.0>) Dyn Var (RE): no Match (varname=created_user_id), 

=INFO REPORT==== 26-Nov-2019::02:46:53 ===
           ts_search:(5:<0.554.0>) Dyn Var (RE): no Match (varname=add_dog_url), 

=INFO REPORT==== 26-Nov-2019::02:46:54 ===
           ts_search:(5:<0.499.0>) Dyn Var (RE): no Match (varname=created_user_id), 

=INFO REPORT==== 26-Nov-2019::02:46:54 ===
           ts_search:(5:<0.499.0>) Dyn Var (RE): no Match (varname=add_dog_url), 

=INFO REPORT==== 26-Nov-2019::02:46:54 ===
           ts_search:(5:<0.517.0>) Dyn Var (RE): no Match (varname=created_user_id), 

=INFO REPORT==== 26-Nov-2019::02:46:54 ===
           ts_search:(5:<0.517.0>) Dyn Var (RE): no Match (varname=add_dog_url), 

=INFO REPORT==== 26-Nov-2019::02:46:54 ===
           ts_search:(5:<0.607.0>) Dyn Var (RE): no Match (varname=created_user_id), 

=INFO REPORT==== 26-Nov-2019::02:46:54 ===
           ts_search:(5:<0.607.0>) Dyn Var (RE): no Match (varname=add_dog_url), 

=INFO REPORT==== 26-Nov-2019::02:46:55 ===
           ts_search:(5:<0.534.0>) Dyn Var (RE): no Match (varname=created_user_id), 

=INFO REPORT==== 26-Nov-2019::02:46:55 ===
           ts_search:(5:<0.534.0>) Dyn Var (RE): no Match (varname=add_dog_url), 

=INFO REPORT==== 26-Nov-2019::02:46:56 ===
           ts_search:(5:<0.522.0>) Dyn Var (RE): no Match (varname=created_user_id), 

=INFO REPORT==== 26-Nov-2019::02:46:56 ===
           ts_search:(5:<0.522.0>) Dyn Var (RE): no Match (varname=add_dog_url), 

=INFO REPORT==== 26-Nov-2019::02:46:56 ===
           ts_search:(5:<0.563.0>) Dyn Var (RE): no Match (varname=created_user_id), 

=INFO REPORT==== 26-Nov-2019::02:46:56 ===
           ts_search:(5:<0.563.0>) Dyn Var (RE): no Match (varname=add_dog_url), 

=INFO REPORT==== 26-Nov-2019::02:46:56 ===
           ts_search:(5:<0.523.0>) Dyn Var (RE): no Match (varname=created_user_id), 

=INFO REPORT==== 26-Nov-2019::02:46:56 ===
           ts_search:(5:<0.523.0>) Dyn Var (RE): no Match (varname=add_dog_url), 

=INFO REPORT==== 26-Nov-2019::02:46:57 ===
           ts_search:(5:<0.608.0>) Dyn Var (RE): no Match (varname=created_user_id), 

=INFO REPORT==== 26-Nov-2019::02:46:57 ===
           ts_search:(5:<0.608.0>) Dyn Var (RE): no Match (varname=add_dog_url), 

=INFO REPORT==== 26-Nov-2019::02:46:57 ===
           ts_search:(5:<0.556.0>) Dyn Var (RE): no Match (varname=created_user_id), 

=INFO REPORT==== 26-Nov-2019::02:46:57 ===
           ts_search:(5:<0.556.0>) Dyn Var (RE): no Match (varname=add_dog_url), 

=INFO REPORT==== 26-Nov-2019::02:46:58 ===
           ts_search:(5:<0.526.0>) Dyn Var (RE): no Match (varname=created_user_id), 

=INFO REPORT==== 26-Nov-2019::02:46:58 ===
           ts_search:(5:<0.526.0>) Dyn Var (RE): no Match (varname=add_dog_url), 

=INFO REPORT==== 26-Nov-2019::02:46:58 ===
           ts_search:(5:<0.521.0>) Dyn Var (RE): no Match (varname=created_user_id), 

=INFO REPORT==== 26-Nov-2019::02:46:58 ===
           ts_search:(5:<0.521.0>) Dyn Var (RE): no Match (varname=add_dog_url), 

=INFO REPORT==== 26-Nov-2019::02:46:59 ===
           ts_search:(5:<0.590.0>) Dyn Var (RE): no Match (varname=created_user_id), 

=INFO REPORT==== 26-Nov-2019::02:46:59 ===
           ts_search:(5:<0.590.0>) Dyn Var (RE): no Match (varname=add_dog_url), 

=INFO REPORT==== 26-Nov-2019::02:46:59 ===
           ts_search:(5:<0.533.0>) Dyn Var (RE): no Match (varname=created_user_id), 

=INFO REPORT==== 26-Nov-2019::02:46:59 ===
           ts_search:(5:<0.533.0>) Dyn Var (RE): no Match (varname=add_dog_url), 

=INFO REPORT==== 26-Nov-2019::02:46:59 ===
           ts_search:(5:<0.503.0>) Dyn Var (RE): no Match (varname=created_user_id), 

=INFO REPORT==== 26-Nov-2019::02:46:59 ===
           ts_search:(5:<0.503.0>) Dyn Var (RE): no Match (varname=add_dog_url), 

=INFO REPORT==== 26-Nov-2019::02:46:59 ===
           ts_search:(5:<0.512.0>) Dyn Var (RE): no Match (varname=created_user_id), 

=INFO REPORT==== 26-Nov-2019::02:46:59 ===
           ts_search:(5:<0.512.0>) Dyn Var (RE): no Match (varname=add_dog_url), 

=INFO REPORT==== 26-Nov-2019::02:47:01 ===
           ts_search:(5:<0.511.0>) Dyn Var (RE): no Match (varname=created_user_id), 

=INFO REPORT==== 26-Nov-2019::02:47:01 ===
           ts_search:(5:<0.511.0>) Dyn Var (RE): no Match (varname=add_dog_url), 

=INFO REPORT==== 26-Nov-2019::02:47:01 ===
           ts_search:(5:<0.592.0>) Dyn Var (RE): no Match (varname=created_user_id), 

=INFO REPORT==== 26-Nov-2019::02:47:01 ===
           ts_search:(5:<0.592.0>) Dyn Var (RE): no Match (varname=add_dog_url), 

=INFO REPORT==== 26-Nov-2019::02:47:01 ===
           ts_search:(5:<0.573.0>) Dyn Var (RE): no Match (varname=created_user_id), 

=INFO REPORT==== 26-Nov-2019::02:47:01 ===
           ts_search:(5:<0.573.0>) Dyn Var (RE): no Match (varname=add_dog_url), 

=INFO REPORT==== 26-Nov-2019::02:47:01 ===
           ts_search:(5:<0.580.0>) Dyn Var (RE): no Match (varname=created_user_id), 

=INFO REPORT==== 26-Nov-2019::02:47:01 ===
           ts_search:(5:<0.580.0>) Dyn Var (RE): no Match (varname=add_dog_url), 

=INFO REPORT==== 26-Nov-2019::02:47:03 ===
           ts_search:(5:<0.516.0>) Dyn Var (RE): no Match (varname=created_user_id), 

=INFO REPORT==== 26-Nov-2019::02:47:03 ===
           ts_search:(5:<0.516.0>) Dyn Var (RE): no Match (varname=add_dog_url), 

=INFO REPORT==== 26-Nov-2019::02:47:04 ===
           ts_search:(5:<0.559.0>) Dyn Var (RE): no Match (varname=created_user_id), 

=INFO REPORT==== 26-Nov-2019::02:47:04 ===
           ts_search:(5:<0.559.0>) Dyn Var (RE): no Match (varname=add_dog_url), 

=INFO REPORT==== 26-Nov-2019::02:47:04 ===
           ts_search:(5:<0.612.0>) Dyn Var (RE): no Match (varname=created_user_id), 

=INFO REPORT==== 26-Nov-2019::02:47:04 ===
           ts_search:(5:<0.612.0>) Dyn Var (RE): no Match (varname=add_dog_url), 

=INFO REPORT==== 26-Nov-2019::02:47:04 ===
           ts_search:(5:<0.594.0>) Dyn Var (RE): no Match (varname=created_user_id), 

=INFO REPORT==== 26-Nov-2019::02:47:04 ===
           ts_search:(5:<0.594.0>) Dyn Var (RE): no Match (varname=add_dog_url), 

=INFO REPORT==== 26-Nov-2019::02:47:04 ===
           ts_search:(5:<0.466.0>) Dyn Var (RE): no Match (varname=created_user_id), 

=INFO REPORT==== 26-Nov-2019::02:47:04 ===
           ts_search:(5:<0.466.0>) Dyn Var (RE): no Match (varname=add_dog_url), 

=INFO REPORT==== 26-Nov-2019::02:47:04 ===
           ts_search:(5:<0.604.0>) Dyn Var (RE): no Match (varname=created_user_id), 

=INFO REPORT==== 26-Nov-2019::02:47:04 ===
           ts_search:(5:<0.604.0>) Dyn Var (RE): no Match (varname=add_dog_url), 

=INFO REPORT==== 26-Nov-2019::02:47:05 ===
           ts_search:(5:<0.591.0>) Dyn Var (RE): no Match (varname=created_user_id), 

=INFO REPORT==== 26-Nov-2019::02:47:05 ===
           ts_search:(5:<0.591.0>) Dyn Var (RE): no Match (varname=add_dog_url), 

=INFO REPORT==== 26-Nov-2019::02:47:05 ===
           ts_search:(5:<0.560.0>) Dyn Var (RE): no Match (varname=created_user_id), 

=INFO REPORT==== 26-Nov-2019::02:47:05 ===
           ts_search:(5:<0.560.0>) Dyn Var (RE): no Match (varname=add_dog_url), 

=INFO REPORT==== 26-Nov-2019::02:47:05 ===
           ts_search:(5:<0.576.0>) Dyn Var (RE): no Match (varname=created_user_id), 

=INFO REPORT==== 26-Nov-2019::02:47:05 ===
           ts_search:(5:<0.576.0>) Dyn Var (RE): no Match (varname=add_dog_url), 

=INFO REPORT==== 26-Nov-2019::02:47:05 ===
           ts_search:(5:<0.609.0>) Dyn Var (RE): no Match (varname=created_user_id), 

=INFO REPORT==== 26-Nov-2019::02:47:05 ===
           ts_search:(5:<0.609.0>) Dyn Var (RE): no Match (varname=add_dog_url), 

=INFO REPORT==== 26-Nov-2019::02:47:06 ===
           ts_search:(5:<0.618.0>) Dyn Var (RE): no Match (varname=created_user_id), 

=INFO REPORT==== 26-Nov-2019::02:47:06 ===
           ts_search:(5:<0.618.0>) Dyn Var (RE): no Match (varname=add_dog_url), 

=INFO REPORT==== 26-Nov-2019::02:47:06 ===
           ts_search:(5:<0.620.0>) Dyn Var (RE): no Match (varname=created_user_id), 

=INFO REPORT==== 26-Nov-2019::02:47:06 ===
           ts_search:(5:<0.620.0>) Dyn Var (RE): no Match (varname=add_dog_url), 

=INFO REPORT==== 26-Nov-2019::02:47:06 ===
           ts_search:(5:<0.551.0>) Dyn Var (RE): no Match (varname=created_user_id), 

=INFO REPORT==== 26-Nov-2019::02:47:06 ===
           ts_search:(5:<0.551.0>) Dyn Var (RE): no Match (varname=add_dog_url), 

=INFO REPORT==== 26-Nov-2019::02:47:06 ===
           ts_search:(5:<0.549.0>) Dyn Var (RE): no Match (varname=created_user_id), 

=INFO REPORT==== 26-Nov-2019::02:47:06 ===
           ts_search:(5:<0.549.0>) Dyn Var (RE): no Match (varname=add_dog_url), 

=INFO REPORT==== 26-Nov-2019::02:47:06 ===
           ts_search:(5:<0.595.0>) Dyn Var (RE): no Match (varname=created_user_id), 

=INFO REPORT==== 26-Nov-2019::02:47:06 ===
           ts_search:(5:<0.595.0>) Dyn Var (RE): no Match (varname=add_dog_url), 

=INFO REPORT==== 26-Nov-2019::02:47:09 ===
           ts_search:(5:<0.617.0>) Dyn Var (RE): no Match (varname=created_user_id), 

=INFO REPORT==== 26-Nov-2019::02:47:09 ===
           ts_search:(5:<0.617.0>) Dyn Var (RE): no Match (varname=add_dog_url), 

=INFO REPORT==== 26-Nov-2019::02:47:10 ===
           ts_search:(5:<0.593.0>) Dyn Var (RE): no Match (varname=created_user_id), 

=INFO REPORT==== 26-Nov-2019::02:47:10 ===
           ts_search:(5:<0.593.0>) Dyn Var (RE): no Match (varname=add_dog_url), 

=INFO REPORT==== 26-Nov-2019::02:47:10 ===
           ts_search:(5:<0.613.0>) Dyn Var (RE): no Match (varname=created_user_id), 

=INFO REPORT==== 26-Nov-2019::02:47:10 ===
           ts_search:(5:<0.613.0>) Dyn Var (RE): no Match (varname=add_dog_url), 

=INFO REPORT==== 26-Nov-2019::02:47:22 ===
     ts_launcher_mgr:(5:<0.149.0>) No more active users 'tsung_controller@ip-172-31-25-125' "3212"

=INFO REPORT==== 26-Nov-2019::02:47:23 ===
              ts_mon:(5:<0.103.0>) stopping monitor (normal)
