# stats: dump at 1574442274
stats: users 0 1
stats: {load,"tsung_controller@ip-172-31-22-251"} 1 0.16015625 0 0.16015625 0.16015625 0 0
stats: {cpu,"tsung_controller@ip-172-31-22-251"} 1 3.1808192934017017 0 3.1808192934017017 3.1808192934017017 0 0
stats: {freemem,"tsung_controller@ip-172-31-22-251"} 1 3523.296875 0 3523.296875 3523.296875 0 0
stats: session 6 63.39433333333333 6.141910985642459 73.217 53.019 0 0
stats: users_count 6 6
stats: finish_users_count 6 6
stats: request 6 60.56733333333332 4.888937910107762 65.819 51.102 0 0
stats: connect 6 9.091166666666668 1.0974566683422584 10.092 7.015 0 0
stats: page 6 60.56733333333332 4.888937910107762 65.819 51.102 0 0
stats: 200 6 6
stats: size_rcv 75267 75267
stats: size_sent 840 840
stats: connected 0 0
# stats: dump at 1574442284
stats: users 0 1
stats: {load,"tsung_controller@ip-172-31-22-251"} 1 0.12890625 0.0 0.16015625 0.12890625 0.16015625 1
stats: {recvpackets,"tsung_controller@ip-172-31-22-251"} 1 169 0 169 169 0 0
stats: {sentpackets,"tsung_controller@ip-172-31-22-251"} 1 231 0 231 231 0 0
stats: {cpu,"tsung_controller@ip-172-31-22-251"} 1 1.8962075848303395 0.0 3.1808192934017017 1.8962075848303395 3.1808192934017017 1
stats: {freemem,"tsung_controller@ip-172-31-22-251"} 1 3524.29296875 0.0 3524.29296875 3523.296875 3523.296875 1
stats: session 2 70.15 4.178999999999991 74.329 53.019 63.39433333333333 6
stats: users_count 2 8
stats: finish_users_count 2 8
stats: request 2 65.88550000000001 1.8464999999999954 67.732 51.102 60.56733333333332 6
stats: connect 2 8.615 0.09600000000000009 10.092 7.015 9.091166666666668 6
stats: page 2 65.88550000000001 1.8464999999999954 67.732 51.102 60.56733333333332 6
stats: 200 2 8
stats: size_rcv 25071 100338
stats: size_sent 280 1120
stats: connected 0 0
# stats: dump at 1574442285
stats: users 0 1
stats: {load,"tsung_controller@ip-172-31-22-251"} 0 0 0 0.16015625 0.12890625 0.14453125 2
stats: {recvpackets,"tsung_controller@ip-172-31-22-251"} 0 0 0 169 169 169.0 1
stats: {sentpackets,"tsung_controller@ip-172-31-22-251"} 0 0 0 231 231 231.0 1
stats: {cpu,"tsung_controller@ip-172-31-22-251"} 0 0 0 3.1808192934017017 1.8962075848303395 2.5385134391160205 2
stats: {freemem,"tsung_controller@ip-172-31-22-251"} 0 0 0 3524.29296875 3523.296875 3523.794921875 2
stats: session 0 0 0 74.329 53.019 65.08324999999999 8
stats: users_count 0 8
stats: finish_users_count 0 8
stats: request 0 0 0 67.732 51.102 61.896874999999994 8
stats: connect 0 0 0 10.092 7.015 8.972125000000002 8
stats: page 0 0 0 67.732 51.102 61.896874999999994 8
stats: 200 0 8
stats: size_rcv 0 100338
stats: size_sent 0 1120
stats: connected 0 0
EndMonitor:{1574,442285,473761}
