# stats: dump at 1575573287
stats: users 12 12
stats: {freemem,"tsung_controller@ip-172-31-30-247"} 1 3517.43359375 0 3517.43359375 3517.43359375 0 0
stats: {load,"tsung_controller@ip-172-31-30-247"} 1 0.0 0 0.0 0.0 0 0
stats: {cpu,"tsung_controller@ip-172-31-30-247"} 1 1.0899378114498075 0 1.0899378114498075 1.0899378114498075 0 0
stats: users_count 12 12
stats: finish_users_count 0 0
stats: request 30 331.96856666666673 352.81125232392867 1038.265 6.777 0 0
stats: connect 12 2.0239999999999996 2.0100103233565747 8.662 1.193 0 0
stats: page 30 331.96856666666673 352.81125232392867 1038.265 6.777 0 0
stats: 302 3 3
stats: 200 24 24
stats: size_rcv 149533 149533
stats: size_sent 19243 19243
stats: connected 12 12
stats: 404 3 3
# stats: dump at 1575573297
stats: users 19 19
stats: {freemem,"tsung_controller@ip-172-31-30-247"} 1 3516.6875 0.0 3517.43359375 3516.6875 3517.43359375 1
stats: {load,"tsung_controller@ip-172-31-30-247"} 1 0.0 0.0 0.0 0.0 0.0 1
stats: {recvpackets,"tsung_controller@ip-172-31-30-247"} 1 205 0 205 205 0 0
stats: {sentpackets,"tsung_controller@ip-172-31-30-247"} 1 164 0 164 164 0 0
stats: {cpu,"tsung_controller@ip-172-31-30-247"} 1 0.4008016032064128 0.0 1.0899378114498075 0.4008016032064128 1.0899378114498075 1
stats: users_count 7 19
stats: finish_users_count 0 0
stats: request 46 79.81495652173913 112.0767013477739 1038.265 3.407 331.96856666666673 30
stats: connect 6 1.4186666666666667 0.14824266892122828 8.662 1.193 2.0239999999999996 12
stats: page 46 79.81495652173913 112.0767013477739 1038.265 3.407 331.96856666666673 30
stats: 302 11 14
stats: 200 27 51
stats: size_rcv 193358 342891
stats: size_sent 42935 62178
stats: connected 6 18
stats: 404 8 11
# stats: dump at 1575573307
stats: users 30 30
stats: {freemem,"tsung_controller@ip-172-31-30-247"} 1 3514.515625 0.0 3517.43359375 3514.515625 3517.060546875 2
stats: {load,"tsung_controller@ip-172-31-30-247"} 1 0.0 0.0 0.0 0.0 0.0 2
stats: {recvpackets,"tsung_controller@ip-172-31-30-247"} 1 229.0 0.0 229 205 205.0 1
stats: {sentpackets,"tsung_controller@ip-172-31-30-247"} 1 189.0 0.0 189 164 164.0 1
stats: {cpu,"tsung_controller@ip-172-31-30-247"} 1 0.5 0.0 1.0899378114498075 0.4008016032064128 0.7453697073281101 2
stats: users_count 11 30
stats: finish_users_count 0 0
stats: request 64 66.637890625 109.24921173401509 1038.265 3.376 179.3492763157895 76
stats: connect 12 2.007416666666667 1.3024209162385085 8.662 1.063 1.822222222222222 18
stats: page 64 66.637890625 109.24921173401509 1038.265 3.376 179.3492763157895 76
stats: 302 14 28
stats: 200 36 87
stats: size_rcv 263510 606401
stats: size_sent 61458 123636
stats: connected 12 30
stats: 404 14 25
# stats: dump at 1575573317
stats: users 53 53
stats: {freemem,"tsung_controller@ip-172-31-30-247"} 1 3504.41796875 0.0 3517.43359375 3504.41796875 3516.2122395833335 3
stats: {load,"tsung_controller@ip-172-31-30-247"} 1 0.0703125 0.0 0.0703125 0.0 0.0 3
stats: {recvpackets,"tsung_controller@ip-172-31-30-247"} 1 290.0 0.0 290 205 217.0 2
stats: {sentpackets,"tsung_controller@ip-172-31-30-247"} 1 226.0 0.0 226 164 176.5 2
stats: {cpu,"tsung_controller@ip-172-31-30-247"} 1 16.683119447186577 0.0 16.683119447186577 0.4008016032064128 0.6635798048854068 3
stats: users_count 23 53
stats: finish_users_count 0 0
stats: request 66 46.48980303030303 96.31915820494739 1038.265 3.29 127.82407142857144 140
stats: connect 22 1.1984090909090905 0.20751531358408418 8.662 0.793 1.8962999999999999 30
stats: page 66 46.48980303030303 96.31915820494739 1038.265 3.29 127.82407142857144 140
stats: 302 9 37
stats: 200 48 135
stats: size_rcv 320720 927121
stats: newphase 1 1
stats: size_sent 47763 171399
stats: connected 22 52
stats: 404 9 34
# stats: dump at 1575573327
stats: users 75 75
stats: {freemem,"tsung_controller@ip-172-31-30-247"} 1 3501.42578125 0.0 3517.43359375 3501.42578125 3513.263671875 4
stats: {load,"tsung_controller@ip-172-31-30-247"} 1 0.05859375 0.0 0.0703125 0.0 0.017578125 4
stats: {recvpackets,"tsung_controller@ip-172-31-30-247"} 1 443.0 0.0 443 205 241.33333333333334 3
stats: {sentpackets,"tsung_controller@ip-172-31-30-247"} 1 389.0 0.0 389 164 193.0 3
stats: {cpu,"tsung_controller@ip-172-31-30-247"} 1 0.6006006006006006 0.0 16.683119447186577 0.4008016032064128 4.6684647154607 4
stats: users_count 22 75
stats: finish_users_count 0 0
stats: request 124 884.1198064516127 5219.747536696904 34182.931 3.29 101.76551941747574 206
stats: connect 22 1.2557727272727275 0.26508059354539737 8.662 0.793 1.6010384615384614 52
stats: page 124 884.1198064516127 5219.747536696904 34182.931 3.29 101.76551941747574 206
stats: 302 26 63
stats: 200 75 210
stats: size_rcv 523369 1450490
stats: newphase 0 1
stats: size_sent 114179 285578
stats: connected 22 74
stats: 404 23 57
# stats: dump at 1575573337
stats: users 90 90
stats: {freemem,"tsung_controller@ip-172-31-30-247"} 1 3499.86328125 0.0 3517.43359375 3499.86328125 3510.89609375 5
stats: {load,"tsung_controller@ip-172-31-30-247"} 1 0.05078125 0.0 0.0703125 0.0 0.02578125 5
stats: {recvpackets,"tsung_controller@ip-172-31-30-247"} 1 608.0 0.0 608 205 291.75 4
stats: {sentpackets,"tsung_controller@ip-172-31-30-247"} 1 551.0 0.0 551 164 242.0 4
stats: {cpu,"tsung_controller@ip-172-31-30-247"} 1 0.2008032128514056 0.0 16.683119447186577 0.2008032128514056 3.8548918924886797 5
stats: users_count 15 90
stats: finish_users_count 0 0
stats: request 102 3364.646205882353 9940.500361862003 38275.805 0.789 395.7410696969696 330
stats: connect 16 1.1911874999999998 0.15213736340475345 8.662 0.793 1.498391891891892 74
stats: page 102 3364.646205882353 9940.500361862003 38275.805 0.789 395.7410696969696 330
stats: 302 13 76
stats: 200 62 272
stats: size_rcv 421096 1871586
stats: newphase 0 1
stats: size_sent 92838 378416
stats: connected 15 89
stats: 400 1 1
stats: 404 18 75
stats: 500 8 8
# stats: dump at 1575573347
stats: users 122 122
stats: {freemem,"tsung_controller@ip-172-31-30-247"} 1 3494.91015625 0.0 3517.43359375 3494.91015625 3509.0572916666665 6
stats: {load,"tsung_controller@ip-172-31-30-247"} 1 0.0390625 0.0 0.0703125 0.0 0.029947916666666668 6
stats: {recvpackets,"tsung_controller@ip-172-31-30-247"} 1 432.0 0.0 608 205 355.0 5
stats: {sentpackets,"tsung_controller@ip-172-31-30-247"} 1 391.0 0.0 551 164 303.8 5
stats: {cpu,"tsung_controller@ip-172-31-30-247"} 1 0.30120481927710846 0.0 16.683119447186577 0.2008032128514056 3.245877112549134 6
stats: users_count 32 122
stats: finish_users_count 0 0
stats: request 141 2483.3609432624107 8673.551685579361 40992.488 0.568 1096.732560185185 432
stats: connect 36 1.4194999999999998 0.9651590974203855 8.662 0.793 1.4437777777777778 90
stats: page 141 2483.3609432624107 8673.551685579361 40992.488 0.568 1096.732560185185 432
stats: 302 12 88
stats: 200 91 363
stats: size_rcv 597327 2468913
stats: newphase 1 2
stats: size_sent 112624 491040
stats: connected 28 117
stats: 400 8 9
stats: 404 10 85
stats: 500 20 28
# stats: dump at 1575573357
stats: users 169 169
stats: {freemem,"tsung_controller@ip-172-31-30-247"} 1 3491.0546875 0.0 3517.43359375 3491.0546875 3507.0362723214284 7
stats: {load,"tsung_controller@ip-172-31-30-247"} 1 0.0390625 0.0 0.0703125 0.0 0.03125 7
stats: {recvpackets,"tsung_controller@ip-172-31-30-247"} 1 891.0 0.0 891 205 367.8333333333333 6
stats: {sentpackets,"tsung_controller@ip-172-31-30-247"} 1 794.0 0.0 794 164 318.3333333333333 6
stats: {cpu,"tsung_controller@ip-172-31-30-247"} 1 1.2024048096192386 0.0 16.683119447186577 0.2008032128514056 2.8252096420817017 7
stats: users_count 47 169
stats: finish_users_count 0 0
stats: request 252 2254.625904761906 8282.649757440047 43457.869 0.517 1437.944780104712 573
stats: connect 56 1.4697857142857147 1.842197210188011 14.126 0.77 1.4368412698412696 126
stats: page 246 2309.618235772358 8375.47013636083 43457.869 0.517 1437.944780104712 573
stats: 302 26 114
stats: 200 134 497
stats: size_rcv 961758 3430671
stats: newphase 0 2
stats: size_sent 197390 688430
stats: connected 50 167
stats: 400 12 21
stats: 404 27 112
stats: 500 53 81
# stats: dump at 1575573367
stats: users 208 208
stats: {freemem,"tsung_controller@ip-172-31-30-247"} 1 3483.65625 0.0 3517.43359375 3483.65625 3505.03857421875 8
stats: {load,"tsung_controller@ip-172-31-30-247"} 1 0.03125 0.0 0.0703125 0.0 0.0322265625 8
stats: {recvpackets,"tsung_controller@ip-172-31-30-247"} 1 1120.0 0.0 1120 205 442.57142857142856 7
stats: {sentpackets,"tsung_controller@ip-172-31-30-247"} 1 1036.0 0.0 1036 164 386.2857142857143 7
stats: {cpu,"tsung_controller@ip-172-31-30-247"} 1 0.6048387096774194 0.0 16.683119447186577 0.2008032128514056 2.6223590380238937 8
stats: session 2 31251.687 3632.041000000001 34883.728 27619.646 0 0
stats: users_count 41 210
stats: finish_users_count 2 2
stats: request 320 1790.8212875000008 5487.5129949906905 48179.524 0.517 1687.4037418181822 825
stats: connect 67 1.3976119402985074 0.5858982886419355 14.126 0.77 1.4469780219780222 182
stats: page 315 1819.234358730159 5526.220510747507 48179.524 0.517 1699.7661111111108 819
stats: 302 10 124
stats: 200 148 645
stats: size_rcv 1125697 4556368
stats: newphase 0 2
stats: 422 2 2
stats: size_sent 233967 922397
stats: connected 35 202
stats: 400 35 56
stats: 404 10 122
stats: 500 115 196
# stats: dump at 1575573377
stats: users 269 269
stats: {freemem,"tsung_controller@ip-172-31-30-247"} 1 3467.44921875 0.0 3517.43359375 3467.44921875 3502.6627604166665 9
stats: {load,"tsung_controller@ip-172-31-30-247"} 1 0.01953125 0.0 0.0703125 0.0 0.03211805555555555 9
stats: {recvpackets,"tsung_controller@ip-172-31-30-247"} 1 1435.0 0.0 1435 205 527.25 8
stats: {sentpackets,"tsung_controller@ip-172-31-30-247"} 1 1253.0 0.0 1253 164 467.5 8
stats: {cpu,"tsung_controller@ip-172-31-30-247"} 1 1.4084507042253522 0.0 16.683119447186577 0.2008032128514056 2.3981901126520633 9
stats: session 3 34057.79033333333 7914.422318028117 44329.18 25070.987 31251.687 2
stats: users_count 64 274
stats: finish_users_count 3 5
stats: request 401 2577.942000000003 9291.029455900754 52833.673 0.517 1716.3064620087341 1145
stats: connect 95 1.2838526315789467 0.748794876956455 14.126 0.77 1.4336947791164658 249
stats: page 385 2685.0756363636383 9466.950118129738 52833.673 0.517 1732.9517354497355 1134
stats: 302 10 134
stats: 200 166 811
stats: size_rcv 1320486 5876854
stats: newphase 1 3
stats: 422 3 5
stats: size_sent 295454 1217851
stats: connected 60 262
stats: 400 48 104
stats: 404 12 134
stats: 500 162 358
# stats: dump at 1575573387
stats: users 343 343
stats: {freemem,"tsung_controller@ip-172-31-30-247"} 1 3460.4765625 0.0 3517.43359375 3460.4765625 3499.14140625 10
stats: {load,"tsung_controller@ip-172-31-30-247"} 1 0.01953125 0.0 0.0703125 0.0 0.030859375 10
stats: {recvpackets,"tsung_controller@ip-172-31-30-247"} 1 1989.0 0.0 1989 205 628.1111111111111 9
stats: {sentpackets,"tsung_controller@ip-172-31-30-247"} 1 1998.0 0.0 1998 164 554.7777777777778 9
stats: {cpu,"tsung_controller@ip-172-31-30-247"} 1 3.7298387096774195 0.0 16.683119447186577 0.2008032128514056 2.299216171809392 10
stats: session 12 42158.69341666667 21921.246451393265 99868.704 20387.464 32935.349 5
stats: users_count 86 360
stats: finish_users_count 12 17
stats: request 657 1854.784672754946 7900.893938101325 59216.978 0.517 1939.7966630012947 1546
stats: connect 124 1.107395161290323 0.35947425361052626 14.126 0.77 1.392313953488372 344
stats: page 608 2004.272707236843 8194.845653242413 59216.978 0.517 1974.2734614878214 1519
stats: 302 13 147
stats: 504 1 1
stats: 200 269 1080
stats: size_rcv 2139146 8016000
stats: newphase 0 3
stats: 422 12 17
stats: size_sent 471719 1689570
stats: connected 66 328
stats: 400 95 199
stats: 404 10 144
stats: 500 257 615
# stats: dump at 1575573397
stats: users 399 400
stats: {freemem,"tsung_controller@ip-172-31-30-247"} 1 3448.015625 0.0 3517.43359375 3448.015625 3495.6264204545455 11
stats: {load,"tsung_controller@ip-172-31-30-247"} 1 0.01953125 0.0 0.0703125 0.0 0.029829545454545456 11
stats: {recvpackets,"tsung_controller@ip-172-31-30-247"} 1 2708.0 0.0 2708 205 764.2 10
stats: {sentpackets,"tsung_controller@ip-172-31-30-247"} 1 2520.0 0.0 2520 164 699.1 10
stats: {cpu,"tsung_controller@ip-172-31-30-247"} 1 1.8292682926829267 0.0 16.683119447186577 0.2008032128514056 2.4292727661610307 11
stats: session 21 40568.928666666674 10360.80769132132 99868.704 20387.464 39445.94505882353 17
stats: users_count 77 437
stats: finish_users_count 21 38
stats: request 867 1586.4494532871972 7031.0229323557705 59472.641 0.49 1914.4435637766687 2203
stats: connect 143 8.426230769230768 85.76609704474957 1030.404 0.77 1.3168226495726496 468
stats: page 780 1763.3763423076916 7391.7217107914785 59472.641 0.49 1982.8487042783267 2127
stats: 302 21 168
stats: 504 8 9
stats: 200 251 1331
stats: size_rcv 2375793 10391793
stats: newphase 0 3
stats: 422 20 37
stats: size_sent 644440 2334010
stats: connected 61 389
stats: 400 149 348
stats: 404 22 166
stats: 500 396 1011
# stats: dump at 1575573407
stats: users 373 404
stats: {freemem,"tsung_controller@ip-172-31-30-247"} 1 3440.5625 0.0 3517.43359375 3440.5625 3491.6588541666665 12
stats: {load,"tsung_controller@ip-172-31-30-247"} 1 0.01171875 0.0 0.0703125 0.0 0.028971354166666668 12
stats: {recvpackets,"tsung_controller@ip-172-31-30-247"} 1 3172.0 0.0 3172 205 940.9090909090909 11
stats: {sentpackets,"tsung_controller@ip-172-31-30-247"} 1 3108.0 0.0 3108 164 864.6363636363636 11
stats: {cpu,"tsung_controller@ip-172-31-30-247"} 1 3.340080971659919 0.0 16.683119447186577 0.2008032128514056 2.379272393371189 12
stats: session 34 40127.95370588236 16753.492342737296 108434.134 17985.835 40066.541263157895 38
stats: users_count 8 445
stats: finish_users_count 34 72
stats: request 752 2181.1946316489334 8668.861495162288 59984.964 0.483 1821.8146081433229 3070
stats: connect 72 1.2520416666666663 0.8494422588037792 1030.404 0.77 2.980726677577741 611
stats: page 631 2599.4446386687773 9406.047759352117 59984.964 0.483 1923.9603512211904 2907
stats: 302 16 184
stats: 504 16 25
stats: 200 63 1394
stats: size_rcv 1324398 11716191
stats: newphase 0 3
stats: 422 34 71
stats: size_sent 599445 2933455
stats: connected -26 363
stats: 400 185 533
stats: 404 20 186
stats: 500 418 1429
# stats: dump at 1575573417
stats: users 325 404
stats: {freemem,"tsung_controller@ip-172-31-30-247"} 1 3438.953125 0.0 3517.43359375 3438.953125 3487.7283653846152 13
stats: {load,"tsung_controller@ip-172-31-30-247"} 1 0.08984375 0.0 0.08984375 0.0 0.027644230769230768 13
stats: {recvpackets,"tsung_controller@ip-172-31-30-247"} 1 1924.0 0.0 3172 205 1126.8333333333333 12
stats: {sentpackets,"tsung_controller@ip-172-31-30-247"} 1 1939.0 0.0 3108 164 1051.5833333333333 12
stats: {cpu,"tsung_controller@ip-172-31-30-247"} 1 2.716297786720322 0.0 16.683119447186577 0.2008032128514056 2.453180745547245 13
stats: session 48 50364.669062500005 24685.37942958322 131355.673 17985.835 40095.54158333334 72
stats: users_count 0 445
stats: finish_users_count 48 120
stats: request 650 2293.132652307691 9529.284711014132 59984.964 0.483 1892.5246493982206 3822
stats: connect 22 1.6649545454545456 1.6586951190420391 1030.404 0.77 2.7984934114202042 683
stats: page 488 3054.353506147546 10891.706840124185 59984.964 0.483 2044.4325347654037 3538
stats: 302 1 185
stats: 504 17 42
stats: 200 3 1397
stats: size_rcv 927180 12643371
stats: newphase 0 3
stats: 422 49 120
stats: size_sent 520628 3454083
stats: connected -38 325
stats: 400 173 706
stats: 404 9 195
stats: 500 398 1827
# stats: dump at 1575573427
stats: users 268 404
stats: {freemem,"tsung_controller@ip-172-31-30-247"} 1 3438.87109375 0.0 3517.43359375 3438.87109375 3484.2444196428573 14
stats: {load,"tsung_controller@ip-172-31-30-247"} 1 0.078125 0.0 0.08984375 0.0 0.03208705357142857 14
stats: {recvpackets,"tsung_controller@ip-172-31-30-247"} 1 1354.0 0.0 3172 205 1188.1538461538462 13
stats: {sentpackets,"tsung_controller@ip-172-31-30-247"} 1 1541.0 0.0 3108 164 1119.8461538461538 13
stats: {cpu,"tsung_controller@ip-172-31-30-247"} 1 0.7063572149344097 0.0 16.683119447186577 0.2008032128514056 2.4719748199167504 14
stats: session 57 48389.13978947369 18938.356498942252 131355.673 17985.835 44203.19257500001 120
stats: users_count 0 445
stats: finish_users_count 57 177
stats: request 543 1733.6787127071848 7705.227142578914 59984.964 0.483 1950.752556797853 4472
stats: connect 0 0 0 1030.404 0.77 2.7631205673758856 705
stats: page 367 2565.1426893732987 9258.128886634457 59984.964 0.483 2166.847197963239 4026
stats: 302 0 185
stats: 504 9 51
stats: 200 0 1397
stats: size_rcv 724879 13368250
stats: newphase 0 3
stats: 422 57 177
stats: size_sent 437902 3891985
stats: connected -57 268
stats: 400 176 882
stats: 404 7 202
stats: 500 294 2121
# stats: dump at 1575573437
stats: users 225 404
stats: {freemem,"tsung_controller@ip-172-31-30-247"} 1 3438.8828125 0.0 3517.43359375 3438.87109375 3481.21953125 15
stats: {load,"tsung_controller@ip-172-31-30-247"} 1 0.05859375 0.0 0.08984375 0.0 0.03515625 15
stats: {recvpackets,"tsung_controller@ip-172-31-30-247"} 1 1058.0 0.0 3172 205 1.2e3 14
stats: {sentpackets,"tsung_controller@ip-172-31-30-247"} 1 1155.0 0.0 3108 164 1149.9285714285713 14
stats: {cpu,"tsung_controller@ip-172-31-30-247"} 1 1.2060301507537687 0.0 16.683119447186577 0.2008032128514056 2.3542669795845943 15
stats: session 43 63903.25727906976 26668.23479086149 152044.638 17985.835 45551.20947457628 177
stats: users_count 0 445
stats: finish_users_count 43 220
stats: request 435 3021.928565517242 10831.127319815845 59984.964 0.483 1927.2488484546361 5015
stats: connect 0 0 0 1030.404 0.77 2.7631205673758856 705
stats: page 290 4532.7081586206905 13004.913846522313 59984.964 0.483 2200.1215993626224 4393
stats: 302 0 185
stats: 504 15 66
stats: 200 0 1397
stats: size_rcv 559889 13928139
stats: newphase 0 3
stats: 422 41 218
stats: size_sent 362831 4254816
stats: connected -41 227
stats: 400 145 1027
stats: 404 9 211
stats: 500 225 2346
# stats: dump at 1575573447
stats: users 182 404
stats: {freemem,"tsung_controller@ip-172-31-30-247"} 1 3438.76953125 0.0 3517.43359375 3438.76953125 3478.573486328125 16
stats: {load,"tsung_controller@ip-172-31-30-247"} 1 0.05078125 0.0 0.08984375 0.0 0.03662109375 16
stats: {recvpackets,"tsung_controller@ip-172-31-30-247"} 1 908.0 0.0 3172 205 1190.5333333333333 15
stats: {sentpackets,"tsung_controller@ip-172-31-30-247"} 1 955.0 0.0 3108 164 1150.2666666666667 15
stats: {cpu,"tsung_controller@ip-172-31-30-247"} 1 0.6042296072507553 0.0 16.683119447186577 0.2008032128514056 2.2825021777826677 16
stats: session 43 76986.61965116281 34574.0819485158 164171.098 17985.835 49138.20063636364 220
stats: users_count 0 445
stats: finish_users_count 43 263
stats: request 374 2923.9183716577554 10079.07117539552 59992.595 0.483 2014.6223671559635 5450
stats: connect 0 0 0 1030.404 0.77 2.7631205673758856 705
stats: page 240 4556.408116666667 12283.315707849319 59992.595 0.483 2344.569624599616 4683
stats: 302 0 185
stats: 504 11 77
stats: 200 0 1397
stats: size_rcv 470431 14398570
stats: newphase 0 3
stats: 422 45 263
stats: size_sent 308231 4563047
stats: connected -46 181
stats: 400 134 1161
stats: 404 12 223
stats: 500 172 2518
# stats: dump at 1575573457
stats: users 140 404
stats: {freemem,"tsung_controller@ip-172-31-30-247"} 1 3438.65625 0.0 3517.43359375 3438.65625 3476.2320772058824 17
stats: {load,"tsung_controller@ip-172-31-30-247"} 1 0.05078125 0.0 0.08984375 0.0 0.03745404411764706 17
stats: {recvpackets,"tsung_controller@ip-172-31-30-247"} 1 802.0 0.0 3172 205 1172.875 16
stats: {sentpackets,"tsung_controller@ip-172-31-30-247"} 1 751.0 0.0 3108 164 1138.0625 16
stats: {cpu,"tsung_controller@ip-172-31-30-247"} 1 0.9027081243731194 0.0 16.683119447186577 0.2008032128514056 2.183780261869026 17
stats: session 42 95413.95623809523 34807.020675286774 164171.098 17985.835 53691.36420152092 263
stats: users_count 0 445
stats: finish_users_count 42 305
stats: request 299 3054.5232474916425 10681.089851656034 59992.595 0.483 2073.0146586538463 5824
stats: connect 1 1.441 0.0 1030.404 0.77 2.7631205673758856 705
stats: page 200 4566.79492 12793.043885621146 59992.595 0.483 2452.3984359130613 4923
stats: 302 0 185
stats: 504 10 87
stats: 200 0 1397
stats: size_rcv 388570 14787140
stats: newphase 0 3
stats: 422 42 305
stats: size_sent 248190 4811237
stats: connected -41 140
stats: 400 99 1260
stats: 404 21 244
stats: 500 127 2645
# stats: dump at 1575573467
stats: users 104 404
stats: {freemem,"tsung_controller@ip-172-31-30-247"} 1 3438.54296875 0.0 3517.43359375 3438.54296875 3474.14453125 18
stats: {load,"tsung_controller@ip-172-31-30-247"} 1 0.0390625 0.0 0.08984375 0.0 0.03819444444444445 18
stats: {recvpackets,"tsung_controller@ip-172-31-30-247"} 1 659.0 0.0 3172 205 1151.0588235294117 17
stats: {sentpackets,"tsung_controller@ip-172-31-30-247"} 1 633.0 0.0 3108 164 1115.2941176470588 17
stats: {cpu,"tsung_controller@ip-172-31-30-247"} 1 0.4020100502512563 0.0 16.683119447186577 0.2008032128514056 2.112609587563698 18
stats: session 36 108228.19036111108 36162.120396453975 183292.032 17985.835 59436.77031803279 305
stats: users_count 0 445
stats: finish_users_count 36 341
stats: request 217 4947.817410138252 14450.528617752972 59992.595 0.483 2120.943952800915 6123
stats: connect 0 0 0 1030.404 0.77 2.7612478753541065 706
stats: page 149 7206.200228187918 16966.166542329865 59992.595 0.483 2534.9436822174507 5123
stats: 302 0 185
stats: 504 14 101
stats: 200 0 1397
stats: size_rcv 276468 15063608
stats: newphase 0 3
stats: 422 36 341
stats: size_sent 167711 4978948
stats: connected -36 104
stats: 400 68 1328
stats: 404 15 259
stats: 500 84 2729
# stats: dump at 1575573477
stats: users 88 404
stats: {freemem,"tsung_controller@ip-172-31-30-247"} 1 3438.4609375 0.0 3517.43359375 3438.4609375 3472.2707648026317 19
stats: {load,"tsung_controller@ip-172-31-30-247"} 1 0.03125 0.0 0.08984375 0.0 0.038240131578947366 19
stats: {recvpackets,"tsung_controller@ip-172-31-30-247"} 1 478.0 0.0 3172 205 1123.7222222222222 18
stats: {sentpackets,"tsung_controller@ip-172-31-30-247"} 1 451.0 0.0 3108 164 1088.5 18
stats: {cpu,"tsung_controller@ip-172-31-30-247"} 1 0.6006006006006006 0.0 16.683119447186577 0.2008032128514056 2.022578032968306 19
stats: session 16 121065.020125 39970.54964400283 187858.343 17985.835 64587.770674486805 341
stats: users_count 0 445
stats: finish_users_count 16 357
stats: request 132 6192.203227272729 16205.861158290061 59992.595 0.483 2217.6997162460575 6340
stats: connect 1 22.615 0.0 1030.404 0.77 2.7612478753541065 706
stats: page 85 9616.056435294113 19363.252979040015 59992.595 0.483 2666.965158952959 5272
stats: 302 0 185
stats: 504 11 112
stats: 200 0 1397
stats: size_rcv 154184 15217792
stats: newphase 0 3
stats: 422 16 357
stats: size_sent 113942 5092890
stats: connected -16 88
stats: 400 47 1375
stats: 404 12 271
stats: 500 46 2775
# stats: dump at 1575573487
stats: users 75 404
stats: {freemem,"tsung_controller@ip-172-31-30-247"} 1 3445.33984375 0.0 3517.43359375 3438.4609375 3470.5802734375 20
stats: {load,"tsung_controller@ip-172-31-30-247"} 1 0.03125 0.0 0.08984375 0.0 0.037890625 20
stats: {recvpackets,"tsung_controller@ip-172-31-30-247"} 1 276.0 0.0 3172 205 1089.7368421052631 19
stats: {sentpackets,"tsung_controller@ip-172-31-30-247"} 1 252.0 0.0 3108 164 1054.9473684210527 19
stats: {cpu,"tsung_controller@ip-172-31-30-247"} 1 0.2008032128514056 0.0 16.683119447186577 0.2008032128514056 1.951479161349921 20
stats: session 13 136713.83138461536 30978.06550073091 187858.343 17985.835 67118.96392717087 357
stats: users_count 0 445
stats: finish_users_count 13 370
stats: request 82 7999.043682926828 18210.669998487312 59992.595 0.483 2298.7619015760206 6472
stats: connect 0 0 0 1030.404 0.77 2.78932956152758 707
stats: page 58 11309.337465517236 20770.856161144766 59992.595 0.483 2777.227014187045 5357
stats: 302 0 185
stats: 504 9 121
stats: 200 0 1397
stats: size_rcv 100663 15318455
stats: newphase 0 3
stats: 422 13 370
stats: size_sent 64047 5156937
stats: connected -13 75
stats: 400 24 1399
stats: 404 8 279
stats: 500 28 2803
# stats: dump at 1575573497
stats: users 64 404
stats: {freemem,"tsung_controller@ip-172-31-30-247"} 1 3445.2578125 0.0 3517.43359375 3438.4609375 3469.378348214286 21
stats: {load,"tsung_controller@ip-172-31-30-247"} 1 0.01953125 0.0 0.08984375 0.0 0.03757440476190476 21
stats: {recvpackets,"tsung_controller@ip-172-31-30-247"} 1 181.0 0.0 3172 181 1049.05 20
stats: {sentpackets,"tsung_controller@ip-172-31-30-247"} 1 154.0 0.0 3108 154 1014.8 20
stats: {cpu,"tsung_controller@ip-172-31-30-247"} 1 0.2004008016032064 0.0 16.683119447186577 0.2004008016032064 1.8681136399928486 21
stats: session 11 145247.20245454548 34156.01445752201 203766.646 17985.835 69564.189 370
stats: users_count 0 445
stats: finish_users_count 11 381
stats: request 60 5777.67505 14570.668599563693 59992.595 0.483 2370.0806544095217 6554
stats: connect 0 0 0 1030.404 0.77 2.78932956152758 707
stats: page 41 8455.296951219512 16972.489098602076 59992.595 0.483 2868.614346814404 5415
stats: 302 0 185
stats: 504 4 125
stats: 200 0 1397
stats: size_rcv 76168 15394623
stats: newphase 0 3
stats: 422 11 381
stats: size_sent 54021 5210958
stats: connected -11 64
stats: 400 19 1418
stats: 404 7 286
stats: 500 19 2822
# stats: dump at 1575573507
stats: users 58 404
stats: {freemem,"tsung_controller@ip-172-31-30-247"} 1 3448.5234375 0.0 3517.43359375 3438.4609375 3468.2819602272725 22
stats: {load,"tsung_controller@ip-172-31-30-247"} 1 0.01953125 0.0 0.08984375 0.0 0.03675426136363636 22
stats: {recvpackets,"tsung_controller@ip-172-31-30-247"} 1 168.0 0.0 3172 168 1007.7142857142857 21
stats: {sentpackets,"tsung_controller@ip-172-31-30-247"} 1 143.0 0.0 3108 143 973.8095238095239 21
stats: {cpu,"tsung_controller@ip-172-31-30-247"} 1 0.1002004008016032 0.0 16.683119447186577 0.1002004008016032 1.7923085109751378 22
stats: session 6 133191.493 27937.820326605786 203766.646 17985.835 71749.2628792651 381
stats: users_count 0 445
stats: finish_users_count 6 387
stats: request 46 11537.139804347826 22126.535756760546 59992.595 0.483 2400.9932131841556 6614
stats: connect 0 0 0 1030.404 0.77 2.78932956152758 707
stats: page 31 17119.577741935485 25118.13024407343 59992.595 0.483 2910.5963825146628 5456
stats: 302 0 185
stats: 504 8 133
stats: 200 0 1397
stats: size_rcv 48683 15443306
stats: newphase 0 3
stats: 422 5 386
stats: size_sent 38551 5249509
stats: connected -7 57
stats: 400 15 1433
stats: 404 8 294
stats: 500 10 2832
# stats: dump at 1575573517
stats: users 53 404
stats: {freemem,"tsung_controller@ip-172-31-30-247"} 1 3448.52734375 0.0 3517.43359375 3438.4609375 3467.422894021739 23
stats: {load,"tsung_controller@ip-172-31-30-247"} 1 0.01953125 0.0 0.08984375 0.0 0.03600543478260869 23
stats: {recvpackets,"tsung_controller@ip-172-31-30-247"} 1 102.0 0.0 3172 102 969.5454545454545 22
stats: {sentpackets,"tsung_controller@ip-172-31-30-247"} 1 91.0 0.0 3108 91 936.0454545454545 22
stats: {cpu,"tsung_controller@ip-172-31-30-247"} 1 0.3 0.0 16.683119447186577 0.1002004008016032 1.718738593141506 23
stats: session 5 188282.6422 32347.418175704992 228076.581 17985.835 72701.85559431525 387
stats: users_count 0 445
stats: finish_users_count 5 392
stats: request 94 6462.589893617024 17365.486190075688 59992.595 0.483 2464.095727177178 6660
stats: connect 2 1.2285 0.007499999999999896 1030.404 0.77 2.78932956152758 707
stats: page 57 10657.725473684202 21274.54955660936 59992.595 0.483 2990.873113358848 5487
stats: 302 0 185
stats: 504 9 142
stats: 200 0 1397
stats: size_rcv 102723 15546029
stats: newphase 0 3
stats: 422 6 392
stats: size_sent 78694 5328203
stats: connected -4 53
stats: 400 37 1470
stats: 404 25 319
stats: 500 17 2849
# stats: dump at 1575573527
stats: users 38 404
stats: {freemem,"tsung_controller@ip-172-31-30-247"} 1 3448.5625 0.0 3517.43359375 3438.4609375 3466.6355794270835 24
stats: {load,"tsung_controller@ip-172-31-30-247"} 1 0.01171875 0.0 0.08984375 0.0 0.035319010416666664 24
stats: {recvpackets,"tsung_controller@ip-172-31-30-247"} 1 222.0 0.0 3172 102 931.8260869565217 23
stats: {sentpackets,"tsung_controller@ip-172-31-30-247"} 1 209.0 0.0 3108 91 899.304347826087 23
stats: {cpu,"tsung_controller@ip-172-31-30-247"} 1 0.20060180541624875 0.0 16.683119447186577 0.1002004008016032 1.659624485093943 24
stats: session 15 157864.90360000002 29730.37704458696 228076.581 17985.835 74176.10032142856 392
stats: users_count 0 445
stats: finish_users_count 15 407
stats: request 68 8303.394926470584 20054.349442671166 59992.595 0.483 2519.745483121115 6754
stats: connect 0 0 0 1030.404 0.77 2.7849266572637505 709
stats: page 48 11763.51625 23001.083302177787 59992.595 0.483 3069.6989763708516 5544
stats: 302 0 185
stats: 504 9 151
stats: 200 0 1397
stats: size_rcv 81669 15627698
stats: newphase 0 3
stats: 422 15 407
stats: size_sent 53077 5381280
stats: connected -17 36
stats: 400 20 1490
stats: 404 18 337
stats: 500 6 2855
# stats: dump at 1575573537
stats: users 33 404
stats: {freemem,"tsung_controller@ip-172-31-30-247"} 1 3448.6328125 0.0 3517.43359375 3438.4609375 3465.91265625 25
stats: {load,"tsung_controller@ip-172-31-30-247"} 1 0.01171875 0.0 0.08984375 0.0 0.034375 25
stats: {recvpackets,"tsung_controller@ip-172-31-30-247"} 1 133.0 0.0 3172 102 902.25 24
stats: {sentpackets,"tsung_controller@ip-172-31-30-247"} 1 133.0 0.0 3108 91 870.5416666666666 24
stats: {cpu,"tsung_controller@ip-172-31-30-247"} 1 0.3003003003003003 0.0 16.683119447186577 0.1002004008016032 1.6012635779068354 25
stats: session 5 173615.5206 32614.189617457214 229329.329 17985.835 77260.45425061425 407
stats: users_count 0 445
stats: finish_users_count 5 412
stats: request 31 13724.122161290323 24791.917749074513 59992.595 0.483 2577.3954629141026 6822
stats: connect 1 1.592 0.0 1030.404 0.77 2.7849266572637505 709
stats: page 22 19338.774227272723 27522.754657437443 59992.595 0.483 3144.324017346209 5592
stats: 302 0 185
stats: 504 7 158
stats: 200 0 1397
stats: size_rcv 32097 15659795
stats: newphase 0 3
stats: 422 5 412
stats: size_sent 28387 5409667
stats: connected -4 32
stats: 400 9 1499
stats: 404 9 346
stats: 500 1 2856
# stats: dump at 1575573547
stats: users 31 404
stats: {freemem,"tsung_controller@ip-172-31-30-247"} 1 3448.67578125 0.0 3517.43359375 3438.4609375 3465.248046875 26
stats: {load,"tsung_controller@ip-172-31-30-247"} 1 0.01171875 0.0 0.08984375 0.0 0.033503605769230775 26
stats: {recvpackets,"tsung_controller@ip-172-31-30-247"} 1 58.0 0.0 3172 58 871.48 25
stats: {sentpackets,"tsung_controller@ip-172-31-30-247"} 1 63.0 0.0 3108 63 841.04 25
stats: {cpu,"tsung_controller@ip-172-31-30-247"} 1 0.2997002997002997 0.0 16.683119447186577 0.1002004008016032 1.5512265287681224 26
stats: session 2 176843.331 14551.086000000003 229329.329 17985.835 78429.81185194175 412
stats: users_count 0 445
stats: finish_users_count 2 414
stats: request 17 10557.052352941175 22790.211983390862 59998.984 0.483 2627.818420399826 6853
stats: connect 0 0 0 1030.404 0.77 2.7832464788732385 710
stats: page 11 16315.483999999999 26622.311937696904 59998.984 0.483 3207.7864157463487 5614
stats: 302 0 185
stats: 504 3 161
stats: 200 0 1397
stats: size_rcv 17399 15677194
stats: newphase 0 3
stats: 422 2 414
stats: size_sent 13833 5423500
stats: connected -2 30
stats: 400 6 1505
stats: 404 6 352
stats: 500 0 2856
# stats: dump at 1575573557
stats: users 28 404
stats: {freemem,"tsung_controller@ip-172-31-30-247"} 1 3448.69140625 0.0 3517.43359375 3438.4609375 3464.634259259259 27
stats: {load,"tsung_controller@ip-172-31-30-247"} 1 0.01171875 0.0 0.08984375 0.0 0.032696759259259266 27
stats: {recvpackets,"tsung_controller@ip-172-31-30-247"} 1 36.0 0.0 3172 36 840.1923076923077 26
stats: {sentpackets,"tsung_controller@ip-172-31-30-247"} 1 38.0 0.0 3108 38 811.1153846153846 26
stats: {cpu,"tsung_controller@ip-172-31-30-247"} 1 0.0 0.0 16.683119447186577 0.0 1.504873705469314 27
stats: session 3 204718.63966666666 35600.31519512228 235495.521 17985.835 78905.23948067633 414
stats: users_count 0 445
stats: finish_users_count 3 417
stats: request 24 17363.998583333338 27035.82916683397 59998.984 0.483 2647.439523289667 6870
stats: connect 1 23.902 0.0 1030.404 0.77 2.7832464788732385 710
stats: page 17 24513.912823529416 29268.361345011108 59998.984 0.483 3233.4192465777783 5625
stats: 302 0 185
stats: 504 7 168
stats: 200 0 1397
stats: size_rcv 21868 15699062
stats: newphase 0 3
stats: 422 3 417
stats: size_sent 22032 5445532
stats: connected -2 28
stats: 400 7 1512
stats: 404 7 359
stats: 500 0 2856
# stats: dump at 1575573567
stats: users 26 404
stats: {freemem,"tsung_controller@ip-172-31-30-247"} 1 3449.68359375 0.0 3517.43359375 3438.4609375 3464.064871651786 28
stats: {load,"tsung_controller@ip-172-31-30-247"} 1 0.0 0.0 0.08984375 0.0 0.03194754464285715 28
stats: {recvpackets,"tsung_controller@ip-172-31-30-247"} 1 131.0 0.0 3172 36 810.4074074074074 27
stats: {sentpackets,"tsung_controller@ip-172-31-30-247"} 1 253.0 0.0 3108 38 782.4814814814815 27
stats: {cpu,"tsung_controller@ip-172-31-30-247"} 1 2.0 0.0 16.683119447186577 0.0 1.4511282159882672 28
stats: session 2 235733.827 31185.249000000003 266919.076 17985.835 79810.37185611512 417
stats: users_count 0 445
stats: finish_users_count 2 419
stats: request 14 8462.236499999999 20710.994545518297 59998.984 0.483 2698.672104873805 6894
stats: connect 0 0 0 1030.404 0.77 2.8129493670886068 711
stats: page 9 13163.514555555557 24604.118412349788 59998.984 0.483 3297.539840482099 5642
stats: 302 0 185
stats: 504 2 170
stats: 200 0 1397
stats: size_rcv 15115 15714177
stats: newphase 0 3
stats: 422 2 419
stats: size_sent 11960 5457492
stats: connected -2 26
stats: 400 5 1517
stats: 404 5 364
stats: 500 0 2856
# stats: dump at 1575573577
stats: users 25 404
stats: {freemem,"tsung_controller@ip-172-31-30-247"} 1 3449.73828125 0.0 3517.43359375 3438.4609375 3463.5689655172414 29
stats: {load,"tsung_controller@ip-172-31-30-247"} 1 0.0 0.0 0.08984375 0.0 0.030845905172413802 29
stats: {recvpackets,"tsung_controller@ip-172-31-30-247"} 1 23.0 0.0 3172 23 786.1428571428571 28
stats: {sentpackets,"tsung_controller@ip-172-31-30-247"} 1 25.0 0.0 3108 25 763.5714285714286 28
stats: {cpu,"tsung_controller@ip-172-31-30-247"} 1 0.20020020020020018 0.0 16.683119447186577 0.0 1.470054829230051 29
stats: session 1 178059.641 0.0 266919.076 17985.835 80554.63655847256 419
stats: users_count 0 445
stats: finish_users_count 1 420
stats: request 16 11182.0036875 23262.698301854947 59998.984 0.483 2710.3527507238005 6908
stats: connect 0 0 0 1030.404 0.77 2.8129493670886068 711
stats: page 10 17891.2507 27309.48086411444 59998.984 0.483 3313.2527713679 5651
stats: 302 0 185
stats: 504 3 173
stats: 200 0 1397
stats: size_rcv 15439 15729616
stats: newphase 0 3
stats: 422 1 420
stats: size_sent 13005 5470497
stats: connected -1 25
stats: 400 6 1523
stats: 404 6 370
stats: 500 0 2856
# stats: dump at 1575573587
stats: users 22 404
stats: {freemem,"tsung_controller@ip-172-31-30-247"} 1 3449.79296875 0.0 3517.43359375 3438.4609375 3463.107942708333 30
stats: {load,"tsung_controller@ip-172-31-30-247"} 1 0.0 0.0 0.08984375 0.0 0.029817708333333342 30
stats: {recvpackets,"tsung_controller@ip-172-31-30-247"} 1 24.0 0.0 3172 23 759.8275862068965 29
stats: {sentpackets,"tsung_controller@ip-172-31-30-247"} 1 25.0 0.0 3108 25 738.1034482758621 29
stats: {cpu,"tsung_controller@ip-172-31-30-247"} 1 0.1 0.0 16.683119447186577 0.0 1.4277263415957226 30
stats: session 3 202196.96966666667 20161.784817179978 266919.076 17985.835 80786.79133095239 420
stats: users_count 0 445
stats: finish_users_count 3 423
stats: request 20 8972.8884 21343.163831693506 59998.984 0.483 2729.929067157714 6924
stats: connect 0 0 0 1030.404 0.77 2.8129493670886068 711
stats: page 13 13804.480384615385 25181.70919977738 59998.984 0.483 3339.0044016958136 5661
stats: 302 0 185
stats: 504 3 176
stats: 200 0 1397
stats: size_rcv 21568 15751184
stats: newphase 0 3
stats: 422 3 423
stats: size_sent 17595 5488092
stats: connected -3 22
stats: 400 7 1530
stats: 404 7 377
stats: 500 0 2856
# stats: dump at 1575573597
stats: users 18 404
stats: {freemem,"tsung_controller@ip-172-31-30-247"} 1 3449.83984375 0.0 3517.43359375 3438.4609375 3462.6784274193546 31
stats: {load,"tsung_controller@ip-172-31-30-247"} 1 0.0 0.0 0.08984375 0.0 0.028855846774193554 31
stats: {recvpackets,"tsung_controller@ip-172-31-30-247"} 1 33.0 0.0 3172 23 735.3 30
stats: {sentpackets,"tsung_controller@ip-172-31-30-247"} 1 36.0 0.0 3108 25 714.3333333333334 30
stats: {cpu,"tsung_controller@ip-172-31-30-247"} 1 0.20020020020020018 0.0 16.683119447186577 0.0 1.3848964596087638 31
stats: session 4 231641.31 29225.69507793011 280160.521 17985.835 81647.85642553194 423
stats: users_count 0 445
stats: finish_users_count 4 427
stats: request 54 8819.464722222223 21131.24125177612 59998.984 0.483 2747.909940812214 6944
stats: connect 0 0 0 1030.404 0.77 2.8129493670886068 711
stats: page 33 14431.892424242427 25488.941705564095 59998.984 0.483 3362.98240447656 5674
stats: 302 0 185
stats: 504 8 184
stats: 200 0 1397
stats: size_rcv 54829 15806013
stats: newphase 0 3
stats: 422 4 427
stats: size_sent 42856 5530948
stats: connected -4 18
stats: 400 21 1551
stats: 404 21 398
stats: 500 0 2856
# stats: dump at 1575573607
stats: users 14 404
stats: {freemem,"tsung_controller@ip-172-31-30-247"} 1 3449.89453125 0.0 3517.43359375 3438.4609375 3462.2772216796875 32
stats: {load,"tsung_controller@ip-172-31-30-247"} 1 0.0 0.0 0.08984375 0.0 0.027954101562500007 32
stats: {recvpackets,"tsung_controller@ip-172-31-30-247"} 1 97.0 0.0 3172 23 712.6451612903226 31
stats: {sentpackets,"tsung_controller@ip-172-31-30-247"} 1 103.0 0.0 3108 25 692.4516129032259 31
stats: {cpu,"tsung_controller@ip-172-31-30-247"} 1 0.3 0.0 16.683119447186577 0.0 1.3478747015022463 32
stats: session 4 238095.69399999996 29438.785109391283 287162.408 17985.835 83052.94732552695 427
stats: users_count 0 445
stats: finish_users_count 4 431
stats: request 21 8481.684285714284 20759.44544776709 59998.984 0.483 2794.7610351529024 6998
stats: connect 0 0 0 1030.404 0.77 2.8129493670886068 711
stats: page 14 12722.560071428572 24340.84685977753 59998.984 0.483 3426.986965656212 5707
stats: 302 0 185
stats: 504 3 187
stats: 200 0 1397
stats: size_rcv 23528 15829541
stats: newphase 0 3
stats: 422 4 431
stats: size_sent 17482 5548430
stats: connected -4 14
stats: 400 7 1558
stats: 404 7 405
stats: 500 0 2856
# stats: dump at 1575573617
stats: users 11 404
stats: {freemem,"tsung_controller@ip-172-31-30-247"} 1 3449.96875 0.0 3517.43359375 3438.4609375 3461.9019886363635 33
stats: {load,"tsung_controller@ip-172-31-30-247"} 1 0.0 0.0 0.08984375 0.0 0.027107007575757583 33
stats: {recvpackets,"tsung_controller@ip-172-31-30-247"} 1 42.0 0.0 3172 23 693.40625 32
stats: {sentpackets,"tsung_controller@ip-172-31-30-247"} 1 45.0 0.0 3108 25 674.03125 32
stats: {cpu,"tsung_controller@ip-172-31-30-247"} 1 0.2 0.0 16.683119447186577 0.0 1.3161209226688448 33
stats: session 3 231323.378 10723.436730854652 287162.408 17985.835 84491.85912761022 431
stats: users_count 0 445
stats: finish_users_count 3 434
stats: request 24 12383.246875000003 24125.071131308436 59998.984 0.483 2811.7756224533427 7019
stats: connect 0 0 0 1030.404 0.77 2.8129493670886068 711
stats: page 16 18574.907812500005 27532.13834691264 59998.984 0.483 3449.734391539941 5721
stats: 302 0 185
stats: 504 5 192
stats: 200 0 1397
stats: size_rcv 23927 15853468
stats: newphase 0 3
stats: 422 3 434
stats: size_sent 19353 5567783
stats: connected -3 11
stats: 400 8 1566
stats: 404 8 413
stats: 500 0 2856
# stats: dump at 1575573627
stats: users 7 404
stats: {freemem,"tsung_controller@ip-172-31-30-247"} 1 3450.0546875 0.0 3517.43359375 3438.4609375 3461.5510110294117 34
stats: {load,"tsung_controller@ip-172-31-30-247"} 1 0.0 0.0 0.08984375 0.0 0.02630974264705883 34
stats: {recvpackets,"tsung_controller@ip-172-31-30-247"} 1 45.0 0.0 3172 23 673.6666666666666 33
stats: {sentpackets,"tsung_controller@ip-172-31-30-247"} 1 49.0 0.0 3108 25 654.969696969697 33
stats: {cpu,"tsung_controller@ip-172-31-30-247"} 1 0.20020020020020018 0.0 16.683119447186577 0.0 1.2832938367079965 34
stats: session 4 263035.53025 20008.724664512556 287162.408 17985.835 85506.82354377882 434
stats: users_count 0 445
stats: finish_users_count 4 438
stats: request 21 2828.70180952381 12622.061265560442 59998.984 0.483 2844.3917391736495 7043
stats: connect 0 0 0 1030.404 0.77 2.8129493670886068 711
stats: page 13 4569.48576923077 15792.490151175154 59998.984 0.483 3491.917200453199 5737
stats: 302 0 185
stats: 504 1 193
stats: 200 0 1397
stats: size_rcv 25587 15879055
stats: newphase 0 3
stats: 422 4 438
stats: size_sent 18532 5586315
stats: connected -4 7
stats: 400 8 1574
stats: 404 8 421
stats: 500 0 2856
# stats: dump at 1575573637
stats: users 6 404
stats: {freemem,"tsung_controller@ip-172-31-30-247"} 1 3450.1875 0.0 3517.43359375 3438.4609375 3461.222544642857 35
stats: {load,"tsung_controller@ip-172-31-30-247"} 1 0.0 0.0 0.08984375 0.0 0.02555803571428572 35
stats: {recvpackets,"tsung_controller@ip-172-31-30-247"} 1 36.0 0.0 3172 23 655.1764705882352 34
stats: {sentpackets,"tsung_controller@ip-172-31-30-247"} 1 40.0 0.0 3108 25 637.1470588235294 34
stats: {cpu,"tsung_controller@ip-172-31-30-247"} 1 0.1 0.0 16.683119447186577 0.0 1.2523483042363452 35
stats: session 1 278912.515 0.0 287162.408 17985.835 87128.09027168952 438
stats: users_count 0 445
stats: finish_users_count 1 439
stats: request 9 13220.08 24720.174809841796 59998.984 0.483 2844.345095838054 7064
stats: connect 0 0 0 1030.404 0.77 2.8129493670886068 711
stats: page 6 19830.156333333332 28027.687768652868 59998.984 0.483 3494.353442434783 5750
stats: 302 0 185
stats: 504 2 195
stats: 200 0 1397
stats: size_rcv 8737 15887792
stats: newphase 0 3
stats: 422 1 439
stats: size_sent 7332 5593647
stats: connected -1 6
stats: 400 3 1577
stats: 404 3 424
stats: 500 0 2856
# stats: dump at 1575573647
stats: users 5 404
stats: {freemem,"tsung_controller@ip-172-31-30-247"} 1 3450.1015625 0.0 3517.43359375 3438.4609375 3460.916015625 36
stats: {load,"tsung_controller@ip-172-31-30-247"} 1 0.0 0.0 0.08984375 0.0 0.024848090277777783 36
stats: {recvpackets,"tsung_controller@ip-172-31-30-247"} 1 15.0 0.0 3172 15 637.4857142857143 35
stats: {sentpackets,"tsung_controller@ip-172-31-30-247"} 1 16.0 0.0 3108 16 620.0857142857143 35
stats: {cpu,"tsung_controller@ip-172-31-30-247"} 1 0.0 0.0 16.683119447186577 0.0 1.220338629118669 36
stats: session 1 285769.447 0.0 287162.408 17985.835 87564.95684282463 439
stats: users_count 0 445
stats: finish_users_count 1 440
stats: request 14 4264.020285714288 15348.898446272762 59998.984 0.483 2857.547642725861 7073
stats: connect 0 0 0 1030.404 0.77 2.8129493670886068 711
stats: page 8 7462.090875000002 19708.265696930277 59998.984 0.483 3511.381728978458 5756
stats: 302 0 185
stats: 504 1 196
stats: 200 0 1397
stats: size_rcv 15289 15903081
stats: newphase 0 3
stats: 422 1 440
stats: size_sent 11969 5605616
stats: connected -1 5
stats: 400 6 1583
stats: 404 6 430
stats: 500 0 2856
# stats: dump at 1575573657
stats: users 4 404
stats: {freemem,"tsung_controller@ip-172-31-30-247"} 1 3450.125 0.0 3517.43359375 3438.4609375 3460.623733108108 37
stats: {load,"tsung_controller@ip-172-31-30-247"} 1 0.0 0.0 0.08984375 0.0 0.024176520270270275 37
stats: {recvpackets,"tsung_controller@ip-172-31-30-247"} 1 30.0 0.0 3172 15 620.1944444444445 36
stats: {sentpackets,"tsung_controller@ip-172-31-30-247"} 1 31.0 0.0 3108 16 603.3055555555555 36
stats: {cpu,"tsung_controller@ip-172-31-30-247"} 1 0.2997002997002997 0.0 16.683119447186577 0.0 1.1873565040073537 37
stats: session 1 259783.791 0.0 287162.408 17985.835 88015.42159318183 440
stats: users_count 0 445
stats: finish_users_count 1 441
stats: request 1 5.672 0.0 59998.984 0.483 2860.32605630027 7087
stats: connect 0 0 0 1030.404 0.77 2.8129493670886068 711
stats: page 1 5.672 0.0 59998.984 0.483 3516.8650171755735 5764
stats: 302 0 185
stats: 504 0 196
stats: 200 0 1397
stats: size_rcv 1960 15905041
stats: newphase 0 3
stats: 422 1 441
stats: size_sent 911 5606527
stats: connected -1 4
stats: 400 0 1583
stats: 404 0 430
stats: 500 0 2856
# stats: dump at 1575573667
stats: users 3 404
stats: {freemem,"tsung_controller@ip-172-31-30-247"} 1 3450.203125 0.0 3517.43359375 3438.4609375 3460.3474506578946 38
stats: {load,"tsung_controller@ip-172-31-30-247"} 1 0.0 0.0 0.08984375 0.0 0.023540296052631585 38
stats: {recvpackets,"tsung_controller@ip-172-31-30-247"} 1 3.0 0.0 3172 3 604.2432432432432 37
stats: {sentpackets,"tsung_controller@ip-172-31-30-247"} 1 5.0 0.0 3108 5 587.8378378378378 37
stats: {cpu,"tsung_controller@ip-172-31-30-247"} 1 0.10010010010010009 0.0 16.683119447186577 0.0 1.1639971302097998 38
stats: session 1 268007.232 0.0 287162.408 17985.835 88404.91902947848 441
stats: users_count 0 445
stats: finish_users_count 1 442
stats: request 8 7477.847125000001 19762.45614878358 59998.984 0.483 2859.9233116535006 7088
stats: connect 0 0 0 1030.404 0.77 2.8129493670886068 711
stats: page 5 11964.591199999999 23899.90042912528 59998.984 0.483 3516.2559637467484 5765
stats: 302 0 185
stats: 504 1 197
stats: 200 0 1397
stats: size_rcv 8662 15913703
stats: newphase 0 3
stats: 422 1 442
stats: size_sent 6523 5613050
stats: connected -1 3
stats: 400 3 1586
stats: 404 3 433
stats: 500 0 2856
# stats: dump at 1575573677
stats: users 3 404
stats: {freemem,"tsung_controller@ip-172-31-30-247"} 1 3450.27734375 0.0 3517.43359375 3438.4609375 3460.08733974359 39
stats: {load,"tsung_controller@ip-172-31-30-247"} 1 0.0 0.0 0.08984375 0.0 0.022936698717948723 39
stats: {recvpackets,"tsung_controller@ip-172-31-30-247"} 1 41.0 0.0 3172 3 588.421052631579 38
stats: {sentpackets,"tsung_controller@ip-172-31-30-247"} 1 40.0 0.0 3108 5 572.5 38
stats: {cpu,"tsung_controller@ip-172-31-30-247"} 1 0.10010010010010009 0.0 16.683119447186577 0.0 1.1367177191813458 39
stats: session 0 0 0 287162.408 17985.835 88811.25910407242 442
stats: users_count 0 445
stats: finish_users_count 0 442
stats: request 6 19850.4675 28065.08305945148 59998.984 0.483 2865.1295391770027 7096
stats: connect 0 0 0 1030.404 0.77 2.8129493670886068 711
stats: page 4 29775.737249999995 29764.75142289501 59998.984 0.483 3523.5768781629126 5770
stats: 302 0 185
stats: 504 2 199
stats: 200 0 1397
stats: size_rcv 4568 15918271
stats: newphase 0 3
stats: 422 0 442
stats: size_sent 3726 5616776
stats: connected 0 3
stats: 400 2 1588
stats: 404 2 435
stats: 500 0 2856
# stats: dump at 1575573687
stats: users 2 404
stats: {freemem,"tsung_controller@ip-172-31-30-247"} 1 3450.26171875 0.0 3517.43359375 3438.4609375 3459.84208984375 40
stats: {load,"tsung_controller@ip-172-31-30-247"} 1 0.0 0.0 0.08984375 0.0 0.022363281250000006 40
stats: {recvpackets,"tsung_controller@ip-172-31-30-247"} 1 14.0 0.0 3172 3 574.3846153846154 39
stats: {sentpackets,"tsung_controller@ip-172-31-30-247"} 1 14.0 0.0 3108 5 558.8461538461538 39
stats: {cpu,"tsung_controller@ip-172-31-30-247"} 1 0.0 0.0 16.683119447186577 0.0 1.1108022787043148 40
stats: session 1 286281.415 0.0 287162.408 17985.835 88811.25910407242 442
stats: users_count 0 445
stats: finish_users_count 1 443
stats: request 8 7383.947 19517.521590867538 59998.984 0.483 2879.4793037172644 7102
stats: connect 0 0 0 1030.404 0.77 2.8129493670886068 711
stats: page 5 11814.358 23604.048777811855 59998.984 0.483 3541.7633418773826 5774
stats: 302 0 185
stats: 504 1 200
stats: 200 0 1397
stats: size_rcv 8662 15926933
stats: newphase 0 3
stats: 422 1 443
stats: size_sent 6489 5623265
stats: connected -1 2
stats: 400 3 1591
stats: 404 3 438
stats: 500 0 2856
# stats: dump at 1575573694
stats: users 0 404
stats: {freemem,"tsung_controller@ip-172-31-30-247"} 1 3449.08203125 0.0 3517.43359375 3438.4609375 3459.6084222560976 41
stats: {load,"tsung_controller@ip-172-31-30-247"} 1 0.0 0.0 0.08984375 0.0 0.021817835365853664 41
stats: {recvpackets,"tsung_controller@ip-172-31-30-247"} 1 64.0 0.0 3172 3 560.375 40
stats: {sentpackets,"tsung_controller@ip-172-31-30-247"} 1 64.0 0.0 3108 5 545.225 40
stats: {cpu,"tsung_controller@ip-172-31-30-247"} 1 0.2 0.0 16.683119447186577 0.0 1.0837095401993315 41
stats: session 2 298136.4755 6955.770499999984 305092.246 17985.835 89257.01566365692 443
stats: users_count 0 445
stats: finish_users_count 2 445
stats: request 10 6.525399999999999 2.1225334956132023 59998.984 0.483 2884.547621800283 7110
stats: connect 0 0 0 1030.404 0.77 2.8129493670886068 711
stats: page 6 10.922499999999998 4.06788846741566 59998.984 0.483 3548.92080394532 5779
stats: 302 0 185
stats: 504 0 200
stats: 200 0 1397
stats: size_rcv 12756 15939689
stats: newphase 0 3
stats: 422 2 445
stats: size_sent 9262 5632527
stats: connected -2 0
stats: 400 4 1595
stats: 404 4 442
stats: 500 0 2856
EndMonitor:{1575,573694,371921}
