# stats: dump at 1575445348
stats: users 4 4
stats: {freemem,"tsung_controller@ip-172-31-24-205"} 1 3523.28125 0 3523.28125 3523.28125 0 0
stats: {load,"tsung_controller@ip-172-31-24-205"} 1 0.078125 0 0.078125 0.078125 0 0
stats: {cpu,"tsung_controller@ip-172-31-24-205"} 1 4.686468646864687 0 4.686468646864687 4.686468646864687 0 0
stats: users_count 4 4
stats: finish_users_count 0 0
stats: request 10 61.86600000000001 113.89822604588711 383.222 5.414 0 0
stats: connect 4 5.787000000000001 7.2857372653699235 18.405 1.436 0 0
stats: page 10 61.86600000000001 113.89822604588711 383.222 5.414 0 0
stats: 302 1 1
stats: 200 8 8
stats: size_rcv 49514 49514
stats: size_sent 6410 6410
stats: connected 4 4
stats: 404 1 1
# stats: dump at 1575445358
stats: users 18 18
stats: {freemem,"tsung_controller@ip-172-31-24-205"} 1 3523.140625 0.0 3523.28125 3523.140625 3523.28125 1
stats: {load,"tsung_controller@ip-172-31-24-205"} 1 0.0703125 0.0 0.078125 0.0703125 0.078125 1
stats: {recvpackets,"tsung_controller@ip-172-31-24-205"} 1 152 0 152 152 0 0
stats: {sentpackets,"tsung_controller@ip-172-31-24-205"} 1 176 0 176 176 0 0
stats: {cpu,"tsung_controller@ip-172-31-24-205"} 1 0.9940357852882704 0.0 4.686468646864687 0.9940357852882704 4.686468646864687 1
stats: users_count 14 18
stats: finish_users_count 0 0
stats: request 61 170.55749180327868 237.4222636716516 950.288 4.095 61.86600000000001 10
stats: connect 14 1.6804999999999997 1.0126782559134961 18.405 0.965 5.787000000000001 4
stats: page 61 170.55749180327868 237.4222636716516 950.288 4.095 61.86600000000001 10
stats: 302 11 12
stats: 200 41 49
stats: size_rcv 272901 322415
stats: size_sent 50240 56650
stats: connected 14 18
stats: 404 9 10
# stats: dump at 1575445368
stats: users 29 29
stats: {freemem,"tsung_controller@ip-172-31-24-205"} 1 3517.5 0.0 3523.28125 3517.5 3523.2109375 2
stats: {load,"tsung_controller@ip-172-31-24-205"} 1 0.05859375 0.0 0.078125 0.05859375 0.07421875 2
stats: {recvpackets,"tsung_controller@ip-172-31-24-205"} 1 454.0 0.0 454 152 152.0 1
stats: {sentpackets,"tsung_controller@ip-172-31-24-205"} 1 483.0 0.0 483 176 176.0 1
stats: {cpu,"tsung_controller@ip-172-31-24-205"} 1 1.8905472636815919 0.0 4.686468646864687 0.9940357852882704 2.8402522160764785 2
stats: users_count 11 29
stats: finish_users_count 0 0
stats: request 62 1311.436112903226 2208.208820359688 5487.393 0.783 155.24883098591548 71
stats: connect 16 2.8812499999999996 1.8154210083338795 18.405 0.965 2.5930555555555554 18
stats: page 62 1311.436112903226 2208.208820359688 5487.393 0.783 155.24883098591548 71
stats: 302 0 12
stats: 200 33 82
stats: size_rcv 238144 560559
stats: size_sent 45240 101890
stats: connected 11 29
stats: 400 5 5
stats: 404 2 12
stats: 500 22 22
# stats: dump at 1575445378
stats: users 34 34
stats: {freemem,"tsung_controller@ip-172-31-24-205"} 1 3512.93359375 0.0 3523.28125 3512.93359375 3521.3072916666665 3
stats: {load,"tsung_controller@ip-172-31-24-205"} 1 0.05078125 0.0 0.078125 0.05078125 0.06901041666666667 3
stats: {recvpackets,"tsung_controller@ip-172-31-24-205"} 1 304.0 0.0 454 152 303.0 2
stats: {sentpackets,"tsung_controller@ip-172-31-24-205"} 1 232.0 0.0 483 176 329.5 2
stats: {cpu,"tsung_controller@ip-172-31-24-205"} 1 0.29910269192422734 0.0 4.686468646864687 0.29910269192422734 2.5236838986115164 3
stats: users_count 5 34
stats: finish_users_count 0 0
stats: request 63 1190.346476190476 2185.894748571314 5487.393 0.659 694.2233533834587 133
stats: connect 15 2.347133333333333 1.550711400902466 18.405 0.965 2.728676470588235 34
stats: page 62 1208.6420322580645 2198.6620328496265 5487.393 0.659 694.2233533834587 133
stats: 302 0 12
stats: 200 18 100
stats: size_rcv 171249 731808
stats: newphase 1 1
stats: size_sent 45142 147032
stats: connected 5 34
stats: 400 11 16
stats: 404 0 12
stats: 500 34 56
# stats: dump at 1575445388
stats: users 52 52
stats: {freemem,"tsung_controller@ip-172-31-24-205"} 1 3511.20703125 0.0 3523.28125 3511.20703125 3519.2138671875 4
stats: {load,"tsung_controller@ip-172-31-24-205"} 1 0.0390625 0.0 0.078125 0.0390625 0.064453125 4
stats: {recvpackets,"tsung_controller@ip-172-31-24-205"} 1 269.0 0.0 454 152 303.3333333333333 3
stats: {sentpackets,"tsung_controller@ip-172-31-24-205"} 1 225.0 0.0 483 176 297.0 3
stats: {cpu,"tsung_controller@ip-172-31-24-205"} 1 0.5970149253731344 0.0 4.686468646864687 0.29910269192422734 1.9675385969396944 4
stats: session 1 27376.778 0 27376.778 27376.778 0 0
stats: users_count 19 53
stats: finish_users_count 1 1
stats: request 98 832.0250714285713 1823.6426048245446 5568.538 0.659 853.6914999999999 196
stats: connect 24 1.595583333333333 0.7966589042508859 18.405 0.879 2.6118775510204078 49
stats: page 94 868.0311702127659 1853.7478615132222 5568.538 0.659 857.7821128205128 195
stats: 302 0 12
stats: 200 46 146
stats: size_rcv 345756 1077564
stats: newphase 0 1
stats: 422 1 1
stats: size_sent 67531 214563
stats: connected 14 48
stats: 400 13 29
stats: 404 0 12
stats: 500 38 94
# stats: dump at 1575445398
stats: users 77 77
stats: {freemem,"tsung_controller@ip-172-31-24-205"} 1 3508.8828125 0.0 3523.28125 3508.8828125 3517.6125 5
stats: {load,"tsung_controller@ip-172-31-24-205"} 1 0.03125 0.0 0.078125 0.03125 0.059375 5
stats: {recvpackets,"tsung_controller@ip-172-31-24-205"} 1 531.0 0.0 531 152 294.75 4
stats: {sentpackets,"tsung_controller@ip-172-31-24-205"} 1 444.0 0.0 483 176 279.0 4
stats: {cpu,"tsung_controller@ip-172-31-24-205"} 1 0.7014028056112225 0.0 4.686468646864687 0.29910269192422734 1.6934338626263823 5
stats: session 2 36216.066000000006 56.1299999999992 36272.196 27376.778 27376.778 1
stats: users_count 27 80
stats: finish_users_count 2 3
stats: request 183 908.5004644808746 1775.5802060894532 6333.052 0.591 846.4693571428571 294
stats: connect 42 1.3543333333333334 0.3054815610261676 18.405 0.832 2.277753424657534 73
stats: page 169 977.5252662721896 1831.1524305677515 6333.052 0.591 861.1157162629758 289
stats: 302 0 12
stats: 200 71 217
stats: size_rcv 572246 1649810
stats: newphase 0 1
stats: 422 2 3
stats: size_sent 129992 344555
stats: connected 23 71
stats: 400 31 60
stats: 404 0 12
stats: 500 79 173
# stats: dump at 1575445408
stats: users 94 94
stats: {freemem,"tsung_controller@ip-172-31-24-205"} 1 3501.70703125 0.0 3523.28125 3501.70703125 3516.1575520833335 6
stats: {load,"tsung_controller@ip-172-31-24-205"} 1 0.03125 0.0 0.078125 0.03125 0.0546875 6
stats: {recvpackets,"tsung_controller@ip-172-31-24-205"} 1 849.0 0.0 849 152 342.0 5
stats: {sentpackets,"tsung_controller@ip-172-31-24-205"} 1 697.0 0.0 697 176 312.0 5
stats: {cpu,"tsung_controller@ip-172-31-24-205"} 1 0.8040201005025126 0.0 4.686468646864687 0.29910269192422734 1.5280953531238557 6
stats: session 6 34425.30033333333 7130.923494541914 44671.237 24734.035 33269.636666666665 3
stats: users_count 23 103
stats: finish_users_count 6 9
stats: request 232 972.9461120689646 3796.1599105758623 52840.36 0.591 870.2674549266247 477
stats: connect 40 1.6514249999999997 1.4672175518221553 18.405 0.832 1.9405043478260868 115
stats: page 199 1136.7430301507536 4086.8477576975274 52840.36 0.591 904.0703318777294 458
stats: 302 8 20
stats: 200 67 284
stats: size_rcv 621055 2270865
stats: newphase 1 2
stats: 422 6 9
stats: size_sent 178023 522578
stats: connected 20 91
stats: 400 47 107
stats: 404 8 20
stats: 500 96 269
# stats: dump at 1575445418
stats: users 120 120
stats: {freemem,"tsung_controller@ip-172-31-24-205"} 1 3499.484375 0.0 3523.28125 3499.484375 3514.093191964286 7
stats: {load,"tsung_controller@ip-172-31-24-205"} 1 0.01953125 0.0 0.078125 0.01953125 0.05133928571428571 7
stats: {recvpackets,"tsung_controller@ip-172-31-24-205"} 1 1001.0 0.0 1001 152 426.5 6
stats: {sentpackets,"tsung_controller@ip-172-31-24-205"} 1 789.0 0.0 789 176 376.1666666666667 6
stats: {cpu,"tsung_controller@ip-172-31-24-205"} 1 0.9045226130653266 0.0 4.686468646864687 0.29910269192422734 1.4246560313208065 7
stats: session 11 49153.87863636364 16141.89263645061 70947.156 19683.307 34040.07911111111 9
stats: users_count 37 140
stats: finish_users_count 11 20
stats: request 281 1910.8284056939501 7150.55858074789 59890.933 0.591 903.8661128349786 709
stats: connect 55 1.445218181818182 0.7152665031850104 18.405 0.827 1.8659032258064514 155
stats: page 252 2130.761853174603 7524.361707315209 59890.933 0.591 974.5450152207003 657
stats: 302 2 22
stats: 504 4 4
stats: 200 103 387
stats: size_rcv 854001 3124866
stats: newphase 0 2
stats: 422 11 20
stats: size_sent 203627 726205
stats: connected 26 117
stats: 400 47 154
stats: 404 2 22
stats: 500 112 381
# stats: dump at 1575445428
stats: users 145 148
stats: {freemem,"tsung_controller@ip-172-31-24-205"} 1 3489.71484375 0.0 3523.28125 3489.71484375 3512.26708984375 8
stats: {load,"tsung_controller@ip-172-31-24-205"} 1 0.01953125 0.0 0.078125 0.01953125 0.04736328125 8
stats: {recvpackets,"tsung_controller@ip-172-31-24-205"} 1 1230.0 0.0 1230 152 508.57142857142856 7
stats: {sentpackets,"tsung_controller@ip-172-31-24-205"} 1 1.0e3 0.0 1000 176 435.14285714285717 7
stats: {cpu,"tsung_controller@ip-172-31-24-205"} 1 1.4084507042253522 0.0 4.686468646864687 0.29910269192422734 1.3596393540388716 8
stats: session 12 53908.673916666674 14170.413195072268 78529.496 19683.307 42352.66885 20
stats: users_count 37 177
stats: finish_users_count 12 32
stats: request 270 1709.2264296296294 1970.590086353929 59890.933 0.522 1189.6806626262623 990
stats: connect 60 1.3155000000000001 0.27646467526008944 18.405 0.784 1.7557238095238095 210
stats: page 243 1888.152905349794 2047.4061575111077 59890.933 0.522 1295.0803762376236 909
stats: 302 5 27
stats: 504 0 4
stats: 200 86 473
stats: size_rcv 761448 3886314
stats: newphase 0 2
stats: 422 9 29
stats: size_sent 212756 938961
stats: connected 28 145
stats: 400 50 204
stats: 404 3 25
stats: 500 117 498
# stats: dump at 1575445438
stats: users 188 188
stats: {freemem,"tsung_controller@ip-172-31-24-205"} 1 3484.2265625 0.0 3523.28125 3484.2265625 3509.761284722222 9
stats: {load,"tsung_controller@ip-172-31-24-205"} 1 0.01953125 0.0 0.078125 0.01953125 0.044270833333333336 9
stats: {recvpackets,"tsung_controller@ip-172-31-24-205"} 1 1347.0 0.0 1347 152 598.75 8
stats: {sentpackets,"tsung_controller@ip-172-31-24-205"} 1 1073.0 0.0 1073 176 505.75 8
stats: {cpu,"tsung_controller@ip-172-31-24-205"} 1 1.5045135406218655 0.0 4.686468646864687 0.29910269192422734 1.365062837392925 9
stats: session 4 46893.53375 2844.8969645896113 78529.496 19683.307 46686.170750000005 32
stats: users_count 47 224
stats: finish_users_count 4 36
stats: request 311 2322.927752411576 1951.877139699994 59890.933 0.522 1301.0118984126982 1260
stats: connect 64 1.2976406250000003 0.3053632758283311 18.405 0.784 1.6578962962962964 270
stats: page 285 2469.9518000000007 2023.599296755561 59890.933 0.522 1420.1816128472221 1152
stats: 302 18 45
stats: 504 0 4
stats: 200 114 587
stats: size_rcv 954665 4840979
stats: newphase 1 3
stats: 422 7 36
stats: size_sent 222990 1161951
stats: connected 39 184
stats: 400 44 248
stats: 404 11 36
stats: 500 117 615
# stats: dump at 1575445448
stats: users 272 272
stats: {freemem,"tsung_controller@ip-172-31-24-205"} 1 3476.23046875 0.0 3523.28125 3476.23046875 3507.2078125 10
stats: {load,"tsung_controller@ip-172-31-24-205"} 1 0.01171875 0.0 0.078125 0.01171875 0.041796875 10
stats: {recvpackets,"tsung_controller@ip-172-31-24-205"} 1 1262.0 0.0 1347 152 681.8888888888889 9
stats: {sentpackets,"tsung_controller@ip-172-31-24-205"} 1 1025.0 0.0 1073 176 568.7777777777778 9
stats: {cpu,"tsung_controller@ip-172-31-24-205"} 1 1.2084592145015105 0.0 4.686468646864687 0.29910269192422734 1.379007907715819 10
stats: session 4 53333.2505 4115.3277588902 78529.496 19683.307 46709.211083333335 36
stats: users_count 88 312
stats: finish_users_count 4 40
stats: request 331 3070.5859758308156 1839.534658692511 59890.933 0.522 1503.3135092297896 1571
stats: connect 100 1.3133300000000003 0.3574565163764678 18.405 0.784 1.5888652694610779 334
stats: page 309 3252.7742718446593 1961.2210609396896 59890.933 0.522 1628.3823806541407 1437
stats: 302 0 45
stats: 504 0 4
stats: 200 148 735
stats: size_rcv 1142734 5983713
stats: newphase 0 3
stats: 422 4 40
stats: 502 4 4
stats: size_sent 261628 1423579
stats: connected 77 261
stats: 400 40 288
stats: 404 10 46
stats: 500 125 740
# stats: dump at 1575445458
stats: users 344 345
stats: {freemem,"tsung_controller@ip-172-31-24-205"} 1 3467.07421875 0.0 3523.28125 3467.07421875 3504.391690340909 11
stats: {load,"tsung_controller@ip-172-31-24-205"} 1 0.01171875 0.0 0.078125 0.01171875 0.0390625 11
stats: {recvpackets,"tsung_controller@ip-172-31-24-205"} 1 1773.0 0.0 1773 152 739.9 10
stats: {sentpackets,"tsung_controller@ip-172-31-24-205"} 1 1532.0 0.0 1532 176 614.4 10
stats: {cpu,"tsung_controller@ip-172-31-24-205"} 1 2.5025025025025025 0.0 4.686468646864687 0.29910269192422734 1.3635034810599729 11
stats: session 10 63614.4833 16179.749691437424 100587.54 19683.307 47371.61502500001 40
stats: users_count 82 394
stats: finish_users_count 10 50
stats: request 662 1839.737913897283 2966.5152339993097 59890.933 0.488 1776.0617670872764 1902
stats: connect 138 1.2218478260869567 0.3787000438604567 18.405 0.765 1.525377880184332 434
stats: page 608 1986.8601529605232 3187.313112796924 59890.933 0.488 1915.8606706758303 1746
stats: 302 0 45
stats: 504 0 4
stats: 200 100 835
stats: size_rcv 873317 6857030
stats: newphase 0 3
stats: 422 4 44
stats: 502 404 408
stats: size_sent 409430 1833009
stats: connected 68 329
stats: 400 74 362
stats: 404 0 46
stats: 500 80 820
# stats: dump at 1575445468
stats: users 371 376
stats: {freemem,"tsung_controller@ip-172-31-24-205"} 1 3452.64453125 0.0 3523.28125 3452.64453125 3501.2819010416665 12
stats: {load,"tsung_controller@ip-172-31-24-205"} 1 0.01171875 0.0 0.078125 0.01171875 0.036783854166666664 12
stats: {recvpackets,"tsung_controller@ip-172-31-24-205"} 1 2062.0 0.0 2062 152 833.8181818181819 11
stats: {sentpackets,"tsung_controller@ip-172-31-24-205"} 1 2143.0 0.0 2143 176 697.8181818181819 11
stats: {cpu,"tsung_controller@ip-172-31-24-205"} 1 3.4274193548387095 0.0 4.686468646864687 0.29910269192422734 1.4584200661801836 12
stats: session 19 68578.6305263158 21087.664704910512 115165.266 19683.307 50620.18868000001 50
stats: users_count 46 440
stats: finish_users_count 19 69
stats: request 829 1863.553287092885 3736.2593362382822 59890.933 0.488 1792.5023322932923 2564
stats: connect 143 1.4599650349650348 1.5193591187222917 18.405 0.757 1.4521486013986016 572
stats: page 748 2027.0450975935819 4041.228088649025 59890.933 0.488 1934.1986847918429 2354
stats: 302 0 45
stats: 504 1 5
stats: 200 94 929
stats: size_rcv 932516 7789546
stats: newphase 0 3
stats: 422 6 50
stats: 502 503 911
stats: size_sent 578793 2411802
stats: connected 21 350
stats: 400 122 484
stats: 404 0 46
stats: 500 103 923
# stats: dump at 1575445478
stats: users 353 376
stats: {freemem,"tsung_controller@ip-172-31-24-205"} 1 3448.26953125 0.0 3523.28125 3448.26953125 3497.540564903846 13
stats: {load,"tsung_controller@ip-172-31-24-205"} 1 0.01171875 0.0 0.078125 0.01171875 0.03485576923076923 13
stats: {recvpackets,"tsung_controller@ip-172-31-24-205"} 1 2238.0 0.0 2238 152 936.1666666666666 12
stats: {sentpackets,"tsung_controller@ip-172-31-24-205"} 1 2388.0 0.0 2388 176 818.25 12
stats: {cpu,"tsung_controller@ip-172-31-24-205"} 1 4.954499494438827 0.0 4.954499494438827 0.29910269192422734 1.6098815499231471 13
stats: session 18 66978.52144444444 15783.492084710619 115165.266 19683.307 55565.26686956523 69
stats: users_count 0 440
stats: finish_users_count 18 87
stats: request 545 3225.519994495412 4453.471255647424 59890.933 0.481 1809.861967285589 3393
stats: connect 65 1.2470153846153849 0.36028268782711304 18.405 0.757 1.453711888111888 715
stats: page 479 3518.3665052192064 4914.677148771357 59890.933 0.481 1956.5871814958082 3102
stats: 302 0 45
stats: 504 1 6
stats: 200 55 984
stats: size_rcv 711930 8501476
stats: newphase 0 3
stats: 422 10 60
stats: 502 245 1156
stats: size_sent 405769 2817571
stats: connected -7 343
stats: 400 87 571
stats: 404 0 46
stats: 500 147 1070
# stats: dump at 1575445488
stats: users 320 376
stats: {freemem,"tsung_controller@ip-172-31-24-205"} 1 3445.984375 0.0 3523.28125 3445.984375 3494.0212053571427 14
stats: {load,"tsung_controller@ip-172-31-24-205"} 1 0.0 0.0 0.078125 0.0 0.033203125 14
stats: {recvpackets,"tsung_controller@ip-172-31-24-205"} 1 1634.0 0.0 2238 152 1036.3076923076924 13
stats: {sentpackets,"tsung_controller@ip-172-31-24-205"} 1 1657.0 0.0 2388 176 939.0 13
stats: {cpu,"tsung_controller@ip-172-31-24-205"} 1 2.8084252758274824 0.0 4.954499494438827 0.29910269192422734 1.8487828316742672 14
stats: session 33 66731.57615151512 16610.17602475028 115165.266 19683.307 57926.62988505748 87
stats: users_count 0 440
stats: finish_users_count 33 120
stats: request 708 2603.081060734467 3925.608966515376 59890.933 0.481 2005.782136109701 3938
stats: connect 37 1.271027027027027 0.24264661062524281 18.405 0.757 1.4364871794871796 780
stats: page 554 3550.4438411552433 4731.231343311044 59890.933 0.481 2165.493156380898 3581
stats: 302 0 45
stats: 504 2 8
stats: 200 14 998
stats: size_rcv 996081 9497557
stats: newphase 0 3
stats: 422 30 90
stats: 502 66 1222
stats: size_sent 439690 3257261
stats: connected -30 313
stats: 400 175 746
stats: 404 0 46
stats: 500 421 1491
# stats: dump at 1575445498
stats: users 217 376
stats: {freemem,"tsung_controller@ip-172-31-24-205"} 1 3444.671875 0.0 3523.28125 3444.671875 3490.81875 15
stats: {load,"tsung_controller@ip-172-31-24-205"} 1 0.0 0.0 0.078125 0.0 0.030989583333333334 15
stats: {recvpackets,"tsung_controller@ip-172-31-24-205"} 1 2003.0 0.0 2238 152 1079.0 14
stats: {sentpackets,"tsung_controller@ip-172-31-24-205"} 1 1603.0 0.0 2388 176 990.2857142857143 14
stats: {cpu,"tsung_controller@ip-172-31-24-205"} 1 1.9153225806451613 0.0 4.954499494438827 0.29910269192422734 1.9127589946178147 15
stats: session 103 60955.82390291266 21296.126968057884 146690.861 19683.307 60347.99010833333 120
stats: users_count 0 440
stats: finish_users_count 103 223
stats: request 813 363.1923431734317 2469.12049470521 59890.933 0.481 2096.8040126990973 4646
stats: connect 20 1.2408500000000002 0.22122754688329388 18.405 0.757 1.4289938800489597 817
stats: page 552 571.4386268115945 3067.053348681361 59890.933 0.481 2351.046404111246 4135
stats: 302 0 45
stats: 504 1 9
stats: 200 0 998
stats: size_rcv 1088821 10586378
stats: newphase 0 3
stats: 422 103 193
stats: 502 0 1222
stats: size_sent 593255 3850516
stats: connected -96 217
stats: 400 274 1020
stats: 404 0 46
stats: 500 435 1926
# stats: dump at 1575445508
stats: users 152 376
stats: {freemem,"tsung_controller@ip-172-31-24-205"} 1 3444.05859375 0.0 3523.28125 3444.05859375 3487.9345703125 16
stats: {load,"tsung_controller@ip-172-31-24-205"} 1 0.0 0.0 0.078125 0.0 0.029052734375 16
stats: {recvpackets,"tsung_controller@ip-172-31-24-205"} 1 1604.0 0.0 2238 152 1140.6 15
stats: {sentpackets,"tsung_controller@ip-172-31-24-205"} 1 1614.0 0.0 2388 176 1031.1333333333334 15
stats: {cpu,"tsung_controller@ip-172-31-24-205"} 1 1.507537688442211 0.0 4.954499494438827 0.29910269192422734 1.9129192187445239 16
stats: session 65 63862.6203076923 22215.521731739864 151511.991 19683.307 60628.73845291482 223
stats: users_count 0 440
stats: finish_users_count 65 288
stats: request 560 160.50558928571417 833.1612156518601 59890.933 0.481 1838.6200435977296 5459
stats: connect 1 1.059 0.0 18.405 0.757 1.4244982078853048 837
stats: page 374 240.41399197860957 1010.9682269609928 59890.933 0.481 2141.457436099851 4687
stats: 302 0 45
stats: 504 0 9
stats: 200 0 998
stats: size_rcv 758036 11344414
stats: newphase 0 3
stats: 422 66 259
stats: 502 0 1222
stats: size_sent 404347 4254863
stats: connected -65 152
stats: 400 186 1206
stats: 404 14 60
stats: 500 294 2220
# stats: dump at 1575445518
stats: users 91 376
stats: {freemem,"tsung_controller@ip-172-31-24-205"} 1 3455.671875 0.0 3523.28125 3444.05859375 3485.353630514706 17
stats: {load,"tsung_controller@ip-172-31-24-205"} 1 0.0 0.0 0.078125 0.0 0.02734375 17
stats: {recvpackets,"tsung_controller@ip-172-31-24-205"} 1 1071.0 0.0 2238 152 1169.5625 16
stats: {sentpackets,"tsung_controller@ip-172-31-24-205"} 1 1178.0 0.0 2388 176 1067.5625 16
stats: {cpu,"tsung_controller@ip-172-31-24-205"} 1 0.7063572149344097 0.0 4.954499494438827 0.29910269192422734 1.8890732463737996 17
stats: session 61 68743.42337704917 16780.91399104902 151511.991 19683.307 61358.60762152779 288
stats: users_count 0 440
stats: finish_users_count 61 349
stats: request 442 154.3049954751134 829.1477340687289 59890.933 0.481 1682.490438278785 6019
stats: connect 0 0 0 18.405 0.757 1.4240620525059666 838
stats: page 293 232.92177133105812 1010.2614247817847 59890.933 0.481 2000.973293025094 5061
stats: 302 0 45
stats: 504 0 9
stats: 200 0 998
stats: size_rcv 594929 11939343
stats: newphase 0 3
stats: 422 61 320
stats: 502 0 1222
stats: size_sent 327376 4582239
stats: connected -61 91
stats: 400 149 1355
stats: 404 6 66
stats: 500 226 2446
# stats: dump at 1575445528
stats: users 51 376
stats: {freemem,"tsung_controller@ip-172-31-24-205"} 1 3455.90625 0.0 3523.28125 3444.05859375 3483.704644097222 18
stats: {load,"tsung_controller@ip-172-31-24-205"} 1 0.0 0.0 0.078125 0.0 0.025824652777777776 18
stats: {recvpackets,"tsung_controller@ip-172-31-24-205"} 1 778.0 0.0 2238 152 1163.764705882353 17
stats: {sentpackets,"tsung_controller@ip-172-31-24-205"} 1 885.0 0.0 2388 176 1074.0588235294117 17
stats: {cpu,"tsung_controller@ip-172-31-24-205"} 1 0.7042253521126761 0.0 4.954499494438827 0.29910269192422734 1.8233668001827223 18
stats: session 40 75523.385225 13349.524659458533 151511.991 19683.307 62649.36338395416 349
stats: users_count 0 440
stats: finish_users_count 40 389
stats: request 273 29.31656410256403 277.6904675457891 59890.933 0.481 1577.9465649280307 6461
stats: connect 0 0 0 18.405 0.757 1.4240620525059666 838
stats: page 171 46.84259064327486 350.3007151022591 59890.933 0.481 1904.2158974598433 5354
stats: 302 0 45
stats: 504 0 9
stats: 200 0 998
stats: size_rcv 351057 12290400
stats: newphase 0 3
stats: 422 40 360
stats: 502 0 1222
stats: size_sent 213076 4795315
stats: connected -41 50
stats: 400 102 1457
stats: 404 2 68
stats: 500 129 2575
# stats: dump at 1575445538
stats: users 25 376
stats: {freemem,"tsung_controller@ip-172-31-24-205"} 1 3455.87890625 0.0 3523.28125 3444.05859375 3482.241570723684 19
stats: {load,"tsung_controller@ip-172-31-24-205"} 1 0.0 0.0 0.078125 0.0 0.02446546052631579 19
stats: {recvpackets,"tsung_controller@ip-172-31-24-205"} 1 480.0 0.0 2238 152 1142.3333333333333 18
stats: {sentpackets,"tsung_controller@ip-172-31-24-205"} 1 547.0 0.0 2388 176 1063.5555555555557 18
stats: {cpu,"tsung_controller@ip-172-31-24-205"} 1 0.3021148036253776 0.0 4.954499494438827 0.29910269192422734 1.7644646187053517 19
stats: session 26 82044.41823076922 13351.151878113498 151511.991 19683.307 63973.17025706942 389
stats: users_count 0 440
stats: finish_users_count 26 415
stats: request 148 106.83393918918914 704.7931132534205 59890.933 0.481 1515.1642675972687 6734
stats: connect 0 0 0 18.405 0.757 1.4240620525059666 838
stats: page 96 164.84801041666682 870.5190581553136 59890.933 0.481 1846.7297733936655 5525
stats: 302 0 45
stats: 504 0 9
stats: 200 0 998
stats: size_rcv 195966 12486366
stats: newphase 0 3
stats: 422 26 386
stats: 502 0 1222
stats: size_sent 111801 4907116
stats: connected -26 24
stats: 400 52 1509
stats: 404 0 68
stats: 500 70 2645
# stats: dump at 1575445548
stats: users 14 376
stats: {freemem,"tsung_controller@ip-172-31-24-205"} 1 3454.984375 0.0 3523.28125 3444.05859375 3480.9234375 20
stats: {load,"tsung_controller@ip-172-31-24-205"} 1 0.0 0.0 0.078125 0.0 0.0232421875 20
stats: {recvpackets,"tsung_controller@ip-172-31-24-205"} 1 339.0 0.0 2238 152 1107.4736842105262 19
stats: {sentpackets,"tsung_controller@ip-172-31-24-205"} 1 481.0 0.0 2388 176 1036.3684210526317 19
stats: {cpu,"tsung_controller@ip-172-31-24-205"} 1 2.004008016032064 0.0 4.954499494438827 0.29910269192422734 1.691347127951353 20
stats: session 11 94874.55436363636 11587.996235971732 151511.991 19683.307 65105.344828915666 415
stats: users_count 0 440
stats: finish_users_count 11 426
stats: request 70 76.79055714285717 593.4886208998604 59890.933 0.481 1484.8775938680626 6882
stats: connect 1 7.348 0.0 18.405 0.757 1.4240620525059666 838
stats: page 43 124.93937209302324 753.2706538416483 59890.933 0.481 1818.0052316313827 5621
stats: 302 0 45
stats: 504 0 9
stats: 200 0 998
stats: size_rcv 88633 12574999
stats: newphase 0 3
stats: 422 11 397
stats: 502 0 1222
stats: size_sent 54520 4961636
stats: connected -12 12
stats: 400 27 1536
stats: 404 0 68
stats: 500 32 2677
# stats: dump at 1575445558
stats: users 8 376
stats: {freemem,"tsung_controller@ip-172-31-24-205"} 1 3455.09765625 0.0 3523.28125 3444.05859375 3479.6882440476193 21
stats: {load,"tsung_controller@ip-172-31-24-205"} 1 0.0 0.0 0.078125 0.0 0.022135416666666668 21
stats: {recvpackets,"tsung_controller@ip-172-31-24-205"} 1 131.0 0.0 2238 131 1069.05 20
stats: {sentpackets,"tsung_controller@ip-172-31-24-205"} 1 149.0 0.0 2388 149 1008.6 20
stats: {cpu,"tsung_controller@ip-172-31-24-205"} 1 0.10030090270812438 0.0 4.954499494438827 0.10030090270812438 1.7062357416694822 21
stats: session 6 107609.56466666667 25237.633908367217 161255.256 19683.307 65874.03333802818 426
stats: users_count 0 440
stats: finish_users_count 6 432
stats: request 31 5252.440870967742 14505.563994936612 59890.933 0.481 1470.699502301497 6952
stats: connect 2 1.4304999999999999 0.28350000000000003 18.405 0.757 1.4311227651966627 839
stats: page 21 7753.861142857143 17065.091294299047 59890.933 0.481 1805.1518008474577 5664
stats: 302 0 45
stats: 504 0 9
stats: 200 3 1001
stats: size_rcv 48025 12623024
stats: newphase 0 3
stats: 422 6 403
stats: 502 0 1222
stats: size_sent 22034 4983670
stats: connected -4 8
stats: 400 10 1546
stats: 404 4 72
stats: 500 8 2685
# stats: dump at 1575445568
stats: users 4 376
stats: {freemem,"tsung_controller@ip-172-31-24-205"} 1 3455.1640625 0.0 3523.28125 3444.05859375 3478.570490056818 22
stats: {load,"tsung_controller@ip-172-31-24-205"} 1 0.0 0.0 0.078125 0.0 0.021129261363636364 22
stats: {recvpackets,"tsung_controller@ip-172-31-24-205"} 1 82.0 0.0 2238 82 1024.3809523809523 21
stats: {sentpackets,"tsung_controller@ip-172-31-24-205"} 1 81.0 0.0 2388 81 967.6666666666666 21
stats: {cpu,"tsung_controller@ip-172-31-24-205"} 1 0.10010010010010009 0.0 4.954499494438827 0.10010010010010009 1.6332387035348752 22
stats: session 4 136880.333 12946.607711793464 161255.256 19683.307 66453.69349537037 432
stats: users_count 0 440
stats: finish_users_count 4 436
stats: request 24 4103.260499999999 13601.144302745388 59890.933 0.481 1487.487986109123 6983
stats: connect 0 0 0 18.405 0.757 1.4311212841854937 841
stats: page 15 6565.256533333334 16727.88289386223 59890.933 0.481 1827.1259250659634 5685
stats: 302 0 45
stats: 504 0 9
stats: 200 2 1003
stats: size_rcv 34639 12657663
stats: newphase 0 3
stats: 422 3 406
stats: 502 0 1222
stats: size_sent 19121 5002791
stats: connected -3 5
stats: 400 9 1555
stats: 404 6 78
stats: 500 4 2689
# stats: dump at 1575445578
stats: users 2 376
stats: {freemem,"tsung_controller@ip-172-31-24-205"} 1 3455.234375 0.0 3523.28125 3444.05859375 3477.5528192934785 23
stats: {load,"tsung_controller@ip-172-31-24-205"} 1 0.0 0.0 0.078125 0.0 0.020210597826086956 23
stats: {recvpackets,"tsung_controller@ip-172-31-24-205"} 1 57.0 0.0 2238 57 981.5454545454545 22
stats: {sentpackets,"tsung_controller@ip-172-31-24-205"} 1 61.0 0.0 2388 61 927.3636363636364 22
stats: {cpu,"tsung_controller@ip-172-31-24-205"} 1 0.0 0.0 4.954499494438827 0.0 1.5665805033855371 23
stats: session 2 140082.549 23146.277999999995 163228.827 19683.307 67099.80945412845 436
stats: users_count 0 440
stats: finish_users_count 2 438
stats: request 17 6.809764705882355 3.0418842946903384 59890.933 0.481 1496.4473896103905 7007
stats: connect 0 0 0 18.405 0.757 1.4311212841854937 841
stats: page 10 11.626899999999997 4.910753352592655 59890.933 0.481 1839.5946898245616 5700
stats: 302 0 45
stats: 504 0 9
stats: 200 0 1003
stats: size_rcv 21118 12678781
stats: newphase 0 3
stats: 422 3 409
stats: 502 0 1222
stats: size_sent 14654 5017445
stats: connected -3 2
stats: 400 7 1562
stats: 404 4 82
stats: 500 3 2692
# stats: dump at 1575445588
stats: users 2 376
stats: {freemem,"tsung_controller@ip-172-31-24-205"} 1 3455.28125 0.0 3523.28125 3444.05859375 3476.6228841145835 24
stats: {load,"tsung_controller@ip-172-31-24-205"} 1 0.0 0.0 0.078125 0.0 0.019368489583333332 24
stats: {recvpackets,"tsung_controller@ip-172-31-24-205"} 1 16.0 0.0 2238 16 941.3478260869565 23
stats: {sentpackets,"tsung_controller@ip-172-31-24-205"} 1 23.0 0.0 2388 23 889.695652173913 23
stats: {cpu,"tsung_controller@ip-172-31-24-205"} 1 0.1 0.0 4.954499494438827 0.0 1.501306315744473 24
stats: session 0 0 0 163228.827 19683.307 67433.06397260276 438
stats: users_count 0 440
stats: finish_users_count 0 438
stats: request 0 0 0 59890.933 0.481 1492.8420593678827 7024
stats: connect 0 0 0 18.405 0.757 1.4311212841854937 841
stats: page 0 0 0 59890.933 0.481 1836.393345183888 5710
stats: 302 0 45
stats: 504 0 9
stats: 200 0 1003
stats: size_rcv 0 12678781
stats: newphase 0 3
stats: 422 0 409
stats: 502 0 1222
stats: size_sent 0 5017445
stats: connected 0 2
stats: 400 0 1562
stats: 404 0 82
stats: 500 0 2692
# stats: dump at 1575445598
stats: users 2 376
stats: {freemem,"tsung_controller@ip-172-31-24-205"} 1 3455.04296875 0.0 3523.28125 3444.05859375 3475.76921875 25
stats: {load,"tsung_controller@ip-172-31-24-205"} 1 0.0 0.0 0.078125 0.0 0.01859375 25
stats: {recvpackets,"tsung_controller@ip-172-31-24-205"} 1 96.0 0.0 2238 16 902.7916666666666 24
stats: {sentpackets,"tsung_controller@ip-172-31-24-205"} 1 185.0 0.0 2388 23 853.5833333333334 24
stats: {cpu,"tsung_controller@ip-172-31-24-205"} 1 1.8018018018018018 0.0 4.954499494438827 0.0 1.4452540631146942 25
stats: session 0 0 0 163228.827 19683.307 67433.06397260276 438
stats: users_count 0 440
stats: finish_users_count 0 438
stats: request 1 47045.328 0.0 59890.933 0.481 1492.8420593678827 7024
stats: connect 0 0 0 18.405 0.757 1.4311212841854937 841
stats: page 1 47045.328 0.0 59890.933 0.481 1836.393345183888 5710
stats: 302 0 45
stats: 504 0 9
stats: 200 1 1004
stats: size_rcv 3603 12682384
stats: newphase 0 3
stats: 422 0 409
stats: 502 0 1222
stats: size_sent 0 5017445
stats: connected 0 2
stats: 400 0 1562
stats: 404 0 82
stats: 500 0 2692
# stats: dump at 1575445608
stats: users 1 376
stats: {freemem,"tsung_controller@ip-172-31-24-205"} 1 3455.04296875 0.0 3523.28125 3444.05859375 3474.9720552884614 26
stats: {load,"tsung_controller@ip-172-31-24-205"} 1 0.0 0.0 0.078125 0.0 0.017878605769230768 26
stats: {recvpackets,"tsung_controller@ip-172-31-24-205"} 1 7.0 0.0 2238 7 870.52 25
stats: {sentpackets,"tsung_controller@ip-172-31-24-205"} 1 7.0 0.0 2388 7 826.84 25
stats: {cpu,"tsung_controller@ip-172-31-24-205"} 1 0.0 0.0 4.954499494438827 0.0 1.458967437679583 26
stats: session 1 190381.414 0.0 190381.414 19683.307 67433.06397260276 438
stats: users_count 0 440
stats: finish_users_count 1 439
stats: request 10 4704.4504 14089.83138893645 59890.933 0.481 1499.3263990035598 7025
stats: connect 0 0 0 18.405 0.757 1.4311212841854937 841
stats: page 6 7840.793666666666 17500.87750001262 59890.933 0.481 1844.309460514796 5711
stats: 302 0 45
stats: 504 0 9
stats: 200 1 1005
stats: size_rcv 14411 12696795
stats: newphase 0 3
stats: 422 1 410
stats: 502 0 1222
stats: size_sent 8257 5025702
stats: connected -1 1
stats: 400 4 1566
stats: 404 4 86
stats: 500 0 2692
# stats: dump at 1575445615
stats: users 0 376
stats: {freemem,"tsung_controller@ip-172-31-24-205"} 1 3455.05078125 0.0 3523.28125 3444.05859375 3474.233940972222 27
stats: {load,"tsung_controller@ip-172-31-24-205"} 1 0.0 0.0 0.078125 0.0 0.017216435185185185 27
stats: {recvpackets,"tsung_controller@ip-172-31-24-205"} 1 20.0 0.0 2238 7 837.3076923076923 26
stats: {sentpackets,"tsung_controller@ip-172-31-24-205"} 1 19.0 0.0 2388 7 795.3076923076923 26
stats: {cpu,"tsung_controller@ip-172-31-24-205"} 1 0.0 0.0 4.954499494438827 0.0 1.4049316066544133 27
stats: session 1 204163.105 0.0 204163.105 19683.307 67713.12855125287 439
stats: users_count 0 440
stats: finish_users_count 1 440
stats: request 5 6.9392 2.2494767747189566 59890.933 0.481 1503.882367732766 7035
stats: connect 0 0 0 18.405 0.757 1.4311212841854937 841
stats: page 3 11.614333333333335 4.034158923768649 59890.933 0.481 1850.6027796046878 5717
stats: 302 0 45
stats: 504 0 9
stats: 200 0 1005
stats: size_rcv 6378 12703173
stats: newphase 0 3
stats: 422 1 411
stats: 502 0 1222
stats: size_sent 4629 5030331
stats: connected -1 0
stats: 400 2 1568
stats: 404 2 88
stats: 500 0 2692
EndMonitor:{1575,445615,503483}
